<?xml version="1.0" encoding="UTF-8"?>
<coverage generated="1759783240520" clover="3.2.0">
  <project timestamp="1759783240520" name="All files">
    <metrics statements="4077" coveredstatements="3420" conditionals="1624" coveredconditionals="1117" methods="863" coveredmethods="686" elements="6564" coveredelements="5223" complexity="0" loc="4077" ncloc="4077" packages="13" files="69" classes="69"/>
    <package name="src">
      <metrics statements="72" coveredstatements="63" conditionals="31" coveredconditionals="22" methods="16" coveredmethods="9"/>
      <file name="constants.ts" path="/home/runner/work/memfs/memfs/src/constants.ts">
        <metrics statements="2" coveredstatements="2" conditionals="0" coveredconditionals="0" methods="0" coveredmethods="0"/>
        <line num="1" count="65" type="stmt"/>
        <line num="7" count="65" type="stmt"/>
      </file>
      <file name="encoding.ts" path="/home/runner/work/memfs/memfs/src/encoding.ts">
        <metrics statements="9" coveredstatements="7" conditionals="7" coveredconditionals="6" methods="2" coveredmethods="2"/>
        <line num="1" count="64" type="stmt"/>
        <line num="2" count="64" type="stmt"/>
        <line num="7" count="64" type="stmt"/>
        <line num="9" count="64" type="stmt"/>
        <line num="10" count="275" type="cond" truecount="3" falsecount="0"/>
        <line num="13" count="64" type="stmt"/>
        <line num="14" count="514" type="cond" truecount="3" falsecount="0"/>
        <line num="15" count="0" type="cond" truecount="0" falsecount="1"/>
        <line num="16" count="0" type="stmt"/>
      </file>
      <file name="index.ts" path="/home/runner/work/memfs/memfs/src/index.ts">
        <metrics statements="36" coveredstatements="36" conditionals="8" coveredconditionals="8" methods="3" coveredmethods="3"/>
        <line num="1" count="59" type="stmt"/>
        <line num="2" count="59" type="stmt"/>
        <line num="3" count="59" type="stmt"/>
        <line num="5" count="59" type="stmt"/>
        <line num="8" count="59" type="stmt"/>
        <line num="9" count="59" type="stmt"/>
        <line num="10" count="59" type="stmt"/>
        <line num="12" count="118" type="stmt"/>
        <line num="15" count="59" type="stmt"/>
        <line num="29" count="59" type="stmt"/>
        <line num="30" count="395" type="stmt"/>
        <line num="33" count="15800" type="cond" truecount="1" falsecount="0"/>
        <line num="34" count="18960" type="cond" truecount="1" falsecount="0"/>
        <line num="36" count="395" type="stmt"/>
        <line num="37" count="395" type="stmt"/>
        <line num="38" count="395" type="stmt"/>
        <line num="39" count="395" type="stmt"/>
        <line num="40" count="395" type="stmt"/>
        <line num="43" count="395" type="cond" truecount="1" falsecount="0"/>
        <line num="44" count="395" type="stmt"/>
        <line num="45" count="395" type="cond" truecount="1" falsecount="0"/>
        <line num="46" count="395" type="stmt"/>
        <line num="49" count="395" type="cond" truecount="1" falsecount="0"/>
        <line num="50" count="395" type="stmt"/>
        <line num="51" count="395" type="cond" truecount="1" falsecount="0"/>
        <line num="52" count="395" type="stmt"/>
        <line num="56" count="395" type="stmt"/>
        <line num="57" count="395" type="stmt"/>
        <line num="59" count="395" type="stmt"/>
        <line num="62" count="59" type="stmt"/>
        <line num="74" count="59" type="cond" truecount="2" falsecount="0"/>
        <line num="75" count="272" type="stmt"/>
        <line num="76" count="272" type="stmt"/>
        <line num="77" count="272" type="stmt"/>
        <line num="83" count="59" type="stmt"/>
        <line num="84" count="59" type="stmt"/>
      </file>
      <file name="node.ts" path="/home/runner/work/memfs/memfs/src/node.ts">
        <metrics statements="3" coveredstatements="3" conditionals="0" coveredconditionals="0" methods="3" coveredmethods="1"/>
        <line num="1" count="22" type="stmt"/>
        <line num="2" count="2" type="stmt"/>
        <line num="3" count="2" type="stmt"/>
      </file>
      <file name="process.ts" path="/home/runner/work/memfs/memfs/src/process.ts">
        <metrics statements="15" coveredstatements="10" conditionals="8" coveredconditionals="2" methods="4" coveredmethods="2"/>
        <line num="25" count="66" type="stmt"/>
        <line num="26" count="67" type="cond" truecount="1" falsecount="0"/>
        <line num="27" count="67" type="stmt"/>
        <line num="30" count="0" type="stmt"/>
        <line num="31" count="0" type="stmt"/>
        <line num="33" count="0" type="stmt"/>
        <line num="37" count="66" type="stmt"/>
        <line num="38" count="67" type="cond" truecount="1" falsecount="1"/>
        <line num="40" count="67" type="cond" truecount="0" falsecount="1"/>
        <line num="41" count="67" type="cond" truecount="0" falsecount="1"/>
        <line num="42" count="0" type="stmt"/>
        <line num="44" count="0" type="cond" truecount="0" falsecount="2"/>
        <line num="46" count="67" type="cond" truecount="0" falsecount="1"/>
        <line num="47" count="67" type="stmt"/>
        <line num="50" count="66" type="stmt"/>
      </file>
      <file name="queueMicrotask.ts" path="/home/runner/work/memfs/memfs/src/queueMicrotask.ts">
        <metrics statements="3" coveredstatements="1" conditionals="2" coveredconditionals="1" methods="3" coveredmethods="0"/>
        <line num="1" count="64" type="cond" truecount="1" falsecount="1"/>
        <line num="2" count="0" type="stmt"/>
        <line num="3" count="0" type="stmt"/>
      </file>
      <file name="setTimeoutUnref.ts" path="/home/runner/work/memfs/memfs/src/setTimeoutUnref.ts">
        <metrics statements="4" coveredstatements="4" conditionals="6" coveredconditionals="5" methods="1" coveredmethods="1"/>
        <line num="8" count="1" type="cond" truecount="1" falsecount="1"/>
        <line num="9" count="1" type="cond" truecount="4" falsecount="0"/>
        <line num="10" count="1" type="stmt"/>
        <line num="13" count="65" type="stmt"/>
      </file>
    </package>
    <package name="src.__tests__">
      <metrics statements="19" coveredstatements="18" conditionals="7" coveredconditionals="5" methods="6" coveredmethods="6"/>
      <file name="hasBigInt.js" path="/home/runner/work/memfs/memfs/src/__tests__/hasBigInt.js">
        <metrics statements="1" coveredstatements="1" conditionals="0" coveredconditionals="0" methods="0" coveredmethods="0"/>
        <line num="1" count="1" type="stmt"/>
      </file>
      <file name="util.ts" path="/home/runner/work/memfs/memfs/src/__tests__/util.ts">
        <metrics statements="18" coveredstatements="17" conditionals="7" coveredconditionals="5" methods="6" coveredmethods="6"/>
        <line num="1" count="45" type="stmt"/>
        <line num="8" count="45" type="stmt"/>
        <line num="10" count="4" type="stmt"/>
        <line num="11" count="10" type="cond" truecount="2" falsecount="0"/>
        <line num="12" count="10" type="cond" truecount="1" falsecount="0"/>
        <line num="16" count="45" type="cond" truecount="1" falsecount="0"/>
        <line num="17" count="312" type="stmt"/>
        <line num="18" count="312" type="stmt"/>
        <line num="21" count="45" type="stmt"/>
        <line num="22" count="64" type="stmt"/>
        <line num="25" count="45" type="stmt"/>
        <line num="26" count="17" type="stmt"/>
        <line num="28" count="17" type="cond" truecount="0" falsecount="1"/>
        <line num="29" count="0" type="stmt"/>
        <line num="32" count="17" type="stmt"/>
        <line num="35" count="45" type="stmt"/>
        <line num="37" count="45" type="stmt"/>
        <line num="43" count="45" type="cond" truecount="1" falsecount="1"/>
      </file>
    </package>
    <package name="src.consts">
      <metrics statements="21" coveredstatements="21" conditionals="2" coveredconditionals="2" methods="1" coveredmethods="1"/>
      <file name="FLAG.ts" path="/home/runner/work/memfs/memfs/src/consts/FLAG.ts">
        <metrics statements="21" coveredstatements="21" conditionals="2" coveredconditionals="2" methods="1" coveredmethods="1"/>
        <line num="10" count="1" type="cond" truecount="2" falsecount="0"/>
        <line num="11" count="1" type="stmt"/>
        <line num="12" count="1" type="stmt"/>
        <line num="13" count="1" type="stmt"/>
        <line num="14" count="1" type="stmt"/>
        <line num="15" count="1" type="stmt"/>
        <line num="16" count="1" type="stmt"/>
        <line num="17" count="1" type="stmt"/>
        <line num="18" count="1" type="stmt"/>
        <line num="19" count="1" type="stmt"/>
        <line num="20" count="1" type="stmt"/>
        <line num="21" count="1" type="stmt"/>
        <line num="22" count="1" type="stmt"/>
        <line num="23" count="1" type="stmt"/>
        <line num="24" count="1" type="stmt"/>
        <line num="25" count="1" type="stmt"/>
        <line num="26" count="1" type="stmt"/>
        <line num="27" count="1" type="stmt"/>
        <line num="28" count="1" type="stmt"/>
        <line num="29" count="1" type="stmt"/>
        <line num="30" count="1" type="stmt"/>
      </file>
    </package>
    <package name="src.core">
      <metrics statements="614" coveredstatements="566" conditionals="295" coveredconditionals="231" methods="124" coveredmethods="108"/>
      <file name="File.ts" path="/home/runner/work/memfs/memfs/src/core/File.ts">
        <metrics statements="26" coveredstatements="22" conditionals="8" coveredconditionals="3" methods="12" coveredmethods="8"/>
        <line num="1" count="65" type="stmt"/>
        <line num="6" count="65" type="stmt"/>
        <line num="13" count="65" type="stmt"/>
        <line num="29" count="1684" type="stmt"/>
        <line num="30" count="1684" type="stmt"/>
        <line num="31" count="1684" type="stmt"/>
        <line num="32" count="1684" type="stmt"/>
        <line num="34" count="1684" type="stmt"/>
        <line num="35" count="1684" type="cond" truecount="1" falsecount="0"/>
        <line num="39" count="0" type="stmt"/>
        <line num="43" count="0" type="stmt"/>
        <line num="47" count="374" type="stmt"/>
        <line num="51" count="0" type="stmt"/>
        <line num="55" count="63" type="stmt"/>
        <line num="59" count="1182" type="stmt"/>
        <line num="63" count="0" type="stmt"/>
        <line num="67" count="1185" type="cond" truecount="1" falsecount="0"/>
        <line num="68" count="1185" type="stmt"/>
        <line num="69" count="1185" type="stmt"/>
        <line num="70" count="1185" type="stmt"/>
        <line num="79" count="61" type="cond" truecount="1" falsecount="0"/>
        <line num="80" count="61" type="stmt"/>
        <line num="81" count="61" type="stmt"/>
        <line num="82" count="61" type="stmt"/>
        <line num="86" count="1" type="stmt"/>
        <line num="90" count="1" type="stmt"/>
      </file>
      <file name="Link.ts" path="/home/runner/work/memfs/memfs/src/core/Link.ts">
        <metrics statements="54" coveredstatements="53" conditionals="10" coveredconditionals="9" methods="14" coveredmethods="13"/>
        <line num="1" count="65" type="stmt"/>
        <line num="2" count="65" type="stmt"/>
        <line num="12" count="65" type="stmt"/>
        <line num="17" count="65" type="stmt"/>
        <line num="18" count="3054" type="stmt"/>
        <line num="24" count="3054" type="stmt"/>
        <line num="27" count="3054" type="stmt"/>
        <line num="33" count="3054" type="stmt"/>
        <line num="36" count="3054" type="stmt"/>
        <line num="41" count="6080" type="stmt"/>
        <line num="46" count="3117" type="stmt"/>
        <line num="47" count="3117" type="stmt"/>
        <line num="48" count="22" type="cond" truecount="3" falsecount="0"/>
        <line num="49" count="14" type="stmt"/>
        <line num="51" count="8" type="stmt"/>
        <line num="56" count="3054" type="stmt"/>
        <line num="57" count="3054" type="stmt"/>
        <line num="58" count="3054" type="stmt"/>
        <line num="59" count="3054" type="stmt"/>
        <line num="63" count="3054" type="stmt"/>
        <line num="64" count="3054" type="stmt"/>
        <line num="68" count="61390" type="stmt"/>
        <line num="72" count="2169" type="stmt"/>
        <line num="73" count="2169" type="stmt"/>
        <line num="75" count="2169" type="cond" truecount="1" falsecount="0"/>
        <line num="76" count="901" type="stmt"/>
        <line num="77" count="901" type="stmt"/>
        <line num="80" count="2169" type="stmt"/>
        <line num="82" count="2169" type="stmt"/>
        <line num="86" count="3988" type="stmt"/>
        <line num="87" count="3988" type="stmt"/>
        <line num="88" count="3988" type="stmt"/>
        <line num="90" count="3988" type="stmt"/>
        <line num="91" count="3988" type="cond" truecount="1" falsecount="0"/>
        <line num="92" count="2669" type="stmt"/>
        <line num="93" count="2669" type="stmt"/>
        <line num="96" count="3988" type="stmt"/>
        <line num="97" count="3988" type="stmt"/>
        <line num="99" count="3988" type="stmt"/>
        <line num="103" count="100" type="stmt"/>
        <line num="104" count="100" type="cond" truecount="1" falsecount="0"/>
        <line num="105" count="34" type="stmt"/>
        <line num="106" count="34" type="stmt"/>
        <line num="108" count="100" type="stmt"/>
        <line num="109" count="100" type="stmt"/>
        <line num="111" count="100" type="stmt"/>
        <line num="112" count="100" type="stmt"/>
        <line num="116" count="15198" type="stmt"/>
        <line num="117" count="15198" type="stmt"/>
        <line num="121" count="2204" type="stmt"/>
        <line num="125" count="441" type="stmt"/>
        <line num="129" count="601" type="stmt"/>
        <line num="133" count="0" type="stmt"/>
        <line num="141" count="3062" type="cond" truecount="2" falsecount="0"/>
      </file>
      <file name="Node.ts" path="/home/runner/work/memfs/memfs/src/core/Node.ts">
        <metrics statements="118" coveredstatements="111" conditionals="50" coveredconditionals="42" methods="39" coveredmethods="37"/>
        <line num="1" count="65" type="stmt"/>
        <line num="2" count="65" type="stmt"/>
        <line num="3" count="65" type="stmt"/>
        <line num="4" count="65" type="stmt"/>
        <line num="12" count="65" type="stmt"/>
        <line num="13" count="21799" type="cond" truecount="1" falsecount="1"/>
        <line num="14" count="21799" type="cond" truecount="1" falsecount="1"/>
        <line num="19" count="65" type="stmt"/>
        <line num="20" count="3068" type="stmt"/>
        <line num="26" count="3068" type="stmt"/>
        <line num="27" count="3068" type="stmt"/>
        <line num="29" count="3068" type="stmt"/>
        <line num="30" count="3068" type="stmt"/>
        <line num="31" count="3068" type="stmt"/>
        <line num="35" count="3068" type="stmt"/>
        <line num="40" count="3068" type="stmt"/>
        <line num="46" count="3068" type="stmt"/>
        <line num="47" count="3068" type="stmt"/>
        <line num="51" count="12062" type="stmt"/>
        <line num="55" count="760" type="stmt"/>
        <line num="59" count="4" type="stmt"/>
        <line num="60" count="4" type="stmt"/>
        <line num="64" count="858" type="stmt"/>
        <line num="68" count="4" type="stmt"/>
        <line num="69" count="4" type="stmt"/>
        <line num="73" count="858" type="stmt"/>
        <line num="77" count="15977" type="stmt"/>
        <line num="81" count="749" type="stmt"/>
        <line num="85" count="6671" type="stmt"/>
        <line num="86" count="6671" type="stmt"/>
        <line num="90" count="773" type="stmt"/>
        <line num="94" count="18965" type="stmt"/>
        <line num="98" count="1" type="stmt"/>
        <line num="99" count="1" type="stmt"/>
        <line num="103" count="5382" type="stmt"/>
        <line num="104" count="5382" type="stmt"/>
        <line num="108" count="6135" type="stmt"/>
        <line num="112" count="138" type="stmt"/>
        <line num="113" count="138" type="stmt"/>
        <line num="118" count="10" type="stmt"/>
        <line num="119" count="10" type="stmt"/>
        <line num="123" count="544" type="stmt"/>
        <line num="124" count="544" type="cond" truecount="1" falsecount="0"/>
        <line num="125" count="544" type="stmt"/>
        <line num="129" count="1" type="stmt"/>
        <line num="130" count="1" type="stmt"/>
        <line num="134" count="805" type="cond" truecount="2" falsecount="0"/>
        <line num="138" count="0" type="stmt"/>
        <line num="142" count="573" type="stmt"/>
        <line num="146" count="35512" type="stmt"/>
        <line num="151" count="12905" type="stmt"/>
        <line num="155" count="1" type="stmt"/>
        <line num="159" count="90" type="stmt"/>
        <line num="160" count="90" type="stmt"/>
        <line num="164" count="1196" type="cond" truecount="1" falsecount="0"/>
        <line num="166" count="1196" type="cond" truecount="1" falsecount="0"/>
        <line num="167" count="1170" type="stmt"/>
        <line num="168" count="1170" type="stmt"/>
        <line num="169" count="1170" type="stmt"/>
        <line num="172" count="1196" type="stmt"/>
        <line num="174" count="1196" type="stmt"/>
        <line num="176" count="1196" type="stmt"/>
        <line num="186" count="63" type="stmt"/>
        <line num="187" count="63" type="cond" truecount="1" falsecount="0"/>
        <line num="188" count="63" type="cond" truecount="1" falsecount="0"/>
        <line num="189" count="47" type="stmt"/>
        <line num="190" count="47" type="cond" truecount="0" falsecount="1"/>
        <line num="191" count="0" type="stmt"/>
        <line num="193" count="47" type="cond" truecount="1" falsecount="0"/>
        <line num="194" count="16" type="stmt"/>
        <line num="196" count="47" type="cond" truecount="2" falsecount="0"/>
        <line num="197" count="47" type="stmt"/>
        <line num="198" count="47" type="stmt"/>
        <line num="202" count="1182" type="cond" truecount="2" falsecount="0"/>
        <line num="204" count="13" type="cond" truecount="0" falsecount="1"/>
        <line num="205" count="13" type="cond" truecount="2" falsecount="0"/>
        <line num="206" count="8" type="stmt"/>
        <line num="208" count="5" type="stmt"/>
        <line num="209" count="5" type="stmt"/>
        <line num="210" count="5" type="stmt"/>
        <line num="211" count="5" type="stmt"/>
        <line num="215" count="1182" type="stmt"/>
        <line num="219" count="157" type="stmt"/>
        <line num="220" count="157" type="stmt"/>
        <line num="224" count="3" type="stmt"/>
        <line num="225" count="3" type="stmt"/>
        <line num="226" count="3" type="stmt"/>
        <line num="230" count="2549" type="stmt"/>
        <line num="231" count="2549" type="stmt"/>
        <line num="235" count="704" type="cond" truecount="1" falsecount="0"/>
        <line num="236" count="686" type="stmt"/>
        <line num="239" count="18" type="cond" truecount="1" falsecount="0"/>
        <line num="240" count="18" type="cond" truecount="0" falsecount="1"/>
        <line num="241" count="0" type="stmt"/>
        <line num="245" count="18" type="cond" truecount="1" falsecount="0"/>
        <line num="246" count="18" type="cond" truecount="1" falsecount="0"/>
        <line num="247" count="4" type="stmt"/>
        <line num="251" count="14" type="stmt"/>
        <line num="255" count="3584" type="cond" truecount="1" falsecount="0"/>
        <line num="256" count="3548" type="stmt"/>
        <line num="259" count="36" type="cond" truecount="1" falsecount="0"/>
        <line num="260" count="36" type="cond" truecount="0" falsecount="1"/>
        <line num="261" count="0" type="stmt"/>
        <line num="265" count="36" type="cond" truecount="1" falsecount="0"/>
        <line num="266" count="36" type="cond" truecount="1" falsecount="0"/>
        <line num="267" count="7" type="stmt"/>
        <line num="271" count="29" type="stmt"/>
        <line num="275" count="14443" type="cond" truecount="1" falsecount="0"/>
        <line num="276" count="14382" type="stmt"/>
        <line num="279" count="61" type="cond" truecount="1" falsecount="0"/>
        <line num="280" count="61" type="cond" truecount="0" falsecount="1"/>
        <line num="281" count="0" type="stmt"/>
        <line num="285" count="61" type="cond" truecount="1" falsecount="0"/>
        <line num="286" count="61" type="cond" truecount="0" falsecount="1"/>
        <line num="287" count="0" type="stmt"/>
        <line num="291" count="61" type="stmt"/>
        <line num="295" count="9" type="stmt"/>
        <line num="299" count="0" type="stmt"/>
      </file>
      <file name="Superblock.ts" path="/home/runner/work/memfs/memfs/src/core/Superblock.ts">
        <metrics statements="350" coveredstatements="330" conditionals="193" coveredconditionals="156" methods="43" coveredmethods="41"/>
        <line num="1" count="64" type="stmt"/>
        <line num="2" count="64" type="stmt"/>
        <line num="3" count="64" type="stmt"/>
        <line num="4" count="64" type="stmt"/>
        <line num="5" count="64" type="stmt"/>
        <line num="6" count="64" type="stmt"/>
        <line num="7" count="64" type="stmt"/>
        <line num="8" count="64" type="stmt"/>
        <line num="9" count="64" type="stmt"/>
        <line num="10" count="64" type="stmt"/>
        <line num="11" count="64" type="stmt"/>
        <line num="16" count="64" type="cond" truecount="1" falsecount="1"/>
        <line num="17" count="64" type="cond" truecount="1" falsecount="1"/>
        <line num="18" count="64" type="cond" truecount="1" falsecount="1"/>
        <line num="20" count="64" type="stmt"/>
        <line num="27" count="64" type="stmt"/>
        <line num="29" count="380" type="stmt"/>
        <line num="30" count="380" type="stmt"/>
        <line num="31" count="380" type="stmt"/>
        <line num="35" count="272" type="stmt"/>
        <line num="36" count="272" type="stmt"/>
        <line num="37" count="272" type="stmt"/>
        <line num="47" count="64" type="stmt"/>
        <line num="57" count="882" type="stmt"/>
        <line num="60" count="882" type="stmt"/>
        <line num="63" count="882" type="stmt"/>
        <line num="66" count="882" type="stmt"/>
        <line num="70" count="882" type="stmt"/>
        <line num="73" count="882" type="stmt"/>
        <line num="76" count="882" type="stmt"/>
        <line num="79" count="882" type="stmt"/>
        <line num="80" count="882" type="stmt"/>
        <line num="82" count="882" type="stmt"/>
        <line num="83" count="882" type="stmt"/>
        <line num="85" count="882" type="stmt"/>
        <line num="86" count="882" type="stmt"/>
        <line num="88" count="882" type="stmt"/>
        <line num="94" count="2053" type="cond" truecount="1" falsecount="0"/>
        <line num="95" count="885" type="stmt"/>
        <line num="98" count="1168" type="cond" truecount="0" falsecount="1"/>
        <line num="99" count="0" type="stmt"/>
        <line num="103" count="1168" type="cond" truecount="4" falsecount="0"/>
        <line num="106" count="1168" type="cond" truecount="2" falsecount="0"/>
        <line num="107" count="1168" type="cond" truecount="4" falsecount="0"/>
        <line num="108" count="1168" type="stmt"/>
        <line num="109" count="1168" type="stmt"/>
        <line num="113" count="45" type="stmt"/>
        <line num="114" count="45" type="cond" truecount="1" falsecount="0"/>
        <line num="115" count="45" type="stmt"/>
        <line num="117" count="45" type="stmt"/>
        <line num="119" count="0" type="stmt"/>
        <line num="123" count="3050" type="stmt"/>
        <line num="125" count="3050" type="cond" truecount="1" falsecount="1"/>
        <line num="127" count="3050" type="stmt"/>
        <line num="128" count="3050" type="stmt"/>
        <line num="133" count="1684" type="stmt"/>
        <line num="134" count="1684" type="cond" truecount="2" falsecount="0"/>
        <line num="138" count="3050" type="stmt"/>
        <line num="139" count="3050" type="stmt"/>
        <line num="140" count="3050" type="stmt"/>
        <line num="144" count="9" type="stmt"/>
        <line num="145" count="9" type="stmt"/>
        <line num="146" count="9" type="stmt"/>
        <line num="186" count="9847" type="cond" truecount="1" falsecount="1"/>
        <line num="187" count="0" type="stmt"/>
        <line num="188" count="0" type="stmt"/>
        <line num="189" count="9847" type="cond" truecount="2" falsecount="0"/>
        <line num="190" count="8073" type="stmt"/>
        <line num="191" count="8073" type="stmt"/>
        <line num="193" count="1774" type="stmt"/>
        <line num="194" count="1774" type="stmt"/>
        <line num="197" count="9847" type="stmt"/>
        <line num="198" count="9847" type="stmt"/>
        <line num="199" count="9847" type="stmt"/>
        <line num="200" count="13801" type="stmt"/>
        <line num="202" count="13801" type="cond" truecount="2" falsecount="0"/>
        <line num="203" count="13799" type="cond" truecount="3" falsecount="0"/>
        <line num="204" count="56" type="stmt"/>
        <line num="207" count="2" type="cond" truecount="1" falsecount="0"/>
        <line num="210" count="13744" type="cond" truecount="2" falsecount="0"/>
        <line num="213" count="13744" type="cond" truecount="1" falsecount="0"/>
        <line num="214" count="2102" type="cond" truecount="2" falsecount="0"/>
        <line num="215" count="750" type="stmt"/>
        <line num="217" count="11642" type="stmt"/>
        <line num="221" count="11642" type="cond" truecount="4" falsecount="0"/>
        <line num="222" count="75" type="cond" truecount="2" falsecount="0"/>
        <line num="224" count="75" type="stmt"/>
        <line num="225" count="75" type="stmt"/>
        <line num="226" count="75" type="stmt"/>
        <line num="227" count="75" type="stmt"/>
        <line num="233" count="11567" type="cond" truecount="4" falsecount="0"/>
        <line num="236" count="5" type="cond" truecount="2" falsecount="0"/>
        <line num="237" count="5" type="stmt"/>
        <line num="240" count="11562" type="stmt"/>
        <line num="243" count="7683" type="stmt"/>
        <line num="248" count="3" type="stmt"/>
        <line num="253" count="877" type="stmt"/>
        <line num="258" count="1831" type="stmt"/>
        <line num="265" count="7136" type="stmt"/>
        <line num="269" count="1" type="stmt"/>
        <line num="276" count="22" type="stmt"/>
        <line num="277" count="21" type="cond" truecount="0" falsecount="1"/>
        <line num="278" count="21" type="stmt"/>
        <line num="283" count="0" type="stmt"/>
        <line num="287" count="334" type="stmt"/>
        <line num="290" count="334" type="stmt"/>
        <line num="291" count="334" type="stmt"/>
        <line num="292" count="333" type="cond" truecount="0" falsecount="1"/>
        <line num="293" count="333" type="stmt"/>
        <line num="297" count="3366" type="stmt"/>
        <line num="301" count="3366" type="cond" truecount="1" falsecount="0"/>
        <line num="302" count="3358" type="stmt"/>
        <line num="303" count="3358" type="cond" truecount="1" falsecount="0"/>
        <line num="304" count="3353" type="stmt"/>
        <line num="308" count="237" type="stmt"/>
        <line num="310" count="237" type="stmt"/>
        <line num="312" count="237" type="cond" truecount="1" falsecount="0"/>
        <line num="313" count="1" type="stmt"/>
        <line num="314" count="1" type="stmt"/>
        <line num="317" count="237" type="stmt"/>
        <line num="318" count="751" type="cond" truecount="3" falsecount="0"/>
        <line num="319" count="468" type="stmt"/>
        <line num="321" count="283" type="stmt"/>
        <line num="323" count="283" type="stmt"/>
        <line num="325" count="283" type="cond" truecount="0" falsecount="1"/>
        <line num="326" count="0" type="stmt"/>
        <line num="328" count="283" type="stmt"/>
        <line num="329" count="283" type="cond" truecount="2" falsecount="0"/>
        <line num="330" count="133" type="stmt"/>
        <line num="331" count="133" type="cond" truecount="0" falsecount="1"/>
        <line num="332" count="133" type="cond" truecount="2" falsecount="0"/>
        <line num="333" count="150" type="cond" truecount="1" falsecount="0"/>
        <line num="334" count="150" type="stmt"/>
        <line num="338" count="237" type="stmt"/>
        <line num="340" count="237" type="cond" truecount="0" falsecount="1"/>
        <line num="342" count="237" type="cond" truecount="3" falsecount="0"/>
        <line num="343" count="48" type="stmt"/>
        <line num="346" count="237" type="stmt"/>
        <line num="350" count="87" type="stmt"/>
        <line num="352" count="87" type="cond" truecount="2" falsecount="0"/>
        <line num="353" count="7" type="cond" truecount="1" falsecount="0"/>
        <line num="354" count="7" type="stmt"/>
        <line num="355" count="8" type="stmt"/>
        <line num="356" count="8" type="stmt"/>
        <line num="357" count="8" type="cond" truecount="1" falsecount="0"/>
        <line num="358" count="7" type="stmt"/>
        <line num="361" count="80" type="stmt"/>
        <line num="364" count="87" type="cond" truecount="1" falsecount="0"/>
        <line num="365" count="87" type="cond" truecount="1" falsecount="1"/>
        <line num="366" count="86" type="stmt"/>
        <line num="371" count="714" type="stmt"/>
        <line num="372" count="944" type="stmt"/>
        <line num="373" count="944" type="stmt"/>
        <line num="374" count="944" type="cond" truecount="4" falsecount="0"/>
        <line num="375" count="763" type="stmt"/>
        <line num="376" count="763" type="stmt"/>
        <line num="377" count="763" type="stmt"/>
        <line num="378" count="763" type="stmt"/>
        <line num="380" count="181" type="stmt"/>
        <line num="386" count="273" type="stmt"/>
        <line num="390" count="3" type="stmt"/>
        <line num="391" count="3" type="stmt"/>
        <line num="392" count="3" type="stmt"/>
        <line num="393" count="3" type="stmt"/>
        <line num="394" count="3" type="stmt"/>
        <line num="395" count="3" type="stmt"/>
        <line num="397" count="3" type="stmt"/>
        <line num="398" count="3" type="stmt"/>
        <line num="403" count="0" type="stmt"/>
        <line num="407" count="1702" type="cond" truecount="0" falsecount="1"/>
        <line num="409" count="0" type="stmt"/>
        <line num="416" count="1702" type="stmt"/>
        <line num="417" count="1702" type="cond" truecount="1" falsecount="0"/>
        <line num="419" count="1702" type="stmt"/>
        <line num="422" count="1702" type="cond" truecount="2" falsecount="0"/>
        <line num="423" count="5" type="cond" truecount="1" falsecount="0"/>
        <line num="424" count="4" type="stmt"/>
        <line num="426" count="1697" type="cond" truecount="0" falsecount="1"/>
        <line num="431" count="1698" type="cond" truecount="1" falsecount="0"/>
        <line num="432" count="469" type="cond" truecount="1" falsecount="0"/>
        <line num="433" count="7" type="stmt"/>
        <line num="437" count="1691" type="cond" truecount="1" falsecount="0"/>
        <line num="438" count="1274" type="cond" truecount="1" falsecount="0"/>
        <line num="439" count="7" type="stmt"/>
        <line num="443" count="1684" type="stmt"/>
        <line num="444" count="1684" type="stmt"/>
        <line num="445" count="1684" type="stmt"/>
        <line num="447" count="1684" type="cond" truecount="1" falsecount="0"/>
        <line num="449" count="1684" type="stmt"/>
        <line num="458" count="1751" type="stmt"/>
        <line num="460" count="1751" type="stmt"/>
        <line num="461" count="1751" type="cond" truecount="2" falsecount="0"/>
        <line num="466" count="551" type="cond" truecount="4" falsecount="0"/>
        <line num="471" count="1210" type="cond" truecount="4" falsecount="0"/>
        <line num="472" count="1171" type="stmt"/>
        <line num="473" count="1171" type="stmt"/>
        <line num="474" count="1169" type="stmt"/>
        <line num="477" count="1169" type="cond" truecount="0" falsecount="1"/>
        <line num="478" count="1169" type="cond" truecount="3" falsecount="0"/>
        <line num="482" count="1161" type="cond" truecount="1" falsecount="1"/>
        <line num="484" count="1161" type="stmt"/>
        <line num="485" count="39" type="stmt"/>
        <line num="488" count="1702" type="cond" truecount="1" falsecount="0"/>
        <line num="489" count="0" type="stmt"/>
        <line num="492" count="882" type="stmt"/>
        <line num="498" count="1751" type="stmt"/>
        <line num="499" count="1684" type="cond" truecount="0" falsecount="1"/>
        <line num="500" count="1684" type="stmt"/>
        <line num="503" count="882" type="stmt"/>
        <line num="504" count="1161" type="stmt"/>
        <line num="506" count="1161" type="cond" truecount="2" falsecount="0"/>
        <line num="507" count="1150" type="stmt"/>
        <line num="508" count="1135" type="stmt"/>
        <line num="509" count="1135" type="stmt"/>
        <line num="510" count="1135" type="cond" truecount="2" falsecount="0"/>
        <line num="511" count="1135" type="stmt"/>
        <line num="512" count="1135" type="stmt"/>
        <line num="513" count="1104" type="stmt"/>
        <line num="514" count="1103" type="stmt"/>
        <line num="515" count="1103" type="stmt"/>
        <line num="516" count="1103" type="cond" truecount="1" falsecount="0"/>
        <line num="519" count="1135" type="cond" truecount="1" falsecount="0"/>
        <line num="523" count="882" type="stmt"/>
        <line num="530" count="54" type="cond" truecount="1" falsecount="0"/>
        <line num="531" count="2" type="stmt"/>
        <line num="533" count="52" type="stmt"/>
        <line num="534" count="51" type="cond" truecount="1" falsecount="0"/>
        <line num="535" count="1" type="stmt"/>
        <line num="537" count="50" type="stmt"/>
        <line num="545" count="882" type="stmt"/>
        <line num="546" count="5" type="stmt"/>
        <line num="547" count="4" type="cond" truecount="2" falsecount="0"/>
        <line num="548" count="4" type="cond" truecount="0" falsecount="1"/>
        <line num="549" count="4" type="stmt"/>
        <line num="550" count="4" type="stmt"/>
        <line num="551" count="11" type="stmt"/>
        <line num="552" count="11" type="stmt"/>
        <line num="553" count="11" type="stmt"/>
        <line num="554" count="11" type="cond" truecount="1" falsecount="0"/>
        <line num="556" count="4" type="stmt"/>
        <line num="559" count="882" type="stmt"/>
        <line num="561" count="5" type="stmt"/>
        <line num="562" count="5" type="stmt"/>
        <line num="564" count="1" type="cond" truecount="1" falsecount="0"/>
        <line num="565" count="1" type="stmt"/>
        <line num="567" count="4" type="stmt"/>
        <line num="569" count="4" type="stmt"/>
        <line num="570" count="4" type="stmt"/>
        <line num="573" count="0" type="cond" truecount="0" falsecount="1"/>
        <line num="574" count="0" type="stmt"/>
        <line num="576" count="4" type="stmt"/>
        <line num="577" count="4" type="cond" truecount="0" falsecount="1"/>
        <line num="578" count="4" type="stmt"/>
        <line num="579" count="4" type="stmt"/>
        <line num="580" count="4" type="stmt"/>
        <line num="583" count="882" type="stmt"/>
        <line num="584" count="10" type="stmt"/>
        <line num="586" count="9" type="cond" truecount="0" falsecount="1"/>
        <line num="587" count="9" type="stmt"/>
        <line num="588" count="9" type="stmt"/>
        <line num="589" count="9" type="stmt"/>
        <line num="591" count="9" type="cond" truecount="1" falsecount="0"/>
        <line num="592" count="9" type="stmt"/>
        <line num="596" count="882" type="stmt"/>
        <line num="597" count="89" type="stmt"/>
        <line num="600" count="89" type="stmt"/>
        <line num="601" count="89" type="stmt"/>
        <line num="604" count="0" type="cond" truecount="0" falsecount="1"/>
        <line num="605" count="0" type="stmt"/>
        <line num="607" count="89" type="stmt"/>
        <line num="609" count="89" type="cond" truecount="1" falsecount="0"/>
        <line num="613" count="88" type="stmt"/>
        <line num="614" count="88" type="cond" truecount="2" falsecount="1"/>
        <line num="615" count="0" type="stmt"/>
        <line num="617" count="88" type="stmt"/>
        <line num="618" count="88" type="stmt"/>
        <line num="619" count="88" type="stmt"/>
        <line num="622" count="882" type="stmt"/>
        <line num="624" count="66" type="stmt"/>
        <line num="625" count="66" type="stmt"/>
        <line num="628" count="5" type="cond" truecount="1" falsecount="0"/>
        <line num="629" count="5" type="stmt"/>
        <line num="636" count="61" type="stmt"/>
        <line num="637" count="61" type="stmt"/>
        <line num="640" count="0" type="cond" truecount="0" falsecount="1"/>
        <line num="641" count="0" type="stmt"/>
        <line num="648" count="61" type="stmt"/>
        <line num="649" count="61" type="cond" truecount="0" falsecount="1"/>
        <line num="652" count="61" type="stmt"/>
        <line num="653" count="61" type="stmt"/>
        <line num="654" count="61" type="cond" truecount="1" falsecount="0"/>
        <line num="660" count="6" type="stmt"/>
        <line num="663" count="55" type="stmt"/>
        <line num="666" count="55" type="stmt"/>
        <line num="667" count="55" type="stmt"/>
        <line num="668" count="55" type="stmt"/>
        <line num="669" count="55" type="stmt"/>
        <line num="672" count="882" type="stmt"/>
        <line num="673" count="185" type="stmt"/>
        <line num="675" count="185" type="cond" truecount="1" falsecount="0"/>
        <line num="676" count="184" type="stmt"/>
        <line num="678" count="183" type="stmt"/>
        <line num="679" count="183" type="cond" truecount="1" falsecount="0"/>
        <line num="680" count="180" type="stmt"/>
        <line num="681" count="180" type="cond" truecount="3" falsecount="0"/>
        <line num="682" count="178" type="stmt"/>
        <line num="688" count="882" type="stmt"/>
        <line num="689" count="1039" type="stmt"/>
        <line num="690" count="1039" type="stmt"/>
        <line num="691" count="1039" type="stmt"/>
        <line num="692" count="1039" type="stmt"/>
        <line num="694" count="1039" type="stmt"/>
        <line num="695" count="1770" type="stmt"/>
        <line num="696" count="1769" type="cond" truecount="1" falsecount="0"/>
        <line num="698" count="1038" type="cond" truecount="0" falsecount="1"/>
        <line num="699" count="0" type="stmt"/>
        <line num="700" count="0" type="stmt"/>
        <line num="705" count="1038" type="stmt"/>
        <line num="707" count="1037" type="stmt"/>
        <line num="708" count="725" type="stmt"/>
        <line num="709" count="725" type="cond" truecount="1" falsecount="1"/>
        <line num="711" count="725" type="cond" truecount="3" falsecount="0"/>
        <line num="713" count="0" type="stmt"/>
        <line num="715" count="721" type="stmt"/>
        <line num="716" count="721" type="stmt"/>
        <line num="718" count="1033" type="cond" truecount="2" falsecount="0"/>
        <line num="721" count="882" type="cond" truecount="0" falsecount="1"/>
        <line num="722" count="22" type="stmt"/>
        <line num="723" count="21" type="cond" truecount="3" falsecount="0"/>
        <line num="724" count="17" type="stmt"/>
        <line num="727" count="882" type="cond" truecount="2" falsecount="0"/>
        <line num="730" count="35" type="stmt"/>
        <line num="731" count="35" type="stmt"/>
        <line num="734" count="8" type="cond" truecount="4" falsecount="0"/>
        <line num="735" count="6" type="stmt"/>
        <line num="737" count="27" type="cond" truecount="3" falsecount="0"/>
        <line num="738" count="23" type="cond" truecount="1" falsecount="0"/>
        <line num="739" count="19" type="stmt"/>
        <line num="743" count="1618" type="cond" truecount="0" falsecount="1"/>
        <line num="744" count="1618" type="stmt"/>
        <line num="745" count="1618" type="stmt"/>
        <line num="746" count="1618" type="stmt"/>
        <line num="749" count="882" type="stmt"/>
        <line num="750" count="1622" type="stmt"/>
        <line num="751" count="1621" type="stmt"/>
        <line num="752" count="1618" type="stmt"/>
        <line num="756" count="1109" type="stmt"/>
        <line num="757" count="1108" type="cond" truecount="0" falsecount="1"/>
        <line num="758" count="0" type="stmt"/>
        <line num="760" count="1108" type="cond" truecount="4" falsecount="0"/>
      </file>
      <file name="index.ts" path="/home/runner/work/memfs/memfs/src/core/index.ts">
        <metrics statements="6" coveredstatements="6" conditionals="0" coveredconditionals="0" methods="4" coveredmethods="2"/>
        <line num="1" count="64" type="stmt"/>
        <line num="2" count="64" type="stmt"/>
        <line num="3" count="64" type="stmt"/>
        <line num="4" count="75" type="stmt"/>
        <line num="5" count="64" type="stmt"/>
        <line num="6" count="896" type="stmt"/>
      </file>
      <file name="json.ts" path="/home/runner/work/memfs/memfs/src/core/json.ts">
        <metrics statements="15" coveredstatements="15" conditionals="12" coveredconditionals="11" methods="2" coveredmethods="2"/>
        <line num="1" count="64" type="stmt"/>
        <line num="2" count="64" type="stmt"/>
        <line num="4" count="64" type="cond" truecount="1" falsecount="1"/>
        <line num="15" count="64" type="stmt"/>
        <line num="16" count="273" type="stmt"/>
        <line num="18" count="465" type="stmt"/>
        <line num="19" count="667" type="stmt"/>
        <line num="21" count="667" type="stmt"/>
        <line num="22" count="667" type="cond" truecount="4" falsecount="0"/>
        <line num="23" count="327" type="stmt"/>
        <line num="24" count="340" type="cond" truecount="2" falsecount="0"/>
        <line num="31" count="192" type="stmt"/>
        <line num="35" count="148" type="stmt"/>
        <line num="39" count="273" type="stmt"/>
        <line num="40" count="273" type="stmt"/>
      </file>
      <file name="util.ts" path="/home/runner/work/memfs/memfs/src/core/util.ts">
        <metrics statements="45" coveredstatements="29" conditionals="22" coveredconditionals="10" methods="10" coveredmethods="5"/>
        <line num="1" count="64" type="stmt"/>
        <line num="2" count="64" type="stmt"/>
        <line num="3" count="64" type="stmt"/>
        <line num="4" count="64" type="stmt"/>
        <line num="5" count="64" type="stmt"/>
        <line num="7" count="64" type="stmt"/>
        <line num="9" count="64" type="stmt"/>
        <line num="10" count="64" type="cond" truecount="1" falsecount="1"/>
        <line num="14" count="64" type="stmt"/>
        <line num="15" count="0" type="stmt"/>
        <line num="16" count="0" type="cond" truecount="0" falsecount="4"/>
        <line num="19" count="64" type="stmt"/>
        <line num="20" count="0" type="stmt"/>
        <line num="21" count="0" type="cond" truecount="0" falsecount="1"/>
        <line num="22" count="0" type="stmt"/>
        <line num="23" count="0" type="stmt"/>
        <line num="26" count="64" type="stmt"/>
        <line num="27" count="0" type="cond" truecount="0" falsecount="1"/>
        <line num="28" count="0" type="stmt"/>
        <line num="29" count="0" type="cond" truecount="0" falsecount="1"/>
        <line num="30" count="0" type="stmt"/>
        <line num="33" count="64" type="cond" truecount="0" falsecount="1"/>
        <line num="34" count="0" type="cond" truecount="0" falsecount="1"/>
        <line num="35" count="0" type="stmt"/>
        <line num="36" count="0" type="stmt"/>
        <line num="38" count="0" type="stmt"/>
        <line num="43" count="12641" type="cond" truecount="1" falsecount="0"/>
        <line num="44" count="64" type="cond" truecount="0" falsecount="1"/>
        <line num="45" count="0" type="stmt"/>
        <line num="46" count="0" type="stmt"/>
        <line num="49" count="64" type="stmt"/>
        <line num="51" count="64" type="stmt"/>
        <line num="52" count="11697" type="stmt"/>
        <line num="53" count="11697" type="stmt"/>
        <line num="54" count="11697" type="cond" truecount="1" falsecount="0"/>
        <line num="55" count="9797" type="stmt"/>
        <line num="58" count="64" type="stmt"/>
        <line num="59" count="5279" type="stmt"/>
        <line num="62" count="64" type="stmt"/>
        <line num="63" count="1836" type="cond" truecount="1" falsecount="0"/>
        <line num="66" count="64" type="cond" truecount="1" falsecount="0"/>
        <line num="67" count="1177" type="cond" truecount="2" falsecount="0"/>
        <line num="68" count="1107" type="cond" truecount="2" falsecount="0"/>
        <line num="69" count="1056" type="cond" truecount="1" falsecount="1"/>
        <line num="70" count="1056" type="stmt"/>
      </file>
    </package>
    <package name="src.fsa">
      <metrics statements="330" coveredstatements="193" conditionals="173" coveredconditionals="67" methods="51" coveredmethods="32"/>
      <file name="CoreFileSystemDirectoryHandle.ts" path="/home/runner/work/memfs/memfs/src/fsa/CoreFileSystemDirectoryHandle.ts">
        <metrics statements="115" coveredstatements="86" conditionals="71" coveredconditionals="40" methods="9" coveredmethods="8"/>
        <line num="1" count="5" type="stmt"/>
        <line num="2" count="5" type="stmt"/>
        <line num="11" count="5" type="stmt"/>
        <line num="24" count="5" type="stmt"/>
        <line num="25" count="5" type="stmt"/>
        <line num="30" count="5" type="stmt"/>
        <line num="36" count="66" type="stmt"/>
        <line num="40" count="66" type="stmt"/>
        <line num="41" count="66" type="stmt"/>
        <line num="42" count="66" type="stmt"/>
        <line num="43" count="66" type="cond" truecount="2" falsecount="0"/>
        <line num="53" count="8" type="stmt"/>
        <line num="54" count="8" type="stmt"/>
        <line num="55" count="8" type="stmt"/>
        <line num="56" count="8" type="stmt"/>
        <line num="57" count="25" type="cond" truecount="3" falsecount="0"/>
        <line num="58" count="9" type="stmt"/>
        <line num="62" count="0" type="stmt"/>
        <line num="70" count="5" type="stmt"/>
        <line num="71" count="5" type="stmt"/>
        <line num="72" count="5" type="stmt"/>
        <line num="73" count="5" type="stmt"/>
        <line num="74" count="5" type="stmt"/>
        <line num="75" count="14" type="cond" truecount="4" falsecount="0"/>
        <line num="76" count="4" type="stmt"/>
        <line num="77" count="4" type="stmt"/>
        <line num="78" count="4" type="cond" truecount="2" falsecount="0"/>
        <line num="79" count="2" type="stmt"/>
        <line num="80" count="2" type="cond" truecount="1" falsecount="0"/>
        <line num="81" count="2" type="stmt"/>
        <line num="86" count="0" type="stmt"/>
        <line num="97" count="1" type="stmt"/>
        <line num="114" count="17" type="stmt"/>
        <line num="115" count="17" type="stmt"/>
        <line num="116" count="17" type="stmt"/>
        <line num="117" count="17" type="stmt"/>
        <line num="118" count="17" type="cond" truecount="2" falsecount="0"/>
        <line num="119" count="7" type="stmt"/>
        <line num="120" count="7" type="cond" truecount="0" falsecount="1"/>
        <line num="121" count="7" type="stmt"/>
        <line num="123" count="10" type="stmt"/>
        <line num="126" count="10" type="cond" truecount="0" falsecount="1"/>
        <line num="127" count="10" type="cond" truecount="3" falsecount="0"/>
        <line num="128" count="10" type="cond" truecount="3" falsecount="0"/>
        <line num="129" count="10" type="cond" truecount="1" falsecount="0"/>
        <line num="130" count="6" type="stmt"/>
        <line num="131" count="5" type="stmt"/>
        <line num="132" count="5" type="stmt"/>
        <line num="133" count="5" type="stmt"/>
        <line num="135" count="0" type="cond" truecount="0" falsecount="4"/>
        <line num="136" count="0" type="stmt"/>
        <line num="138" count="0" type="stmt"/>
        <line num="141" count="4" type="stmt"/>
        <line num="143" count="0" type="cond" truecount="0" falsecount="1"/>
        <line num="144" count="0" type="stmt"/>
        <line num="147" count="0" type="stmt"/>
        <line num="161" count="35" type="stmt"/>
        <line num="162" count="35" type="stmt"/>
        <line num="163" count="35" type="stmt"/>
        <line num="164" count="35" type="stmt"/>
        <line num="165" count="35" type="cond" truecount="2" falsecount="0"/>
        <line num="166" count="27" type="stmt"/>
        <line num="167" count="27" type="cond" truecount="0" falsecount="1"/>
        <line num="168" count="27" type="stmt"/>
        <line num="170" count="8" type="stmt"/>
        <line num="173" count="8" type="cond" truecount="0" falsecount="1"/>
        <line num="174" count="8" type="cond" truecount="3" falsecount="0"/>
        <line num="175" count="8" type="cond" truecount="3" falsecount="0"/>
        <line num="176" count="8" type="cond" truecount="1" falsecount="0"/>
        <line num="177" count="5" type="stmt"/>
        <line num="178" count="4" type="stmt"/>
        <line num="179" count="4" type="stmt"/>
        <line num="180" count="4" type="stmt"/>
        <line num="182" count="0" type="cond" truecount="0" falsecount="4"/>
        <line num="183" count="0" type="stmt"/>
        <line num="185" count="0" type="stmt"/>
        <line num="188" count="3" type="stmt"/>
        <line num="190" count="0" type="cond" truecount="0" falsecount="1"/>
        <line num="191" count="0" type="stmt"/>
        <line num="194" count="0" type="stmt"/>
        <line num="208" count="6" type="stmt"/>
        <line num="209" count="5" type="stmt"/>
        <line num="210" count="5" type="stmt"/>
        <line num="211" count="5" type="stmt"/>
        <line num="212" count="5" type="stmt"/>
        <line num="213" count="5" type="stmt"/>
        <line num="214" count="5" type="cond" truecount="2" falsecount="0"/>
        <line num="215" count="2" type="stmt"/>
        <line num="216" count="3" type="cond" truecount="1" falsecount="1"/>
        <line num="217" count="3" type="stmt"/>
        <line num="219" count="0" type="stmt"/>
        <line num="222" count="0" type="cond" truecount="0" falsecount="1"/>
        <line num="223" count="0" type="cond" truecount="0" falsecount="3"/>
        <line num="224" count="0" type="cond" truecount="0" falsecount="3"/>
        <line num="226" count="0" type="stmt"/>
        <line num="229" count="0" type="stmt"/>
        <line num="231" count="0" type="stmt"/>
        <line num="234" count="0" type="stmt"/>
        <line num="248" count="4" type="cond" truecount="1" falsecount="0"/>
        <line num="253" count="4" type="cond" truecount="1" falsecount="0"/>
        <line num="255" count="3" type="stmt"/>
        <line num="256" count="3" type="stmt"/>
        <line num="257" count="3" type="cond" truecount="0" falsecount="1"/>
        <line num="258" count="3" type="stmt"/>
        <line num="259" count="3" type="cond" truecount="0" falsecount="1"/>
        <line num="260" count="3" type="stmt"/>
        <line num="261" count="3" type="cond" truecount="0" falsecount="1"/>
        <line num="262" count="3" type="stmt"/>
        <line num="264" count="0" type="stmt"/>
        <line num="268" count="0" type="cond" truecount="0" falsecount="1"/>
        <line num="269" count="0" type="cond" truecount="0" falsecount="3"/>
        <line num="270" count="0" type="cond" truecount="0" falsecount="2"/>
        <line num="272" count="0" type="stmt"/>
        <line num="274" count="0" type="stmt"/>
        <line num="277" count="0" type="stmt"/>
      </file>
      <file name="CoreFileSystemFileHandle.ts" path="/home/runner/work/memfs/memfs/src/fsa/CoreFileSystemFileHandle.ts">
        <metrics statements="30" coveredstatements="24" conditionals="12" coveredconditionals="3" methods="5" coveredmethods="4"/>
        <line num="1" count="5" type="stmt"/>
        <line num="2" count="5" type="stmt"/>
        <line num="3" count="5" type="stmt"/>
        <line num="4" count="5" type="stmt"/>
        <line num="14" count="5" type="stmt"/>
        <line num="18" count="33" type="stmt"/>
        <line num="19" count="33" type="stmt"/>
        <line num="22" count="33" type="stmt"/>
        <line num="23" count="33" type="stmt"/>
        <line num="24" count="33" type="stmt"/>
        <line num="34" count="13" type="stmt"/>
        <line num="35" count="13" type="stmt"/>
        <line num="36" count="13" type="stmt"/>
        <line num="37" count="13" type="stmt"/>
        <line num="39" count="13" type="cond" truecount="0" falsecount="1"/>
        <line num="40" count="0" type="stmt"/>
        <line num="44" count="13" type="cond" truecount="1" falsecount="1"/>
        <line num="47" count="13" type="stmt"/>
        <line num="48" count="13" type="stmt"/>
        <line num="50" count="13" type="stmt"/>
        <line num="51" count="13" type="stmt"/>
        <line num="53" count="0" type="cond" truecount="0" falsecount="1"/>
        <line num="54" count="0" type="cond" truecount="0" falsecount="3"/>
        <line num="55" count="0" type="cond" truecount="0" falsecount="1"/>
        <line num="57" count="0" type="stmt"/>
        <line num="60" count="0" type="stmt"/>
        <line num="68" count="3" type="cond" truecount="1" falsecount="0"/>
        <line num="69" count="2" type="stmt"/>
        <line num="78" count="6" type="stmt"/>
        <line num="79" count="5" type="stmt"/>
      </file>
      <file name="CoreFileSystemHandle.ts" path="/home/runner/work/memfs/memfs/src/fsa/CoreFileSystemHandle.ts">
        <metrics statements="13" coveredstatements="13" conditionals="6" coveredconditionals="6" methods="5" coveredmethods="5"/>
        <line num="1" count="5" type="stmt"/>
        <line num="10" count="5" type="stmt"/>
        <line num="14" count="99" type="stmt"/>
        <line num="15" count="99" type="stmt"/>
        <line num="18" count="99" type="stmt"/>
        <line num="27" count="3" type="stmt"/>
        <line num="39" count="4" type="stmt"/>
        <line num="40" count="4" type="stmt"/>
        <line num="43" count="4" type="cond" truecount="3" falsecount="0"/>
        <line num="44" count="1" type="stmt"/>
        <line num="48" count="3" type="stmt"/>
        <line num="55" count="1" type="stmt"/>
        <line num="64" count="1" type="stmt"/>
      </file>
      <file name="CoreFileSystemObserver.ts" path="/home/runner/work/memfs/memfs/src/fsa/CoreFileSystemObserver.ts">
        <metrics statements="5" coveredstatements="1" conditionals="0" coveredconditionals="0" methods="3" coveredmethods="0"/>
        <line num="11" count="2" type="stmt"/>
        <line num="13" count="0" type="stmt"/>
        <line num="14" count="0" type="stmt"/>
        <line num="21" count="0" type="stmt"/>
        <line num="26" count="0" type="stmt"/>
      </file>
      <file name="CoreFileSystemSyncAccessHandle.ts" path="/home/runner/work/memfs/memfs/src/fsa/CoreFileSystemSyncAccessHandle.ts">
        <metrics statements="54" coveredstatements="4" conditionals="27" coveredconditionals="0" methods="8" coveredmethods="0"/>
        <line num="3" count="5" type="stmt"/>
        <line num="5" count="5" type="stmt"/>
        <line num="6" count="5" type="stmt"/>
        <line num="11" count="5" type="stmt"/>
        <line num="12" count="0" type="stmt"/>
        <line num="13" count="0" type="stmt"/>
        <line num="16" count="0" type="stmt"/>
        <line num="17" count="0" type="stmt"/>
        <line num="18" count="0" type="stmt"/>
        <line num="22" count="0" type="cond" truecount="0" falsecount="1"/>
        <line num="23" count="0" type="stmt"/>
        <line num="25" count="0" type="cond" truecount="0" falsecount="1"/>
        <line num="27" count="0" type="cond" truecount="0" falsecount="2"/>
        <line num="28" count="0" type="stmt"/>
        <line num="30" count="0" type="stmt"/>
        <line num="37" count="0" type="cond" truecount="0" falsecount="1"/>
        <line num="38" count="0" type="stmt"/>
        <line num="39" count="0" type="stmt"/>
        <line num="41" count="0" type="stmt"/>
        <line num="48" count="0" type="stmt"/>
        <line num="57" count="0" type="stmt"/>
        <line num="58" count="0" type="stmt"/>
        <line num="59" count="0" type="stmt"/>
        <line num="60" count="0" type="stmt"/>
        <line num="62" count="0" type="cond" truecount="0" falsecount="4"/>
        <line num="63" count="0" type="stmt"/>
        <line num="65" count="0" type="stmt"/>
        <line num="73" count="0" type="stmt"/>
        <line num="74" count="0" type="cond" truecount="0" falsecount="1"/>
        <line num="76" count="0" type="stmt"/>
        <line num="77" count="0" type="stmt"/>
        <line num="78" count="0" type="stmt"/>
        <line num="80" count="0" type="cond" truecount="0" falsecount="4"/>
        <line num="81" count="0" type="stmt"/>
        <line num="83" count="0" type="stmt"/>
        <line num="91" count="0" type="cond" truecount="0" falsecount="1"/>
        <line num="92" count="0" type="stmt"/>
        <line num="95" count="0" type="stmt"/>
        <line num="96" count="0" type="stmt"/>
        <line num="97" count="0" type="stmt"/>
        <line num="98" count="0" type="stmt"/>
        <line num="100" count="0" type="cond" truecount="0" falsecount="4"/>
        <line num="101" count="0" type="stmt"/>
        <line num="103" count="0" type="stmt"/>
        <line num="114" count="0" type="cond" truecount="0" falsecount="1"/>
        <line num="115" count="0" type="stmt"/>
        <line num="118" count="0" type="stmt"/>
        <line num="119" count="0" type="cond" truecount="0" falsecount="1"/>
        <line num="121" count="0" type="stmt"/>
        <line num="122" count="0" type="stmt"/>
        <line num="123" count="0" type="stmt"/>
        <line num="125" count="0" type="cond" truecount="0" falsecount="4"/>
        <line num="126" count="0" type="stmt"/>
        <line num="128" count="0" type="stmt"/>
      </file>
      <file name="CoreFileSystemWritableFileStream.ts" path="/home/runner/work/memfs/memfs/src/fsa/CoreFileSystemWritableFileStream.ts">
        <metrics statements="76" coveredstatements="30" conditionals="46" coveredconditionals="10" methods="11" coveredmethods="8"/>
        <line num="3" count="5" type="stmt"/>
        <line num="5" count="5" type="stmt"/>
        <line num="6" count="5" type="stmt"/>
        <line num="10" count="5" type="cond" truecount="1" falsecount="1"/>
        <line num="16" count="5" type="stmt"/>
        <line num="18" count="5" type="stmt"/>
        <line num="19" count="5" type="stmt"/>
        <line num="26" count="5" type="stmt"/>
        <line num="29" count="5" type="cond" truecount="2" falsecount="0"/>
        <line num="30" count="5" type="stmt"/>
        <line num="31" count="5" type="stmt"/>
        <line num="33" count="0" type="cond" truecount="0" falsecount="4"/>
        <line num="34" count="0" type="stmt"/>
        <line num="36" count="0" type="stmt"/>
        <line num="40" count="0" type="stmt"/>
        <line num="43" count="4" type="cond" truecount="3" falsecount="0"/>
        <line num="44" count="4" type="stmt"/>
        <line num="45" count="4" type="stmt"/>
        <line num="49" count="0" type="cond" truecount="0" falsecount="3"/>
        <line num="50" count="0" type="stmt"/>
        <line num="51" count="0" type="stmt"/>
        <line num="56" count="5" type="stmt"/>
        <line num="57" count="5" type="stmt"/>
        <line num="58" count="5" type="stmt"/>
        <line num="65" count="1" type="cond" truecount="0" falsecount="1"/>
        <line num="66" count="0" type="stmt"/>
        <line num="68" count="1" type="stmt"/>
        <line num="75" count="0" type="cond" truecount="0" falsecount="1"/>
        <line num="76" count="0" type="stmt"/>
        <line num="78" count="0" type="stmt"/>
        <line num="79" count="0" type="stmt"/>
        <line num="80" count="0" type="stmt"/>
        <line num="81" count="0" type="stmt"/>
        <line num="83" count="0" type="cond" truecount="0" falsecount="4"/>
        <line num="84" count="0" type="stmt"/>
        <line num="86" count="0" type="stmt"/>
        <line num="96" count="5" type="stmt"/>
        <line num="100" count="5" type="cond" truecount="0" falsecount="1"/>
        <line num="101" count="0" type="stmt"/>
        <line num="104" count="5" type="cond" truecount="0" falsecount="1"/>
        <line num="105" count="0" type="stmt"/>
        <line num="108" count="5" type="stmt"/>
        <line num="109" count="5" type="cond" truecount="1" falsecount="1"/>
        <line num="110" count="0" type="stmt"/>
        <line num="111" count="0" type="cond" truecount="0" falsecount="3"/>
        <line num="113" count="0" type="cond" truecount="0" falsecount="1"/>
        <line num="114" count="0" type="stmt"/>
        <line num="115" count="0" type="cond" truecount="0" falsecount="2"/>
        <line num="116" count="0" type="stmt"/>
        <line num="117" count="0" type="cond" truecount="0" falsecount="1"/>
        <line num="118" count="0" type="stmt"/>
        <line num="121" count="0" type="stmt"/>
        <line num="124" count="0" type="cond" truecount="0" falsecount="1"/>
        <line num="125" count="0" type="stmt"/>
        <line num="127" count="0" type="stmt"/>
        <line num="130" count="0" type="cond" truecount="0" falsecount="1"/>
        <line num="131" count="0" type="stmt"/>
        <line num="133" count="0" type="stmt"/>
        <line num="138" count="5" type="stmt"/>
        <line num="139" count="5" type="stmt"/>
        <line num="140" count="5" type="stmt"/>
        <line num="143" count="0" type="cond" truecount="0" falsecount="4"/>
        <line num="144" count="0" type="stmt"/>
        <line num="146" count="0" type="stmt"/>
        <line num="151" count="5" type="cond" truecount="2" falsecount="1"/>
        <line num="155" count="5" type="cond" truecount="1" falsecount="0"/>
        <line num="156" count="5" type="stmt"/>
        <line num="158" count="0" type="cond" truecount="0" falsecount="1"/>
        <line num="159" count="0" type="stmt"/>
        <line num="161" count="0" type="cond" truecount="0" falsecount="1"/>
        <line num="162" count="0" type="stmt"/>
        <line num="164" count="0" type="cond" truecount="0" falsecount="1"/>
        <line num="165" count="0" type="stmt"/>
        <line num="167" count="0" type="cond" truecount="0" falsecount="1"/>
        <line num="170" count="0" type="stmt"/>
        <line num="172" count="0" type="stmt"/>
      </file>
      <file name="CorePermissionStatus.ts" path="/home/runner/work/memfs/memfs/src/fsa/CorePermissionStatus.ts">
        <metrics statements="3" coveredstatements="3" conditionals="1" coveredconditionals="0" methods="1" coveredmethods="1"/>
        <line num="6" count="5" type="stmt"/>
        <line num="11" count="4" type="stmt"/>
        <line num="12" count="4" type="stmt"/>
      </file>
      <file name="index.ts" path="/home/runner/work/memfs/memfs/src/fsa/index.ts">
        <metrics statements="16" coveredstatements="15" conditionals="2" coveredconditionals="2" methods="2" coveredmethods="1"/>
        <line num="1" count="2" type="stmt"/>
        <line num="8" count="2" type="stmt"/>
        <line num="9" count="2" type="stmt"/>
        <line num="11" count="2" type="stmt"/>
        <line num="12" count="2" type="stmt"/>
        <line num="13" count="2" type="stmt"/>
        <line num="14" count="2" type="stmt"/>
        <line num="15" count="2" type="stmt"/>
        <line num="16" count="2" type="stmt"/>
        <line num="17" count="2" type="stmt"/>
        <line num="18" count="2" type="stmt"/>
        <line num="36" count="2" type="cond" truecount="2" falsecount="0"/>
        <line num="37" count="9" type="stmt"/>
        <line num="38" count="9" type="stmt"/>
        <line num="40" count="0" type="stmt"/>
        <line num="43" count="9" type="stmt"/>
      </file>
      <file name="util.ts" path="/home/runner/work/memfs/memfs/src/fsa/util.ts">
        <metrics statements="18" coveredstatements="17" conditionals="8" coveredconditionals="6" methods="7" coveredmethods="5"/>
        <line num="6" count="5" type="cond" truecount="0" falsecount="1"/>
        <line num="7" count="99" type="stmt"/>
        <line num="15" count="5" type="stmt"/>
        <line num="16" count="99" type="cond" truecount="1" falsecount="0"/>
        <line num="17" count="99" type="stmt"/>
        <line num="18" count="99" type="cond" truecount="2" falsecount="0"/>
        <line num="21" count="5" type="stmt"/>
        <line num="23" count="5" type="stmt"/>
        <line num="24" count="57" type="cond" truecount="2" falsecount="0"/>
        <line num="25" count="57" type="cond" truecount="0" falsecount="1"/>
        <line num="28" count="5" type="stmt"/>
        <line num="29" count="23" type="cond" truecount="1" falsecount="0"/>
        <line num="30" count="4" type="stmt"/>
        <line num="36" count="5" type="stmt"/>
        <line num="37" count="7" type="stmt"/>
        <line num="42" count="5" type="stmt"/>
        <line num="43" count="0" type="stmt"/>
        <line num="45" count="5" type="stmt"/>
      </file>
    </package>
    <package name="src.fsa-to-node">
      <metrics statements="885" coveredstatements="668" conditionals="247" coveredconditionals="163" methods="221" coveredmethods="139"/>
      <file name="FsaNodeCore.ts" path="/home/runner/work/memfs/memfs/src/fsa-to-node/FsaNodeCore.ts">
        <metrics statements="98" coveredstatements="76" conditionals="43" coveredconditionals="29" methods="16" coveredmethods="12"/>
        <line num="1" count="1" type="stmt"/>
        <line num="2" count="1" type="stmt"/>
        <line num="3" count="1" type="stmt"/>
        <line num="5" count="1" type="stmt"/>
        <line num="7" count="1" type="stmt"/>
        <line num="11" count="1" type="stmt"/>
        <line num="13" count="1" type="stmt"/>
        <line num="14" count="1" type="stmt"/>
        <line num="15" count="90" type="stmt"/>
        <line num="18" count="90" type="stmt"/>
        <line num="19" count="90" type="stmt"/>
        <line num="21" count="90" type="cond" truecount="0" falsecount="1"/>
        <line num="22" count="0" type="stmt"/>
        <line num="24" count="0" type="stmt"/>
        <line num="31" count="0" type="stmt"/>
        <line num="32" count="0" type="cond" truecount="0" falsecount="1"/>
        <line num="33" count="0" type="stmt"/>
        <line num="40" count="90" type="stmt"/>
        <line num="43" count="40" type="stmt"/>
        <line num="44" count="40" type="cond" truecount="1" falsecount="1"/>
        <line num="52" count="103" type="stmt"/>
        <line num="53" count="103" type="stmt"/>
        <line num="54" count="103" type="stmt"/>
        <line num="55" count="103" type="stmt"/>
        <line num="56" count="70" type="stmt"/>
        <line num="59" count="6" type="cond" truecount="3" falsecount="0"/>
        <line num="60" count="6" type="cond" truecount="2" falsecount="0"/>
        <line num="62" count="2" type="stmt"/>
        <line num="64" count="4" type="stmt"/>
        <line num="67" count="0" type="stmt"/>
        <line num="69" count="97" type="stmt"/>
        <line num="78" count="46" type="stmt"/>
        <line num="79" count="46" type="stmt"/>
        <line num="80" count="43" type="stmt"/>
        <line num="88" count="28" type="stmt"/>
        <line num="89" count="26" type="cond" truecount="1" falsecount="0"/>
        <line num="90" count="25" type="stmt"/>
        <line num="91" count="25" type="stmt"/>
        <line num="92" count="11" type="stmt"/>
        <line num="94" count="14" type="cond" truecount="3" falsecount="0"/>
        <line num="95" count="14" type="cond" truecount="2" falsecount="0"/>
        <line num="97" count="9" type="stmt"/>
        <line num="98" count="9" type="stmt"/>
        <line num="100" count="0" type="cond" truecount="0" falsecount="3"/>
        <line num="101" count="0" type="cond" truecount="0" falsecount="2"/>
        <line num="103" count="0" type="stmt"/>
        <line num="105" count="0" type="stmt"/>
        <line num="110" count="5" type="stmt"/>
        <line num="113" count="0" type="stmt"/>
        <line num="118" count="50" type="cond" truecount="0" falsecount="1"/>
        <line num="119" count="50" type="stmt"/>
        <line num="120" count="50" type="cond" truecount="1" falsecount="0"/>
        <line num="121" count="46" type="stmt"/>
        <line num="125" count="29" type="stmt"/>
        <line num="129" count="8" type="cond" truecount="1" falsecount="0"/>
        <line num="130" count="0" type="stmt"/>
        <line num="131" count="0" type="stmt"/>
        <line num="132" count="0" type="stmt"/>
        <line num="136" count="5" type="cond" truecount="0" falsecount="1"/>
        <line num="137" count="5" type="stmt"/>
        <line num="138" count="5" type="stmt"/>
        <line num="139" count="5" type="stmt"/>
        <line num="140" count="5" type="stmt"/>
        <line num="144" count="44" type="stmt"/>
        <line num="145" count="44" type="stmt"/>
        <line num="146" count="44" type="cond" truecount="1" falsecount="0"/>
        <line num="147" count="1" type="stmt"/>
        <line num="148" count="1" type="stmt"/>
        <line num="149" count="1" type="stmt"/>
        <line num="152" count="1" type="cond" truecount="4" falsecount="0"/>
        <line num="153" count="1" type="cond" truecount="1" falsecount="0"/>
        <line num="154" count="1" type="cond" truecount="3" falsecount="0"/>
        <line num="155" count="1" type="cond" truecount="0" falsecount="2"/>
        <line num="157" count="0" type="stmt"/>
        <line num="159" count="0" type="stmt"/>
        <line num="162" count="1" type="stmt"/>
        <line num="166" count="43" type="stmt"/>
        <line num="167" count="43" type="stmt"/>
        <line num="168" count="43" type="stmt"/>
        <line num="169" count="40" type="stmt"/>
        <line num="171" count="3" type="cond" truecount="3" falsecount="0"/>
        <line num="172" count="3" type="cond" truecount="2" falsecount="0"/>
        <line num="174" count="1" type="stmt"/>
        <line num="176" count="2" type="stmt"/>
        <line num="179" count="0" type="stmt"/>
        <line num="189" count="40" type="stmt"/>
        <line num="190" count="40" type="stmt"/>
        <line num="191" count="40" type="stmt"/>
        <line num="192" count="40" type="stmt"/>
        <line num="196" count="23" type="stmt"/>
        <line num="197" count="22" type="stmt"/>
        <line num="198" count="22" type="stmt"/>
        <line num="199" count="22" type="cond" truecount="1" falsecount="0"/>
        <line num="203" count="0" type="cond" truecount="0" falsecount="1"/>
        <line num="204" count="0" type="stmt"/>
        <line num="205" count="0" type="cond" truecount="0" falsecount="1"/>
        <line num="206" count="0" type="stmt"/>
        <line num="208" count="0" type="stmt"/>
      </file>
      <file name="FsaNodeDirent.ts" path="/home/runner/work/memfs/memfs/src/fsa-to-node/FsaNodeDirent.ts">
        <metrics statements="10" coveredstatements="5" conditionals="0" coveredconditionals="0" methods="8" coveredmethods="3"/>
        <line num="3" count="1" type="stmt"/>
        <line num="5" count="3" type="stmt"/>
        <line num="6" count="3" type="stmt"/>
        <line num="10" count="3" type="stmt"/>
        <line num="14" count="1" type="stmt"/>
        <line num="18" count="0" type="stmt"/>
        <line num="22" count="0" type="stmt"/>
        <line num="26" count="0" type="stmt"/>
        <line num="30" count="0" type="stmt"/>
        <line num="34" count="0" type="stmt"/>
      </file>
      <file name="FsaNodeFs.ts" path="/home/runner/work/memfs/memfs/src/fsa-to-node/FsaNodeFs.ts">
        <metrics statements="599" coveredstatements="438" conditionals="157" coveredconditionals="105" methods="147" coveredmethods="93"/>
        <line num="1" count="1" type="stmt"/>
        <line num="2" count="1" type="stmt"/>
        <line num="3" count="1" type="stmt"/>
        <line num="4" count="1" type="stmt"/>
        <line num="5" count="1" type="stmt"/>
        <line num="6" count="1" type="stmt"/>
        <line num="7" count="1" type="stmt"/>
        <line num="9" count="1" type="stmt"/>
        <line num="11" count="1" type="stmt"/>
        <line num="12" count="1" type="stmt"/>
        <line num="13" count="1" type="stmt"/>
        <line num="15" count="1" type="stmt"/>
        <line num="16" count="1" type="stmt"/>
        <line num="17" count="1" type="stmt"/>
        <line num="18" count="1" type="stmt"/>
        <line num="19" count="1" type="stmt"/>
        <line num="20" count="1" type="stmt"/>
        <line num="28" count="1" type="stmt"/>
        <line num="29" count="0" type="stmt"/>
        <line num="32" count="1" type="stmt"/>
        <line num="33" count="0" type="stmt"/>
        <line num="36" count="1" type="stmt"/>
        <line num="42" count="1" type="stmt"/>
        <line num="45" count="90" type="stmt"/>
        <line num="49" count="90" type="stmt"/>
        <line num="55" count="15" type="stmt"/>
        <line num="56" count="15" type="stmt"/>
        <line num="57" count="15" type="cond" truecount="1" falsecount="0"/>
        <line num="58" count="6" type="stmt"/>
        <line num="59" count="6" type="stmt"/>
        <line num="61" count="15" type="cond" truecount="2" falsecount="0"/>
        <line num="62" count="15" type="stmt"/>
        <line num="63" count="15" type="stmt"/>
        <line num="64" count="15" type="stmt"/>
        <line num="65" count="15" type="stmt"/>
        <line num="66" count="15" type="stmt"/>
        <line num="67" count="0" type="stmt"/>
        <line num="71" count="90" type="stmt"/>
        <line num="72" count="20" type="stmt"/>
        <line num="73" count="20" type="stmt"/>
        <line num="74" count="20" type="stmt"/>
        <line num="75" count="0" type="stmt"/>
        <line num="79" count="90" type="stmt"/>
        <line num="87" count="2" type="stmt"/>
        <line num="89" count="2" type="cond" truecount="0" falsecount="1"/>
        <line num="90" count="0" type="stmt"/>
        <line num="91" count="0" type="cond" truecount="0" falsecount="1"/>
        <line num="94" count="2" type="stmt"/>
        <line num="95" count="2" type="stmt"/>
        <line num="96" count="2" type="stmt"/>
        <line num="97" count="2" type="stmt"/>
        <line num="98" count="2" type="stmt"/>
        <line num="99" count="2" type="stmt"/>
        <line num="101" count="2" type="cond" truecount="1" falsecount="1"/>
        <line num="104" count="2" type="stmt"/>
        <line num="105" count="2" type="stmt"/>
        <line num="106" count="2" type="stmt"/>
        <line num="108" count="2" type="stmt"/>
        <line num="109" count="0" type="stmt"/>
        <line num="113" count="90" type="stmt"/>
        <line num="118" count="7" type="stmt"/>
        <line num="121" count="7" type="stmt"/>
        <line num="122" count="7" type="stmt"/>
        <line num="123" count="7" type="cond" truecount="2" falsecount="0"/>
        <line num="124" count="7" type="stmt"/>
        <line num="125" count="7" type="stmt"/>
        <line num="126" count="7" type="cond" truecount="1" falsecount="0"/>
        <line num="127" count="4" type="stmt"/>
        <line num="128" count="4" type="stmt"/>
        <line num="130" count="6" type="stmt"/>
        <line num="131" count="5" type="stmt"/>
        <line num="132" count="5" type="stmt"/>
        <line num="133" count="5" type="stmt"/>
        <line num="135" count="7" type="stmt"/>
        <line num="136" count="7" type="cond" truecount="2" falsecount="0"/>
        <line num="137" count="7" type="cond" truecount="1" falsecount="0"/>
        <line num="141" count="5" type="stmt"/>
        <line num="142" count="2" type="stmt"/>
        <line num="145" count="90" type="stmt"/>
        <line num="153" count="3" type="stmt"/>
        <line num="154" count="3" type="stmt"/>
        <line num="155" count="3" type="stmt"/>
        <line num="156" count="3" type="stmt"/>
        <line num="157" count="3" type="stmt"/>
        <line num="158" count="3" type="stmt"/>
        <line num="160" count="3" type="cond" truecount="1" falsecount="1"/>
        <line num="161" count="0" type="stmt"/>
        <line num="165" count="90" type="stmt"/>
        <line num="171" count="1" type="stmt"/>
        <line num="172" count="1" type="stmt"/>
        <line num="174" count="1" type="cond" truecount="1" falsecount="1"/>
        <line num="175" count="1" type="stmt"/>
        <line num="177" count="0" type="stmt"/>
        <line num="178" count="0" type="stmt"/>
        <line num="180" count="1" type="stmt"/>
        <line num="181" count="1" type="stmt"/>
        <line num="182" count="1" type="stmt"/>
        <line num="183" count="1" type="stmt"/>
        <line num="184" count="1" type="stmt"/>
        <line num="185" count="1" type="stmt"/>
        <line num="186" count="2" type="stmt"/>
        <line num="187" count="2" type="stmt"/>
        <line num="188" count="2" type="stmt"/>
        <line num="189" count="2" type="stmt"/>
        <line num="191" count="1" type="stmt"/>
        <line num="193" count="1" type="stmt"/>
        <line num="194" count="0" type="stmt"/>
        <line num="198" count="90" type="stmt"/>
        <line num="204" count="5" type="stmt"/>
        <line num="205" count="5" type="stmt"/>
        <line num="206" count="5" type="cond" truecount="1" falsecount="0"/>
        <line num="207" count="1" type="stmt"/>
        <line num="208" count="1" type="stmt"/>
        <line num="210" count="5" type="stmt"/>
        <line num="211" count="5" type="stmt"/>
        <line num="212" count="5" type="stmt"/>
        <line num="213" count="5" type="stmt"/>
        <line num="214" count="5" type="stmt"/>
        <line num="215" count="5" type="stmt"/>
        <line num="216" count="5" type="cond" truecount="1" falsecount="1"/>
        <line num="217" count="5" type="stmt"/>
        <line num="218" count="5" type="stmt"/>
        <line num="219" count="5" type="cond" truecount="1" falsecount="0"/>
        <line num="220" count="5" type="stmt"/>
        <line num="221" count="5" type="stmt"/>
        <line num="223" count="2" type="stmt"/>
        <line num="224" count="2" type="stmt"/>
        <line num="225" count="2" type="stmt"/>
        <line num="226" count="2" type="stmt"/>
        <line num="228" count="5" type="stmt"/>
        <line num="229" count="5" type="cond" truecount="2" falsecount="0"/>
        <line num="230" count="5" type="cond" truecount="0" falsecount="1"/>
[...]
        <line num="164" count="40" type="cond" truecount="2" falsecount="0"/>
        <line num="165" count="21" type="stmt"/>
        <line num="167" count="19" type="stmt"/>
        <line num="168" count="19" type="cond" truecount="3" falsecount="1"/>
        <line num="170" count="14" type="cond" truecount="1" falsecount="0"/>
        <line num="171" count="14" type="stmt"/>
        <line num="174" count="3" type="cond" truecount="0" falsecount="1"/>
        <line num="175" count="3" type="cond" truecount="0" falsecount="1"/>
        <line num="176" count="3" type="stmt"/>
        <line num="179" count="2" type="cond" truecount="0" falsecount="1"/>
        <line num="180" count="2" type="stmt"/>
        <line num="182" count="0" type="stmt"/>
        <line num="189" count="0" type="stmt"/>
      </file>
      <file name="NodePermissionStatus.ts" path="/home/runner/work/memfs/memfs/src/node-to-fsa/NodePermissionStatus.ts">
        <metrics statements="3" coveredstatements="3" conditionals="0" coveredconditionals="0" methods="1" coveredmethods="1"/>
        <line num="4" count="6" type="stmt"/>
        <line num="6" count="10" type="stmt"/>
        <line num="7" count="10" type="stmt"/>
      </file>
      <file name="index.ts" path="/home/runner/work/memfs/memfs/src/node-to-fsa/index.ts">
        <metrics statements="7" coveredstatements="7" conditionals="0" coveredconditionals="0" methods="1" coveredmethods="1"/>
        <line num="1" count="2" type="stmt"/>
        <line num="4" count="2" type="stmt"/>
        <line num="5" count="2" type="stmt"/>
        <line num="6" count="2" type="stmt"/>
        <line num="7" count="2" type="stmt"/>
        <line num="9" count="2" type="stmt"/>
        <line num="14" count="91" type="stmt"/>
      </file>
      <file name="util.ts" path="/home/runner/work/memfs/memfs/src/node-to-fsa/util.ts">
        <metrics statements="18" coveredstatements="18" conditionals="8" coveredconditionals="7" methods="7" coveredmethods="6"/>
        <line num="6" count="65" type="cond" truecount="0" falsecount="1"/>
        <line num="7" count="408" type="stmt"/>
        <line num="15" count="65" type="stmt"/>
        <line num="16" count="437" type="cond" truecount="1" falsecount="0"/>
        <line num="17" count="437" type="stmt"/>
        <line num="18" count="437" type="cond" truecount="2" falsecount="0"/>
        <line num="21" count="65" type="stmt"/>
        <line num="23" count="65" type="stmt"/>
        <line num="24" count="284" type="cond" truecount="2" falsecount="0"/>
        <line num="25" count="284" type="cond" truecount="1" falsecount="0"/>
        <line num="28" count="65" type="stmt"/>
        <line num="29" count="125" type="cond" truecount="1" falsecount="0"/>
        <line num="30" count="5" type="stmt"/>
        <line num="36" count="65" type="stmt"/>
        <line num="37" count="15" type="stmt"/>
        <line num="42" count="65" type="stmt"/>
        <line num="43" count="14" type="stmt"/>
        <line num="45" count="65" type="stmt"/>
      </file>
    </package>
    <package name="src.node.lists">
      <metrics statements="2" coveredstatements="2" conditionals="0" coveredconditionals="0" methods="0" coveredmethods="0"/>
      <file name="fsCallbackApiList.ts" path="/home/runner/work/memfs/memfs/src/node/lists/fsCallbackApiList.ts">
        <metrics statements="1" coveredstatements="1" conditionals="0" coveredconditionals="0" methods="0" coveredmethods="0"/>
        <line num="3" count="59" type="stmt"/>
      </file>
      <file name="fsSynchronousApiList.ts" path="/home/runner/work/memfs/memfs/src/node/lists/fsSynchronousApiList.ts">
        <metrics statements="1" coveredstatements="1" conditionals="0" coveredconditionals="0" methods="0" coveredmethods="0"/>
        <line num="3" count="59" type="stmt"/>
      </file>
    </package>
    <package name="src.print">
      <metrics statements="20" coveredstatements="20" conditionals="15" coveredconditionals="15" methods="3" coveredmethods="3"/>
      <file name="index.ts" path="/home/runner/work/memfs/memfs/src/print/index.ts">
        <metrics statements="20" coveredstatements="20" conditionals="15" coveredconditionals="15" methods="3" coveredmethods="3"/>
        <line num="1" count="64" type="stmt"/>
        <line num="2" count="64" type="stmt"/>
        <line num="6" count="64" type="cond" truecount="1" falsecount="0"/>
        <line num="7" count="15" type="cond" truecount="2" falsecount="0"/>
        <line num="8" count="15" type="cond" truecount="2" falsecount="0"/>
        <line num="9" count="15" type="cond" truecount="1" falsecount="0"/>
        <line num="10" count="15" type="cond" truecount="2" falsecount="0"/>
        <line num="11" count="15" type="cond" truecount="2" falsecount="0"/>
        <line num="12" count="15" type="stmt"/>
        <line num="13" count="15" type="cond" truecount="1" falsecount="0"/>
        <line num="14" count="14" type="stmt"/>
        <line num="15" count="14" type="stmt"/>
        <line num="17" count="19" type="stmt"/>
        <line num="18" count="19" type="cond" truecount="2" falsecount="0"/>
        <line num="19" count="9" type="stmt"/>
        <line num="20" count="10" type="cond" truecount="2" falsecount="0"/>
        <line num="21" count="1" type="stmt"/>
        <line num="23" count="9" type="stmt"/>
        <line num="28" count="15" type="stmt"/>
        <line num="29" count="15" type="stmt"/>
      </file>
    </package>
    <package name="src.snapshot">
      <metrics statements="104" coveredstatements="102" conditionals="34" coveredconditionals="28" methods="13" coveredmethods="13"/>
      <file name="async.ts" path="/home/runner/work/memfs/memfs/src/snapshot/async.ts">
        <metrics statements="32" coveredstatements="31" conditionals="17" coveredconditionals="14" methods="3" coveredmethods="3"/>
        <line num="4" count="3" type="cond" truecount="1" falsecount="1"/>
        <line num="5" count="125" type="stmt"/>
        <line num="6" count="125" type="cond" truecount="2" falsecount="0"/>
        <line num="7" count="58" type="stmt"/>
        <line num="8" count="58" type="stmt"/>
        <line num="9" count="58" type="cond" truecount="2" falsecount="0"/>
        <line num="10" count="114" type="stmt"/>
        <line num="11" count="58" type="stmt"/>
        <line num="12" count="114" type="cond" truecount="1" falsecount="0"/>
        <line num="14" count="58" type="stmt"/>
        <line num="15" count="67" type="cond" truecount="2" falsecount="0"/>
        <line num="16" count="58" type="stmt"/>
        <line num="17" count="58" type="stmt"/>
        <line num="18" count="58" type="stmt"/>
        <line num="19" count="9" type="cond" truecount="1" falsecount="0"/>
        <line num="20" count="9" type="stmt"/>
        <line num="27" count="0" type="stmt"/>
        <line num="30" count="3" type="stmt"/>
        <line num="34" count="45" type="cond" truecount="0" falsecount="1"/>
        <line num="35" count="45" type="cond" truecount="3" falsecount="0"/>
        <line num="37" count="21" type="cond" truecount="1" falsecount="0"/>
        <line num="38" count="21" type="stmt"/>
        <line num="39" count="21" type="stmt"/>
        <line num="40" count="21" type="stmt"/>
        <line num="41" count="42" type="stmt"/>
        <line num="42" count="21" type="stmt"/>
        <line num="45" count="21" type="stmt"/>
        <line num="46" count="21" type="stmt"/>
        <line num="47" count="21" type="stmt"/>
        <line num="50" count="3" type="stmt"/>
        <line num="51" count="3" type="stmt"/>
        <line num="52" count="3" type="stmt"/>
      </file>
      <file name="binary.ts" path="/home/runner/work/memfs/memfs/src/snapshot/binary.ts">
        <metrics statements="19" coveredstatements="19" conditionals="0" coveredconditionals="0" methods="4" coveredmethods="4"/>
        <line num="1" count="1" type="stmt"/>
        <line num="2" count="1" type="stmt"/>
        <line num="3" count="1" type="stmt"/>
        <line num="4" count="1" type="stmt"/>
        <line num="5" count="1" type="stmt"/>
        <line num="9" count="1" type="stmt"/>
        <line num="10" count="1" type="stmt"/>
        <line num="12" count="1" type="stmt"/>
        <line num="13" count="3" type="stmt"/>
        <line num="14" count="3" type="stmt"/>
        <line num="17" count="1" type="stmt"/>
        <line num="18" count="1" type="stmt"/>
        <line num="19" count="1" type="stmt"/>
        <line num="22" count="1" type="stmt"/>
        <line num="23" count="3" type="stmt"/>
        <line num="24" count="3" type="stmt"/>
        <line num="27" count="1" type="stmt"/>
        <line num="31" count="1" type="stmt"/>
        <line num="32" count="1" type="stmt"/>
      </file>
      <file name="json.ts" path="/home/runner/work/memfs/memfs/src/snapshot/json.ts">
        <metrics statements="19" coveredstatements="19" conditionals="0" coveredconditionals="0" methods="4" coveredmethods="4"/>
        <line num="1" count="1" type="stmt"/>
        <line num="2" count="1" type="stmt"/>
        <line num="3" count="1" type="stmt"/>
        <line num="4" count="1" type="stmt"/>
        <line num="5" count="1" type="stmt"/>
        <line num="11" count="1" type="stmt"/>
        <line num="12" count="1" type="stmt"/>
        <line num="14" count="1" type="stmt"/>
        <line num="15" count="4" type="stmt"/>
        <line num="16" count="4" type="stmt"/>
        <line num="19" count="1" type="stmt"/>
        <line num="20" count="1" type="stmt"/>
        <line num="21" count="1" type="stmt"/>
        <line num="24" count="1" type="stmt"/>
        <line num="25" count="3" type="stmt"/>
        <line num="26" count="3" type="stmt"/>
        <line num="29" count="1" type="stmt"/>
        <line num="33" count="1" type="stmt"/>
        <line num="34" count="1" type="stmt"/>
      </file>
      <file name="shared.ts" path="/home/runner/work/memfs/memfs/src/snapshot/shared.ts">
        <metrics statements="2" coveredstatements="2" conditionals="0" coveredconditionals="0" methods="0" coveredmethods="0"/>
        <line num="1" count="2" type="stmt"/>
        <line num="3" count="2" type="stmt"/>
      </file>
      <file name="sync.ts" path="/home/runner/work/memfs/memfs/src/snapshot/sync.ts">
        <metrics statements="32" coveredstatements="31" conditionals="17" coveredconditionals="14" methods="2" coveredmethods="2"/>
        <line num="4" count="3" type="cond" truecount="1" falsecount="1"/>
        <line num="5" count="140" type="stmt"/>
        <line num="6" count="140" type="cond" truecount="2" falsecount="0"/>
        <line num="7" count="65" type="stmt"/>
        <line num="8" count="65" type="stmt"/>
        <line num="9" count="65" type="cond" truecount="2" falsecount="0"/>
        <line num="10" count="65" type="stmt"/>
        <line num="11" count="128" type="stmt"/>
        <line num="12" count="128" type="cond" truecount="1" falsecount="0"/>
        <line num="14" count="65" type="stmt"/>
        <line num="15" count="75" type="cond" truecount="2" falsecount="0"/>
        <line num="16" count="65" type="stmt"/>
        <line num="17" count="65" type="stmt"/>
        <line num="18" count="65" type="stmt"/>
        <line num="19" count="10" type="cond" truecount="1" falsecount="0"/>
        <line num="20" count="10" type="stmt"/>
        <line num="27" count="0" type="stmt"/>
        <line num="30" count="3" type="stmt"/>
        <line num="34" count="45" type="cond" truecount="0" falsecount="1"/>
        <line num="35" count="45" type="cond" truecount="3" falsecount="0"/>
        <line num="37" count="21" type="cond" truecount="1" falsecount="0"/>
        <line num="38" count="21" type="stmt"/>
        <line num="39" count="21" type="stmt"/>
        <line num="40" count="21" type="stmt"/>
        <line num="41" count="42" type="stmt"/>
        <line num="42" count="21" type="stmt"/>
        <line num="45" count="21" type="stmt"/>
        <line num="46" count="21" type="stmt"/>
        <line num="47" count="21" type="stmt"/>
        <line num="50" count="3" type="stmt"/>
        <line num="51" count="3" type="stmt"/>
        <line num="52" count="3" type="stmt"/>
      </file>
    </package>
    <package name="src.vendor.node">
      <metrics statements="52" coveredstatements="19" conditionals="24" coveredconditionals="5" methods="24" coveredmethods="17"/>
      <file name="buffer.ts" path="/home/runner/work/memfs/memfs/src/vendor/node/buffer.ts">
        <metrics statements="1" coveredstatements="1" conditionals="0" coveredconditionals="0" methods="1" coveredmethods="1"/>
        <line num="1" count="2496" type="stmt"/>
      </file>
      <file name="events.ts" path="/home/runner/work/memfs/memfs/src/vendor/node/events.ts">
        <metrics statements="1" coveredstatements="1" conditionals="0" coveredconditionals="0" methods="1" coveredmethods="1"/>
        <line num="1" count="256" type="stmt"/>
      </file>
      <file name="path.ts" path="/home/runner/work/memfs/memfs/src/vendor/node/path.ts">
        <metrics statements="1" coveredstatements="1" conditionals="0" coveredconditionals="0" methods="9" coveredmethods="7"/>
        <line num="1" count="2140" type="stmt"/>
      </file>
      <file name="stream.ts" path="/home/runner/work/memfs/memfs/src/vendor/node/stream.ts">
        <metrics statements="1" coveredstatements="1" conditionals="0" coveredconditionals="0" methods="2" coveredmethods="2"/>
        <line num="1" count="139" type="stmt"/>
      </file>
      <file name="url.ts" path="/home/runner/work/memfs/memfs/src/vendor/node/url.ts">
        <metrics statements="1" coveredstatements="1" conditionals="0" coveredconditionals="0" methods="1" coveredmethods="1"/>
        <line num="1" count="2" type="stmt"/>
      </file>
      <file name="util.ts" path="/home/runner/work/memfs/memfs/src/vendor/node/util.ts">
        <metrics statements="47" coveredstatements="14" conditionals="24" coveredconditionals="5" methods="10" coveredmethods="5"/>
        <line num="5" count="64" type="stmt"/>
        <line num="6" count="128" type="cond" truecount="2" falsecount="1"/>
        <line num="7" count="0" type="stmt"/>
        <line num="9" count="128" type="cond" truecount="2" falsecount="1"/>
        <line num="10" count="0" type="stmt"/>
        <line num="12" count="128" type="stmt"/>
        <line num="13" count="128" type="stmt"/>
        <line num="27" count="64" type="stmt"/>
        <line num="28" count="4" type="cond" truecount="0" falsecount="1"/>
        <line num="29" count="0" type="stmt"/>
        <line num="32" count="4" type="stmt"/>
        <line num="33" count="4" type="stmt"/>
        <line num="34" count="4" type="stmt"/>
        <line num="35" count="4" type="cond" truecount="1" falsecount="1"/>
        <line num="36" count="0" type="stmt"/>
        <line num="38" count="4" type="stmt"/>
        <line num="49" count="64" type="stmt"/>
        <line num="50" count="0" type="cond" truecount="0" falsecount="1"/>
        <line num="51" count="0" type="cond" truecount="0" falsecount="1"/>
        <line num="52" count="0" type="cond" truecount="0" falsecount="1"/>
        <line num="53" count="0" type="cond" truecount="0" falsecount="3"/>
        <line num="54" count="0" type="cond" truecount="0" falsecount="1"/>
        <line num="55" count="0" type="stmt"/>
        <line num="56" count="0" type="stmt"/>
        <line num="58" count="0" type="cond" truecount="0" falsecount="1"/>
        <line num="59" count="0" type="stmt"/>
        <line num="60" count="0" type="stmt"/>
        <line num="62" count="0" type="stmt"/>
        <line num="64" count="0" type="stmt"/>
        <line num="71" count="64" type="stmt"/>
        <line num="72" count="0" type="cond" truecount="0" falsecount="1"/>
        <line num="74" count="0" type="stmt"/>
        <line num="75" count="0" type="stmt"/>
        <line num="78" count="0" type="stmt"/>
        <line num="79" count="0" type="cond" truecount="0" falsecount="1"/>
        <line num="81" count="0" type="stmt"/>
        <line num="82" count="0" type="cond" truecount="0" falsecount="5"/>
        <line num="84" count="0" type="stmt"/>
        <line num="86" count="0" type="stmt"/>
        <line num="88" count="0" type="stmt"/>
        <line num="89" count="0" type="stmt"/>
        <line num="91" count="0" type="stmt"/>
        <line num="94" count="0" type="stmt"/>
        <line num="96" count="0" type="stmt"/>
        <line num="101" count="0" type="stmt"/>
        <line num="102" count="0" type="stmt"/>
        <line num="105" count="0" type="stmt"/>
      </file>
    </package>
    <package name="src.vendor.node.internal">
      <metrics statements="48" coveredstatements="34" conditionals="22" coveredconditionals="11" methods="9" coveredmethods="7"/>
      <file name="buffer.ts" path="/home/runner/work/memfs/memfs/src/vendor/node/internal/buffer.ts">
        <metrics statements="5" coveredstatements="4" conditionals="4" coveredconditionals="2" methods="2" coveredmethods="1"/>
        <line num="1" count="65" type="stmt"/>
        <line num="4" count="0" type="stmt"/>
        <line num="7" count="65" type="cond" truecount="1" falsecount="1"/>
        <line num="8" count="65" type="cond" truecount="1" falsecount="1"/>
        <line num="10" count="2366" type="stmt"/>
      </file>
      <file name="errors.ts" path="/home/runner/work/memfs/memfs/src/vendor/node/internal/errors.ts">
        <metrics statements="43" coveredstatements="30" conditionals="18" coveredconditionals="9" methods="7" coveredmethods="6"/>
        <line num="3" count="64" type="stmt"/>
        <line num="5" count="64" type="cond" truecount="1" falsecount="1"/>
        <line num="6" count="64" type="stmt"/>
        <line num="9" count="192" type="stmt"/>
        <line num="11" count="15" type="stmt"/>
        <line num="12" count="15" type="stmt"/>
        <line num="13" count="15" type="stmt"/>
        <line num="14" count="15" type="stmt"/>
        <line num="19" count="64" type="cond" truecount="1" falsecount="1"/>
        <line num="30" count="0" type="cond" truecount="0" falsecount="3"/>
        <line num="31" count="0" type="stmt"/>
        <line num="33" count="0" type="cond" truecount="0" falsecount="2"/>
        <line num="34" count="0" type="stmt"/>
        <line num="36" count="0" type="stmt"/>
        <line num="41" count="0" type="stmt"/>
        <line num="42" count="0" type="stmt"/>
        <line num="43" count="0" type="stmt"/>
        <line num="44" count="0" type="stmt"/>
        <line num="45" count="0" type="stmt"/>
        <line num="46" count="0" type="stmt"/>
        <line num="47" count="0" type="stmt"/>
        <line num="52" count="15" type="cond" truecount="0" falsecount="1"/>
        <line num="53" count="15" type="stmt"/>
        <line num="54" count="15" type="cond" truecount="0" falsecount="1"/>
        <line num="56" count="15" type="cond" truecount="2" falsecount="0"/>
        <line num="57" count="3" type="stmt"/>
        <line num="59" count="12" type="stmt"/>
        <line num="60" count="12" type="cond" truecount="3" falsecount="0"/>
        <line num="61" count="0" type="stmt"/>
        <line num="63" count="3" type="stmt"/>
        <line num="69" count="448" type="cond" truecount="2" falsecount="0"/>
        <line num="72" count="64" type="stmt"/>
        <line num="73" count="64" type="stmt"/>
        <line num="74" count="64" type="stmt"/>
        <line num="76" count="64" type="stmt"/>
        <line num="78" count="64" type="stmt"/>
        <line num="79" count="64" type="stmt"/>
        <line num="83" count="64" type="stmt"/>
        <line num="84" count="64" type="stmt"/>
        <line num="85" count="64" type="stmt"/>
        <line num="86" count="2" type="stmt"/>
        <line num="88" count="64" type="stmt"/>
        <line num="89" count="64" type="stmt"/>
      </file>
    </package>
  </project>
</coverage>
