<?xml version="1.0" encoding="UTF-8"?>
<coverage generated="1754083073935" clover="3.2.0">
  <project timestamp="1754083073935" name="All files">
    <metrics statements="4781" coveredstatements="4015" conditionals="1899" coveredconditionals="1340" methods="979" coveredmethods="782" elements="7659" coveredelements="6137" complexity="0" loc="4781" ncloc="4781" packages="19" files="80" classes="80"/>
    <package name="src">
      <metrics statements="72" coveredstatements="63" conditionals="31" coveredconditionals="22" methods="16" coveredmethods="9"/>
      <file name="constants.ts" path="/home/runner/work/memfs/memfs/src/constants.ts">
        <metrics statements="2" coveredstatements="2" conditionals="0" coveredconditionals="0" methods="0" coveredmethods="0"/>
        <line num="1" count="65" type="stmt"/>
        <line num="7" count="65" type="stmt"/>
      </file>
      <file name="encoding.ts" path="/home/runner/work/memfs/memfs/src/encoding.ts">
        <metrics statements="9" coveredstatements="7" conditionals="7" coveredconditionals="6" methods="2" coveredmethods="2"/>
        <line num="1" count="64" type="stmt"/>
        <line num="2" count="64" type="stmt"/>
        <line num="7" count="64" type="stmt"/>
        <line num="9" count="64" type="stmt"/>
        <line num="10" count="304" type="cond" truecount="3" falsecount="0"/>
        <line num="13" count="64" type="stmt"/>
        <line num="14" count="583" type="cond" truecount="3" falsecount="0"/>
        <line num="15" count="0" type="cond" truecount="0" falsecount="1"/>
        <line num="16" count="0" type="stmt"/>
      </file>
      <file name="index.ts" path="/home/runner/work/memfs/memfs/src/index.ts">
        <metrics statements="36" coveredstatements="36" conditionals="8" coveredconditionals="8" methods="3" coveredmethods="3"/>
        <line num="1" count="59" type="stmt"/>
        <line num="2" count="59" type="stmt"/>
        <line num="3" count="59" type="stmt"/>
        <line num="5" count="59" type="stmt"/>
        <line num="8" count="59" type="stmt"/>
        <line num="9" count="59" type="stmt"/>
        <line num="10" count="59" type="stmt"/>
        <line num="12" count="118" type="stmt"/>
        <line num="15" count="59" type="stmt"/>
        <line num="29" count="59" type="stmt"/>
        <line num="30" count="687" type="stmt"/>
        <line num="33" count="27480" type="cond" truecount="1" falsecount="0"/>
        <line num="34" count="32976" type="cond" truecount="1" falsecount="0"/>
        <line num="36" count="687" type="stmt"/>
        <line num="37" count="687" type="stmt"/>
        <line num="38" count="687" type="stmt"/>
        <line num="39" count="687" type="stmt"/>
        <line num="40" count="687" type="stmt"/>
        <line num="43" count="687" type="cond" truecount="1" falsecount="0"/>
        <line num="44" count="687" type="stmt"/>
        <line num="45" count="687" type="cond" truecount="1" falsecount="0"/>
        <line num="46" count="687" type="stmt"/>
        <line num="49" count="687" type="cond" truecount="1" falsecount="0"/>
        <line num="50" count="687" type="stmt"/>
        <line num="51" count="687" type="cond" truecount="1" falsecount="0"/>
        <line num="52" count="687" type="stmt"/>
        <line num="56" count="687" type="stmt"/>
        <line num="57" count="687" type="stmt"/>
        <line num="59" count="687" type="stmt"/>
        <line num="62" count="59" type="stmt"/>
        <line num="74" count="59" type="cond" truecount="2" falsecount="0"/>
        <line num="75" count="575" type="stmt"/>
        <line num="76" count="575" type="stmt"/>
        <line num="77" count="575" type="stmt"/>
        <line num="83" count="59" type="stmt"/>
        <line num="84" count="59" type="stmt"/>
      </file>
      <file name="node.ts" path="/home/runner/work/memfs/memfs/src/node.ts">
        <metrics statements="3" coveredstatements="3" conditionals="0" coveredconditionals="0" methods="3" coveredmethods="1"/>
        <line num="1" count="22" type="stmt"/>
        <line num="2" count="2" type="stmt"/>
        <line num="3" count="2" type="stmt"/>
      </file>
      <file name="process.ts" path="/home/runner/work/memfs/memfs/src/process.ts">
        <metrics statements="15" coveredstatements="10" conditionals="8" coveredconditionals="2" methods="4" coveredmethods="2"/>
        <line num="25" count="66" type="stmt"/>
        <line num="26" count="67" type="cond" truecount="1" falsecount="0"/>
        <line num="27" count="67" type="stmt"/>
        <line num="30" count="0" type="stmt"/>
        <line num="31" count="0" type="stmt"/>
        <line num="33" count="0" type="stmt"/>
        <line num="37" count="66" type="stmt"/>
        <line num="38" count="67" type="cond" truecount="1" falsecount="1"/>
        <line num="40" count="67" type="cond" truecount="0" falsecount="1"/>
        <line num="41" count="67" type="cond" truecount="0" falsecount="1"/>
        <line num="42" count="0" type="stmt"/>
        <line num="44" count="0" type="cond" truecount="0" falsecount="2"/>
        <line num="46" count="67" type="cond" truecount="0" falsecount="1"/>
        <line num="47" count="67" type="stmt"/>
        <line num="50" count="66" type="stmt"/>
      </file>
      <file name="queueMicrotask.ts" path="/home/runner/work/memfs/memfs/src/queueMicrotask.ts">
        <metrics statements="3" coveredstatements="1" conditionals="2" coveredconditionals="1" methods="3" coveredmethods="0"/>
        <line num="1" count="64" type="cond" truecount="1" falsecount="1"/>
        <line num="2" count="0" type="stmt"/>
        <line num="3" count="0" type="stmt"/>
      </file>
      <file name="setTimeoutUnref.ts" path="/home/runner/work/memfs/memfs/src/setTimeoutUnref.ts">
        <metrics statements="4" coveredstatements="4" conditionals="6" coveredconditionals="5" methods="1" coveredmethods="1"/>
        <line num="8" count="1" type="cond" truecount="1" falsecount="1"/>
        <line num="9" count="1" type="cond" truecount="4" falsecount="0"/>
        <line num="10" count="1" type="stmt"/>
        <line num="13" count="65" type="stmt"/>
      </file>
    </package>
    <package name="src.__tests__">
      <metrics statements="19" coveredstatements="18" conditionals="9" coveredconditionals="6" methods="6" coveredmethods="6"/>
      <file name="hasBigInt.js" path="/home/runner/work/memfs/memfs/src/__tests__/hasBigInt.js">
        <metrics statements="1" coveredstatements="1" conditionals="0" coveredconditionals="0" methods="0" coveredmethods="0"/>
        <line num="1" count="1" type="stmt"/>
      </file>
      <file name="util.ts" path="/home/runner/work/memfs/memfs/src/__tests__/util.ts">
        <metrics statements="18" coveredstatements="17" conditionals="9" coveredconditionals="6" methods="6" coveredmethods="6"/>
        <line num="1" count="46" type="stmt"/>
        <line num="8" count="46" type="stmt"/>
        <line num="10" count="4" type="stmt"/>
        <line num="11" count="10" type="cond" truecount="3" falsecount="1"/>
        <line num="12" count="10" type="cond" truecount="1" falsecount="0"/>
        <line num="16" count="46" type="cond" truecount="1" falsecount="0"/>
        <line num="17" count="290" type="stmt"/>
        <line num="18" count="290" type="stmt"/>
        <line num="21" count="46" type="stmt"/>
        <line num="22" count="53" type="stmt"/>
        <line num="25" count="46" type="stmt"/>
        <line num="26" count="17" type="stmt"/>
        <line num="28" count="17" type="cond" truecount="0" falsecount="1"/>
        <line num="29" count="0" type="stmt"/>
        <line num="32" count="17" type="stmt"/>
        <line num="35" count="46" type="stmt"/>
        <line num="37" count="46" type="stmt"/>
        <line num="43" count="46" type="cond" truecount="1" falsecount="1"/>
      </file>
    </package>
    <package name="src.core">
      <metrics statements="610" coveredstatements="561" conditionals="314" coveredconditionals="249" methods="124" coveredmethods="108"/>
      <file name="File.ts" path="/home/runner/work/memfs/memfs/src/core/File.ts">
        <metrics statements="26" coveredstatements="22" conditionals="8" coveredconditionals="3" methods="12" coveredmethods="8"/>
        <line num="1" count="65" type="stmt"/>
        <line num="6" count="65" type="stmt"/>
        <line num="13" count="65" type="stmt"/>
        <line num="29" count="3852" type="stmt"/>
        <line num="30" count="3852" type="stmt"/>
        <line num="31" count="3852" type="stmt"/>
        <line num="32" count="3852" type="stmt"/>
        <line num="34" count="3852" type="stmt"/>
        <line num="35" count="3852" type="cond" truecount="1" falsecount="0"/>
        <line num="39" count="0" type="stmt"/>
        <line num="43" count="0" type="stmt"/>
        <line num="47" count="1094" type="stmt"/>
        <line num="51" count="0" type="stmt"/>
        <line num="55" count="786" type="stmt"/>
        <line num="59" count="1905" type="stmt"/>
        <line num="63" count="0" type="stmt"/>
        <line num="67" count="1961" type="cond" truecount="1" falsecount="0"/>
        <line num="68" count="1961" type="stmt"/>
        <line num="69" count="1961" type="stmt"/>
        <line num="70" count="1961" type="stmt"/>
        <line num="79" count="60" type="cond" truecount="1" falsecount="0"/>
        <line num="80" count="60" type="stmt"/>
        <line num="81" count="60" type="stmt"/>
        <line num="82" count="60" type="stmt"/>
        <line num="86" count="1" type="stmt"/>
        <line num="90" count="1" type="stmt"/>
      </file>
      <file name="Link.ts" path="/home/runner/work/memfs/memfs/src/core/Link.ts">
        <metrics statements="54" coveredstatements="53" conditionals="14" coveredconditionals="12" methods="14" coveredmethods="13"/>
        <line num="1" count="65" type="stmt"/>
        <line num="2" count="65" type="stmt"/>
        <line num="6" count="65" type="stmt"/>
        <line num="11" count="65" type="stmt"/>
        <line num="16" count="4921" type="stmt"/>
        <line num="19" count="4921" type="stmt"/>
        <line num="25" count="4921" type="stmt"/>
        <line num="28" count="4921" type="stmt"/>
        <line num="33" count="14334" type="stmt"/>
        <line num="38" count="5706" type="stmt"/>
        <line num="39" count="5706" type="stmt"/>
        <line num="40" count="22" type="cond" truecount="3" falsecount="0"/>
        <line num="41" count="14" type="stmt"/>
        <line num="43" count="8" type="cond" truecount="3" falsecount="1"/>
        <line num="48" count="4921" type="stmt"/>
        <line num="49" count="4921" type="stmt"/>
        <line num="50" count="4921" type="stmt"/>
        <line num="51" count="4921" type="stmt"/>
        <line num="52" count="4921" type="stmt"/>
        <line num="56" count="4921" type="stmt"/>
        <line num="57" count="4921" type="stmt"/>
        <line num="61" count="169351" type="stmt"/>
        <line num="65" count="3758" type="stmt"/>
        <line num="66" count="3758" type="stmt"/>
        <line num="68" count="3758" type="cond" truecount="1" falsecount="0"/>
        <line num="69" count="1244" type="stmt"/>
        <line num="70" count="1244" type="stmt"/>
        <line num="73" count="3758" type="stmt"/>
        <line num="75" count="3758" type="stmt"/>
        <line num="79" count="6855" type="stmt"/>
        <line num="80" count="6855" type="stmt"/>
        <line num="81" count="6855" type="stmt"/>
        <line num="83" count="6855" type="stmt"/>
        <line num="84" count="6855" type="cond" truecount="1" falsecount="0"/>
        <line num="85" count="3568" type="stmt"/>
        <line num="86" count="3568" type="stmt"/>
        <line num="89" count="6855" type="stmt"/>
        <line num="90" count="6855" type="stmt"/>
        <line num="92" count="6855" type="stmt"/>
        <line num="96" count="1104" type="stmt"/>
        <line num="97" count="1104" type="cond" truecount="1" falsecount="0"/>
        <line num="98" count="66" type="stmt"/>
        <line num="99" count="66" type="stmt"/>
        <line num="101" count="1104" type="stmt"/>
        <line num="102" count="1104" type="stmt"/>
        <line num="104" count="1104" type="stmt"/>
        <line num="105" count="1104" type="stmt"/>
        <line num="109" count="44823" type="stmt"/>
        <line num="110" count="44823" type="stmt"/>
        <line num="114" count="4485" type="stmt"/>
        <line num="118" count="511" type="stmt"/>
        <line num="122" count="2397" type="stmt"/>
        <line num="126" count="0" type="stmt"/>
        <line num="134" count="4929" type="cond" truecount="2" falsecount="0"/>
      </file>
      <file name="Node.ts" path="/home/runner/work/memfs/memfs/src/core/Node.ts">
        <metrics statements="119" coveredstatements="111" conditionals="62" coveredconditionals="51" methods="39" coveredmethods="37"/>
        <line num="1" count="65" type="stmt"/>
        <line num="2" count="65" type="stmt"/>
        <line num="3" count="65" type="stmt"/>
        <line num="4" count="65" type="stmt"/>
        <line num="6" count="65" type="stmt"/>
        <line num="7" count="61993" type="cond" truecount="6" falsecount="2"/>
        <line num="8" count="61993" type="cond" truecount="6" falsecount="2"/>
        <line num="13" count="65" type="stmt"/>
        <line num="18" count="4935" type="stmt"/>
        <line num="19" count="4935" type="stmt"/>
        <line num="21" count="4935" type="stmt"/>
        <line num="22" count="4935" type="stmt"/>
        <line num="23" count="4935" type="stmt"/>
        <line num="27" count="4935" type="stmt"/>
        <line num="32" count="4935" type="stmt"/>
        <line num="38" count="4935" type="stmt"/>
        <line num="39" count="4935" type="stmt"/>
        <line num="40" count="4935" type="stmt"/>
        <line num="44" count="65887" type="stmt"/>
        <line num="48" count="6544" type="stmt"/>
        <line num="52" count="4" type="stmt"/>
        <line num="53" count="4" type="stmt"/>
        <line num="57" count="6628" type="stmt"/>
        <line num="61" count="4" type="stmt"/>
        <line num="62" count="4" type="stmt"/>
        <line num="66" count="6628" type="stmt"/>
        <line num="70" count="1555" type="stmt"/>
        <line num="71" count="1555" type="stmt"/>
        <line num="75" count="6533" type="stmt"/>
        <line num="79" count="56861" type="stmt"/>
        <line num="80" count="56861" type="stmt"/>
        <line num="84" count="6557" type="stmt"/>
        <line num="88" count="57264" type="stmt"/>
        <line num="92" count="1" type="stmt"/>
        <line num="93" count="1" type="stmt"/>
        <line num="97" count="7462" type="stmt"/>
        <line num="98" count="7462" type="stmt"/>
        <line num="102" count="14249" type="stmt"/>
        <line num="106" count="167" type="stmt"/>
        <line num="107" count="167" type="stmt"/>
        <line num="112" count="10" type="stmt"/>
        <line num="113" count="10" type="stmt"/>
        <line num="117" count="1292" type="stmt"/>
        <line num="118" count="1292" type="cond" truecount="1" falsecount="0"/>
        <line num="119" count="1292" type="stmt"/>
        <line num="123" count="8" type="stmt"/>
        <line num="124" count="8" type="stmt"/>
        <line num="128" count="7312" type="cond" truecount="2" falsecount="0"/>
        <line num="132" count="0" type="stmt"/>
        <line num="136" count="744" type="stmt"/>
        <line num="140" count="64791" type="stmt"/>
        <line num="145" count="40085" type="stmt"/>
        <line num="149" count="1" type="stmt"/>
        <line num="153" count="90" type="stmt"/>
        <line num="154" count="90" type="stmt"/>
        <line num="158" count="1972" type="cond" truecount="1" falsecount="0"/>
        <line num="160" count="1972" type="cond" truecount="1" falsecount="0"/>
        <line num="161" count="1674" type="stmt"/>
        <line num="162" count="1674" type="stmt"/>
        <line num="163" count="1674" type="stmt"/>
        <line num="166" count="1972" type="stmt"/>
        <line num="168" count="1972" type="stmt"/>
        <line num="170" count="1972" type="stmt"/>
        <line num="180" count="62" type="stmt"/>
        <line num="181" count="62" type="cond" truecount="1" falsecount="0"/>
        <line num="182" count="62" type="cond" truecount="1" falsecount="0"/>
        <line num="183" count="46" type="stmt"/>
        <line num="184" count="46" type="cond" truecount="0" falsecount="1"/>
        <line num="185" count="0" type="stmt"/>
        <line num="187" count="46" type="cond" truecount="1" falsecount="0"/>
        <line num="188" count="16" type="stmt"/>
        <line num="190" count="46" type="cond" truecount="2" falsecount="0"/>
        <line num="191" count="46" type="stmt"/>
        <line num="192" count="46" type="stmt"/>
        <line num="196" count="1905" type="cond" truecount="2" falsecount="0"/>
        <line num="198" count="13" type="cond" truecount="0" falsecount="1"/>
        <line num="199" count="13" type="cond" truecount="2" falsecount="0"/>
        <line num="200" count="8" type="stmt"/>
        <line num="202" count="5" type="stmt"/>
        <line num="203" count="5" type="stmt"/>
        <line num="204" count="5" type="stmt"/>
        <line num="205" count="5" type="stmt"/>
        <line num="209" count="1905" type="stmt"/>
        <line num="213" count="147" type="stmt"/>
        <line num="214" count="147" type="stmt"/>
        <line num="218" count="3" type="stmt"/>
        <line num="219" count="3" type="stmt"/>
        <line num="220" count="3" type="stmt"/>
        <line num="224" count="4045" type="stmt"/>
        <line num="225" count="4045" type="stmt"/>
        <line num="229" count="1434" type="cond" truecount="1" falsecount="0"/>
        <line num="230" count="1425" type="stmt"/>
        <line num="233" count="9" type="cond" truecount="1" falsecount="0"/>
        <line num="234" count="9" type="cond" truecount="0" falsecount="1"/>
        <line num="235" count="0" type="stmt"/>
        <line num="239" count="9" type="cond" truecount="1" falsecount="0"/>
        <line num="240" count="9" type="cond" truecount="0" falsecount="1"/>
        <line num="241" count="0" type="stmt"/>
        <line num="245" count="9" type="stmt"/>
        <line num="249" count="9194" type="cond" truecount="1" falsecount="0"/>
        <line num="250" count="9160" type="stmt"/>
        <line num="253" count="34" type="cond" truecount="1" falsecount="0"/>
        <line num="254" count="34" type="cond" truecount="0" falsecount="1"/>
        <line num="255" count="0" type="stmt"/>
        <line num="259" count="34" type="cond" truecount="1" falsecount="0"/>
        <line num="260" count="34" type="cond" truecount="1" falsecount="0"/>
        <line num="261" count="8" type="stmt"/>
        <line num="265" count="26" type="stmt"/>
        <line num="269" count="46430" type="cond" truecount="1" falsecount="0"/>
        <line num="270" count="46372" type="stmt"/>
        <line num="273" count="58" type="cond" truecount="1" falsecount="0"/>
        <line num="274" count="58" type="cond" truecount="0" falsecount="1"/>
        <line num="275" count="0" type="stmt"/>
        <line num="279" count="58" type="cond" truecount="1" falsecount="0"/>
        <line num="280" count="58" type="cond" truecount="0" falsecount="1"/>
        <line num="281" count="0" type="stmt"/>
        <line num="285" count="58" type="stmt"/>
        <line num="289" count="259" type="stmt"/>
        <line num="293" count="0" type="stmt"/>
      </file>
      <file name="Superblock.ts" path="/home/runner/work/memfs/memfs/src/core/Superblock.ts">
        <metrics statements="346" coveredstatements="326" conditionals="199" coveredconditionals="164" methods="43" coveredmethods="41"/>
        <line num="1" count="64" type="stmt"/>
        <line num="2" count="64" type="stmt"/>
        <line num="3" count="64" type="stmt"/>
        <line num="4" count="64" type="stmt"/>
        <line num="5" count="64" type="stmt"/>
        <line num="6" count="64" type="stmt"/>
        <line num="7" count="64" type="stmt"/>
        <line num="8" count="64" type="stmt"/>
        <line num="9" count="64" type="stmt"/>
        <line num="10" count="64" type="stmt"/>
        <line num="11" count="64" type="stmt"/>
        <line num="18" count="64" type="cond" truecount="1" falsecount="1"/>
        <line num="33" count="64" type="stmt"/>
        <line num="40" count="64" type="stmt"/>
        <line num="42" count="358" type="stmt"/>
        <line num="43" count="358" type="stmt"/>
        <line num="44" count="358" type="stmt"/>
        <line num="48" count="575" type="stmt"/>
        <line num="49" count="575" type="stmt"/>
        <line num="50" count="575" type="stmt"/>
        <line num="60" count="64" type="stmt"/>
        <line num="70" count="1160" type="stmt"/>
        <line num="73" count="1160" type="stmt"/>
        <line num="76" count="1160" type="stmt"/>
        <line num="79" count="1160" type="stmt"/>
        <line num="83" count="1160" type="stmt"/>
        <line num="86" count="1160" type="stmt"/>
        <line num="89" count="1160" type="stmt"/>
        <line num="92" count="1160" type="stmt"/>
        <line num="93" count="1160" type="stmt"/>
        <line num="95" count="1160" type="stmt"/>
        <line num="97" count="1160" type="stmt"/>
        <line num="98" count="1160" type="stmt"/>
        <line num="100" count="1160" type="stmt"/>
        <line num="101" count="1160" type="stmt"/>
        <line num="103" count="1160" type="stmt"/>
        <line num="109" count="3577" type="cond" truecount="1" falsecount="0"/>
        <line num="110" count="1163" type="stmt"/>
        <line num="113" count="2414" type="cond" truecount="0" falsecount="1"/>
        <line num="114" count="0" type="stmt"/>
        <line num="118" count="2414" type="cond" truecount="6" falsecount="0"/>
        <line num="121" count="2414" type="cond" truecount="2" falsecount="0"/>
        <line num="122" count="2414" type="cond" truecount="4" falsecount="0"/>
        <line num="123" count="2414" type="stmt"/>
        <line num="124" count="2414" type="stmt"/>
        <line num="128" count="327" type="stmt"/>
        <line num="129" count="327" type="cond" truecount="1" falsecount="0"/>
        <line num="130" count="327" type="stmt"/>
        <line num="132" count="327" type="stmt"/>
        <line num="134" count="0" type="stmt"/>
        <line num="138" count="4917" type="stmt"/>
        <line num="140" count="4917" type="cond" truecount="2" falsecount="0"/>
        <line num="142" count="4767" type="stmt"/>
        <line num="143" count="4767" type="stmt"/>
        <line num="148" count="3852" type="stmt"/>
        <line num="149" count="3852" type="cond" truecount="2" falsecount="0"/>
        <line num="153" count="4917" type="stmt"/>
        <line num="154" count="4917" type="stmt"/>
        <line num="155" count="4917" type="stmt"/>
        <line num="159" count="259" type="stmt"/>
        <line num="160" count="259" type="stmt"/>
        <line num="161" count="259" type="stmt"/>
        <line num="201" count="25773" type="cond" truecount="1" falsecount="1"/>
        <line num="202" count="0" type="stmt"/>
        <line num="203" count="0" type="stmt"/>
        <line num="204" count="25773" type="cond" truecount="2" falsecount="0"/>
        <line num="205" count="23834" type="stmt"/>
        <line num="206" count="23834" type="stmt"/>
        <line num="208" count="1939" type="stmt"/>
        <line num="209" count="1939" type="stmt"/>
        <line num="212" count="25773" type="stmt"/>
        <line num="213" count="25773" type="stmt"/>
        <line num="214" count="25773" type="stmt"/>
        <line num="215" count="42994" type="stmt"/>
        <line num="217" count="42994" type="cond" truecount="2" falsecount="0"/>
        <line num="218" count="42990" type="cond" truecount="3" falsecount="0"/>
        <line num="219" count="53" type="stmt"/>
        <line num="222" count="4" type="cond" truecount="1" falsecount="0"/>
        <line num="225" count="42940" type="cond" truecount="4" falsecount="0"/>
        <line num="228" count="42940" type="cond" truecount="1" falsecount="0"/>
        <line num="229" count="4893" type="cond" truecount="2" falsecount="0"/>
        <line num="230" count="857" type="stmt"/>
        <line num="232" count="38047" type="cond" truecount="3" falsecount="1"/>
        <line num="235" count="38047" type="cond" truecount="4" falsecount="0"/>
        <line num="236" count="75" type="cond" truecount="2" falsecount="0"/>
        <line num="240" count="75" type="stmt"/>
        <line num="241" count="75" type="stmt"/>
        <line num="242" count="75" type="stmt"/>
        <line num="243" count="75" type="stmt"/>
        <line num="246" count="37972" type="stmt"/>
        <line num="249" count="20826" type="stmt"/>
        <line num="254" count="3" type="stmt"/>
        <line num="259" count="2094" type="stmt"/>
        <line num="264" count="1996" type="stmt"/>
        <line num="271" count="21680" type="stmt"/>
        <line num="275" count="1" type="stmt"/>
        <line num="282" count="54" type="stmt"/>
        <line num="283" count="53" type="cond" truecount="0" falsecount="1"/>
        <line num="284" count="53" type="stmt"/>
        <line num="289" count="0" type="stmt"/>
        <line num="293" count="1291" type="stmt"/>
        <line num="296" count="1291" type="stmt"/>
        <line num="297" count="1291" type="stmt"/>
        <line num="298" count="1290" type="cond" truecount="0" falsecount="1"/>
        <line num="299" count="1290" type="stmt"/>
        <line num="303" count="7754" type="stmt"/>
        <line num="307" count="7754" type="cond" truecount="1" falsecount="0"/>
        <line num="308" count="7746" type="stmt"/>
        <line num="309" count="7746" type="cond" truecount="1" falsecount="0"/>
        <line num="310" count="7741" type="stmt"/>
        <line num="314" count="329" type="stmt"/>
        <line num="316" count="329" type="stmt"/>
        <line num="318" count="329" type="cond" truecount="1" falsecount="0"/>
        <line num="319" count="1" type="stmt"/>
        <line num="320" count="1" type="stmt"/>
        <line num="323" count="329" type="stmt"/>
        <line num="324" count="1015" type="cond" truecount="3" falsecount="0"/>
        <line num="325" count="652" type="stmt"/>
        <line num="327" count="363" type="stmt"/>
        <line num="329" count="363" type="stmt"/>
        <line num="331" count="363" type="cond" truecount="0" falsecount="1"/>
        <line num="332" count="0" type="stmt"/>
        <line num="334" count="363" type="stmt"/>
        <line num="335" count="363" type="cond" truecount="2" falsecount="0"/>
        <line num="336" count="162" type="stmt"/>
        <line num="337" count="162" type="cond" truecount="0" falsecount="1"/>
        <line num="338" count="162" type="cond" truecount="2" falsecount="0"/>
        <line num="339" count="201" type="cond" truecount="1" falsecount="0"/>
        <line num="340" count="201" type="stmt"/>
        <line num="344" count="329" type="stmt"/>
        <line num="346" count="329" type="cond" truecount="0" falsecount="1"/>
        <line num="348" count="329" type="cond" truecount="3" falsecount="0"/>
        <line num="349" count="46" type="stmt"/>
        <line num="352" count="329" type="stmt"/>
        <line num="356" count="128" type="stmt"/>
        <line num="358" count="128" type="cond" truecount="2" falsecount="0"/>
        <line num="359" count="7" type="cond" truecount="1" falsecount="0"/>
        <line num="360" count="7" type="stmt"/>
        <line num="361" count="8" type="stmt"/>
        <line num="362" count="8" type="stmt"/>
        <line num="363" count="8" type="cond" truecount="1" falsecount="0"/>
        <line num="364" count="7" type="stmt"/>
        <line num="367" count="121" type="stmt"/>
        <line num="370" count="128" type="cond" truecount="1" falsecount="0"/>
        <line num="371" count="128" type="cond" truecount="1" falsecount="1"/>
        <line num="372" count="127" type="stmt"/>
        <line num="377" count="993" type="stmt"/>
        <line num="378" count="914" type="stmt"/>
        <line num="379" count="914" type="stmt"/>
        <line num="380" count="914" type="cond" truecount="4" falsecount="0"/>
        <line num="381" count="730" type="stmt"/>
        <line num="382" count="730" type="stmt"/>
        <line num="383" count="730" type="stmt"/>
        <line num="384" count="730" type="stmt"/>
        <line num="386" count="184" type="stmt"/>
        <line num="392" count="576" type="stmt"/>
        <line num="396" count="3" type="stmt"/>
        <line num="397" count="3" type="stmt"/>
        <line num="398" count="3" type="stmt"/>
        <line num="399" count="3" type="stmt"/>
        <line num="400" count="3" type="stmt"/>
        <line num="401" count="3" type="stmt"/>
        <line num="403" count="3" type="stmt"/>
        <line num="404" count="3" type="stmt"/>
        <line num="409" count="0" type="stmt"/>
        <line num="413" count="3870" type="cond" truecount="0" falsecount="1"/>
        <line num="415" count="0" type="stmt"/>
        <line num="422" count="3870" type="stmt"/>
        <line num="423" count="3870" type="cond" truecount="1" falsecount="0"/>
        <line num="425" count="3870" type="stmt"/>
        <line num="428" count="3870" type="cond" truecount="2" falsecount="0"/>
        <line num="429" count="5" type="cond" truecount="1" falsecount="0"/>
        <line num="430" count="4" type="stmt"/>
        <line num="432" count="3865" type="cond" truecount="0" falsecount="1"/>
        <line num="436" count="3866" type="cond" truecount="1" falsecount="0"/>
        <line num="437" count="1191" type="cond" truecount="1" falsecount="0"/>
        <line num="438" count="7" type="stmt"/>
        <line num="441" count="3859" type="cond" truecount="1" falsecount="0"/>
        <line num="442" count="3859" type="cond" truecount="1" falsecount="0"/>
        <line num="443" count="7" type="stmt"/>
        <line num="447" count="3852" type="stmt"/>
        <line num="448" count="3852" type="stmt"/>
        <line num="449" count="3852" type="stmt"/>
        <line num="451" count="3852" type="cond" truecount="1" falsecount="0"/>
        <line num="453" count="3852" type="stmt"/>
        <line num="462" count="4159" type="stmt"/>
        <line num="464" count="4159" type="stmt"/>
        <line num="465" count="4159" type="cond" truecount="2" falsecount="0"/>
        <line num="470" count="1713" type="cond" truecount="4" falsecount="0"/>
        <line num="475" count="2696" type="cond" truecount="4" falsecount="0"/>
        <line num="476" count="2418" type="stmt"/>
        <line num="477" count="2418" type="stmt"/>
        <line num="478" count="2417" type="stmt"/>
        <line num="481" count="2417" type="cond" truecount="1" falsecount="0"/>
        <line num="482" count="2415" type="cond" truecount="3" falsecount="0"/>
        <line num="486" count="2407" type="cond" truecount="3" falsecount="1"/>
        <line num="488" count="2407" type="stmt"/>
        <line num="489" count="278" type="stmt"/>
        <line num="492" count="3870" type="cond" truecount="1" falsecount="0"/>
        <line num="493" count="0" type="stmt"/>
        <line num="496" count="1160" type="stmt"/>
        <line num="502" count="4159" type="stmt"/>
        <line num="503" count="3852" type="cond" truecount="0" falsecount="1"/>
        <line num="504" count="3852" type="stmt"/>
        <line num="507" count="1160" type="stmt"/>
        <line num="508" count="1890" type="stmt"/>
        <line num="510" count="1890" type="cond" truecount="2" falsecount="0"/>
        <line num="511" count="1879" type="stmt"/>
        <line num="512" count="1862" type="stmt"/>
        <line num="513" count="1862" type="stmt"/>
        <line num="514" count="1862" type="cond" truecount="2" falsecount="0"/>
        <line num="515" count="1862" type="stmt"/>
        <line num="516" count="1862" type="stmt"/>
        <line num="517" count="1156" type="stmt"/>
        <line num="518" count="1155" type="stmt"/>
        <line num="519" count="1155" type="stmt"/>
        <line num="520" count="1155" type="cond" truecount="1" falsecount="0"/>
        <line num="523" count="1862" type="cond" truecount="1" falsecount="0"/>
        <line num="527" count="1160" type="stmt"/>
        <line num="534" count="53" type="cond" truecount="1" falsecount="0"/>
        <line num="535" count="2" type="stmt"/>
        <line num="537" count="51" type="stmt"/>
        <line num="538" count="50" type="cond" truecount="1" falsecount="0"/>
        <line num="539" count="1" type="stmt"/>
        <line num="541" count="49" type="stmt"/>
        <line num="549" count="1160" type="stmt"/>
        <line num="550" count="5" type="stmt"/>
        <line num="551" count="4" type="cond" truecount="4" falsecount="0"/>
        <line num="552" count="4" type="cond" truecount="0" falsecount="1"/>
        <line num="553" count="4" type="stmt"/>
        <line num="554" count="4" type="stmt"/>
        <line num="555" count="11" type="stmt"/>
        <line num="556" count="11" type="stmt"/>
        <line num="557" count="11" type="stmt"/>
        <line num="558" count="11" type="cond" truecount="1" falsecount="0"/>
        <line num="560" count="4" type="stmt"/>
        <line num="563" count="1160" type="stmt"/>
        <line num="565" count="5" type="stmt"/>
        <line num="566" count="5" type="stmt"/>
        <line num="568" count="1" type="cond" truecount="1" falsecount="0"/>
        <line num="569" count="1" type="stmt"/>
        <line num="571" count="4" type="stmt"/>
        <line num="573" count="4" type="stmt"/>
        <line num="574" count="4" type="stmt"/>
        <line num="577" count="0" type="cond" truecount="0" falsecount="1"/>
        <line num="578" count="0" type="stmt"/>
        <line num="580" count="4" type="stmt"/>
        <line num="581" count="4" type="cond" truecount="0" falsecount="1"/>
        <line num="582" count="4" type="stmt"/>
        <line num="583" count="4" type="stmt"/>
        <line num="584" count="4" type="stmt"/>
        <line num="587" count="1160" type="stmt"/>
        <line num="588" count="264" type="stmt"/>
        <line num="590" count="259" type="cond" truecount="0" falsecount="1"/>
        <line num="591" count="259" type="stmt"/>
        <line num="592" count="259" type="stmt"/>
        <line num="593" count="259" type="stmt"/>
        <line num="595" count="259" type="cond" truecount="1" falsecount="0"/>
        <line num="596" count="259" type="stmt"/>
        <line num="600" count="1160" type="stmt"/>
        <line num="601" count="89" type="stmt"/>
        <line num="604" count="89" type="stmt"/>
        <line num="605" count="89" type="stmt"/>
        <line num="608" count="0" type="cond" truecount="0" falsecount="1"/>
        <line num="609" count="0" type="stmt"/>
        <line num="611" count="89" type="stmt"/>
        <line num="613" count="89" type="cond" truecount="1" falsecount="0"/>
        <line num="617" count="88" type="stmt"/>
        <line num="618" count="88" type="cond" truecount="2" falsecount="1"/>
        <line num="619" count="0" type="stmt"/>
        <line num="621" count="88" type="stmt"/>
        <line num="622" count="88" type="stmt"/>
        <line num="623" count="88" type="stmt"/>
        <line num="626" count="1160" type="stmt"/>
        <line num="628" count="788" type="stmt"/>
        <line num="629" count="788" type="stmt"/>
        <line num="632" count="5" type="cond" truecount="1" falsecount="0"/>
        <line num="633" count="5" type="stmt"/>
        <line num="640" count="783" type="stmt"/>
        <line num="641" count="783" type="stmt"/>
        <line num="644" count="0" type="cond" truecount="0" falsecount="1"/>
        <line num="645" count="0" type="stmt"/>
        <line num="652" count="783" type="stmt"/>
        <line num="653" count="783" type="cond" truecount="0" falsecount="1"/>
        <line num="656" count="783" type="stmt"/>
        <line num="657" count="783" type="stmt"/>
        <line num="658" count="783" type="cond" truecount="1" falsecount="0"/>
        <line num="664" count="6" type="stmt"/>
        <line num="667" count="777" type="stmt"/>
        <line num="670" count="777" type="stmt"/>
        <line num="671" count="777" type="stmt"/>
        <line num="672" count="777" type="stmt"/>
        <line num="673" count="777" type="stmt"/>
        <line num="676" count="1160" type="stmt"/>
        <line num="677" count="420" type="stmt"/>
        <line num="679" count="420" type="cond" truecount="1" falsecount="0"/>
        <line num="680" count="419" type="stmt"/>
        <line num="682" count="418" type="stmt"/>
        <line num="683" count="418" type="cond" truecount="1" falsecount="0"/>
        <line num="684" count="416" type="stmt"/>
        <line num="685" count="416" type="cond" truecount="3" falsecount="0"/>
        <line num="686" count="414" type="stmt"/>
        <line num="692" count="1160" type="stmt"/>
        <line num="693" count="1097" type="stmt"/>
        <line num="694" count="1097" type="stmt"/>
        <line num="695" count="1097" type="stmt"/>
        <line num="696" count="1097" type="stmt"/>
        <line num="698" count="1097" type="stmt"/>
        <line num="699" count="1935" type="stmt"/>
        <line num="700" count="1934" type="cond" truecount="1" falsecount="0"/>
        <line num="702" count="1096" type="cond" truecount="0" falsecount="1"/>
        <line num="703" count="0" type="stmt"/>
        <line num="704" count="0" type="stmt"/>
        <line num="709" count="1096" type="stmt"/>
        <line num="711" count="1095" type="stmt"/>
        <line num="712" count="832" type="stmt"/>
        <line num="713" count="832" type="cond" truecount="1" falsecount="1"/>
        <line num="715" count="832" type="cond" truecount="3" falsecount="0"/>
        <line num="717" count="0" type="stmt"/>
        <line num="719" count="828" type="stmt"/>
        <line num="720" count="828" type="stmt"/>
        <line num="722" count="1091" type="cond" truecount="2" falsecount="0"/>
        <line num="725" count="1160" type="cond" truecount="0" falsecount="1"/>
        <line num="726" count="54" type="stmt"/>
        <line num="727" count="53" type="cond" truecount="3" falsecount="0"/>
        <line num="728" count="49" type="stmt"/>
        <line num="731" count="1160" type="cond" truecount="2" falsecount="0"/>
        <line num="734" count="35" type="stmt"/>
        <line num="735" count="35" type="stmt"/>
        <line num="738" count="8" type="cond" truecount="4" falsecount="0"/>
        <line num="739" count="6" type="stmt"/>
        <line num="741" count="27" type="cond" truecount="3" falsecount="0"/>
        <line num="742" count="23" type="cond" truecount="4" falsecount="1"/>
        <line num="743" count="19" type="stmt"/>
        <line num="747" count="3788" type="cond" truecount="0" falsecount="1"/>
        <line num="748" count="3788" type="stmt"/>
        <line num="749" count="3788" type="stmt"/>
        <line num="750" count="3788" type="stmt"/>
        <line num="753" count="1160" type="stmt"/>
        <line num="754" count="3792" type="stmt"/>
        <line num="755" count="3791" type="stmt"/>
        <line num="756" count="3788" type="stmt"/>
        <line num="760" count="1161" type="stmt"/>
        <line num="761" count="1160" type="cond" truecount="0" falsecount="1"/>
        <line num="762" count="0" type="stmt"/>
        <line num="764" count="1160" type="cond" truecount="4" falsecount="0"/>
      </file>
      <file name="index.ts" path="/home/runner/work/memfs/memfs/src/core/index.ts">
        <metrics statements="6" coveredstatements="6" conditionals="0" coveredconditionals="0" methods="4" coveredmethods="2"/>
        <line num="1" count="64" type="stmt"/>
        <line num="2" count="64" type="stmt"/>
        <line num="3" count="64" type="stmt"/>
        <line num="4" count="75" type="stmt"/>
        <line num="5" count="64" type="stmt"/>
        <line num="6" count="1174" type="stmt"/>
      </file>
      <file name="json.ts" path="/home/runner/work/memfs/memfs/src/core/json.ts">
        <metrics statements="15" coveredstatements="15" conditionals="11" coveredconditionals="10" methods="2" coveredmethods="2"/>
        <line num="1" count="64" type="stmt"/>
        <line num="2" count="64" type="stmt"/>
        <line num="4" count="64" type="cond" truecount="1" falsecount="1"/>
        <line num="15" count="64" type="stmt"/>
        <line num="16" count="576" type="stmt"/>
        <line num="18" count="757" type="stmt"/>
        <line num="19" count="648" type="stmt"/>
        <line num="21" count="648" type="stmt"/>
        <line num="22" count="648" type="cond" truecount="4" falsecount="0"/>
        <line num="23" count="316" type="stmt"/>
        <line num="24" count="332" type="cond" truecount="5" falsecount="0"/>
        <line num="26" count="181" type="stmt"/>
        <line num="30" count="151" type="stmt"/>
        <line num="34" count="576" type="stmt"/>
        <line num="35" count="576" type="stmt"/>
      </file>
      <file name="util.ts" path="/home/runner/work/memfs/memfs/src/core/util.ts">
        <metrics statements="44" coveredstatements="28" conditionals="20" coveredconditionals="9" methods="10" coveredmethods="5"/>
        <line num="1" count="64" type="stmt"/>
        <line num="2" count="64" type="stmt"/>
        <line num="3" count="64" type="stmt"/>
        <line num="4" count="64" type="stmt"/>
        <line num="5" count="64" type="stmt"/>
        <line num="7" count="64" type="stmt"/>
        <line num="9" count="64" type="stmt"/>
        <line num="10" count="64" type="cond" truecount="1" falsecount="1"/>
        <line num="14" count="64" type="stmt"/>
        <line num="15" count="0" type="stmt"/>
        <line num="16" count="0" type="cond" truecount="0" falsecount="4"/>
        <line num="19" count="64" type="stmt"/>
        <line num="20" count="0" type="stmt"/>
        <line num="21" count="0" type="cond" truecount="0" falsecount="1"/>
        <line num="22" count="0" type="stmt"/>
        <line num="23" count="0" type="stmt"/>
        <line num="26" count="64" type="stmt"/>
        <line num="27" count="0" type="cond" truecount="0" falsecount="1"/>
        <line num="28" count="0" type="stmt"/>
        <line num="29" count="0" type="cond" truecount="0" falsecount="1"/>
        <line num="30" count="0" type="stmt"/>
        <line num="33" count="64" type="cond" truecount="0" falsecount="1"/>
        <line num="34" count="0" type="cond" truecount="0" falsecount="1"/>
        <line num="35" count="0" type="stmt"/>
        <line num="36" count="0" type="stmt"/>
        <line num="38" count="0" type="stmt"/>
        <line num="43" count="32051" type="cond" truecount="1" falsecount="0"/>
        <line num="44" count="64" type="cond" truecount="0" falsecount="1"/>
        <line num="45" count="0" type="stmt"/>
        <line num="46" count="0" type="stmt"/>
        <line num="49" count="64" type="stmt"/>
        <line num="51" count="64" type="stmt"/>
        <line num="52" count="31137" type="stmt"/>
        <line num="53" count="31137" type="stmt"/>
        <line num="54" count="31137" type="cond" truecount="1" falsecount="0"/>
        <line num="55" count="28604" type="stmt"/>
        <line num="58" count="64" type="stmt"/>
        <line num="59" count="14562" type="stmt"/>
        <line num="62" count="64" type="stmt"/>
        <line num="63" count="5924" type="cond" truecount="1" falsecount="0"/>
        <line num="66" count="64" type="cond" truecount="1" falsecount="0"/>
        <line num="67" count="2947" type="cond" truecount="2" falsecount="0"/>
        <line num="68" count="1915" type="cond" truecount="2" falsecount="0"/>
        <line num="69" count="1672" type="stmt"/>
      </file>
    </package>
    <package name="src.crud">
      <metrics statements="4" coveredstatements="4" conditionals="0" coveredconditionals="0" methods="1" coveredmethods="1"/>
      <file name="util.ts" path="/home/runner/work/memfs/memfs/src/crud/util.ts">
        <metrics statements="4" coveredstatements="4" conditionals="0" coveredconditionals="0" methods="1" coveredmethods="1"/>
        <line num="2" count="5" type="stmt"/>
        <line num="4" count="5" type="stmt"/>
        <line num="5" count="701" type="stmt"/>
        <line num="6" count="893" type="stmt"/>
      </file>
    </package>
    <package name="src.crud-to-cas">
      <metrics statements="46" coveredstatements="46" conditionals="12" coveredconditionals="11" methods="12" coveredmethods="12"/>
      <file name="CrudCas.ts" path="/home/runner/work/memfs/memfs/src/crud-to-cas/CrudCas.ts">
        <metrics statements="7" coveredstatements="7" conditionals="0" coveredconditionals="0" methods="2" coveredmethods="2"/>
        <line num="1" count="1" type="stmt"/>
        <line num="2" count="1" type="stmt"/>
        <line num="9" count="6" type="stmt"/>
        <line num="11" count="1" type="stmt"/>
        <line num="13" count="30" type="stmt"/>
        <line num="14" count="30" type="stmt"/>
        <line num="16" count="30" type="stmt"/>
      </file>
      <file name="CrudCasBase.ts" path="/home/runner/work/memfs/memfs/src/crud-to-cas/CrudCasBase.ts">
        <metrics statements="33" coveredstatements="33" conditionals="11" coveredconditionals="11" methods="9" coveredmethods="9"/>
        <line num="5" count="2" type="stmt"/>
        <line num="6" count="38" type="stmt"/>
        <line num="7" count="38" type="stmt"/>
        <line num="9" count="16" type="cond" truecount="3" falsecount="0"/>
        <line num="10" count="16" type="cond" truecount="2" falsecount="0"/>
        <line num="13" count="13" type="stmt"/>
        <line num="16" count="3" type="stmt"/>
        <line num="20" count="2" type="stmt"/>
        <line num="22" count="32" type="stmt"/>
        <line num="23" count="32" type="stmt"/>
        <line num="24" count="32" type="stmt"/>
        <line num="25" count="32" type="stmt"/>
        <line num="28" count="32" type="stmt"/>
        <line num="29" count="32" type="stmt"/>
        <line num="30" count="32" type="stmt"/>
        <line num="31" count="32" type="stmt"/>
        <line num="32" count="32" type="stmt"/>
        <line num="35" count="32" type="stmt"/>
        <line num="36" count="14" type="stmt"/>
        <line num="37" count="14" type="stmt"/>
        <line num="38" count="14" type="stmt"/>
        <line num="39" count="11" type="cond" truecount="5" falsecount="0"/>
        <line num="40" count="8" type="stmt"/>
        <line num="41" count="8" type="cond" truecount="1" falsecount="0"/>
        <line num="43" count="8" type="stmt"/>
        <line num="47" count="32" type="stmt"/>
        <line num="48" count="10" type="stmt"/>
        <line num="49" count="10" type="stmt"/>
        <line num="50" count="10" type="stmt"/>
        <line num="54" count="32" type="stmt"/>
        <line num="55" count="14" type="stmt"/>
        <line num="56" count="14" type="stmt"/>
        <line num="57" count="14" type="stmt"/>
      </file>
      <file name="util.ts" path="/home/runner/work/memfs/memfs/src/crud-to-cas/util.ts">
        <metrics statements="6" coveredstatements="6" conditionals="1" coveredconditionals="0" methods="1" coveredmethods="1"/>
        <line num="3" count="2" type="stmt"/>
        <line num="4" count="74" type="cond" truecount="0" falsecount="1"/>
        <line num="5" count="74" type="stmt"/>
        <line num="6" count="74" type="stmt"/>
        <line num="7" count="74" type="stmt"/>
        <line num="8" count="74" type="stmt"/>
      </file>
    </package>
    <package name="src.crud-to-cas.__tests__">
      <metrics statements="85" coveredstatements="85" conditionals="0" coveredconditionals="0" methods="17" coveredmethods="17"/>
      <file name="testCasfs.ts" path="/home/runner/work/memfs/memfs/src/crud-to-cas/__tests__/testCasfs.ts">
        <metrics statements="85" coveredstatements="85" conditionals="0" coveredconditionals="0" methods="17" coveredmethods="17"/>
        <line num="1" count="1" type="stmt"/>
        <line num="2" count="1" type="stmt"/>
        <line num="3" count="1" type="stmt"/>
        <line num="7" count="1" type="stmt"/>
        <line num="8" count="36" type="stmt"/>
        <line num="9" count="36" type="stmt"/>
        <line num="10" count="36" type="stmt"/>
        <line num="13" count="1" type="stmt"/>
        <line num="14" count="39" type="stmt"/>
        <line num="15" count="39" type="stmt"/>
        <line num="24" count="1" type="stmt"/>
        <line num="25" count="3" type="stmt"/>
        <line num="26" count="3" type="stmt"/>
        <line num="27" count="3" type="stmt"/>
        <line num="28" count="3" type="stmt"/>
        <line num="29" count="3" type="stmt"/>
        <line num="30" count="3" type="stmt"/>
        <line num="31" count="3" type="stmt"/>
        <line num="35" count="3" type="stmt"/>
        <line num="36" count="3" type="stmt"/>
        <line num="37" count="3" type="stmt"/>
        <line num="38" count="3" type="stmt"/>
        <line num="39" count="3" type="stmt"/>
        <line num="40" count="3" type="stmt"/>
        <line num="41" count="3" type="stmt"/>
        <line num="44" count="3" type="stmt"/>
        <line num="45" count="3" type="stmt"/>
        <line num="46" count="3" type="stmt"/>
        <line num="47" count="3" type="stmt"/>
        <line num="48" count="3" type="stmt"/>
        <line num="49" count="3" type="stmt"/>
        <line num="50" count="3" type="stmt"/>
        <line num="53" count="3" type="stmt"/>
        <line num="54" count="3" type="stmt"/>
        <line num="55" count="3" type="stmt"/>
        <line num="56" count="3" type="stmt"/>
        <line num="57" count="3" type="stmt"/>
        <line num="58" count="3" type="stmt"/>
        <line num="59" count="3" type="stmt"/>
        <line num="60" count="3" type="stmt"/>
        <line num="61" count="3" type="stmt"/>
        <line num="64" count="3" type="stmt"/>
        <line num="65" count="3" type="stmt"/>
        <line num="66" count="3" type="stmt"/>
        <line num="67" count="3" type="stmt"/>
        <line num="68" count="3" type="stmt"/>
        <line num="69" count="3" type="stmt"/>
        <line num="70" count="3" type="stmt"/>
        <line num="71" count="3" type="stmt"/>
        <line num="75" count="3" type="stmt"/>
        <line num="76" count="3" type="stmt"/>
        <line num="77" count="3" type="stmt"/>
        <line num="78" count="3" type="stmt"/>
        <line num="79" count="3" type="stmt"/>
        <line num="80" count="3" type="stmt"/>
        <line num="81" count="3" type="stmt"/>
        <line num="84" count="3" type="stmt"/>
        <line num="85" count="3" type="stmt"/>
        <line num="86" count="3" type="stmt"/>
        <line num="87" count="3" type="stmt"/>
        <line num="88" count="3" type="stmt"/>
        <line num="89" count="3" type="stmt"/>
        <line num="90" count="3" type="stmt"/>
        <line num="94" count="3" type="stmt"/>
        <line num="95" count="3" type="stmt"/>
        <line num="96" count="3" type="stmt"/>
        <line num="97" count="3" type="stmt"/>
        <line num="98" count="3" type="stmt"/>
        <line num="99" count="3" type="stmt"/>
        <line num="100" count="3" type="stmt"/>
        <line num="101" count="3" type="stmt"/>
        <line num="102" count="3" type="stmt"/>
        <line num="103" count="3" type="stmt"/>
        <line num="106" count="3" type="stmt"/>
        <line num="107" count="3" type="stmt"/>
        <line num="108" count="3" type="stmt"/>
        <line num="109" count="3" type="stmt"/>
        <line num="110" count="3" type="stmt"/>
        <line num="111" count="3" type="stmt"/>
        <line num="112" count="3" type="stmt"/>
        <line num="115" count="3" type="stmt"/>
        <line num="116" count="3" type="stmt"/>
        <line num="117" count="3" type="stmt"/>
        <line num="118" count="3" type="stmt"/>
        <line num="119" count="3" type="stmt"/>
      </file>
    </package>
    <package name="src.crud.__tests__">
      <metrics statements="235" coveredstatements="234" conditionals="0" coveredconditionals="0" methods="53" coveredmethods="53"/>
      <file name="testCrudfs.ts" path="/home/runner/work/memfs/memfs/src/crud/__tests__/testCrudfs.ts">
        <metrics statements="235" coveredstatements="234" conditionals="0" coveredconditionals="0" methods="53" coveredmethods="53"/>
        <line num="1" count="3" type="stmt"/>
        <line num="9" count="3" type="stmt"/>
        <line num="10" count="344" type="stmt"/>
        <line num="11" count="344" type="stmt"/>
        <line num="14" count="3" type="stmt"/>
        <line num="15" count="8" type="stmt"/>
        <line num="16" count="8" type="stmt"/>
        <line num="17" count="8" type="stmt"/>
        <line num="18" count="8" type="stmt"/>
        <line num="19" count="8" type="stmt"/>
        <line num="20" count="8" type="stmt"/>
        <line num="23" count="8" type="stmt"/>
        <line num="24" count="8" type="stmt"/>
        <line num="25" count="8" type="stmt"/>
        <line num="26" count="8" type="stmt"/>
        <line num="27" count="8" type="stmt"/>
        <line num="30" count="8" type="stmt"/>
        <line num="31" count="8" type="stmt"/>
        <line num="32" count="8" type="stmt"/>
        <line num="33" count="8" type="stmt"/>
        <line num="38" count="8" type="stmt"/>
        <line num="39" count="8" type="stmt"/>
        <line num="40" count="8" type="stmt"/>
        <line num="41" count="8" type="stmt"/>
        <line num="46" count="8" type="stmt"/>
        <line num="47" count="8" type="stmt"/>
        <line num="48" count="8" type="stmt"/>
        <line num="49" count="8" type="stmt"/>
        <line num="50" count="8" type="stmt"/>
        <line num="55" count="8" type="stmt"/>
        <line num="56" count="8" type="stmt"/>
        <line num="57" count="8" type="stmt"/>
        <line num="58" count="8" type="stmt"/>
        <line num="59" count="8" type="stmt"/>
        <line num="60" count="8" type="stmt"/>
        <line num="63" count="8" type="stmt"/>
        <line num="64" count="8" type="stmt"/>
        <line num="65" count="8" type="stmt"/>
        <line num="66" count="8" type="stmt"/>
        <line num="67" count="8" type="stmt"/>
        <line num="68" count="8" type="stmt"/>
        <line num="69" count="8" type="stmt"/>
        <line num="70" count="8" type="stmt"/>
        <line num="76" count="8" type="stmt"/>
        <line num="77" count="8" type="stmt"/>
        <line num="78" count="8" type="stmt"/>
        <line num="79" count="8" type="stmt"/>
        <line num="80" count="8" type="stmt"/>
        <line num="81" count="8" type="stmt"/>
        <line num="84" count="8" type="stmt"/>
        <line num="85" count="8" type="stmt"/>
        <line num="86" count="8" type="stmt"/>
        <line num="87" count="8" type="stmt"/>
        <line num="88" count="8" type="stmt"/>
        <line num="91" count="8" type="stmt"/>
        <line num="92" count="8" type="stmt"/>
        <line num="93" count="8" type="stmt"/>
        <line num="94" count="8" type="stmt"/>
        <line num="95" count="8" type="stmt"/>
        <line num="98" count="8" type="stmt"/>
        <line num="99" count="8" type="stmt"/>
        <line num="100" count="8" type="stmt"/>
        <line num="101" count="8" type="stmt"/>
        <line num="102" count="8" type="stmt"/>
        <line num="103" count="8" type="stmt"/>
        <line num="106" count="8" type="stmt"/>
        <line num="107" count="8" type="stmt"/>
        <line num="108" count="8" type="stmt"/>
        <line num="109" count="8" type="stmt"/>
        <line num="110" count="8" type="stmt"/>
        <line num="114" count="8" type="stmt"/>
        <line num="115" count="8" type="stmt"/>
        <line num="116" count="8" type="stmt"/>
        <line num="117" count="8" type="stmt"/>
        <line num="118" count="8" type="stmt"/>
        <line num="119" count="8" type="stmt"/>
        <line num="122" count="8" type="stmt"/>
        <line num="123" count="8" type="stmt"/>
        <line num="124" count="8" type="stmt"/>
        <line num="125" count="8" type="stmt"/>
        <line num="126" count="8" type="stmt"/>
        <line num="129" count="8" type="stmt"/>
        <line num="130" count="8" type="stmt"/>
        <line num="131" count="8" type="stmt"/>
        <line num="132" count="8" type="stmt"/>
        <line num="133" count="8" type="stmt"/>
        <line num="134" count="8" type="stmt"/>
        <line num="137" count="8" type="stmt"/>
        <line num="138" count="8" type="stmt"/>
        <line num="139" count="8" type="stmt"/>
        <line num="143" count="8" type="stmt"/>
        <line num="144" count="8" type="stmt"/>
        <line num="145" count="8" type="stmt"/>
        <line num="146" count="8" type="stmt"/>
        <line num="147" count="8" type="stmt"/>
        <line num="148" count="8" type="stmt"/>
        <line num="149" count="8" type="stmt"/>
        <line num="152" count="8" type="stmt"/>
        <line num="153" count="8" type="stmt"/>
        <line num="154" count="8" type="stmt"/>
        <line num="155" count="8" type="stmt"/>
        <line num="159" count="8" type="stmt"/>
        <line num="160" count="8" type="stmt"/>
        <line num="161" count="8" type="stmt"/>
        <line num="162" count="8" type="stmt"/>
        <line num="163" count="8" type="stmt"/>
        <line num="164" count="8" type="stmt"/>
        <line num="165" count="8" type="stmt"/>
        <line num="166" count="8" type="stmt"/>
        <line num="170" count="8" type="stmt"/>
        <line num="171" count="8" type="stmt"/>
        <line num="172" count="8" type="stmt"/>
        <line num="173" count="8" type="stmt"/>
        <line num="174" count="8" type="stmt"/>
        <line num="175" count="8" type="stmt"/>
        <line num="178" count="8" type="stmt"/>
        <line num="179" count="8" type="stmt"/>
        <line num="180" count="8" type="stmt"/>
        <line num="181" count="8" type="stmt"/>
        <line num="182" count="8" type="stmt"/>
        <line num="185" count="8" type="stmt"/>
        <line num="186" count="8" type="stmt"/>
        <line num="187" count="8" type="stmt"/>
        <line num="188" count="8" type="stmt"/>
        <line num="189" count="8" type="stmt"/>
        <line num="197" count="8" type="stmt"/>
        <line num="198" count="8" type="stmt"/>
        <line num="199" count="8" type="stmt"/>
        <line num="200" count="8" type="stmt"/>
        <line num="201" count="8" type="stmt"/>
        <line num="206" count="8" type="stmt"/>
        <line num="207" count="8" type="stmt"/>
        <line num="208" count="8" type="stmt"/>
        <line num="209" count="8" type="stmt"/>
        <line num="210" count="8" type="stmt"/>
        <line num="211" count="8" type="stmt"/>
        <line num="214" count="8" type="stmt"/>
        <line num="215" count="8" type="stmt"/>
        <line num="216" count="8" type="stmt"/>
        <line num="217" count="8" type="stmt"/>
        <line num="218" count="8" type="stmt"/>
        <line num="219" count="8" type="stmt"/>
        <line num="223" count="8" type="stmt"/>
        <line num="224" count="8" type="stmt"/>
        <line num="225" count="8" type="stmt"/>
        <line num="226" count="8" type="stmt"/>
        <line num="227" count="8" type="stmt"/>
        <line num="228" count="8" type="stmt"/>
        <line num="231" count="8" type="stmt"/>
        <line num="232" count="8" type="stmt"/>
        <line num="233" count="8" type="stmt"/>
        <line num="234" count="8" type="stmt"/>
        <line num="235" count="8" type="stmt"/>
        <line num="236" count="8" type="stmt"/>
        <line num="237" count="8" type="stmt"/>
        <line num="238" count="8" type="stmt"/>
        <line num="239" count="8" type="stmt"/>
        <line num="240" count="8" type="stmt"/>
        <line num="241" count="8" type="stmt"/>
        <line num="244" count="8" type="stmt"/>
        <line num="245" count="8" type="stmt"/>
        <line num="246" count="8" type="stmt"/>
        <line num="247" count="8" type="stmt"/>
        <line num="248" count="8" type="stmt"/>
        <line num="249" count="8" type="stmt"/>
        <line num="250" count="8" type="stmt"/>
        <line num="251" count="8" type="stmt"/>
        <line num="254" count="8" type="stmt"/>
        <line num="255" count="8" type="stmt"/>
        <line num="256" count="8" type="stmt"/>
        <line num="257" count="8" type="stmt"/>
        <line num="258" count="8" type="stmt"/>
        <line num="259" count="8" type="stmt"/>
        <line num="262" count="8" type="stmt"/>
        <line num="263" count="8" type="stmt"/>
        <line num="264" count="8" type="stmt"/>
        <line num="265" count="8" type="stmt"/>
        <line num="266" count="8" type="stmt"/>
        <line num="267" count="8" type="stmt"/>
        <line num="268" count="8" type="stmt"/>
        <line num="269" count="8" type="stmt"/>
        <line num="270" count="8" type="stmt"/>
        <line num="274" count="8" type="stmt"/>
        <line num="275" count="8" type="stmt"/>
        <line num="276" count="8" type="stmt"/>
        <line num="277" count="8" type="stmt"/>
        <line num="278" count="8" type="stmt"/>
        <line num="279" count="8" type="stmt"/>
        <line num="280" count="0" type="stmt"/>
        <line num="282" count="8" type="stmt"/>
        <line num="283" count="8" type="stmt"/>
        <line num="287" count="8" type="stmt"/>
        <line num="288" count="8" type="stmt"/>
        <line num="289" count="8" type="stmt"/>
        <line num="290" count="8" type="stmt"/>
        <line num="291" count="8" type="stmt"/>
        <line num="292" count="8" type="stmt"/>
        <line num="293" count="56" type="stmt"/>
        <line num="294" count="8" type="stmt"/>
        <line num="295" count="8" type="stmt"/>
        <line num="299" count="24" type="stmt"/>
        <line num="303" count="16" type="stmt"/>
        <line num="309" count="8" type="stmt"/>
        <line num="310" count="8" type="stmt"/>
        <line num="311" count="8" type="stmt"/>
        <line num="312" count="8" type="stmt"/>
        <line num="313" count="8" type="stmt"/>
        <line num="314" count="8" type="stmt"/>
        <line num="315" count="8" type="stmt"/>
        <line num="316" count="8" type="stmt"/>
        <line num="317" count="8" type="stmt"/>
        <line num="321" count="8" type="stmt"/>
        <line num="322" count="8" type="stmt"/>
        <line num="323" count="8" type="stmt"/>
        <line num="324" count="8" type="stmt"/>
        <line num="325" count="8" type="stmt"/>
        <line num="326" count="8" type="stmt"/>
        <line num="329" count="8" type="stmt"/>
        <line num="330" count="8" type="stmt"/>
        <line num="331" count="8" type="stmt"/>
        <line num="332" count="8" type="stmt"/>
        <line num="333" count="8" type="stmt"/>
        <line num="334" count="8" type="stmt"/>
        <line num="335" count="8" type="stmt"/>
        <line num="336" count="8" type="stmt"/>
        <line num="340" count="24" type="stmt"/>
        <line num="344" count="16" type="stmt"/>
        <line num="350" count="8" type="stmt"/>
        <line num="351" count="8" type="stmt"/>
        <line num="352" count="8" type="stmt"/>
        <line num="353" count="8" type="stmt"/>
        <line num="354" count="8" type="stmt"/>
        <line num="355" count="8" type="stmt"/>
        <line num="356" count="8" type="stmt"/>
        <line num="357" count="8" type="stmt"/>
      </file>
    </package>
    <package name="src.fsa">
      <metrics statements="323" coveredstatements="191" conditionals="178" coveredconditionals="73" methods="48" coveredmethods="33"/>
      <file name="CoreFileSystemDirectoryHandle.ts" path="/home/runner/work/memfs/memfs/src/fsa/CoreFileSystemDirectoryHandle.ts">
        <metrics statements="115" coveredstatements="86" conditionals="79" coveredconditionals="48" methods="9" coveredmethods="8"/>
        <line num="1" count="4" type="stmt"/>
        <line num="2" count="4" type="stmt"/>
        <line num="11" count="4" type="stmt"/>
        <line num="24" count="4" type="stmt"/>
        <line num="25" count="4" type="stmt"/>
        <line num="30" count="4" type="stmt"/>
        <line num="36" count="66" type="stmt"/>
        <line num="40" count="66" type="stmt"/>
        <line num="41" count="66" type="stmt"/>
        <line num="42" count="66" type="stmt"/>
        <line num="43" count="66" type="cond" truecount="2" falsecount="0"/>
        <line num="53" count="8" type="stmt"/>
        <line num="54" count="8" type="stmt"/>
        <line num="55" count="8" type="stmt"/>
        <line num="56" count="8" type="stmt"/>
        <line num="57" count="25" type="cond" truecount="3" falsecount="0"/>
        <line num="58" count="9" type="stmt"/>
        <line num="62" count="0" type="stmt"/>
        <line num="70" count="5" type="stmt"/>
        <line num="71" count="5" type="stmt"/>
        <line num="72" count="5" type="stmt"/>
        <line num="73" count="5" type="stmt"/>
        <line num="74" count="5" type="stmt"/>
        <line num="75" count="14" type="cond" truecount="4" falsecount="0"/>
        <line num="76" count="4" type="stmt"/>
        <line num="77" count="4" type="stmt"/>
        <line num="78" count="4" type="cond" truecount="2" falsecount="0"/>
        <line num="79" count="2" type="stmt"/>
        <line num="80" count="2" type="cond" truecount="1" falsecount="0"/>
        <line num="81" count="2" type="stmt"/>
        <line num="86" count="0" type="stmt"/>
        <line num="97" count="1" type="stmt"/>
        <line num="114" count="17" type="stmt"/>
        <line num="115" count="17" type="stmt"/>
        <line num="116" count="17" type="stmt"/>
        <line num="117" count="17" type="stmt"/>
        <line num="118" count="17" type="cond" truecount="2" falsecount="0"/>
        <line num="119" count="7" type="stmt"/>
        <line num="120" count="7" type="cond" truecount="0" falsecount="1"/>
        <line num="121" count="7" type="stmt"/>
        <line num="123" count="10" type="stmt"/>
        <line num="126" count="10" type="cond" truecount="0" falsecount="1"/>
        <line num="127" count="10" type="cond" truecount="3" falsecount="0"/>
        <line num="128" count="10" type="cond" truecount="3" falsecount="0"/>
        <line num="129" count="10" type="cond" truecount="5" falsecount="0"/>
        <line num="130" count="6" type="stmt"/>
        <line num="131" count="5" type="stmt"/>
        <line num="132" count="5" type="stmt"/>
        <line num="133" count="5" type="stmt"/>
        <line num="135" count="0" type="cond" truecount="0" falsecount="4"/>
        <line num="136" count="0" type="stmt"/>
        <line num="138" count="0" type="stmt"/>
        <line num="141" count="4" type="stmt"/>
        <line num="143" count="0" type="cond" truecount="0" falsecount="1"/>
        <line num="144" count="0" type="stmt"/>
        <line num="147" count="0" type="stmt"/>
        <line num="161" count="35" type="stmt"/>
        <line num="162" count="35" type="stmt"/>
        <line num="163" count="35" type="stmt"/>
        <line num="164" count="35" type="stmt"/>
        <line num="165" count="35" type="cond" truecount="2" falsecount="0"/>
        <line num="166" count="27" type="stmt"/>
        <line num="167" count="27" type="cond" truecount="0" falsecount="1"/>
        <line num="168" count="27" type="stmt"/>
        <line num="170" count="8" type="stmt"/>
        <line num="173" count="8" type="cond" truecount="0" falsecount="1"/>
        <line num="174" count="8" type="cond" truecount="3" falsecount="0"/>
        <line num="175" count="8" type="cond" truecount="3" falsecount="0"/>
        <line num="176" count="8" type="cond" truecount="5" falsecount="0"/>
        <line num="177" count="5" type="stmt"/>
        <line num="178" count="4" type="stmt"/>
        <line num="179" count="4" type="stmt"/>
        <line num="180" count="4" type="stmt"/>
        <line num="182" count="0" type="cond" truecount="0" falsecount="4"/>
        <line num="183" count="0" type="stmt"/>
        <line num="185" count="0" type="stmt"/>
        <line num="188" count="3" type="stmt"/>
        <line num="190" count="0" type="cond" truecount="0" falsecount="1"/>
        <line num="191" count="0" type="stmt"/>
        <line num="194" count="0" type="stmt"/>
        <line num="208" count="6" type="stmt"/>
        <line num="209" count="5" type="stmt"/>
        <line num="210" count="5" type="stmt"/>
        <line num="211" count="5" type="stmt"/>
        <line num="212" count="5" type="stmt"/>
        <line num="213" count="5" type="stmt"/>
        <line num="214" count="5" type="cond" truecount="2" falsecount="0"/>
        <line num="215" count="2" type="stmt"/>
        <line num="216" count="3" type="cond" truecount="1" falsecount="1"/>
        <line num="217" count="3" type="stmt"/>
        <line num="219" count="0" type="stmt"/>
        <line num="222" count="0" type="cond" truecount="0" falsecount="1"/>
        <line num="223" count="0" type="cond" truecount="0" falsecount="3"/>
        <line num="224" count="0" type="cond" truecount="0" falsecount="3"/>
        <line num="226" count="0" type="stmt"/>
        <line num="229" count="0" type="stmt"/>
        <line num="231" count="0" type="stmt"/>
        <line num="234" count="0" type="stmt"/>
        <line num="248" count="4" type="cond" truecount="1" falsecount="0"/>
        <line num="253" count="4" type="cond" truecount="1" falsecount="0"/>
        <line num="255" count="3" type="stmt"/>
        <line num="256" count="3" type="stmt"/>
        <line num="257" count="3" type="cond" truecount="0" falsecount="1"/>
        <line num="258" count="3" type="stmt"/>
        <line num="259" count="3" type="cond" truecount="0" falsecount="1"/>
        <line num="260" count="3" type="stmt"/>
        <line num="261" count="3" type="cond" truecount="0" falsecount="1"/>
        <line num="262" count="3" type="stmt"/>
        <line num="264" count="0" type="stmt"/>
        <line num="268" count="0" type="cond" truecount="0" falsecount="1"/>
        <line num="269" count="0" type="cond" truecount="0" falsecount="3"/>
        <line num="270" count="0" type="cond" truecount="0" falsecount="2"/>
        <line num="272" count="0" type="stmt"/>
        <line num="274" count="0" type="stmt"/>
        <line num="277" count="0" type="stmt"/>
      </file>
      <file name="CoreFileSystemFileHandle.ts" path="/home/runner/work/memfs/memfs/src/fsa/CoreFileSystemFileHandle.ts">
        <metrics statements="30" coveredstatements="24" conditionals="12" coveredconditionals="3" methods="5" coveredmethods="4"/>
        <line num="1" count="4" type="stmt"/>
        <line num="2" count="4" type="stmt"/>
        <line num="3" count="4" type="stmt"/>
        <line num="4" count="4" type="stmt"/>
        <line num="15" count="4" type="stmt"/>
        <line num="19" count="33" type="stmt"/>
        <line num="20" count="33" type="stmt"/>
        <line num="23" count="33" type="stmt"/>
        <line num="24" count="33" type="stmt"/>
        <line num="25" count="33" type="stmt"/>
        <line num="35" count="13" type="stmt"/>
        <line num="36" count="13" type="stmt"/>
        <line num="37" count="13" type="stmt"/>
        <line num="38" count="13" type="stmt"/>
        <line num="40" count="13" type="cond" truecount="0" falsecount="1"/>
        <line num="41" count="0" type="stmt"/>
        <line num="45" count="13" type="cond" truecount="1" falsecount="1"/>
        <line num="48" count="13" type="stmt"/>
        <line num="49" count="13" type="stmt"/>
        <line num="51" count="13" type="stmt"/>
        <line num="52" count="13" type="stmt"/>
        <line num="54" count="0" type="cond" truecount="0" falsecount="1"/>
        <line num="55" count="0" type="cond" truecount="0" falsecount="3"/>
        <line num="56" count="0" type="cond" truecount="0" falsecount="1"/>
        <line num="58" count="0" type="stmt"/>
        <line num="61" count="0" type="stmt"/>
        <line num="69" count="3" type="cond" truecount="1" falsecount="0"/>
        <line num="70" count="2" type="stmt"/>
        <line num="79" count="6" type="stmt"/>
        <line num="80" count="5" type="stmt"/>
      </file>
      <file name="CoreFileSystemHandle.ts" path="/home/runner/work/memfs/memfs/src/fsa/CoreFileSystemHandle.ts">
        <metrics statements="13" coveredstatements="13" conditionals="6" coveredconditionals="6" methods="5" coveredmethods="5"/>
        <line num="1" count="4" type="stmt"/>
        <line num="10" count="4" type="stmt"/>
        <line num="14" count="99" type="stmt"/>
        <line num="15" count="99" type="stmt"/>
        <line num="18" count="99" type="stmt"/>
        <line num="27" count="3" type="stmt"/>
        <line num="39" count="4" type="stmt"/>
        <line num="40" count="4" type="stmt"/>
        <line num="43" count="4" type="cond" truecount="3" falsecount="0"/>
        <line num="44" count="1" type="stmt"/>
        <line num="48" count="3" type="stmt"/>
        <line num="55" count="1" type="stmt"/>
        <line num="64" count="1" type="stmt"/>
      </file>
      <file name="CoreFileSystemSyncAccessHandle.ts" path="/home/runner/work/memfs/memfs/src/fsa/CoreFileSystemSyncAccessHandle.ts">
        <metrics statements="54" coveredstatements="4" conditionals="27" coveredconditionals="0" methods="8" coveredmethods="0"/>
        <line num="3" count="4" type="stmt"/>
        <line num="5" count="4" type="stmt"/>
        <line num="6" count="4" type="stmt"/>
        <line num="11" count="4" type="stmt"/>
        <line num="12" count="0" type="stmt"/>
        <line num="13" count="0" type="stmt"/>
        <line num="16" count="0" type="stmt"/>
        <line num="17" count="0" type="stmt"/>
        <line num="18" count="0" type="stmt"/>
        <line num="22" count="0" type="cond" truecount="0" falsecount="1"/>
        <line num="23" count="0" type="stmt"/>
        <line num="25" count="0" type="cond" truecount="0" falsecount="1"/>
        <line num="27" count="0" type="cond" truecount="0" falsecount="2"/>
        <line num="28" count="0" type="stmt"/>
        <line num="30" count="0" type="stmt"/>
        <line num="37" count="0" type="cond" truecount="0" falsecount="1"/>
        <line num="38" count="0" type="stmt"/>
        <line num="39" count="0" type="stmt"/>
        <line num="41" count="0" type="stmt"/>
        <line num="48" count="0" type="stmt"/>
        <line num="57" count="0" type="stmt"/>
        <line num="58" count="0" type="stmt"/>
        <line num="59" count="0" type="stmt"/>
        <line num="60" count="0" type="stmt"/>
        <line num="62" count="0" type="cond" truecount="0" falsecount="4"/>
        <line num="63" count="0" type="stmt"/>
        <line num="65" count="0" type="stmt"/>
        <line num="73" count="0" type="stmt"/>
        <line num="74" count="0" type="cond" truecount="0" falsecount="1"/>
        <line num="76" count="0" type="stmt"/>
        <line num="77" count="0" type="stmt"/>
        <line num="78" count="0" type="stmt"/>
        <line num="80" count="0" type="cond" truecount="0" falsecount="4"/>
        <line num="81" count="0" type="stmt"/>
        <line num="83" count="0" type="stmt"/>
        <line num="91" count="0" type="cond" truecount="0" falsecount="1"/>
        <line num="92" count="0" type="stmt"/>
        <line num="95" count="0" type="stmt"/>
        <line num="96" count="0" type="stmt"/>
        <line num="97" count="0" type="stmt"/>
        <line num="98" count="0" type="stmt"/>
        <line num="100" count="0" type="cond" truecount="0" falsecount="4"/>
        <line num="101" count="0" type="stmt"/>
        <line num="103" count="0" type="stmt"/>
        <line num="114" count="0" type="cond" truecount="0" falsecount="1"/>
        <line num="115" count="0" type="stmt"/>
        <line num="118" count="0" type="stmt"/>
        <line num="119" count="0" type="cond" truecount="0" falsecount="1"/>
        <line num="121" count="0" type="stmt"/>
        <line num="122" count="0" type="stmt"/>
        <line num="123" count="0" type="stmt"/>
        <line num="125" count="0" type="cond" truecount="0" falsecount="4"/>
        <line num="126" count="0" type="stmt"/>
        <line num="128" count="0" type="stmt"/>
      </file>
      <file name="CoreFileSystemWritableFileStream.ts" path="/home/runner/work/memfs/memfs/src/fsa/CoreFileSystemWritableFileStream.ts">
        <metrics statements="75" coveredstatements="29" conditionals="44" coveredconditionals="9" methods="11" coveredmethods="8"/>
        <line num="3" count="4" type="stmt"/>
        <line num="5" count="4" type="stmt"/>
        <line num="6" count="4" type="stmt"/>
        <line num="11" count="4" type="stmt"/>
        <line num="13" count="5" type="stmt"/>
        <line num="14" count="5" type="stmt"/>
        <line num="21" count="5" type="stmt"/>
        <line num="24" count="5" type="cond" truecount="2" falsecount="0"/>
        <line num="25" count="5" type="stmt"/>
        <line num="26" count="5" type="stmt"/>
        <line num="28" count="0" type="cond" truecount="0" falsecount="4"/>
        <line num="29" count="0" type="stmt"/>
        <line num="31" count="0" type="stmt"/>
        <line num="35" count="0" type="stmt"/>
        <line num="38" count="4" type="cond" truecount="3" falsecount="0"/>
        <line num="39" count="4" type="stmt"/>
        <line num="40" count="4" type="stmt"/>
        <line num="44" count="0" type="cond" truecount="0" falsecount="3"/>
        <line num="45" count="0" type="stmt"/>
        <line num="46" count="0" type="stmt"/>
        <line num="51" count="5" type="stmt"/>
        <line num="52" count="5" type="stmt"/>
        <line num="53" count="5" type="stmt"/>
        <line num="60" count="1" type="cond" truecount="0" falsecount="1"/>
        <line num="61" count="0" type="stmt"/>
        <line num="63" count="1" type="stmt"/>
        <line num="70" count="0" type="cond" truecount="0" falsecount="1"/>
        <line num="71" count="0" type="stmt"/>
        <line num="73" count="0" type="stmt"/>
        <line num="74" count="0" type="stmt"/>
        <line num="75" count="0" type="stmt"/>
        <line num="76" count="0" type="stmt"/>
        <line num="78" count="0" type="cond" truecount="0" falsecount="4"/>
        <line num="79" count="0" type="stmt"/>
        <line num="81" count="0" type="stmt"/>
        <line num="91" count="5" type="stmt"/>
        <line num="95" count="5" type="cond" truecount="0" falsecount="1"/>
        <line num="96" count="0" type="stmt"/>
        <line num="99" count="5" type="cond" truecount="0" falsecount="1"/>
        <line num="100" count="0" type="stmt"/>
        <line num="103" count="5" type="stmt"/>
        <line num="104" count="5" type="cond" truecount="1" falsecount="1"/>
        <line num="105" count="0" type="stmt"/>
        <line num="106" count="0" type="cond" truecount="0" falsecount="3"/>
        <line num="108" count="0" type="cond" truecount="0" falsecount="1"/>
        <line num="109" count="0" type="stmt"/>
        <line num="110" count="0" type="cond" truecount="0" falsecount="2"/>
        <line num="111" count="0" type="stmt"/>
[...]
        <line num="25" count="3" type="stmt"/>
        <line num="32" count="1" type="stmt"/>
        <line num="33" count="1" type="stmt"/>
        <line num="40" count="2" type="stmt"/>
        <line num="47" count="4" type="cond" truecount="1" falsecount="1"/>
        <line num="48" count="4" type="stmt"/>
        <line num="49" count="4" type="cond" truecount="4" falsecount="0"/>
        <line num="50" count="3" type="stmt"/>
        <line num="52" count="1" type="cond" truecount="0" falsecount="1"/>
        <line num="53" count="1" type="cond" truecount="3" falsecount="0"/>
        <line num="54" count="1" type="cond" truecount="1" falsecount="0"/>
        <line num="56" count="1" type="stmt"/>
        <line num="60" count="0" type="stmt"/>
        <line num="69" count="1" type="stmt"/>
        <line num="70" count="1" type="stmt"/>
        <line num="85" count="4" type="stmt"/>
        <line num="86" count="4" type="cond" truecount="1" falsecount="1"/>
        <line num="87" count="4" type="stmt"/>
        <line num="88" count="4" type="cond" truecount="4" falsecount="0"/>
        <line num="90" count="1" type="cond" truecount="0" falsecount="1"/>
        <line num="91" count="1" type="cond" truecount="3" falsecount="0"/>
        <line num="92" count="1" type="cond" truecount="1" falsecount="0"/>
        <line num="94" count="1" type="stmt"/>
        <line num="98" count="0" type="stmt"/>
      </file>
      <file name="NodeFileSystemWritableFileStream.ts" path="/home/runner/work/memfs/memfs/src/node-to-fsa/NodeFileSystemWritableFileStream.ts">
        <metrics statements="72" coveredstatements="70" conditionals="38" coveredconditionals="23" methods="11" coveredmethods="11"/>
        <line num="1" count="11" type="stmt"/>
        <line num="15" count="11" type="stmt"/>
        <line num="21" count="1011" type="stmt"/>
        <line num="22" count="1011" type="stmt"/>
        <line num="23" count="1011" type="stmt"/>
        <line num="25" count="242" type="cond" truecount="3" falsecount="1"/>
        <line num="27" count="1011" type="cond" truecount="1" falsecount="0"/>
        <line num="28" count="242" type="stmt"/>
        <line num="29" count="287" type="stmt"/>
        <line num="30" count="287" type="stmt"/>
        <line num="31" count="287" type="stmt"/>
        <line num="32" count="242" type="stmt"/>
        <line num="34" count="45" type="cond" truecount="3" falsecount="1"/>
        <line num="38" count="1011" type="cond" truecount="0" falsecount="1"/>
        <line num="39" count="1011" type="cond" truecount="1" falsecount="0"/>
        <line num="40" count="1011" type="stmt"/>
        <line num="61" count="11" type="stmt"/>
        <line num="65" count="1005" type="stmt"/>
        <line num="66" count="1005" type="stmt"/>
        <line num="69" count="1005" type="stmt"/>
        <line num="70" count="1005" type="stmt"/>
        <line num="72" count="1005" type="stmt"/>
        <line num="73" count="1005" type="stmt"/>
        <line num="74" count="1005" type="stmt"/>
        <line num="75" count="1005" type="stmt"/>
        <line num="76" count="1005" type="stmt"/>
        <line num="79" count="1007" type="stmt"/>
        <line num="80" count="1007" type="stmt"/>
        <line num="81" count="1007" type="cond" truecount="0" falsecount="1"/>
        <line num="82" count="1007" type="stmt"/>
        <line num="85" count="1007" type="stmt"/>
        <line num="86" count="1007" type="stmt"/>
        <line num="89" count="1004" type="stmt"/>
        <line num="90" count="1004" type="stmt"/>
        <line num="91" count="1004" type="cond" truecount="0" falsecount="1"/>
        <line num="92" count="1004" type="stmt"/>
        <line num="93" count="1004" type="stmt"/>
        <line num="96" count="1" type="stmt"/>
        <line num="97" count="1" type="stmt"/>
        <line num="98" count="1" type="cond" truecount="0" falsecount="1"/>
        <line num="99" count="1" type="stmt"/>
        <line num="100" count="1" type="stmt"/>
        <line num="103" count="1005" type="stmt"/>
        <line num="112" count="256" type="stmt"/>
        <line num="120" count="6" type="stmt"/>
        <line num="121" count="6" type="stmt"/>
        <line num="122" count="6" type="cond" truecount="0" falsecount="1"/>
        <line num="123" count="6" type="stmt"/>
        <line num="124" count="6" type="cond" truecount="0" falsecount="1"/>
        <line num="128" count="1007" type="stmt"/>
        <line num="129" count="1007" type="stmt"/>
        <line num="130" count="1007" type="stmt"/>
        <line num="132" count="1007" type="stmt"/>
        <line num="142" count="1012" type="cond" truecount="0" falsecount="1"/>
        <line num="143" count="1012" type="cond" truecount="2" falsecount="1"/>
        <line num="145" count="7" type="stmt"/>
        <line num="148" count="1005" type="stmt"/>
        <line num="149" count="1005" type="cond" truecount="4" falsecount="0"/>
        <line num="153" count="281" type="stmt"/>
        <line num="155" count="724" type="cond" truecount="2" falsecount="0"/>
        <line num="156" count="467" type="stmt"/>
        <line num="158" count="257" type="stmt"/>
        <line num="159" count="257" type="cond" truecount="3" falsecount="1"/>
        <line num="161" count="252" type="cond" truecount="1" falsecount="0"/>
        <line num="162" count="252" type="stmt"/>
        <line num="165" count="3" type="cond" truecount="0" falsecount="1"/>
        <line num="166" count="3" type="cond" truecount="0" falsecount="1"/>
        <line num="167" count="3" type="stmt"/>
        <line num="170" count="2" type="cond" truecount="0" falsecount="1"/>
        <line num="171" count="2" type="stmt"/>
        <line num="173" count="0" type="stmt"/>
        <line num="180" count="0" type="stmt"/>
      </file>
      <file name="index.ts" path="/home/runner/work/memfs/memfs/src/node-to-fsa/index.ts">
        <metrics statements="7" coveredstatements="7" conditionals="0" coveredconditionals="0" methods="1" coveredmethods="1"/>
        <line num="1" count="6" type="stmt"/>
        <line num="4" count="6" type="stmt"/>
        <line num="5" count="6" type="stmt"/>
        <line num="6" count="6" type="stmt"/>
        <line num="7" count="6" type="stmt"/>
        <line num="9" count="6" type="stmt"/>
        <line num="14" count="85" type="stmt"/>
      </file>
      <file name="util.ts" path="/home/runner/work/memfs/memfs/src/node-to-fsa/util.ts">
        <metrics statements="18" coveredstatements="18" conditionals="8" coveredconditionals="7" methods="7" coveredmethods="6"/>
        <line num="6" count="65" type="cond" truecount="0" falsecount="1"/>
        <line num="7" count="6918" type="stmt"/>
        <line num="15" count="65" type="stmt"/>
        <line num="16" count="6947" type="cond" truecount="1" falsecount="0"/>
        <line num="17" count="6947" type="stmt"/>
        <line num="18" count="6947" type="cond" truecount="2" falsecount="0"/>
        <line num="21" count="65" type="stmt"/>
        <line num="23" count="65" type="stmt"/>
        <line num="24" count="9742" type="cond" truecount="2" falsecount="0"/>
        <line num="25" count="9742" type="cond" truecount="1" falsecount="0"/>
        <line num="28" count="65" type="stmt"/>
        <line num="29" count="2486" type="cond" truecount="1" falsecount="0"/>
        <line num="30" count="8" type="stmt"/>
        <line num="36" count="65" type="stmt"/>
        <line num="37" count="873" type="stmt"/>
        <line num="42" count="65" type="stmt"/>
        <line num="43" count="750" type="stmt"/>
        <line num="45" count="65" type="stmt"/>
      </file>
    </package>
    <package name="src.node.lists">
      <metrics statements="2" coveredstatements="2" conditionals="0" coveredconditionals="0" methods="0" coveredmethods="0"/>
      <file name="fsCallbackApiList.ts" path="/home/runner/work/memfs/memfs/src/node/lists/fsCallbackApiList.ts">
        <metrics statements="1" coveredstatements="1" conditionals="0" coveredconditionals="0" methods="0" coveredmethods="0"/>
        <line num="3" count="59" type="stmt"/>
      </file>
      <file name="fsSynchronousApiList.ts" path="/home/runner/work/memfs/memfs/src/node/lists/fsSynchronousApiList.ts">
        <metrics statements="1" coveredstatements="1" conditionals="0" coveredconditionals="0" methods="0" coveredmethods="0"/>
        <line num="3" count="59" type="stmt"/>
      </file>
    </package>
    <package name="src.print">
      <metrics statements="20" coveredstatements="20" conditionals="17" coveredconditionals="17" methods="3" coveredmethods="3"/>
      <file name="index.ts" path="/home/runner/work/memfs/memfs/src/print/index.ts">
        <metrics statements="20" coveredstatements="20" conditionals="17" coveredconditionals="17" methods="3" coveredmethods="3"/>
        <line num="1" count="64" type="stmt"/>
        <line num="2" count="64" type="stmt"/>
        <line num="6" count="64" type="cond" truecount="1" falsecount="0"/>
        <line num="7" count="15" type="cond" truecount="2" falsecount="0"/>
        <line num="8" count="15" type="cond" truecount="2" falsecount="0"/>
        <line num="9" count="15" type="cond" truecount="1" falsecount="0"/>
        <line num="10" count="15" type="cond" truecount="2" falsecount="0"/>
        <line num="11" count="15" type="cond" truecount="4" falsecount="0"/>
        <line num="12" count="15" type="stmt"/>
        <line num="13" count="15" type="cond" truecount="1" falsecount="0"/>
        <line num="14" count="14" type="stmt"/>
        <line num="15" count="14" type="stmt"/>
        <line num="17" count="19" type="stmt"/>
        <line num="18" count="19" type="cond" truecount="2" falsecount="0"/>
        <line num="19" count="9" type="stmt"/>
        <line num="20" count="10" type="cond" truecount="2" falsecount="0"/>
        <line num="21" count="1" type="stmt"/>
        <line num="23" count="9" type="stmt"/>
        <line num="28" count="15" type="stmt"/>
        <line num="29" count="15" type="stmt"/>
      </file>
    </package>
    <package name="src.snapshot">
      <metrics statements="104" coveredstatements="102" conditionals="34" coveredconditionals="28" methods="13" coveredmethods="13"/>
      <file name="async.ts" path="/home/runner/work/memfs/memfs/src/snapshot/async.ts">
        <metrics statements="32" coveredstatements="31" conditionals="17" coveredconditionals="14" methods="3" coveredmethods="3"/>
        <line num="4" count="3" type="cond" truecount="1" falsecount="1"/>
        <line num="5" count="125" type="stmt"/>
        <line num="6" count="125" type="cond" truecount="2" falsecount="0"/>
        <line num="7" count="58" type="stmt"/>
        <line num="8" count="58" type="stmt"/>
        <line num="9" count="58" type="cond" truecount="2" falsecount="0"/>
        <line num="10" count="114" type="stmt"/>
        <line num="11" count="58" type="stmt"/>
        <line num="12" count="114" type="cond" truecount="1" falsecount="0"/>
        <line num="14" count="58" type="stmt"/>
        <line num="15" count="67" type="cond" truecount="2" falsecount="0"/>
        <line num="16" count="58" type="stmt"/>
        <line num="17" count="58" type="stmt"/>
        <line num="18" count="58" type="stmt"/>
        <line num="19" count="9" type="cond" truecount="1" falsecount="0"/>
        <line num="20" count="9" type="stmt"/>
        <line num="27" count="0" type="stmt"/>
        <line num="30" count="3" type="stmt"/>
        <line num="34" count="45" type="cond" truecount="0" falsecount="1"/>
        <line num="35" count="45" type="cond" truecount="3" falsecount="0"/>
        <line num="37" count="21" type="cond" truecount="1" falsecount="0"/>
        <line num="38" count="21" type="stmt"/>
        <line num="39" count="21" type="stmt"/>
        <line num="40" count="21" type="stmt"/>
        <line num="41" count="42" type="stmt"/>
        <line num="42" count="21" type="stmt"/>
        <line num="45" count="21" type="stmt"/>
        <line num="46" count="21" type="stmt"/>
        <line num="47" count="21" type="stmt"/>
        <line num="50" count="3" type="stmt"/>
        <line num="51" count="3" type="stmt"/>
        <line num="52" count="3" type="stmt"/>
      </file>
      <file name="binary.ts" path="/home/runner/work/memfs/memfs/src/snapshot/binary.ts">
        <metrics statements="19" coveredstatements="19" conditionals="0" coveredconditionals="0" methods="4" coveredmethods="4"/>
        <line num="1" count="1" type="stmt"/>
        <line num="2" count="1" type="stmt"/>
        <line num="3" count="1" type="stmt"/>
        <line num="4" count="1" type="stmt"/>
        <line num="5" count="1" type="stmt"/>
        <line num="9" count="1" type="stmt"/>
        <line num="10" count="1" type="stmt"/>
        <line num="12" count="1" type="stmt"/>
        <line num="13" count="3" type="stmt"/>
        <line num="14" count="3" type="stmt"/>
        <line num="17" count="1" type="stmt"/>
        <line num="18" count="1" type="stmt"/>
        <line num="19" count="1" type="stmt"/>
        <line num="22" count="1" type="stmt"/>
        <line num="23" count="3" type="stmt"/>
        <line num="24" count="3" type="stmt"/>
        <line num="27" count="1" type="stmt"/>
        <line num="31" count="1" type="stmt"/>
        <line num="32" count="1" type="stmt"/>
      </file>
      <file name="json.ts" path="/home/runner/work/memfs/memfs/src/snapshot/json.ts">
        <metrics statements="19" coveredstatements="19" conditionals="0" coveredconditionals="0" methods="4" coveredmethods="4"/>
        <line num="1" count="1" type="stmt"/>
        <line num="2" count="1" type="stmt"/>
        <line num="3" count="1" type="stmt"/>
        <line num="4" count="1" type="stmt"/>
        <line num="5" count="1" type="stmt"/>
        <line num="11" count="1" type="stmt"/>
        <line num="12" count="1" type="stmt"/>
        <line num="14" count="1" type="stmt"/>
        <line num="15" count="4" type="stmt"/>
        <line num="16" count="4" type="stmt"/>
        <line num="19" count="1" type="stmt"/>
        <line num="20" count="1" type="stmt"/>
        <line num="21" count="1" type="stmt"/>
        <line num="24" count="1" type="stmt"/>
        <line num="25" count="3" type="stmt"/>
        <line num="26" count="3" type="stmt"/>
        <line num="29" count="1" type="stmt"/>
        <line num="33" count="1" type="stmt"/>
        <line num="34" count="1" type="stmt"/>
      </file>
      <file name="shared.ts" path="/home/runner/work/memfs/memfs/src/snapshot/shared.ts">
        <metrics statements="2" coveredstatements="2" conditionals="0" coveredconditionals="0" methods="0" coveredmethods="0"/>
        <line num="1" count="2" type="stmt"/>
        <line num="3" count="2" type="stmt"/>
      </file>
      <file name="sync.ts" path="/home/runner/work/memfs/memfs/src/snapshot/sync.ts">
        <metrics statements="32" coveredstatements="31" conditionals="17" coveredconditionals="14" methods="2" coveredmethods="2"/>
        <line num="4" count="3" type="cond" truecount="1" falsecount="1"/>
        <line num="5" count="140" type="stmt"/>
        <line num="6" count="140" type="cond" truecount="2" falsecount="0"/>
        <line num="7" count="65" type="stmt"/>
        <line num="8" count="65" type="stmt"/>
        <line num="9" count="65" type="cond" truecount="2" falsecount="0"/>
        <line num="10" count="65" type="stmt"/>
        <line num="11" count="128" type="stmt"/>
        <line num="12" count="128" type="cond" truecount="1" falsecount="0"/>
        <line num="14" count="65" type="stmt"/>
        <line num="15" count="75" type="cond" truecount="2" falsecount="0"/>
        <line num="16" count="65" type="stmt"/>
        <line num="17" count="65" type="stmt"/>
        <line num="18" count="65" type="stmt"/>
        <line num="19" count="10" type="cond" truecount="1" falsecount="0"/>
        <line num="20" count="10" type="stmt"/>
        <line num="27" count="0" type="stmt"/>
        <line num="30" count="3" type="stmt"/>
        <line num="34" count="45" type="cond" truecount="0" falsecount="1"/>
        <line num="35" count="45" type="cond" truecount="3" falsecount="0"/>
        <line num="37" count="21" type="cond" truecount="1" falsecount="0"/>
        <line num="38" count="21" type="stmt"/>
        <line num="39" count="21" type="stmt"/>
        <line num="40" count="21" type="stmt"/>
        <line num="41" count="42" type="stmt"/>
        <line num="42" count="21" type="stmt"/>
        <line num="45" count="21" type="stmt"/>
        <line num="46" count="21" type="stmt"/>
        <line num="47" count="21" type="stmt"/>
        <line num="50" count="3" type="stmt"/>
        <line num="51" count="3" type="stmt"/>
        <line num="52" count="3" type="stmt"/>
      </file>
    </package>
    <package name="src.thingies">
      <metrics statements="35" coveredstatements="33" conditionals="6" coveredconditionals="4" methods="10" coveredmethods="9"/>
      <file name="Defer.ts" path="/home/runner/work/memfs/memfs/src/thingies/Defer.ts">
        <metrics statements="4" coveredstatements="4" conditionals="0" coveredconditionals="0" methods="2" coveredmethods="2"/>
        <line num="13" count="7" type="stmt"/>
        <line num="16" count="18" type="stmt"/>
        <line num="17" count="18" type="stmt"/>
        <line num="18" count="18" type="stmt"/>
      </file>
      <file name="concurrency.ts" path="/home/runner/work/memfs/memfs/src/thingies/concurrency.ts">
        <metrics statements="21" coveredstatements="19" conditionals="6" coveredconditionals="4" methods="5" coveredmethods="5"/>
        <line num="1" count="7" type="stmt"/>
        <line num="7" count="33" type="stmt"/>
        <line num="8" count="33" type="stmt"/>
        <line num="9" count="33" type="stmt"/>
        <line num="11" count="33" type="stmt"/>
        <line num="15" count="7" type="stmt"/>
        <line num="16" count="20" type="stmt"/>
        <line num="17" count="20" type="stmt"/>
        <line num="18" count="20" type="stmt"/>
        <line num="19" count="33" type="stmt"/>
        <line num="20" count="33" type="cond" truecount="1" falsecount="1"/>
        <line num="21" count="0" type="stmt"/>
        <line num="22" count="33" type="stmt"/>
        <line num="23" count="33" type="stmt"/>
        <line num="24" count="33" type="stmt"/>
        <line num="26" count="0" type="stmt"/>
        <line num="28" count="33" type="cond" truecount="1" falsecount="1"/>
        <line num="31" count="20" type="stmt"/>
        <line num="32" count="33" type="stmt"/>
        <line num="33" count="33" type="stmt"/>
        <line num="34" count="33" type="cond" truecount="2" falsecount="0"/>
      </file>
      <file name="go.ts" path="/home/runner/work/memfs/memfs/src/thingies/go.ts">
        <metrics statements="2" coveredstatements="2" conditionals="0" coveredconditionals="0" methods="2" coveredmethods="1"/>
        <line num="4" count="7" type="stmt"/>
        <line num="5" count="33" type="stmt"/>
      </file>
      <file name="index.ts" path="/home/runner/work/memfs/memfs/src/thingies/index.ts">
        <metrics statements="4" coveredstatements="4" conditionals="0" coveredconditionals="0" methods="0" coveredmethods="0"/>
        <line num="1" count="7" type="stmt"/>
        <line num="2" count="7" type="stmt"/>
        <line num="3" count="7" type="stmt"/>
        <line num="4" count="7" type="stmt"/>
      </file>
      <file name="of.ts" path="/home/runner/work/memfs/memfs/src/thingies/of.ts">
        <metrics statements="4" coveredstatements="4" conditionals="0" coveredconditionals="0" methods="1" coveredmethods="1"/>
        <line num="10" count="7" type="stmt"/>
        <line num="11" count="209" type="stmt"/>
        <line num="12" count="209" type="stmt"/>
        <line num="14" count="208" type="stmt"/>
      </file>
    </package>
  </project>
</coverage>
