{"/home/runner/work/memfs/memfs/src/constants.ts": {"path":"/home/runner/work/memfs/memfs/src/constants.ts","statementMap":{"0":{"start":{"line":1,"column":13},"end":{"line":1,"column":23}},"1":{"start":{"line":7,"column":13},"end":{"line":58,"column":2}}},"fnMap":{},"branchMap":{},"s":{"0":65,"1":65},"f":{},"b":{}}
,"/home/runner/work/memfs/memfs/src/encoding.ts": {"path":"/home/runner/work/memfs/memfs/src/encoding.ts","statementMap":{"0":{"start":{"line":9,"column":0},"end":{"line":9,"column":16}},"1":{"start":{"line":13,"column":0},"end":{"line":13,"column":16}},"2":{"start":{"line":1,"column":0},"end":{"line":1,"column":55}},"3":{"start":{"line":2,"column":0},"end":{"line":2,"column":56}},"4":{"start":{"line":7,"column":13},"end":{"line":7,"column":52}},"5":{"start":{"line":10,"column":2},"end":{"line":10,"column":119}},"6":{"start":{"line":10,"column":48},"end":{"line":10,"column":119}},"7":{"start":{"line":14,"column":2},"end":{"line":14,"column":58}},"8":{"start":{"line":14,"column":47},"end":{"line":14,"column":58}},"9":{"start":{"line":15,"column":2},"end":{"line":15,"column":52}},"10":{"start":{"line":15,"column":29},"end":{"line":15,"column":52}},"11":{"start":{"line":16,"column":2},"end":{"line":16,"column":44}}},"fnMap":{"0":{"name":"assertEncoding","decl":{"start":{"line":9,"column":16},"end":{"line":9,"column":30}},"loc":{"start":{"line":9,"column":59},"end":{"line":11,"column":1}}},"1":{"name":"strToEncoding","decl":{"start":{"line":13,"column":16},"end":{"line":13,"column":29}},"loc":{"start":{"line":13,"column":71},"end":{"line":17,"column":1}}}},"branchMap":{"0":{"loc":{"start":{"line":10,"column":2},"end":{"line":10,"column":119}},"type":"if","locations":[{"start":{"line":10,"column":2},"end":{"line":10,"column":119}}]},"1":{"loc":{"start":{"line":10,"column":6},"end":{"line":10,"column":46}},"type":"binary-expr","locations":[{"start":{"line":10,"column":6},"end":{"line":10,"column":14}},{"start":{"line":10,"column":18},"end":{"line":10,"column":46}}]},"2":{"loc":{"start":{"line":14,"column":2},"end":{"line":14,"column":58}},"type":"if","locations":[{"start":{"line":14,"column":2},"end":{"line":14,"column":58}}]},"3":{"loc":{"start":{"line":14,"column":6},"end":{"line":14,"column":45}},"type":"binary-expr","locations":[{"start":{"line":14,"column":6},"end":{"line":14,"column":15}},{"start":{"line":14,"column":19},"end":{"line":14,"column":45}}]},"4":{"loc":{"start":{"line":15,"column":2},"end":{"line":15,"column":52}},"type":"if","locations":[{"start":{"line":15,"column":2},"end":{"line":15,"column":52}}]}},"s":{"0":64,"1":64,"2":64,"3":64,"4":64,"5":273,"6":1,"7":514,"8":514,"9":0,"10":0,"11":0},"f":{"0":273,"1":514},"b":{"0":[1],"1":[273,256],"2":[514],"3":[514,503],"4":[0]}}
,"/home/runner/work/memfs/memfs/src/index.ts": {"path":"/home/runner/work/memfs/memfs/src/index.ts","statementMap":{"0":{"start":{"line":29,"column":0},"end":{"line":29,"column":16}},"1":{"start":{"line":1,"column":0},"end":{"line":1,"column":33}},"2":{"start":{"line":2,"column":0},"end":{"line":2,"column":35}},"3":{"start":{"line":3,"column":0},"end":{"line":3,"column":9}},"4":{"start":{"line":12,"column":45},"end":{"line":3,"column":94}},"5":{"start":{"line":5,"column":0},"end":{"line":5,"column":40}},"6":{"start":{"line":8,"column":0},"end":{"line":8,"column":73}},"7":{"start":{"line":9,"column":0},"end":{"line":9,"column":67}},"8":{"start":{"line":10,"column":35},"end":{"line":10,"column":44}},"9":{"start":{"line":15,"column":13},"end":{"line":15,"column":32}},"10":{"start":{"line":30,"column":13},"end":{"line":30,"column":79}},"11":{"start":{"line":33,"column":2},"end":{"line":33,"column":119}},"12":{"start":{"line":33,"column":45},"end":{"line":33,"column":119}},"13":{"start":{"line":33,"column":84},"end":{"line":33,"column":119}},"14":{"start":{"line":34,"column":2},"end":{"line":34,"column":116}},"15":{"start":{"line":34,"column":42},"end":{"line":34,"column":116}},"16":{"start":{"line":34,"column":81},"end":{"line":34,"column":116}},"17":{"start":{"line":36,"column":2},"end":{"line":36,"column":35}},"18":{"start":{"line":37,"column":2},"end":{"line":37,"column":31}},"19":{"start":{"line":38,"column":2},"end":{"line":38,"column":35}},"20":{"start":{"line":39,"column":2},"end":{"line":39,"column":33}},"21":{"start":{"line":40,"column":2},"end":{"line":40,"column":29}},"22":{"start":{"line":43,"column":2},"end":{"line":48,"column":3}},"23":{"start":{"line":44,"column":4},"end":{"line":44,"column":41}},"24":{"start":{"line":45,"column":4},"end":{"line":47,"column":5}},"25":{"start":{"line":46,"column":6},"end":{"line":46,"column":57}},"26":{"start":{"line":49,"column":2},"end":{"line":54,"column":3}},"27":{"start":{"line":50,"column":4},"end":{"line":50,"column":49}},"28":{"start":{"line":51,"column":4},"end":{"line":53,"column":5}},"29":{"start":{"line":52,"column":6},"end":{"line":52,"column":65}},"30":{"start":{"line":56,"column":2},"end":{"line":56,"column":40}},"31":{"start":{"line":57,"column":3},"end":{"line":57,"column":26}},"32":{"start":{"line":59,"column":2},"end":{"line":59,"column":12}},"33":{"start":{"line":62,"column":13},"end":{"line":62,"column":47}},"34":{"start":{"line":74,"column":21},"end":{"line":78,"column":1}},"35":{"start":{"line":75,"column":14},"end":{"line":75,"column":46}},"36":{"start":{"line":76,"column":13},"end":{"line":76,"column":36}},"37":{"start":{"line":77,"column":2},"end":{"line":77,"column":21}},"38":{"start":{"line":74,"column":13},"end":{"line":74,"column":21}},"39":{"start":{"line":83,"column":0},"end":{"line":83,"column":46}},"40":{"start":{"line":84,"column":0},"end":{"line":84,"column":31}}},"fnMap":{"0":{"name":"(anonymous_0)","decl":{"start":{"line":12,"column":45},"end":{"line":12,"column":51}},"loc":{"start":{"line":12,"column":45},"end":{"line":3,"column":94}}},"1":{"name":"createFsFromVolume","decl":{"start":{"line":29,"column":16},"end":{"line":29,"column":34}},"loc":{"start":{"line":29,"column":46},"end":{"line":60,"column":1}}},"2":{"name":"(anonymous_2)","decl":{"start":{"line":74,"column":21},"end":{"line":74,"column":22}},"loc":{"start":{"line":74,"column":101},"end":{"line":78,"column":1}}}},"branchMap":{"0":{"loc":{"start":{"line":33,"column":45},"end":{"line":33,"column":119}},"type":"if","locations":[{"start":{"line":33,"column":45},"end":{"line":33,"column":119}}]},"1":{"loc":{"start":{"line":34,"column":42},"end":{"line":34,"column":116}},"type":"if","locations":[{"start":{"line":34,"column":42},"end":{"line":34,"column":116}}]},"2":{"loc":{"start":{"line":43,"column":2},"end":{"line":48,"column":3}},"type":"if","locations":[{"start":{"line":43,"column":2},"end":{"line":48,"column":3}}]},"3":{"loc":{"start":{"line":45,"column":4},"end":{"line":47,"column":5}},"type":"if","locations":[{"start":{"line":45,"column":4},"end":{"line":47,"column":5}}]},"4":{"loc":{"start":{"line":49,"column":2},"end":{"line":54,"column":3}},"type":"if","locations":[{"start":{"line":49,"column":2},"end":{"line":54,"column":3}}]},"5":{"loc":{"start":{"line":51,"column":4},"end":{"line":53,"column":5}},"type":"if","locations":[{"start":{"line":51,"column":4},"end":{"line":53,"column":5}}]},"6":{"loc":{"start":{"line":74,"column":22},"end":{"line":74,"column":52}},"type":"default-arg","locations":[{"start":{"line":74,"column":50},"end":{"line":74,"column":52}}]},"7":{"loc":{"start":{"line":74,"column":54},"end":{"line":74,"column":71}},"type":"default-arg","locations":[{"start":{"line":74,"column":68},"end":{"line":74,"column":71}}]}},"s":{"0":59,"1":59,"2":59,"3":59,"4":118,"5":59,"6":59,"7":59,"8":59,"9":59,"10":390,"11":390,"12":15600,"13":15600,"14":390,"15":18720,"16":18720,"17":390,"18":390,"19":390,"20":390,"21":390,"22":390,"23":390,"24":390,"25":390,"26":390,"27":390,"28":390,"29":390,"30":390,"31":390,"32":390,"33":59,"34":59,"35":267,"36":267,"37":267,"38":59,"39":59,"40":59},"f":{"0":59,"1":390,"2":267},"b":{"0":[15600],"1":[18720],"2":[390],"3":[390],"4":[390],"5":[390],"6":[9],"7":[145]}}
,"/home/runner/work/memfs/memfs/src/node.ts": {"path":"/home/runner/work/memfs/memfs/src/node.ts","statementMap":{"0":{"start":{"line":1,"column":0},"end":{"line":1,"column":9}},"1":{"start":{"line":1,"column":9},"end":{"line":1,"column":35}},"2":{"start":{"line":2,"column":0},"end":{"line":2,"column":9}},"3":{"start":{"line":2,"column":9},"end":{"line":2,"column":35}},"4":{"start":{"line":3,"column":0},"end":{"line":3,"column":9}},"5":{"start":{"line":3,"column":9},"end":{"line":3,"column":35}}},"fnMap":{"0":{"name":"(anonymous_0)","decl":{"start":{"line":1,"column":9},"end":{"line":1,"column":13}},"loc":{"start":{"line":1,"column":9},"end":{"line":1,"column":35}}},"1":{"name":"(anonymous_1)","decl":{"start":{"line":2,"column":9},"end":{"line":2,"column":13}},"loc":{"start":{"line":2,"column":9},"end":{"line":2,"column":35}}},"2":{"name":"(anonymous_2)","decl":{"start":{"line":3,"column":9},"end":{"line":3,"column":13}},"loc":{"start":{"line":3,"column":9},"end":{"line":3,"column":35}}}},"branchMap":{},"s":{"0":2,"1":22,"2":2,"3":2,"4":2,"5":2},"f":{"0":20,"1":0,"2":0},"b":{}}
,"/home/runner/work/memfs/memfs/src/process.ts": {"path":"/home/runner/work/memfs/memfs/src/process.ts","statementMap":{"0":{"start":{"line":37,"column":0},"end":{"line":37,"column":16}},"1":{"start":{"line":25,"column":27},"end":{"line":35,"column":1}},"2":{"start":{"line":26,"column":2},"end":{"line":28,"column":3}},"3":{"start":{"line":27,"column":4},"end":{"line":27,"column":19}},"4":{"start":{"line":30,"column":2},"end":{"line":34,"column":3}},"5":{"start":{"line":31,"column":4},"end":{"line":31,"column":30}},"6":{"start":{"line":33,"column":4},"end":{"line":33,"column":21}},"7":{"start":{"line":38,"column":22},"end":{"line":38,"column":62}},"8":{"start":{"line":40,"column":2},"end":{"line":40,"column":32}},"9":{"start":{"line":40,"column":14},"end":{"line":40,"column":32}},"10":{"start":{"line":40,"column":28},"end":{"line":40,"column":31}},"11":{"start":{"line":41,"column":2},"end":{"line":45,"column":6}},"12":{"start":{"line":42,"column":4},"end":{"line":45,"column":6}},"13":{"start":{"line":44,"column":6},"end":{"line":44,"column":59}},"14":{"start":{"line":46,"column":2},"end":{"line":46,"column":25}},"15":{"start":{"line":46,"column":14},"end":{"line":46,"column":25}},"16":{"start":{"line":47,"column":2},"end":{"line":47,"column":11}},"17":{"start":{"line":50,"column":0},"end":{"line":50,"column":31}}},"fnMap":{"0":{"name":"(anonymous_0)","decl":{"start":{"line":25,"column":27},"end":{"line":25,"column":52}},"loc":{"start":{"line":25,"column":54},"end":{"line":35,"column":1}}},"1":{"name":"createProcess","decl":{"start":{"line":37,"column":16},"end":{"line":37,"column":29}},"loc":{"start":{"line":37,"column":29},"end":{"line":48,"column":1}}},"2":{"name":"(anonymous_2)","decl":{"start":{"line":40,"column":22},"end":{"line":40,"column":25}},"loc":{"start":{"line":40,"column":28},"end":{"line":40,"column":31}}},"3":{"name":"(anonymous_3)","decl":{"start":{"line":42,"column":20},"end":{"line":42,"column":21}},"loc":{"start":{"line":42,"column":38},"end":{"line":45,"column":5}}}},"branchMap":{"0":{"loc":{"start":{"line":26,"column":2},"end":{"line":28,"column":3}},"type":"if","locations":[{"start":{"line":26,"column":2},"end":{"line":28,"column":3}}]},"1":{"loc":{"start":{"line":38,"column":22},"end":{"line":38,"column":62}},"type":"binary-expr","locations":[{"start":{"line":38,"column":22},"end":{"line":38,"column":42}},{"start":{"line":38,"column":47},"end":{"line":38,"column":62}}]},"2":{"loc":{"start":{"line":40,"column":2},"end":{"line":40,"column":32}},"type":"if","locations":[{"start":{"line":40,"column":2},"end":{"line":40,"column":32}}]},"3":{"loc":{"start":{"line":41,"column":2},"end":{"line":45,"column":6}},"type":"if","locations":[{"start":{"line":41,"column":2},"end":{"line":45,"column":6}}]},"4":{"loc":{"start":{"line":44,"column":29},"end":{"line":44,"column":45}},"type":"cond-expr","locations":[{"start":{"line":44,"column":36},"end":{"line":44,"column":40}},{"start":{"line":44,"column":43},"end":{"line":44,"column":45}}]},"5":{"loc":{"start":{"line":46,"column":2},"end":{"line":46,"column":25}},"type":"if","locations":[{"start":{"line":46,"column":2},"end":{"line":46,"column":25}}]}},"s":{"0":66,"1":66,"2":67,"3":67,"4":0,"5":0,"6":0,"7":67,"8":67,"9":0,"10":0,"11":67,"12":0,"13":0,"14":67,"15":0,"16":67,"17":66},"f":{"0":67,"1":67,"2":0,"3":0},"b":{"0":[67],"1":[67,0],"2":[0],"3":[0],"4":[0,0],"5":[0]}}
,"/home/runner/work/memfs/memfs/src/queueMicrotask.ts": {"path":"/home/runner/work/memfs/memfs/src/queueMicrotask.ts","statementMap":{"0":{"start":{"line":1,"column":0},"end":{"line":4,"column":26}},"1":{"start":{"line":2,"column":6},"end":{"line":4,"column":24}},"2":{"start":{"line":3,"column":20},"end":{"line":3,"column":24}}},"fnMap":{"0":{"name":"(anonymous_0)","decl":{"start":{"line":1,"column":95},"end":{"line":1,"column":97}},"loc":{"start":{"line":2,"column":6},"end":{"line":4,"column":24}}},"1":{"name":"(anonymous_1)","decl":{"start":{"line":3,"column":14},"end":{"line":3,"column":17}},"loc":{"start":{"line":3,"column":20},"end":{"line":3,"column":24}}},"2":{"name":"(anonymous_2)","decl":{"start":{"line":4,"column":15},"end":{"line":4,"column":18}},"loc":{"start":{"line":4,"column":20},"end":{"line":4,"column":23}}}},"branchMap":{"0":{"loc":{"start":{"line":1,"column":15},"end":{"line":4,"column":25}},"type":"cond-expr","locations":[{"start":{"line":1,"column":54},"end":{"line":1,"column":68}},{"start":{"line":1,"column":95},"end":{"line":4,"column":24}}]}},"s":{"0":64,"1":0,"2":0},"f":{"0":0,"1":0,"2":0},"b":{"0":[64,0]}}
,"/home/runner/work/memfs/memfs/src/setTimeoutUnref.ts": {"path":"/home/runner/work/memfs/memfs/src/setTimeoutUnref.ts","statementMap":{"0":{"start":{"line":8,"column":14},"end":{"line":8,"column":98}},"1":{"start":{"line":9,"column":2},"end":{"line":9,"column":85}},"2":{"start":{"line":9,"column":73},"end":{"line":9,"column":85}},"3":{"start":{"line":10,"column":2},"end":{"line":10,"column":13}},"4":{"start":{"line":13,"column":0},"end":{"line":13,"column":31}}},"fnMap":{"0":{"name":"setTimeoutUnref","decl":{"start":{"line":7,"column":9},"end":{"line":7,"column":24}},"loc":{"start":{"line":7,"column":47},"end":{"line":11,"column":1}}}},"branchMap":{"0":{"loc":{"start":{"line":8,"column":31},"end":{"line":8,"column":86}},"type":"cond-expr","locations":[{"start":{"line":8,"column":67},"end":{"line":8,"column":77}},{"start":{"line":8,"column":80},"end":{"line":8,"column":86}}]},"1":{"loc":{"start":{"line":9,"column":2},"end":{"line":9,"column":85}},"type":"if","locations":[{"start":{"line":9,"column":2},"end":{"line":9,"column":85}}]},"2":{"loc":{"start":{"line":9,"column":6},"end":{"line":9,"column":71}},"type":"binary-expr","locations":[{"start":{"line":9,"column":6},"end":{"line":9,"column":9}},{"start":{"line":9,"column":13},"end":{"line":9,"column":36}},{"start":{"line":9,"column":40},"end":{"line":9,"column":71}}]}},"s":{"0":1,"1":1,"2":1,"3":1,"4":65},"f":{"0":1},"b":{"0":[1,0],"1":[1],"2":[1,1,1]}}
,"/home/runner/work/memfs/memfs/src/__tests__/hasBigInt.js": {"path":"/home/runner/work/memfs/memfs/src/__tests__/hasBigInt.js","statementMap":{"0":{"start":{"line":1,"column":0},"end":{"line":1,"column":47}}},"fnMap":{},"branchMap":{},"s":{"0":1},"f":{},"b":{},"inputSourceMap":null,"_coverageSchema":"1a1c01bbd47fc00a2c39e90264f33305004495a9","hash":"204630830b0fdfa7f23d4d47c993d37cfa0081f1"}
,"/home/runner/work/memfs/memfs/src/__tests__/util.ts": {"path":"/home/runner/work/memfs/memfs/src/__tests__/util.ts","statementMap":{"0":{"start":{"line":1,"column":0},"end":{"line":1,"column":48}},"1":{"start":{"line":8,"column":25},"end":{"line":14,"column":1}},"2":{"start":{"line":10,"column":2},"end":{"line":13,"column":4}},"3":{"start":{"line":11,"column":4},"end":{"line":11,"column":17}},"4":{"start":{"line":12,"column":4},"end":{"line":12,"column":30}},"5":{"start":{"line":12,"column":18},"end":{"line":12,"column":30}},"6":{"start":{"line":8,"column":13},"end":{"line":8,"column":25}},"7":{"start":{"line":16,"column":22},"end":{"line":19,"column":1}},"8":{"start":{"line":17,"column":14},"end":{"line":17,"column":35}},"9":{"start":{"line":18,"column":2},"end":{"line":18,"column":13}},"10":{"start":{"line":16,"column":13},"end":{"line":16,"column":22}},"11":{"start":{"line":21,"column":24},"end":{"line":23,"column":1}},"12":{"start":{"line":22,"column":2},"end":{"line":22,"column":42}},"13":{"start":{"line":21,"column":13},"end":{"line":21,"column":24}},"14":{"start":{"line":25,"column":27},"end":{"line":33,"column":1}},"15":{"start":{"line":26,"column":16},"end":{"line":26,"column":35}},"16":{"start":{"line":28,"column":2},"end":{"line":30,"column":3}},"17":{"start":{"line":29,"column":4},"end":{"line":29,"column":69}},"18":{"start":{"line":32,"column":2},"end":{"line":32,"column":15}},"19":{"start":{"line":25,"column":13},"end":{"line":25,"column":27}},"20":{"start":{"line":35,"column":31},"end":{"line":35,"column":100}},"21":{"start":{"line":35,"column":67},"end":{"line":35,"column":100}},"22":{"start":{"line":35,"column":13},"end":{"line":35,"column":31}},"23":{"start":{"line":37,"column":25},"end":{"line":37,"column":64}},"24":{"start":{"line":43,"column":13},"end":{"line":43,"column":78}}},"fnMap":{"0":{"name":"(anonymous_0)","decl":{"start":{"line":8,"column":25},"end":{"line":8,"column":26}},"loc":{"start":{"line":8,"column":73},"end":{"line":14,"column":1}}},"1":{"name":"done","decl":{"start":{"line":10,"column":18},"end":{"line":10,"column":22}},"loc":{"start":{"line":10,"column":35},"end":{"line":13,"column":3}}},"2":{"name":"(anonymous_2)","decl":{"start":{"line":16,"column":22},"end":{"line":16,"column":23}},"loc":{"start":{"line":16,"column":76},"end":{"line":19,"column":1}}},"3":{"name":"(anonymous_3)","decl":{"start":{"line":21,"column":24},"end":{"line":21,"column":25}},"loc":{"start":{"line":21,"column":34},"end":{"line":23,"column":1}}},"4":{"name":"(anonymous_4)","decl":{"start":{"line":25,"column":27},"end":{"line":25,"column":28}},"loc":{"start":{"line":25,"column":62},"end":{"line":33,"column":1}}},"5":{"name":"(anonymous_5)","decl":{"start":{"line":35,"column":31},"end":{"line":35,"column":32}},"loc":{"start":{"line":35,"column":67},"end":{"line":35,"column":100}}}},"branchMap":{"0":{"loc":{"start":{"line":11,"column":4},"end":{"line":11,"column":17}},"type":"binary-expr","locations":[{"start":{"line":11,"column":4},"end":{"line":11,"column":7}},{"start":{"line":11,"column":4},"end":{"line":11,"column":16}}]},"1":{"loc":{"start":{"line":12,"column":4},"end":{"line":12,"column":30}},"type":"if","locations":[{"start":{"line":12,"column":4},"end":{"line":12,"column":30}}]},"2":{"loc":{"start":{"line":16,"column":23},"end":{"line":16,"column":72}},"type":"default-arg","locations":[{"start":{"line":16,"column":55},"end":{"line":16,"column":72}}]},"3":{"loc":{"start":{"line":28,"column":2},"end":{"line":30,"column":3}},"type":"if","locations":[{"start":{"line":28,"column":2},"end":{"line":30,"column":3}}]},"4":{"loc":{"start":{"line":43,"column":28},"end":{"line":43,"column":77}},"type":"cond-expr","locations":[{"start":{"line":43,"column":53},"end":{"line":43,"column":61}},{"start":{"line":43,"column":64},"end":{"line":43,"column":77}}]}},"s":{"0":45,"1":45,"2":4,"3":10,"4":10,"5":4,"6":45,"7":45,"8":312,"9":312,"10":45,"11":45,"12":64,"13":45,"14":45,"15":17,"16":17,"17":0,"18":17,"19":45,"20":45,"21":11,"22":45,"23":45,"24":45},"f":{"0":4,"1":10,"2":312,"3":64,"4":17,"5":11},"b":{"0":[10,10],"1":[4],"2":[65],"3":[0],"4":[45,0]}}
,"/home/runner/work/memfs/memfs/src/consts/FLAG.ts": {"path":"/home/runner/work/memfs/memfs/src/consts/FLAG.ts","statementMap":{"0":{"start":{"line":10,"column":0},"end":{"line":10,"column":null}},"1":{"start":{"line":11,"column":2},"end":{"line":11,"column":null}},"2":{"start":{"line":12,"column":2},"end":{"line":12,"column":null}},"3":{"start":{"line":13,"column":2},"end":{"line":13,"column":null}},"4":{"start":{"line":14,"column":2},"end":{"line":14,"column":null}},"5":{"start":{"line":15,"column":2},"end":{"line":15,"column":null}},"6":{"start":{"line":16,"column":2},"end":{"line":16,"column":null}},"7":{"start":{"line":17,"column":2},"end":{"line":17,"column":null}},"8":{"start":{"line":18,"column":2},"end":{"line":18,"column":null}},"9":{"start":{"line":19,"column":2},"end":{"line":19,"column":null}},"10":{"start":{"line":20,"column":2},"end":{"line":20,"column":null}},"11":{"start":{"line":21,"column":2},"end":{"line":21,"column":null}},"12":{"start":{"line":22,"column":2},"end":{"line":22,"column":null}},"13":{"start":{"line":23,"column":2},"end":{"line":23,"column":null}},"14":{"start":{"line":24,"column":2},"end":{"line":24,"column":null}},"15":{"start":{"line":25,"column":2},"end":{"line":25,"column":null}},"16":{"start":{"line":26,"column":2},"end":{"line":26,"column":null}},"17":{"start":{"line":27,"column":2},"end":{"line":27,"column":null}},"18":{"start":{"line":28,"column":2},"end":{"line":28,"column":null}},"19":{"start":{"line":29,"column":2},"end":{"line":29,"column":null}},"20":{"start":{"line":30,"column":2},"end":{"line":30,"column":null}}},"fnMap":{"0":{"name":"(anonymous_0)","decl":{"start":{"line":10,"column":0},"end":{"line":10,"column":12}},"loc":{"start":{"line":10,"column":16},"end":{"line":31,"column":1}}}},"branchMap":{"0":{"loc":{"start":{"line":10,"column":12},"end":{"line":10,"column":null}},"type":"binary-expr","locations":[{"start":{"line":10,"column":12},"end":{"line":10,"column":16}},{"start":{"line":10,"column":16},"end":{"line":10,"column":null}}]}},"s":{"0":1,"1":1,"2":1,"3":1,"4":1,"5":1,"6":1,"7":1,"8":1,"9":1,"10":1,"11":1,"12":1,"13":1,"14":1,"15":1,"16":1,"17":1,"18":1,"19":1,"20":1},"f":{"0":1},"b":{"0":[1,1]}}
,"/home/runner/work/memfs/memfs/src/core/File.ts": {"path":"/home/runner/work/memfs/memfs/src/core/File.ts","statementMap":{"0":{"start":{"line":1,"column":0},"end":{"line":1,"column":41}},"1":{"start":{"line":6,"column":21},"end":{"line":6,"column":30}},"2":{"start":{"line":29,"column":20},"end":{"line":29,"column":30}},"3":{"start":{"line":30,"column":20},"end":{"line":30,"column":30}},"4":{"start":{"line":31,"column":11},"end":{"line":31,"column":24}},"5":{"start":{"line":32,"column":11},"end":{"line":32,"column":21}},"6":{"start":{"line":34,"column":4},"end":{"line":34,"column":22}},"7":{"start":{"line":35,"column":4},"end":{"line":35,"column":62}},"8":{"start":{"line":35,"column":31},"end":{"line":35,"column":62}},"9":{"start":{"line":39,"column":4},"end":{"line":39,"column":33}},"10":{"start":{"line":43,"column":4},"end":{"line":43,"column":29}},"11":{"start":{"line":47,"column":4},"end":{"line":47,"column":33}},"12":{"start":{"line":51,"column":4},"end":{"line":51,"column":29}},"13":{"start":{"line":55,"column":4},"end":{"line":55,"column":31}},"14":{"start":{"line":59,"column":4},"end":{"line":59,"column":28}},"15":{"start":{"line":63,"column":4},"end":{"line":63,"column":29}},"16":{"start":{"line":67,"column":4},"end":{"line":67,"column":63}},"17":{"start":{"line":67,"column":38},"end":{"line":67,"column":63}},"18":{"start":{"line":68,"column":18},"end":{"line":68,"column":64}},"19":{"start":{"line":69,"column":4},"end":{"line":69,"column":37}},"20":{"start":{"line":70,"column":4},"end":{"line":70,"column":17}},"21":{"start":{"line":79,"column":4},"end":{"line":79,"column":63}},"22":{"start":{"line":79,"column":38},"end":{"line":79,"column":63}},"23":{"start":{"line":80,"column":18},"end":{"line":80,"column":63}},"24":{"start":{"line":81,"column":4},"end":{"line":81,"column":37}},"25":{"start":{"line":82,"column":4},"end":{"line":82,"column":17}},"26":{"start":{"line":86,"column":4},"end":{"line":86,"column":26}},"27":{"start":{"line":90,"column":4},"end":{"line":90,"column":30}},"28":{"start":{"line":13,"column":0},"end":{"line":13,"column":13}}},"fnMap":{"0":{"name":"(anonymous_0)","decl":{"start":{"line":28,"column":2},"end":{"line":28,"column":null}},"loc":{"start":{"line":32,"column":21},"end":{"line":36,"column":3}}},"1":{"name":"(anonymous_1)","decl":{"start":{"line":38,"column":2},"end":{"line":38,"column":11}},"loc":{"start":{"line":38,"column":29},"end":{"line":40,"column":3}}},"2":{"name":"(anonymous_2)","decl":{"start":{"line":42,"column":2},"end":{"line":42,"column":11}},"loc":{"start":{"line":42,"column":23},"end":{"line":44,"column":3}}},"3":{"name":"(anonymous_3)","decl":{"start":{"line":46,"column":2},"end":{"line":46,"column":11}},"loc":{"start":{"line":46,"column":11},"end":{"line":48,"column":3}}},"4":{"name":"(anonymous_4)","decl":{"start":{"line":50,"column":2},"end":{"line":50,"column":11}},"loc":{"start":{"line":50,"column":23},"end":{"line":52,"column":3}}},"5":{"name":"(anonymous_5)","decl":{"start":{"line":54,"column":2},"end":{"line":54,"column":9}},"loc":{"start":{"line":54,"column":9},"end":{"line":56,"column":3}}},"6":{"name":"(anonymous_6)","decl":{"start":{"line":58,"column":2},"end":{"line":58,"column":10}},"loc":{"start":{"line":58,"column":23},"end":{"line":60,"column":3}}},"7":{"name":"(anonymous_7)","decl":{"start":{"line":62,"column":2},"end":{"line":62,"column":8}},"loc":{"start":{"line":62,"column":25},"end":{"line":64,"column":3}}},"8":{"name":"(anonymous_8)","decl":{"start":{"line":66,"column":2},"end":{"line":66,"column":7}},"loc":{"start":{"line":66,"column":94},"end":{"line":71,"column":3}}},"9":{"name":"(anonymous_9)","decl":{"start":{"line":73,"column":2},"end":{"line":73,"column":6}},"loc":{"start":{"line":77,"column":21},"end":{"line":83,"column":3}}},"10":{"name":"(anonymous_10)","decl":{"start":{"line":85,"column":2},"end":{"line":85,"column":7}},"loc":{"start":{"line":85,"column":20},"end":{"line":87,"column":3}}},"11":{"name":"(anonymous_11)","decl":{"start":{"line":89,"column":2},"end":{"line":89,"column":7}},"loc":{"start":{"line":89,"column":32},"end":{"line":91,"column":3}}}},"branchMap":{"0":{"loc":{"start":{"line":35,"column":4},"end":{"line":35,"column":62}},"type":"if","locations":[{"start":{"line":35,"column":4},"end":{"line":35,"column":62}}]},"1":{"loc":{"start":{"line":38,"column":12},"end":{"line":38,"column":29}},"type":"default-arg","locations":[{"start":{"line":38,"column":23},"end":{"line":38,"column":29}}]},"2":{"loc":{"start":{"line":66,"column":21},"end":{"line":66,"column":39}},"type":"default-arg","locations":[{"start":{"line":66,"column":38},"end":{"line":66,"column":39}}]},"3":{"loc":{"start":{"line":66,"column":41},"end":{"line":66,"column":68}},"type":"default-arg","locations":[{"start":{"line":66,"column":58},"end":{"line":66,"column":68}}]},"4":{"loc":{"start":{"line":67,"column":4},"end":{"line":67,"column":63}},"type":"if","locations":[{"start":{"line":67,"column":4},"end":{"line":67,"column":63}}]},"5":{"loc":{"start":{"line":75,"column":4},"end":{"line":75,"column":22}},"type":"default-arg","locations":[{"start":{"line":75,"column":21},"end":{"line":75,"column":22}}]},"6":{"loc":{"start":{"line":76,"column":4},"end":{"line":76,"column":35}},"type":"default-arg","locations":[{"start":{"line":76,"column":21},"end":{"line":76,"column":35}}]},"7":{"loc":{"start":{"line":79,"column":4},"end":{"line":79,"column":63}},"type":"if","locations":[{"start":{"line":79,"column":4},"end":{"line":79,"column":63}}]}},"s":{"0":65,"1":65,"2":1673,"3":1673,"4":1673,"5":1673,"6":1673,"7":1673,"8":61,"9":0,"10":0,"11":372,"12":0,"13":61,"14":1175,"15":0,"16":1180,"17":22,"18":1180,"19":1180,"20":1180,"21":61,"22":21,"23":61,"24":61,"25":61,"26":1,"27":1,"28":65},"f":{"0":1673,"1":0,"2":0,"3":372,"4":0,"5":61,"6":1175,"7":0,"8":1180,"9":61,"10":1,"11":1},"b":{"0":[61],"1":[0],"2":[0],"3":[0],"4":[22],"5":[0],"6":[0],"7":[21]}}
,"/home/runner/work/memfs/memfs/src/core/Link.ts": {"path":"/home/runner/work/memfs/memfs/src/core/Link.ts","statementMap":{"0":{"start":{"line":1,"column":0},"end":{"line":1,"column":47}},"1":{"start":{"line":2,"column":0},"end":{"line":2,"column":45}},"2":{"start":{"line":12,"column":20},"end":{"line":12,"column":29}},"3":{"start":{"line":41,"column":4},"end":{"line":41,"column":23}},"4":{"start":{"line":46,"column":4},"end":{"line":46,"column":22}},"5":{"start":{"line":47,"column":4},"end":{"line":52,"column":5}},"6":{"start":{"line":48,"column":6},"end":{"line":50,"column":7}},"7":{"start":{"line":49,"column":8},"end":{"line":49,"column":17}},"8":{"start":{"line":51,"column":6},"end":{"line":51,"column":24}},"9":{"start":{"line":18,"column":18},"end":{"line":18,"column":52}},"10":{"start":{"line":24,"column":2},"end":{"line":24,"column":49}},"11":{"start":{"line":27,"column":10},"end":{"line":27,"column":32}},"12":{"start":{"line":33,"column":2},"end":{"line":33,"column":18}},"13":{"start":{"line":36,"column":2},"end":{"line":36,"column":21}},"14":{"start":{"line":56,"column":4},"end":{"line":56,"column":19}},"15":{"start":{"line":57,"column":4},"end":{"line":57,"column":25}},"16":{"start":{"line":58,"column":4},"end":{"line":58,"column":21}},"17":{"start":{"line":59,"column":4},"end":{"line":59,"column":21}},"18":{"start":{"line":63,"column":4},"end":{"line":63,"column":21}},"19":{"start":{"line":64,"column":4},"end":{"line":64,"column":24}},"20":{"start":{"line":68,"column":4},"end":{"line":68,"column":21}},"21":{"start":{"line":72,"column":17},"end":{"line":72,"column":47}},"22":{"start":{"line":73,"column":4},"end":{"line":73,"column":23}},"23":{"start":{"line":75,"column":4},"end":{"line":78,"column":5}},"24":{"start":{"line":76,"column":6},"end":{"line":76,"column":35}},"25":{"start":{"line":77,"column":6},"end":{"line":77,"column":29}},"26":{"start":{"line":80,"column":4},"end":{"line":80,"column":30}},"27":{"start":{"line":82,"column":4},"end":{"line":82,"column":16}},"28":{"start":{"line":86,"column":4},"end":{"line":86,"column":34}},"29":{"start":{"line":87,"column":4},"end":{"line":87,"column":23}},"30":{"start":{"line":88,"column":4},"end":{"line":88,"column":18}},"31":{"start":{"line":90,"column":17},"end":{"line":90,"column":31}},"32":{"start":{"line":91,"column":4},"end":{"line":94,"column":5}},"33":{"start":{"line":92,"column":6},"end":{"line":92,"column":36}},"34":{"start":{"line":93,"column":6},"end":{"line":93,"column":29}},"35":{"start":{"line":96,"column":4},"end":{"line":96,"column":38}},"36":{"start":{"line":97,"column":4},"end":{"line":97,"column":49}},"37":{"start":{"line":99,"column":4},"end":{"line":99,"column":16}},"38":{"start":{"line":103,"column":17},"end":{"line":103,"column":31}},"39":{"start":{"line":104,"column":4},"end":{"line":107,"column":5}},"40":{"start":{"line":105,"column":6},"end":{"line":105,"column":33}},"41":{"start":{"line":106,"column":6},"end":{"line":106,"column":29}},"42":{"start":{"line":108,"column":4},"end":{"line":108,"column":41}},"43":{"start":{"line":109,"column":4},"end":{"line":109,"column":18}},"44":{"start":{"line":111,"column":4},"end":{"line":111,"column":38}},"45":{"start":{"line":112,"column":4},"end":{"line":112,"column":49}},"46":{"start":{"line":116,"column":4},"end":{"line":116,"column":38}},"47":{"start":{"line":117,"column":4},"end":{"line":117,"column":35}},"48":{"start":{"line":121,"column":4},"end":{"line":121,"column":37}},"49":{"start":{"line":125,"column":4},"end":{"line":125,"column":50}},"50":{"start":{"line":129,"column":4},"end":{"line":129,"column":45}},"51":{"start":{"line":133,"column":4},"end":{"line":137,"column":6}},"52":{"start":{"line":141,"column":4},"end":{"line":141,"column":83}},"53":{"start":{"line":17,"column":0},"end":{"line":17,"column":13}}},"fnMap":{"0":{"name":"(anonymous_0)","decl":{"start":{"line":40,"column":2},"end":{"line":40,"column":6}},"loc":{"start":{"line":40,"column":11},"end":{"line":42,"column":3}}},"1":{"name":"(anonymous_1)","decl":{"start":{"line":45,"column":2},"end":{"line":45,"column":6}},"loc":{"start":{"line":45,"column":15},"end":{"line":53,"column":3}}},"2":{"name":"(anonymous_2)","decl":{"start":{"line":55,"column":2},"end":{"line":55,"column":14}},"loc":{"start":{"line":55,"column":69},"end":{"line":60,"column":3}}},"3":{"name":"(anonymous_3)","decl":{"start":{"line":62,"column":2},"end":{"line":62,"column":9}},"loc":{"start":{"line":62,"column":20},"end":{"line":65,"column":3}}},"4":{"name":"(anonymous_4)","decl":{"start":{"line":67,"column":2},"end":{"line":67,"column":9}},"loc":{"start":{"line":67,"column":9},"end":{"line":69,"column":3}}},"5":{"name":"(anonymous_5)","decl":{"start":{"line":71,"column":2},"end":{"line":71,"column":13}},"loc":{"start":{"line":71,"column":77},"end":{"line":83,"column":3}}},"6":{"name":"(anonymous_6)","decl":{"start":{"line":85,"column":2},"end":{"line":85,"column":10}},"loc":{"start":{"line":85,"column":68},"end":{"line":100,"column":3}}},"7":{"name":"(anonymous_7)","decl":{"start":{"line":102,"column":2},"end":{"line":102,"column":13}},"loc":{"start":{"line":102,"column":24},"end":{"line":113,"column":3}}},"8":{"name":"(anonymous_8)","decl":{"start":{"line":115,"column":2},"end":{"line":115,"column":10}},"loc":{"start":{"line":115,"column":23},"end":{"line":118,"column":3}}},"9":{"name":"(anonymous_9)","decl":{"start":{"line":120,"column":2},"end":{"line":120,"column":9}},"loc":{"start":{"line":120,"column":9},"end":{"line":122,"column":3}}},"10":{"name":"(anonymous_10)","decl":{"start":{"line":124,"column":2},"end":{"line":124,"column":15}},"loc":{"start":{"line":124,"column":15},"end":{"line":126,"column":3}}},"11":{"name":"(anonymous_11)","decl":{"start":{"line":128,"column":2},"end":{"line":128,"column":9}},"loc":{"start":{"line":128,"column":9},"end":{"line":130,"column":3}}},"12":{"name":"(anonymous_12)","decl":{"start":{"line":132,"column":2},"end":{"line":132,"column":8}},"loc":{"start":{"line":132,"column":8},"end":{"line":138,"column":3}}},"13":{"name":"(anonymous_13)","decl":{"start":{"line":140,"column":2},"end":{"line":140,"column":11}},"loc":{"start":{"line":140,"column":11},"end":{"line":142,"column":3}}}},"branchMap":{"0":{"loc":{"start":{"line":48,"column":6},"end":{"line":50,"column":7}},"type":"if","locations":[{"start":{"line":48,"column":6},"end":{"line":50,"column":7}}]},"1":{"loc":{"start":{"line":48,"column":10},"end":{"line":48,"column":41}},"type":"binary-expr","locations":[{"start":{"line":48,"column":10},"end":{"line":48,"column":23}},{"start":{"line":48,"column":27},"end":{"line":48,"column":41}}]},"2":{"loc":{"start":{"line":71,"column":28},"end":{"line":71,"column":77}},"type":"default-arg","locations":[{"start":{"line":71,"column":41},"end":{"line":71,"column":77}}]},"3":{"loc":{"start":{"line":75,"column":4},"end":{"line":78,"column":5}},"type":"if","locations":[{"start":{"line":75,"column":4},"end":{"line":78,"column":5}}]},"4":{"loc":{"start":{"line":85,"column":25},"end":{"line":85,"column":68}},"type":"default-arg","locations":[{"start":{"line":85,"column":38},"end":{"line":85,"column":68}}]},"5":{"loc":{"start":{"line":91,"column":4},"end":{"line":94,"column":5}},"type":"if","locations":[{"start":{"line":91,"column":4},"end":{"line":94,"column":5}}]},"6":{"loc":{"start":{"line":104,"column":4},"end":{"line":107,"column":5}},"type":"if","locations":[{"start":{"line":104,"column":4},"end":{"line":107,"column":5}}]},"7":{"loc":{"start":{"line":141,"column":17},"end":{"line":141,"column":82}},"type":"cond-expr","locations":[{"start":{"line":141,"column":31},"end":{"line":141,"column":68}},{"start":{"line":141,"column":71},"end":{"line":141,"column":82}}]}},"s":{"0":65,"1":65,"2":65,"3":6025,"4":3089,"5":3089,"6":22,"7":14,"8":8,"9":3028,"10":3028,"11":3028,"12":3028,"13":3028,"14":3028,"15":3028,"16":3028,"17":3028,"18":3028,"19":3028,"20":60752,"21":2148,"22":2148,"23":2148,"24":889,"25":889,"26":2148,"27":2148,"28":3955,"29":3955,"30":3955,"31":3955,"32":3955,"33":2647,"34":2647,"35":3955,"36":3955,"37":3955,"38":98,"39":98,"40":34,"41":34,"42":98,"43":98,"44":98,"45":98,"46":15030,"47":15030,"48":2180,"49":441,"50":597,"51":0,"52":3036,"53":65},"f":{"0":6025,"1":3089,"2":3028,"3":3028,"4":60752,"5":2148,"6":3955,"7":98,"8":15030,"9":2180,"10":441,"11":597,"12":0,"13":3036},"b":{"0":[14],"1":[22,13],"2":[98],"3":[889],"4":[0],"5":[2647],"6":[34],"7":[2156,880]}}
,"/home/runner/work/memfs/memfs/src/core/Node.ts": {"path":"/home/runner/work/memfs/memfs/src/core/Node.ts","statementMap":{"0":{"start":{"line":1,"column":0},"end":{"line":1,"column":45}},"1":{"start":{"line":2,"column":0},"end":{"line":2,"column":33}},"2":{"start":{"line":3,"column":0},"end":{"line":3,"column":87}},"3":{"start":{"line":4,"column":0},"end":{"line":4,"column":44}},"4":{"start":{"line":12,"column":55},"end":{"line":12,"column":64}},"5":{"start":{"line":13,"column":15},"end":{"line":13,"column":52}},"6":{"start":{"line":13,"column":29},"end":{"line":13,"column":52}},"7":{"start":{"line":14,"column":15},"end":{"line":14,"column":52}},"8":{"start":{"line":14,"column":29},"end":{"line":14,"column":52}},"9":{"start":{"line":20,"column":18},"end":{"line":20,"column":52}},"10":{"start":{"line":26,"column":10},"end":{"line":26,"column":34}},"11":{"start":{"line":27,"column":10},"end":{"line":27,"column":34}},"12":{"start":{"line":29,"column":10},"end":{"line":29,"column":30}},"13":{"start":{"line":30,"column":10},"end":{"line":30,"column":30}},"14":{"start":{"line":31,"column":10},"end":{"line":31,"column":30}},"15":{"start":{"line":35,"column":2},"end":{"line":35,"column":19}},"16":{"start":{"line":40,"column":10},"end":{"line":40,"column":21}},"17":{"start":{"line":46,"column":4},"end":{"line":46,"column":21}},"18":{"start":{"line":47,"column":4},"end":{"line":47,"column":19}},"19":{"start":{"line":51,"column":4},"end":{"line":51,"column":24}},"20":{"start":{"line":55,"column":4},"end":{"line":55,"column":23}},"21":{"start":{"line":59,"column":4},"end":{"line":59,"column":20}},"22":{"start":{"line":60,"column":4},"end":{"line":60,"column":28}},"23":{"start":{"line":64,"column":4},"end":{"line":64,"column":21}},"24":{"start":{"line":68,"column":4},"end":{"line":68,"column":20}},"25":{"start":{"line":69,"column":4},"end":{"line":69,"column":28}},"26":{"start":{"line":73,"column":4},"end":{"line":73,"column":21}},"27":{"start":{"line":77,"column":4},"end":{"line":77,"column":24}},"28":{"start":{"line":81,"column":4},"end":{"line":81,"column":23}},"29":{"start":{"line":85,"column":4},"end":{"line":85,"column":24}},"30":{"start":{"line":86,"column":4},"end":{"line":86,"column":28}},"31":{"start":{"line":90,"column":4},"end":{"line":90,"column":23}},"32":{"start":{"line":94,"column":4},"end":{"line":94,"column":31}},"33":{"start":{"line":98,"column":4},"end":{"line":98,"column":56}},"34":{"start":{"line":99,"column":4},"end":{"line":99,"column":28}},"35":{"start":{"line":103,"column":4},"end":{"line":103,"column":24}},"36":{"start":{"line":104,"column":4},"end":{"line":104,"column":28}},"37":{"start":{"line":108,"column":4},"end":{"line":108,"column":23}},"38":{"start":{"line":112,"column":4},"end":{"line":112,"column":28}},"39":{"start":{"line":113,"column":4},"end":{"line":113,"column":47}},"40":{"start":{"line":118,"column":4},"end":{"line":118,"column":39}},"41":{"start":{"line":119,"column":4},"end":{"line":119,"column":17}},"42":{"start":{"line":123,"column":4},"end":{"line":123,"column":28}},"43":{"start":{"line":124,"column":4},"end":{"line":124,"column":51}},"44":{"start":{"line":124,"column":19},"end":{"line":124,"column":51}},"45":{"start":{"line":125,"column":4},"end":{"line":125,"column":32}},"46":{"start":{"line":129,"column":4},"end":{"line":129,"column":31}},"47":{"start":{"line":130,"column":4},"end":{"line":130,"column":17}},"48":{"start":{"line":134,"column":4},"end":{"line":134,"column":42}},"49":{"start":{"line":138,"column":4},"end":{"line":138,"column":25}},"50":{"start":{"line":142,"column":4},"end":{"line":142,"column":44}},"51":{"start":{"line":146,"column":4},"end":{"line":146,"column":44}},"52":{"start":{"line":151,"column":4},"end":{"line":151,"column":44}},"53":{"start":{"line":155,"column":4},"end":{"line":155,"column":44}},"54":{"start":{"line":159,"column":4},"end":{"line":159,"column":32}},"55":{"start":{"line":160,"column":4},"end":{"line":160,"column":27}},"56":{"start":{"line":164,"column":4},"end":{"line":164,"column":51}},"57":{"start":{"line":164,"column":19},"end":{"line":164,"column":51}},"58":{"start":{"line":166,"column":4},"end":{"line":170,"column":5}},"59":{"start":{"line":167,"column":21},"end":{"line":167,"column":49}},"60":{"start":{"line":168,"column":6},"end":{"line":168,"column":51}},"61":{"start":{"line":169,"column":6},"end":{"line":169,"column":24}},"62":{"start":{"line":172,"column":4},"end":{"line":172,"column":44}},"63":{"start":{"line":174,"column":4},"end":{"line":174,"column":17}},"64":{"start":{"line":176,"column":4},"end":{"line":176,"column":15}},"65":{"start":{"line":186,"column":4},"end":{"line":186,"column":28}},"66":{"start":{"line":187,"column":4},"end":{"line":187,"column":51}},"67":{"start":{"line":187,"column":19},"end":{"line":187,"column":51}},"68":{"start":{"line":188,"column":4},"end":{"line":188,"column":41}},"69":{"start":{"line":188,"column":32},"end":{"line":188,"column":41}},"70":{"start":{"line":189,"column":20},"end":{"line":189,"column":23}},"71":{"start":{"line":190,"column":4},"end":{"line":192,"column":5}},"72":{"start":{"line":191,"column":6},"end":{"line":191,"column":33}},"73":{"start":{"line":193,"column":4},"end":{"line":195,"column":5}},"74":{"start":{"line":194,"column":6},"end":{"line":194,"column":40}},"75":{"start":{"line":196,"column":17},"end":{"line":196,"column":102}},"76":{"start":{"line":197,"column":4},"end":{"line":197,"column":51}},"77":{"start":{"line":198,"column":4},"end":{"line":198,"column":21}},"78":{"start":{"line":202,"column":4},"end":{"line":213,"column":5}},"79":{"start":{"line":202,"column":14},"end":{"line":202,"column":46}},"80":{"start":{"line":204,"column":6},"end":{"line":204,"column":53}},"81":{"start":{"line":204,"column":21},"end":{"line":204,"column":53}},"82":{"start":{"line":205,"column":6},"end":{"line":212,"column":7}},"83":{"start":{"line":206,"column":8},"end":{"line":206,"column":42}},"84":{"start":{"line":208,"column":20},"end":{"line":208,"column":42}},"85":{"start":{"line":209,"column":8},"end":{"line":209,"column":27}},"86":{"start":{"line":210,"column":8},"end":{"line":210,"column":37}},"87":{"start":{"line":211,"column":8},"end":{"line":211,"column":23}},"88":{"start":{"line":215,"column":4},"end":{"line":215,"column":17}},"89":{"start":{"line":219,"column":4},"end":{"line":219,"column":56}},"90":{"start":{"line":220,"column":4},"end":{"line":220,"column":17}},"91":{"start":{"line":224,"column":4},"end":{"line":224,"column":19}},"92":{"start":{"line":225,"column":4},"end":{"line":225,"column":19}},"93":{"start":{"line":226,"column":4},"end":{"line":226,"column":17}},"94":{"start":{"line":230,"column":4},"end":{"line":230,"column":28}},"95":{"start":{"line":231,"column":4},"end":{"line":231,"column":34}},"96":{"start":{"line":235,"column":4},"end":{"line":237,"column":5}},"97":{"start":{"line":236,"column":6},"end":{"line":236,"column":18}},"98":{"start":{"line":239,"column":4},"end":{"line":243,"column":5}},"99":{"start":{"line":240,"column":6},"end":{"line":242,"column":7}},"100":{"start":{"line":241,"column":8},"end":{"line":241,"column":20}},"101":{"start":{"line":245,"column":4},"end":{"line":249,"column":5}},"102":{"start":{"line":246,"column":6},"end":{"line":248,"column":7}},"103":{"start":{"line":247,"column":8},"end":{"line":247,"column":20}},"104":{"start":{"line":251,"column":4},"end":{"line":251,"column":17}},"105":{"start":{"line":255,"column":4},"end":{"line":257,"column":5}},"106":{"start":{"line":256,"column":6},"end":{"line":256,"column":18}},"107":{"start":{"line":259,"column":4},"end":{"line":263,"column":5}},"108":{"start":{"line":260,"column":6},"end":{"line":262,"column":7}},"109":{"start":{"line":261,"column":8},"end":{"line":261,"column":20}},"110":{"start":{"line":265,"column":4},"end":{"line":269,"column":5}},"111":{"start":{"line":266,"column":6},"end":{"line":268,"column":7}},"112":{"start":{"line":267,"column":8},"end":{"line":267,"column":20}},"113":{"start":{"line":271,"column":4},"end":{"line":271,"column":17}},"114":{"start":{"line":275,"column":4},"end":{"line":277,"column":5}},"115":{"start":{"line":276,"column":6},"end":{"line":276,"column":18}},"116":{"start":{"line":279,"column":4},"end":{"line":283,"column":5}},"117":{"start":{"line":280,"column":6},"end":{"line":282,"column":7}},"118":{"start":{"line":281,"column":8},"end":{"line":281,"column":20}},"119":{"start":{"line":285,"column":4},"end":{"line":289,"column":5}},"120":{"start":{"line":286,"column":6},"end":{"line":288,"column":7}},"121":{"start":{"line":287,"column":8},"end":{"line":287,"column":20}},"122":{"start":{"line":291,"column":4},"end":{"line":291,"column":17}},"123":{"start":{"line":295,"column":4},"end":{"line":295,"column":34}},"124":{"start":{"line":299,"column":4},"end":{"line":311,"column":6}},"125":{"start":{"line":19,"column":0},"end":{"line":19,"column":13}}},"fnMap":{"0":{"name":"(anonymous_0)","decl":{"start":{"line":13,"column":15},"end":{"line":13,"column":26}},"loc":{"start":{"line":13,"column":29},"end":{"line":13,"column":52}}},"1":{"name":"(anonymous_1)","decl":{"start":{"line":14,"column":15},"end":{"line":14,"column":26}},"loc":{"start":{"line":14,"column":29},"end":{"line":14,"column":52}}},"2":{"name":"(anonymous_2)","decl":{"start":{"line":45,"column":2},"end":{"line":45,"column":14}},"loc":{"start":{"line":45,"column":47},"end":{"line":48,"column":3}}},"3":{"name":"(anonymous_3)","decl":{"start":{"line":50,"column":2},"end":{"line":50,"column":13}},"loc":{"start":{"line":50,"column":30},"end":{"line":52,"column":3}}},"4":{"name":"(anonymous_4)","decl":{"start":{"line":54,"column":2},"end":{"line":54,"column":13}},"loc":{"start":{"line":54,"column":18},"end":{"line":56,"column":3}}},"5":{"name":"(anonymous_5)","decl":{"start":{"line":58,"column":2},"end":{"line":58,"column":13}},"loc":{"start":{"line":58,"column":28},"end":{"line":61,"column":3}}},"6":{"name":"(anonymous_6)","decl":{"start":{"line":63,"column":2},"end":{"line":63,"column":13}},"loc":{"start":{"line":63,"column":16},"end":{"line":65,"column":3}}},"7":{"name":"(anonymous_7)","decl":{"start":{"line":67,"column":2},"end":{"line":67,"column":13}},"loc":{"start":{"line":67,"column":28},"end":{"line":70,"column":3}}},"8":{"name":"(anonymous_8)","decl":{"start":{"line":72,"column":2},"end":{"line":72,"column":13}},"loc":{"start":{"line":72,"column":16},"end":{"line":74,"column":3}}},"9":{"name":"(anonymous_9)","decl":{"start":{"line":76,"column":2},"end":{"line":76,"column":13}},"loc":{"start":{"line":76,"column":30},"end":{"line":78,"column":3}}},"10":{"name":"(anonymous_10)","decl":{"start":{"line":80,"column":2},"end":{"line":80,"column":13}},"loc":{"start":{"line":80,"column":18},"end":{"line":82,"column":3}}},"11":{"name":"(anonymous_11)","decl":{"start":{"line":84,"column":2},"end":{"line":84,"column":13}},"loc":{"start":{"line":84,"column":30},"end":{"line":87,"column":3}}},"12":{"name":"(anonymous_12)","decl":{"start":{"line":89,"column":2},"end":{"line":89,"column":13}},"loc":{"start":{"line":89,"column":18},"end":{"line":91,"column":3}}},"13":{"name":"(anonymous_13)","decl":{"start":{"line":93,"column":2},"end":{"line":93,"column":13}},"loc":{"start":{"line":93,"column":17},"end":{"line":95,"column":3}}},"14":{"name":"(anonymous_14)","decl":{"start":{"line":97,"column":2},"end":{"line":97,"column":13}},"loc":{"start":{"line":97,"column":30},"end":{"line":100,"column":3}}},"15":{"name":"(anonymous_15)","decl":{"start":{"line":102,"column":2},"end":{"line":102,"column":13}},"loc":{"start":{"line":102,"column":32},"end":{"line":105,"column":3}}},"16":{"name":"(anonymous_16)","decl":{"start":{"line":107,"column":2},"end":{"line":107,"column":13}},"loc":{"start":{"line":107,"column":18},"end":{"line":109,"column":3}}},"17":{"name":"(anonymous_17)","decl":{"start":{"line":111,"column":2},"end":{"line":111,"column":11}},"loc":{"start":{"line":111,"column":45},"end":{"line":114,"column":3}}},"18":{"name":"(anonymous_18)","decl":{"start":{"line":116,"column":2},"end":{"line":116,"column":11}},"loc":{"start":{"line":116,"column":23},"end":{"line":120,"column":3}}},"19":{"name":"(anonymous_19)","decl":{"start":{"line":122,"column":2},"end":{"line":122,"column":11}},"loc":{"start":{"line":122,"column":11},"end":{"line":126,"column":3}}},"20":{"name":"(anonymous_20)","decl":{"start":{"line":128,"column":2},"end":{"line":128,"column":11}},"loc":{"start":{"line":128,"column":23},"end":{"line":131,"column":3}}},"21":{"name":"(anonymous_21)","decl":{"start":{"line":133,"column":2},"end":{"line":133,"column":9}},"loc":{"start":{"line":133,"column":9},"end":{"line":135,"column":3}}},"22":{"name":"(anonymous_22)","decl":{"start":{"line":137,"column":2},"end":{"line":137,"column":17}},"loc":{"start":{"line":137,"column":34},"end":{"line":139,"column":3}}},"23":{"name":"(anonymous_23)","decl":{"start":{"line":141,"column":2},"end":{"line":141,"column":8}},"loc":{"start":{"line":141,"column":8},"end":{"line":143,"column":3}}},"24":{"name":"(anonymous_24)","decl":{"start":{"line":145,"column":2},"end":{"line":145,"column":13}},"loc":{"start":{"line":145,"column":13},"end":{"line":147,"column":3}}},"25":{"name":"(anonymous_25)","decl":{"start":{"line":149,"column":2},"end":{"line":149,"column":11}},"loc":{"start":{"line":149,"column":11},"end":{"line":152,"column":3}}},"26":{"name":"(anonymous_26)","decl":{"start":{"line":154,"column":2},"end":{"line":154,"column":19}},"loc":{"start":{"line":154,"column":19},"end":{"line":156,"column":3}}},"27":{"name":"(anonymous_27)","decl":{"start":{"line":158,"column":2},"end":{"line":158,"column":13}},"loc":{"start":{"line":158,"column":29},"end":{"line":161,"column":3}}},"28":{"name":"(anonymous_28)","decl":{"start":{"line":163,"column":2},"end":{"line":163,"column":7}},"loc":{"start":{"line":163,"column":79},"end":{"line":177,"column":3}}},"29":{"name":"(anonymous_29)","decl":{"start":{"line":180,"column":2},"end":{"line":180,"column":6}},"loc":{"start":{"line":184,"column":19},"end":{"line":199,"column":3}}},"30":{"name":"(anonymous_30)","decl":{"start":{"line":201,"column":2},"end":{"line":201,"column":10}},"loc":{"start":{"line":201,"column":26},"end":{"line":216,"column":3}}},"31":{"name":"(anonymous_31)","decl":{"start":{"line":218,"column":2},"end":{"line":218,"column":7}},"loc":{"start":{"line":218,"column":20},"end":{"line":221,"column":3}}},"32":{"name":"(anonymous_32)","decl":{"start":{"line":223,"column":2},"end":{"line":223,"column":7}},"loc":{"start":{"line":223,"column":32},"end":{"line":227,"column":3}}},"33":{"name":"(anonymous_33)","decl":{"start":{"line":229,"column":2},"end":{"line":229,"column":7}},"loc":{"start":{"line":229,"column":7},"end":{"line":232,"column":3}}},"34":{"name":"(anonymous_34)","decl":{"start":{"line":234,"column":2},"end":{"line":234,"column":9}},"loc":{"start":{"line":234,"column":56},"end":{"line":252,"column":3}}},"35":{"name":"(anonymous_35)","decl":{"start":{"line":254,"column":2},"end":{"line":254,"column":10}},"loc":{"start":{"line":254,"column":57},"end":{"line":272,"column":3}}},"36":{"name":"(anonymous_36)","decl":{"start":{"line":274,"column":2},"end":{"line":274,"column":12}},"loc":{"start":{"line":274,"column":59},"end":{"line":292,"column":3}}},"37":{"name":"(anonymous_37)","decl":{"start":{"line":294,"column":2},"end":{"line":294,"column":5}},"loc":{"start":{"line":294,"column":5},"end":{"line":296,"column":3}}},"38":{"name":"(anonymous_38)","decl":{"start":{"line":298,"column":2},"end":{"line":298,"column":8}},"loc":{"start":{"line":298,"column":8},"end":{"line":312,"column":3}}}},"branchMap":{"0":{"loc":{"start":{"line":13,"column":29},"end":{"line":13,"column":52}},"type":"binary-expr","locations":[{"start":{"line":13,"column":29},"end":{"line":13,"column":47}},{"start":{"line":13,"column":51},"end":{"line":13,"column":52}}]},"1":{"loc":{"start":{"line":14,"column":29},"end":{"line":14,"column":52}},"type":"binary-expr","locations":[{"start":{"line":14,"column":29},"end":{"line":14,"column":47}},{"start":{"line":14,"column":51},"end":{"line":14,"column":52}}]},"2":{"loc":{"start":{"line":45,"column":27},"end":{"line":45,"column":47}},"type":"default-arg","locations":[{"start":{"line":45,"column":42},"end":{"line":45,"column":47}}]},"3":{"loc":{"start":{"line":111,"column":12},"end":{"line":111,"column":45}},"type":"default-arg","locations":[{"start":{"line":111,"column":39},"end":{"line":111,"column":45}}]},"4":{"loc":{"start":{"line":124,"column":4},"end":{"line":124,"column":51}},"type":"if","locations":[{"start":{"line":124,"column":4},"end":{"line":124,"column":51}}]},"5":{"loc":{"start":{"line":134,"column":11},"end":{"line":134,"column":41}},"type":"cond-expr","locations":[{"start":{"line":134,"column":22},"end":{"line":134,"column":37}},{"start":{"line":134,"column":40},"end":{"line":134,"column":41}}]},"6":{"loc":{"start":{"line":163,"column":21},"end":{"line":163,"column":36}},"type":"default-arg","locations":[{"start":{"line":163,"column":35},"end":{"line":163,"column":36}}]},"7":{"loc":{"start":{"line":163,"column":38},"end":{"line":163,"column":62}},"type":"default-arg","locations":[{"start":{"line":163,"column":52},"end":{"line":163,"column":62}}]},"8":{"loc":{"start":{"line":163,"column":64},"end":{"line":163,"column":79}},"type":"default-arg","locations":[{"start":{"line":163,"column":78},"end":{"line":163,"column":79}}]},"9":{"loc":{"start":{"line":164,"column":4},"end":{"line":164,"column":51}},"type":"if","locations":[{"start":{"line":164,"column":4},"end":{"line":164,"column":51}}]},"10":{"loc":{"start":{"line":166,"column":4},"end":{"line":170,"column":5}},"type":"if","locations":[{"start":{"line":166,"column":4},"end":{"line":170,"column":5}}]},"11":{"loc":{"start":{"line":182,"column":4},"end":{"line":182,"column":19}},"type":"default-arg","locations":[{"start":{"line":182,"column":18},"end":{"line":182,"column":19}}]},"12":{"loc":{"start":{"line":183,"column":4},"end":{"line":183,"column":32}},"type":"default-arg","locations":[{"start":{"line":183,"column":18},"end":{"line":183,"column":32}}]},"13":{"loc":{"start":{"line":184,"column":4},"end":{"line":184,"column":19}},"type":"default-arg","locations":[{"start":{"line":184,"column":18},"end":{"line":184,"column":19}}]},"14":{"loc":{"start":{"line":187,"column":4},"end":{"line":187,"column":51}},"type":"if","locations":[{"start":{"line":187,"column":4},"end":{"line":187,"column":51}}]},"15":{"loc":{"start":{"line":188,"column":4},"end":{"line":188,"column":41}},"type":"if","locations":[{"start":{"line":188,"column":4},"end":{"line":188,"column":41}}]},"16":{"loc":{"start":{"line":190,"column":4},"end":{"line":192,"column":5}},"type":"if","locations":[{"start":{"line":190,"column":4},"end":{"line":192,"column":5}}]},"17":{"loc":{"start":{"line":193,"column":4},"end":{"line":195,"column":5}},"type":"if","locations":[{"start":{"line":193,"column":4},"end":{"line":195,"column":5}}]},"18":{"loc":{"start":{"line":196,"column":17},"end":{"line":196,"column":102}},"type":"cond-expr","locations":[{"start":{"line":196,"column":41},"end":{"line":196,"column":44}},{"start":{"line":196,"column":47},"end":{"line":196,"column":102}}]},"19":{"loc":{"start":{"line":201,"column":11},"end":{"line":201,"column":26}},"type":"default-arg","locations":[{"start":{"line":201,"column":25},"end":{"line":201,"column":26}}]},"20":{"loc":{"start":{"line":202,"column":4},"end":{"line":213,"column":5}},"type":"if","locations":[{"start":{"line":202,"column":4},"end":{"line":213,"column":5}},{"start":{"line":203,"column":9},"end":{"line":213,"column":5}}]},"21":{"loc":{"start":{"line":204,"column":6},"end":{"line":204,"column":53}},"type":"if","locations":[{"start":{"line":204,"column":6},"end":{"line":204,"column":53}}]},"22":{"loc":{"start":{"line":205,"column":6},"end":{"line":212,"column":7}},"type":"if","locations":[{"start":{"line":205,"column":6},"end":{"line":212,"column":7}},{"start":{"line":207,"column":13},"end":{"line":212,"column":7}}]},"23":{"loc":{"start":{"line":234,"column":10},"end":{"line":234,"column":32}},"type":"default-arg","locations":[{"start":{"line":234,"column":24},"end":{"line":234,"column":32}}]},"24":{"loc":{"start":{"line":234,"column":34},"end":{"line":234,"column":56}},"type":"default-arg","locations":[{"start":{"line":234,"column":48},"end":{"line":234,"column":56}}]},"25":{"loc":{"start":{"line":235,"column":4},"end":{"line":237,"column":5}},"type":"if","locations":[{"start":{"line":235,"column":4},"end":{"line":237,"column":5}}]},"26":{"loc":{"start":{"line":239,"column":4},"end":{"line":243,"column":5}},"type":"if","locations":[{"start":{"line":239,"column":4},"end":{"line":243,"column":5}}]},"27":{"loc":{"start":{"line":240,"column":6},"end":{"line":242,"column":7}},"type":"if","locations":[{"start":{"line":240,"column":6},"end":{"line":242,"column":7}}]},"28":{"loc":{"start":{"line":245,"column":4},"end":{"line":249,"column":5}},"type":"if","locations":[{"start":{"line":245,"column":4},"end":{"line":249,"column":5}}]},"29":{"loc":{"start":{"line":246,"column":6},"end":{"line":248,"column":7}},"type":"if","locations":[{"start":{"line":246,"column":6},"end":{"line":248,"column":7}}]},"30":{"loc":{"start":{"line":254,"column":11},"end":{"line":254,"column":33}},"type":"default-arg","locations":[{"start":{"line":254,"column":25},"end":{"line":254,"column":33}}]},"31":{"loc":{"start":{"line":254,"column":35},"end":{"line":254,"column":57}},"type":"default-arg","locations":[{"start":{"line":254,"column":49},"end":{"line":254,"column":57}}]},"32":{"loc":{"start":{"line":255,"column":4},"end":{"line":257,"column":5}},"type":"if","locations":[{"start":{"line":255,"column":4},"end":{"line":257,"column":5}}]},"33":{"loc":{"start":{"line":259,"column":4},"end":{"line":263,"column":5}},"type":"if","locations":[{"start":{"line":259,"column":4},"end":{"line":263,"column":5}}]},"34":{"loc":{"start":{"line":260,"column":6},"end":{"line":262,"column":7}},"type":"if","locations":[{"start":{"line":260,"column":6},"end":{"line":262,"column":7}}]},"35":{"loc":{"start":{"line":265,"column":4},"end":{"line":269,"column":5}},"type":"if","locations":[{"start":{"line":265,"column":4},"end":{"line":269,"column":5}}]},"36":{"loc":{"start":{"line":266,"column":6},"end":{"line":268,"column":7}},"type":"if","locations":[{"start":{"line":266,"column":6},"end":{"line":268,"column":7}}]},"37":{"loc":{"start":{"line":274,"column":13},"end":{"line":274,"column":35}},"type":"default-arg","locations":[{"start":{"line":274,"column":27},"end":{"line":274,"column":35}}]},"38":{"loc":{"start":{"line":274,"column":37},"end":{"line":274,"column":59}},"type":"default-arg","locations":[{"start":{"line":274,"column":51},"end":{"line":274,"column":59}}]},"39":{"loc":{"start":{"line":275,"column":4},"end":{"line":277,"column":5}},"type":"if","locations":[{"start":{"line":275,"column":4},"end":{"line":277,"column":5}}]},"40":{"loc":{"start":{"line":279,"column":4},"end":{"line":283,"column":5}},"type":"if","locations":[{"start":{"line":279,"column":4},"end":{"line":283,"column":5}}]},"41":{"loc":{"start":{"line":280,"column":6},"end":{"line":282,"column":7}},"type":"if","locations":[{"start":{"line":280,"column":6},"end":{"line":282,"column":7}}]},"42":{"loc":{"start":{"line":285,"column":4},"end":{"line":289,"column":5}},"type":"if","locations":[{"start":{"line":285,"column":4},"end":{"line":289,"column":5}}]},"43":{"loc":{"start":{"line":286,"column":6},"end":{"line":288,"column":7}},"type":"if","locations":[{"start":{"line":286,"column":6},"end":{"line":288,"column":7}}]}},"s":{"0":65,"1":65,"2":65,"3":65,"4":65,"5":65,"6":21577,"7":65,"8":21577,"9":3042,"10":3042,"11":3042,"12":3042,"13":3042,"14":3042,"15":3042,"16":3042,"17":3042,"18":3042,"19":11971,"20":748,"21":4,"22":4,"23":846,"24":4,"25":4,"26":846,"27":15794,"28":737,"29":6624,"30":6624,"31":761,"32":18769,"33":1,"34":1,"35":5338,"36":5338,"37":6079,"38":132,"39":132,"40":10,"41":10,"42":535,"43":535,"44":7,"45":535,"46":1,"47":1,"48":791,"49":0,"50":553,"51":35148,"52":12772,"53":1,"54":90,"55":90,"56":1191,"57":27,"58":1191,"59":1165,"60":1165,"61":1165,"62":1191,"63":1191,"64":1191,"65":63,"66":63,"67":1,"68":63,"69":16,"70":47,"71":47,"72":0,"73":47,"74":16,"75":47,"76":47,"77":47,"78":1175,"79":1162,"80":13,"81":0,"82":13,"83":8,"84":5,"85":5,"86":5,"87":5,"88":1175,"89":157,"90":157,"91":3,"92":3,"93":3,"94":2537,"95":2537,"96":702,"97":684,"98":18,"99":18,"100":0,"101":18,"102":18,"103":4,"104":14,"105":3550,"106":3514,"107":36,"108":36,"109":0,"110":36,"111":36,"112":7,"113":29,"114":14283,"115":14222,"116":61,"117":61,"118":0,"119":61,"120":61,"121":0,"122":61,"123":9,"124":0,"125":65},"f":{"0":21577,"1":21577,"2":3042,"3":11971,"4":748,"5":4,"6":846,"7":4,"8":846,"9":15794,"10":737,"11":6624,"12":761,"13":18769,"14":1,"15":5338,"16":6079,"17":132,"18":10,"19":535,"20":1,"21":791,"22":0,"23":553,"24":35148,"25":12772,"26":1,"27":90,"28":1191,"29":63,"30":1175,"31":157,"32":3,"33":2537,"34":702,"35":3550,"36":14283,"37":9,"38":0},"b":{"0":[21577,0],"1":[21577,0],"2":[16],"3":[132],"4":[7],"5":[355,436],"6":[6],"7":[6],"8":[6],"9":[27],"10":[1165],"11":[1],"12":[1],"13":[1],"14":[1],"15":[16],"16":[0],"17":[16],"18":[35,12],"19":[1162],"20":[1162,13],"21":[0],"22":[8,5],"23":[702],"24":[702],"25":[684],"26":[18],"27":[0],"28":[18],"29":[4],"30":[3550],"31":[3550],"32":[3514],"33":[36],"34":[0],"35":[36],"36":[7],"37":[14283],"38":[14283],"39":[14222],"40":[61],"41":[0],"42":[61],"43":[0]}}
,"/home/runner/work/memfs/memfs/src/core/Superblock.ts": {"path":"/home/runner/work/memfs/memfs/src/core/Superblock.ts","statementMap":{"0":{"start":{"line":1,"column":0},"end":{"line":1,"column":96}},"1":{"start":{"line":2,"column":0},"end":{"line":2,"column":30}},"2":{"start":{"line":3,"column":0},"end":{"line":3,"column":30}},"3":{"start":{"line":4,"column":0},"end":{"line":4,"column":30}},"4":{"start":{"line":5,"column":0},"end":{"line":5,"column":56}},"5":{"start":{"line":6,"column":0},"end":{"line":6,"column":33}},"6":{"start":{"line":7,"column":0},"end":{"line":7,"column":41}},"7":{"start":{"line":8,"column":0},"end":{"line":8,"column":56}},"8":{"start":{"line":9,"column":0},"end":{"line":9,"column":59}},"9":{"start":{"line":10,"column":0},"end":{"line":10,"column":82}},"10":{"start":{"line":11,"column":0},"end":{"line":11,"column":73}},"11":{"start":{"line":16,"column":16},"end":{"line":16,"column":39}},"12":{"start":{"line":17,"column":21},"end":{"line":17,"column":54}},"13":{"start":{"line":18,"column":17},"end":{"line":18,"column":42}},"14":{"start":{"line":20,"column":88},"end":{"line":20,"column":97}},"15":{"start":{"line":29,"column":16},"end":{"line":29,"column":32}},"16":{"start":{"line":30,"column":4},"end":{"line":30,"column":28}},"17":{"start":{"line":31,"column":4},"end":{"line":31,"column":15}},"18":{"start":{"line":35,"column":16},"end":{"line":35,"column":32}},"19":{"start":{"line":36,"column":4},"end":{"line":36,"column":34}},"20":{"start":{"line":37,"column":4},"end":{"line":37,"column":15}},"21":{"start":{"line":57,"column":2},"end":{"line":57,"column":18}},"22":{"start":{"line":60,"column":2},"end":{"line":60,"column":39}},"23":{"start":{"line":63,"column":2},"end":{"line":63,"column":30}},"24":{"start":{"line":66,"column":2},"end":{"line":66,"column":35}},"25":{"start":{"line":70,"column":2},"end":{"line":70,"column":29}},"26":{"start":{"line":73,"column":2},"end":{"line":73,"column":19}},"27":{"start":{"line":76,"column":2},"end":{"line":76,"column":16}},"28":{"start":{"line":492,"column":18},"end":{"line":501,"column":4}},"29":{"start":{"line":498,"column":17},"end":{"line":498,"column":76}},"30":{"start":{"line":499,"column":4},"end":{"line":499,"column":70}},"31":{"start":{"line":499,"column":15},"end":{"line":499,"column":70}},"32":{"start":{"line":500,"column":4},"end":{"line":500,"column":19}},"33":{"start":{"line":503,"column":18},"end":{"line":521,"column":4}},"34":{"start":{"line":504,"column":21},"end":{"line":504,"column":43}},"35":{"start":{"line":506,"column":4},"end":{"line":507,"column":75}},"36":{"start":{"line":506,"column":18},"end":{"line":506,"column":36}},"37":{"start":{"line":507,"column":9},"end":{"line":507,"column":75}},"38":{"start":{"line":508,"column":17},"end":{"line":508,"column":18}},"39":{"start":{"line":509,"column":17},"end":{"line":509,"column":27}},"40":{"start":{"line":510,"column":19},"end":{"line":510,"column":54}},"41":{"start":{"line":511,"column":4},"end":{"line":520,"column":5}},"42":{"start":{"line":512,"column":6},"end":{"line":517,"column":7}},"43":{"start":{"line":513,"column":24},"end":{"line":513,"column":69}},"44":{"start":{"line":514,"column":8},"end":{"line":514,"column":26}},"45":{"start":{"line":515,"column":8},"end":{"line":515,"column":26}},"46":{"start":{"line":516,"column":8},"end":{"line":516,"column":56}},"47":{"start":{"line":516,"column":36},"end":{"line":516,"column":56}},"48":{"start":{"line":519,"column":6},"end":{"line":519,"column":36}},"49":{"start":{"line":519,"column":21},"end":{"line":519,"column":36}},"50":{"start":{"line":523,"column":18},"end":{"line":543,"column":4}},"51":{"start":{"line":530,"column":4},"end":{"line":532,"column":5}},"52":{"start":{"line":531,"column":6},"end":{"line":531,"column":95}},"53":{"start":{"line":533,"column":17},"end":{"line":533,"column":44}},"54":{"start":{"line":534,"column":4},"end":{"line":536,"column":5}},"55":{"start":{"line":535,"column":6},"end":{"line":535,"column":71}},"56":{"start":{"line":537,"column":4},"end":{"line":542,"column":6}},"57":{"start":{"line":545,"column":18},"end":{"line":557,"column":4}},"58":{"start":{"line":546,"column":17},"end":{"line":546,"column":44}},"59":{"start":{"line":547,"column":12},"end":{"line":547,"column":33}},"60":{"start":{"line":548,"column":4},"end":{"line":548,"column":32}},"61":{"start":{"line":548,"column":18},"end":{"line":548,"column":32}},"62":{"start":{"line":549,"column":20},"end":{"line":549,"column":21}},"63":{"start":{"line":550,"column":4},"end":{"line":555,"column":5}},"64":{"start":{"line":551,"column":20},"end":{"line":551,"column":62}},"65":{"start":{"line":552,"column":6},"end":{"line":552,"column":20}},"66":{"start":{"line":553,"column":6},"end":{"line":553,"column":25}},"67":{"start":{"line":554,"column":6},"end":{"line":554,"column":43}},"68":{"start":{"line":554,"column":37},"end":{"line":554,"column":43}},"69":{"start":{"line":556,"column":4},"end":{"line":556,"column":21}},"70":{"start":{"line":559,"column":18},"end":{"line":581,"column":4}},"71":{"start":{"line":561,"column":4},"end":{"line":566,"column":5}},"72":{"start":{"line":562,"column":6},"end":{"line":562,"column":53}},"73":{"start":{"line":564,"column":6},"end":{"line":564,"column":78}},"74":{"start":{"line":564,"column":20},"end":{"line":564,"column":78}},"75":{"start":{"line":565,"column":6},"end":{"line":565,"column":16}},"76":{"start":{"line":567,"column":21},"end":{"line":567,"column":39}},"77":{"start":{"line":569,"column":4},"end":{"line":575,"column":5}},"78":{"start":{"line":570,"column":6},"end":{"line":570,"column":51}},"79":{"start":{"line":573,"column":6},"end":{"line":573,"column":78}},"80":{"start":{"line":573,"column":20},"end":{"line":573,"column":78}},"81":{"start":{"line":574,"column":6},"end":{"line":574,"column":16}},"82":{"start":{"line":576,"column":17},"end":{"line":576,"column":36}},"83":{"start":{"line":577,"column":4},"end":{"line":577,"column":96}},"84":{"start":{"line":577,"column":29},"end":{"line":577,"column":96}},"85":{"start":{"line":578,"column":17},"end":{"line":578,"column":32}},"86":{"start":{"line":579,"column":4},"end":{"line":579,"column":17}},"87":{"start":{"line":580,"column":4},"end":{"line":580,"column":33}},"88":{"start":{"line":583,"column":18},"end":{"line":594,"column":4}},"89":{"start":{"line":584,"column":23},"end":{"line":584,"column":62}},"90":{"start":{"line":586,"column":4},"end":{"line":586,"column":53}},"91":{"start":{"line":586,"column":21},"end":{"line":586,"column":53}},"92":{"start":{"line":587,"column":4},"end":{"line":587,"column":26}},"93":{"start":{"line":588,"column":17},"end":{"line":588,"column":31}},"94":{"start":{"line":589,"column":4},"end":{"line":589,"column":17}},"95":{"start":{"line":591,"column":4},"end":{"line":593,"column":5}},"96":{"start":{"line":592,"column":6},"end":{"line":592,"column":28}},"97":{"start":{"line":596,"column":18},"end":{"line":620,"column":4}},"98":{"start":{"line":597,"column":22},"end":{"line":597,"column":51}},"99":{"start":{"line":600,"column":4},"end":{"line":606,"column":5}},"100":{"start":{"line":601,"column":6},"end":{"line":601,"column":58}},"101":{"start":{"line":604,"column":6},"end":{"line":604,"column":89}},"102":{"start":{"line":604,"column":20},"end":{"line":604,"column":89}},"103":{"start":{"line":605,"column":6},"end":{"line":605,"column":16}},"104":{"start":{"line":607,"column":17},"end":{"line":607,"column":48}},"105":{"start":{"line":609,"column":4},"end":{"line":609,"column":110}},"106":{"start":{"line":609,"column":32},"end":{"line":609,"column":110}},"107":{"start":{"line":613,"column":17},"end":{"line":613,"column":34}},"108":{"start":{"line":614,"column":4},"end":{"line":615,"column":84}},"109":{"start":{"line":615,"column":6},"end":{"line":615,"column":84}},"110":{"start":{"line":617,"column":26},"end":{"line":617,"column":51}},"111":{"start":{"line":618,"column":4},"end":{"line":618,"column":50}},"112":{"start":{"line":619,"column":4},"end":{"line":619,"column":19}},"113":{"start":{"line":622,"column":18},"end":{"line":670,"column":4}},"114":{"start":{"line":624,"column":4},"end":{"line":630,"column":5}},"115":{"start":{"line":625,"column":6},"end":{"line":625,"column":58}},"116":{"start":{"line":628,"column":6},"end":{"line":628,"column":92}},"117":{"start":{"line":628,"column":20},"end":{"line":628,"column":92}},"118":{"start":{"line":629,"column":6},"end":{"line":629,"column":16}},"119":{"start":{"line":636,"column":4},"end":{"line":642,"column":5}},"120":{"start":{"line":637,"column":6},"end":{"line":637,"column":71}},"121":{"start":{"line":640,"column":6},"end":{"line":640,"column":92}},"122":{"start":{"line":640,"column":20},"end":{"line":640,"column":92}},"123":{"start":{"line":641,"column":6},"end":{"line":641,"column":16}},"124":{"start":{"line":648,"column":26},"end":{"line":648,"column":37}},"125":{"start":{"line":649,"column":4},"end":{"line":649,"column":105}},"126":{"start":{"line":649,"column":24},"end":{"line":649,"column":105}},"127":{"start":{"line":652,"column":32},"end":{"line":652,"column":55}},"128":{"start":{"line":653,"column":33},"end":{"line":653,"column":57}},"129":{"start":{"line":654,"column":4},"end":{"line":661,"column":5}},"130":{"start":{"line":660,"column":6},"end":{"line":660,"column":87}},"131":{"start":{"line":663,"column":4},"end":{"line":663,"column":36}},"132":{"start":{"line":666,"column":17},"end":{"line":666,"column":42}},"133":{"start":{"line":667,"column":4},"end":{"line":667,"column":21}},"134":{"start":{"line":668,"column":4},"end":{"line":668,"column":49}},"135":{"start":{"line":669,"column":4},"end":{"line":669,"column":50}},"136":{"start":{"line":672,"column":18},"end":{"line":683,"column":4}},"137":{"start":{"line":673,"column":18},"end":{"line":673,"column":43}},"138":{"start":{"line":675,"column":4},"end":{"line":675,"column":79}},"139":{"start":{"line":675,"column":23},"end":{"line":675,"column":79}},"140":{"start":{"line":676,"column":16},"end":{"line":676,"column":65}},"141":{"start":{"line":678,"column":17},"end":{"line":678,"column":40}},"142":{"start":{"line":679,"column":4},"end":{"line":679,"column":84}},"143":{"start":{"line":679,"column":28},"end":{"line":679,"column":84}},"144":{"start":{"line":680,"column":17},"end":{"line":680,"column":30}},"145":{"start":{"line":681,"column":4},"end":{"line":681,"column":104}},"146":{"start":{"line":681,"column":48},"end":{"line":681,"column":104}},"147":{"start":{"line":682,"column":4},"end":{"line":682,"column":72}},"148":{"start":{"line":688,"column":18},"end":{"line":719,"column":4}},"149":{"start":{"line":689,"column":18},"end":{"line":689,"column":23}},"150":{"start":{"line":690,"column":18},"end":{"line":690,"column":43}},"151":{"start":{"line":691,"column":28},"end":{"line":691,"column":32}},"152":{"start":{"line":692,"column":12},"end":{"line":692,"column":24}},"153":{"start":{"line":694,"column":4},"end":{"line":697,"column":5}},"154":{"start":{"line":695,"column":6},"end":{"line":695,"column":53}},"155":{"start":{"line":696,"column":6},"end":{"line":696,"column":22}},"156":{"start":{"line":696,"column":16},"end":{"line":696,"column":22}},"157":{"start":{"line":698,"column":4},"end":{"line":701,"column":5}},"158":{"start":{"line":699,"column":6},"end":{"line":699,"column":23}},"159":{"start":{"line":700,"column":6},"end":{"line":700,"column":12}},"160":{"start":{"line":705,"column":4},"end":{"line":705,"column":83}},"161":{"start":{"line":707,"column":4},"end":{"line":717,"column":5}},"162":{"start":{"line":708,"column":19},"end":{"line":708,"column":33}},"163":{"start":{"line":709,"column":6},"end":{"line":714,"column":7}},"164":{"start":{"line":711,"column":8},"end":{"line":711,"column":108}},"165":{"start":{"line":711,"column":52},"end":{"line":711,"column":108}},"166":{"start":{"line":713,"column":8},"end":{"line":713,"column":65}},"167":{"start":{"line":715,"column":6},"end":{"line":715,"column":21}},"168":{"start":{"line":716,"column":6},"end":{"line":716,"column":86}},"169":{"start":{"line":718,"column":4},"end":{"line":718,"column":42}},"170":{"start":{"line":721,"column":18},"end":{"line":725,"column":4}},"171":{"start":{"line":722,"column":17},"end":{"line":722,"column":60}},"172":{"start":{"line":723,"column":4},"end":{"line":723,"column":94}},"173":{"start":{"line":723,"column":35},"end":{"line":723,"column":94}},"174":{"start":{"line":724,"column":4},"end":{"line":724,"column":26}},"175":{"start":{"line":727,"column":18},"end":{"line":740,"column":4}},"176":{"start":{"line":730,"column":4},"end":{"line":736,"column":5}},"177":{"start":{"line":731,"column":6},"end":{"line":731,"column":59}},"178":{"start":{"line":734,"column":6},"end":{"line":735,"column":21}},"179":{"start":{"line":734,"column":51},"end":{"line":734,"column":58}},"180":{"start":{"line":735,"column":11},"end":{"line":735,"column":21}},"181":{"start":{"line":737,"column":4},"end":{"line":737,"column":112}},"182":{"start":{"line":737,"column":52},"end":{"line":737,"column":112}},"183":{"start":{"line":738,"column":4},"end":{"line":738,"column":97}},"184":{"start":{"line":738,"column":44},"end":{"line":738,"column":97}},"185":{"start":{"line":739,"column":4},"end":{"line":739,"column":26}},"186":{"start":{"line":749,"column":18},"end":{"line":753,"column":4}},"187":{"start":{"line":750,"column":4},"end":{"line":750,"column":19}},"188":{"start":{"line":751,"column":17},"end":{"line":751,"column":53}},"189":{"start":{"line":752,"column":4},"end":{"line":752,"column":25}},"190":{"start":{"line":79,"column":17},"end":{"line":79,"column":34}},"191":{"start":{"line":80,"column":4},"end":{"line":80,"column":61}},"192":{"start":{"line":82,"column":4},"end":{"line":82,"column":29}},"193":{"start":{"line":83,"column":4},"end":{"line":83,"column":27}},"194":{"start":{"line":85,"column":4},"end":{"line":85,"column":30}},"195":{"start":{"line":86,"column":4},"end":{"line":86,"column":27}},"196":{"start":{"line":88,"column":4},"end":{"line":88,"column":21}},"197":{"start":{"line":94,"column":4},"end":{"line":96,"column":5}},"198":{"start":{"line":95,"column":6},"end":{"line":95,"column":40}},"199":{"start":{"line":98,"column":4},"end":{"line":100,"column":5}},"200":{"start":{"line":99,"column":6},"end":{"line":99,"column":58}},"201":{"start":{"line":103,"column":22},"end":{"line":103,"column":59}},"202":{"start":{"line":106,"column":24},"end":{"line":106,"column":55}},"203":{"start":{"line":107,"column":21},"end":{"line":107,"column":112}},"204":{"start":{"line":108,"column":22},"end":{"line":108,"column":64}},"205":{"start":{"line":109,"column":4},"end":{"line":109,"column":64}},"206":{"start":{"line":113,"column":19},"end":{"line":113,"column":30}},"207":{"start":{"line":114,"column":4},"end":{"line":118,"column":5}},"208":{"start":{"line":115,"column":6},"end":{"line":115,"column":31}},"209":{"start":{"line":117,"column":6},"end":{"line":117,"column":18}},"210":{"start":{"line":119,"column":4},"end":{"line":119,"column":17}},"211":{"start":{"line":123,"column":23},"end":{"line":123,"column":46}},"212":{"start":{"line":125,"column":4},"end":{"line":129,"column":5}},"213":{"start":{"line":125,"column":20},"end":{"line":125,"column":38}},"214":{"start":{"line":127,"column":6},"end":{"line":127,"column":45}},"215":{"start":{"line":128,"column":6},"end":{"line":128,"column":22}},"216":{"start":{"line":133,"column":23},"end":{"line":133,"column":45}},"217":{"start":{"line":134,"column":4},"end":{"line":134,"column":73}},"218":{"start":{"line":138,"column":17},"end":{"line":138,"column":52}},"219":{"start":{"line":139,"column":4},"end":{"line":139,"column":33}},"220":{"start":{"line":140,"column":4},"end":{"line":140,"column":16}},"221":{"start":{"line":144,"column":4},"end":{"line":144,"column":15}},"222":{"start":{"line":145,"column":4},"end":{"line":145,"column":33}},"223":{"start":{"line":146,"column":4},"end":{"line":146,"column":37}},"224":{"start":{"line":186,"column":4},"end":{"line":195,"column":5}},"225":{"start":{"line":187,"column":6},"end":{"line":187,"column":42}},"226":{"start":{"line":188,"column":6},"end":{"line":188,"column":47}},"227":{"start":{"line":189,"column":11},"end":{"line":195,"column":5}},"228":{"start":{"line":190,"column":6},"end":{"line":190,"column":53}},"229":{"start":{"line":191,"column":6},"end":{"line":191,"column":39}},"230":{"start":{"line":193,"column":6},"end":{"line":193,"column":36}},"231":{"start":{"line":194,"column":6},"end":{"line":194,"column":47}},"232":{"start":{"line":197,"column":28},"end":{"line":197,"column":37}},"233":{"start":{"line":198,"column":12},"end":{"line":198,"column":13}},"234":{"start":{"line":199,"column":4},"end":{"line":241,"column":5}},"235":{"start":{"line":200,"column":23},"end":{"line":200,"column":37}},"236":{"start":{"line":202,"column":6},"end":{"line":208,"column":7}},"237":{"start":{"line":203,"column":8},"end":{"line":205,"column":9}},"238":{"start":{"line":204,"column":10},"end":{"line":204,"column":67}},"239":{"start":{"line":207,"column":8},"end":{"line":207,"column":92}},"240":{"start":{"line":207,"column":34},"end":{"line":207,"column":92}},"241":{"start":{"line":210,"column":6},"end":{"line":210,"column":45}},"242":{"start":{"line":213,"column":6},"end":{"line":215,"column":25}},"243":{"start":{"line":214,"column":8},"end":{"line":215,"column":25}},"244":{"start":{"line":214,"column":28},"end":{"line":214,"column":85}},"245":{"start":{"line":215,"column":13},"end":{"line":215,"column":25}},"246":{"start":{"line":217,"column":6},"end":{"line":217,"column":29}},"247":{"start":{"line":221,"column":6},"end":{"line":228,"column":7}},"248":{"start":{"line":222,"column":29},"end":{"line":222,"column":118}},"249":{"start":{"line":224,"column":8},"end":{"line":224,"column":73}},"250":{"start":{"line":225,"column":8},"end":{"line":225,"column":25}},"251":{"start":{"line":226,"column":8},"end":{"line":226,"column":14}},"252":{"start":{"line":227,"column":8},"end":{"line":227,"column":17}},"253":{"start":{"line":233,"column":6},"end":{"line":238,"column":7}},"254":{"start":{"line":236,"column":26},"end":{"line":236,"column":95}},"255":{"start":{"line":237,"column":8},"end":{"line":237,"column":57}},"256":{"start":{"line":240,"column":6},"end":{"line":240,"column":10}},"257":{"start":{"line":243,"column":4},"end":{"line":243,"column":16}},"258":{"start":{"line":248,"column":4},"end":{"line":248,"column":49}},"259":{"start":
[...]
,"/home/runner/work/memfs/memfs/src/vendor/node/stream.ts": {"path":"/home/runner/work/memfs/memfs/src/vendor/node/stream.ts","statementMap":{"0":{"start":{"line":1,"column":0},"end":{"line":1,"column":9}},"1":{"start":{"line":1,"column":9},"end":{"line":1,"column":19}},"2":{"start":{"line":1,"column":19},"end":{"line":1,"column":49}}},"fnMap":{"0":{"name":"(anonymous_0)","decl":{"start":{"line":1,"column":9},"end":{"line":1,"column":17}},"loc":{"start":{"line":1,"column":9},"end":{"line":1,"column":19}}},"1":{"name":"(anonymous_1)","decl":{"start":{"line":1,"column":19},"end":{"line":1,"column":27}},"loc":{"start":{"line":1,"column":19},"end":{"line":1,"column":49}}}},"branchMap":{},"s":{"0":64,"1":139,"2":136},"f":{"0":75,"1":72},"b":{}}
,"/home/runner/work/memfs/memfs/src/vendor/node/url.ts": {"path":"/home/runner/work/memfs/memfs/src/vendor/node/url.ts","statementMap":{"0":{"start":{"line":1,"column":0},"end":{"line":1,"column":9}},"1":{"start":{"line":1,"column":9},"end":{"line":1,"column":31}}},"fnMap":{"0":{"name":"(anonymous_0)","decl":{"start":{"line":1,"column":9},"end":{"line":1,"column":12}},"loc":{"start":{"line":1,"column":9},"end":{"line":1,"column":31}}}},"branchMap":{},"s":{"0":1,"1":2},"f":{"0":1},"b":{}}
,"/home/runner/work/memfs/memfs/src/vendor/node/util.ts": {"path":"/home/runner/work/memfs/memfs/src/vendor/node/util.ts","statementMap":{"0":{"start":{"line":5,"column":0},"end":{"line":5,"column":16}},"1":{"start":{"line":27,"column":0},"end":{"line":27,"column":16}},"2":{"start":{"line":49,"column":0},"end":{"line":49,"column":16}},"3":{"start":{"line":71,"column":0},"end":{"line":71,"column":16}},"4":{"start":{"line":6,"column":2},"end":{"line":8,"column":3}},"5":{"start":{"line":7,"column":4},"end":{"line":7,"column":74}},"6":{"start":{"line":9,"column":2},"end":{"line":11,"column":3}},"7":{"start":{"line":10,"column":4},"end":{"line":10,"column":80}},"8":{"start":{"line":12,"column":2},"end":{"line":12,"column":26}},"9":{"start":{"line":13,"column":2},"end":{"line":20,"column":5}},"10":{"start":{"line":28,"column":2},"end":{"line":30,"column":3}},"11":{"start":{"line":29,"column":4},"end":{"line":29,"column":76}},"12":{"start":{"line":32,"column":2},"end":{"line":42,"column":4}},"13":{"start":{"line":33,"column":4},"end":{"line":41,"column":7}},"14":{"start":{"line":34,"column":6},"end":{"line":40,"column":9}},"15":{"start":{"line":35,"column":8},"end":{"line":39,"column":9}},"16":{"start":{"line":36,"column":10},"end":{"line":36,"column":22}},"17":{"start":{"line":38,"column":10},"end":{"line":38,"column":26}},"18":{"start":{"line":50,"column":2},"end":{"line":50,"column":36}},"19":{"start":{"line":50,"column":22},"end":{"line":50,"column":36}},"20":{"start":{"line":51,"column":2},"end":{"line":51,"column":46}},"21":{"start":{"line":51,"column":27},"end":{"line":51,"column":46}},"22":{"start":{"line":52,"column":2},"end":{"line":52,"column":53}},"23":{"start":{"line":52,"column":33},"end":{"line":52,"column":53}},"24":{"start":{"line":53,"column":2},"end":{"line":53,"column":84}},"25":{"start":{"line":53,"column":63},"end":{"line":53,"column":84}},"26":{"start":{"line":54,"column":2},"end":{"line":57,"column":3}},"27":{"start":{"line":55,"column":18},"end":{"line":55,"column":61}},"28":{"start":{"line":55,"column":36},"end":{"line":55,"column":49}},"29":{"start":{"line":56,"column":4},"end":{"line":56,"column":26}},"30":{"start":{"line":58,"column":2},"end":{"line":63,"column":3}},"31":{"start":{"line":59,"column":20},"end":{"line":61,"column":17}},"32":{"start":{"line":60,"column":27},"end":{"line":60,"column":52}},"33":{"start":{"line":62,"column":4},"end":{"line":62,"column":28}},"34":{"start":{"line":64,"column":2},"end":{"line":64,"column":23}},"35":{"start":{"line":72,"column":2},"end":{"line":72,"column":41}},"36":{"start":{"line":72,"column":25},"end":{"line":72,"column":41}},"37":{"start":{"line":74,"column":15},"end":{"line":74,"column":23}},"38":{"start":{"line":75,"column":17},"end":{"line":75,"column":18}},"39":{"start":{"line":78,"column":2},"end":{"line":98,"column":5}},"40":{"start":{"line":79,"column":4},"end":{"line":79,"column":46}},"41":{"start":{"line":79,"column":33},"end":{"line":79,"column":46}},"42":{"start":{"line":81,"column":16},"end":{"line":81,"column":32}},"43":{"start":{"line":82,"column":4},"end":{"line":97,"column":5}},"44":{"start":{"line":84,"column":8},"end":{"line":84,"column":27}},"45":{"start":{"line":86,"column":8},"end":{"line":86,"column":38}},"46":{"start":{"line":88,"column":8},"end":{"line":92,"column":9}},"47":{"start":{"line":89,"column":10},"end":{"line":89,"column":37}},"48":{"start":{"line":91,"column":10},"end":{"line":91,"column":30}},"49":{"start":{"line":94,"column":8},"end":{"line":94,"column":19}},"50":{"start":{"line":96,"column":8},"end":{"line":96,"column":21}},"51":{"start":{"line":101,"column":2},"end":{"line":103,"column":3}},"52":{"start":{"line":102,"column":4},"end":{"line":102,"column":45}},"53":{"start":{"line":105,"column":2},"end":{"line":105,"column":16}}},"fnMap":{"0":{"name":"inherits","decl":{"start":{"line":5,"column":16},"end":{"line":5,"column":24}},"loc":{"start":{"line":5,"column":50},"end":{"line":21,"column":1}}},"1":{"name":"promisify","decl":{"start":{"line":27,"column":16},"end":{"line":27,"column":25}},"loc":{"start":{"line":27,"column":38},"end":{"line":43,"column":1}}},"2":{"name":"(anonymous_2)","decl":{"start":{"line":32,"column":9},"end":{"line":32,"column":19}},"loc":{"start":{"line":32,"column":33},"end":{"line":42,"column":3}}},"3":{"name":"(anonymous_3)","decl":{"start":{"line":33,"column":23},"end":{"line":33,"column":24}},"loc":{"start":{"line":33,"column":43},"end":{"line":41,"column":5}}},"4":{"name":"(anonymous_4)","decl":{"start":{"line":34,"column":29},"end":{"line":34,"column":30}},"loc":{"start":{"line":34,"column":55},"end":{"line":40,"column":7}}},"5":{"name":"inspect","decl":{"start":{"line":49,"column":16},"end":{"line":49,"column":23}},"loc":{"start":{"line":49,"column":34},"end":{"line":65,"column":1}}},"6":{"name":"(anonymous_6)","decl":{"start":{"line":55,"column":28},"end":{"line":55,"column":32}},"loc":{"start":{"line":55,"column":36},"end":{"line":55,"column":49}}},"7":{"name":"(anonymous_7)","decl":{"start":{"line":60,"column":11},"end":{"line":60,"column":12}},"loc":{"start":{"line":60,"column":27},"end":{"line":60,"column":52}}},"8":{"name":"format","decl":{"start":{"line":71,"column":16},"end":{"line":71,"column":22}},"loc":{"start":{"line":71,"column":55},"end":{"line":106,"column":1}}},"9":{"name":"(anonymous_9)","decl":{"start":{"line":78,"column":38},"end":{"line":78,"column":43}},"loc":{"start":{"line":78,"column":46},"end":{"line":98,"column":3}}}},"branchMap":{"0":{"loc":{"start":{"line":6,"column":2},"end":{"line":8,"column":3}},"type":"if","locations":[{"start":{"line":6,"column":2},"end":{"line":8,"column":3}}]},"1":{"loc":{"start":{"line":6,"column":6},"end":{"line":6,"column":41}},"type":"binary-expr","locations":[{"start":{"line":6,"column":6},"end":{"line":6,"column":24}},{"start":{"line":6,"column":28},"end":{"line":6,"column":41}}]},"2":{"loc":{"start":{"line":9,"column":2},"end":{"line":11,"column":3}},"type":"if","locations":[{"start":{"line":9,"column":2},"end":{"line":11,"column":3}}]},"3":{"loc":{"start":{"line":9,"column":6},"end":{"line":9,"column":51}},"type":"binary-expr","locations":[{"start":{"line":9,"column":6},"end":{"line":9,"column":29}},{"start":{"line":9,"column":33},"end":{"line":9,"column":51}}]},"4":{"loc":{"start":{"line":28,"column":2},"end":{"line":30,"column":3}},"type":"if","locations":[{"start":{"line":28,"column":2},"end":{"line":30,"column":3}}]},"5":{"loc":{"start":{"line":35,"column":8},"end":{"line":39,"column":9}},"type":"if","locations":[{"start":{"line":35,"column":8},"end":{"line":39,"column":9}},{"start":{"line":37,"column":15},"end":{"line":39,"column":9}}]},"6":{"loc":{"start":{"line":50,"column":2},"end":{"line":50,"column":36}},"type":"if","locations":[{"start":{"line":50,"column":2},"end":{"line":50,"column":36}}]},"7":{"loc":{"start":{"line":51,"column":2},"end":{"line":51,"column":46}},"type":"if","locations":[{"start":{"line":51,"column":2},"end":{"line":51,"column":46}}]},"8":{"loc":{"start":{"line":52,"column":2},"end":{"line":52,"column":53}},"type":"if","locations":[{"start":{"line":52,"column":2},"end":{"line":52,"column":53}}]},"9":{"loc":{"start":{"line":53,"column":2},"end":{"line":53,"column":84}},"type":"if","locations":[{"start":{"line":53,"column":2},"end":{"line":53,"column":84}}]},"10":{"loc":{"start":{"line":53,"column":6},"end":{"line":53,"column":61}},"type":"binary-expr","locations":[{"start":{"line":53,"column":6},"end":{"line":53,"column":31}},{"start":{"line":53,"column":35},"end":{"line":53,"column":61}}]},"11":{"loc":{"start":{"line":54,"column":2},"end":{"line":57,"column":3}},"type":"if","locations":[{"start":{"line":54,"column":2},"end":{"line":57,"column":3}}]},"12":{"loc":{"start":{"line":58,"column":2},"end":{"line":63,"column":3}},"type":"if","locations":[{"start":{"line":58,"column":2},"end":{"line":63,"column":3}}]},"13":{"loc":{"start":{"line":72,"column":2},"end":{"line":72,"column":41}},"type":"if","locations":[{"start":{"line":72,"column":2},"end":{"line":72,"column":41}}]},"14":{"loc":{"start":{"line":79,"column":4},"end":{"line":79,"column":46}},"type":"if","locations":[{"start":{"line":79,"column":4},"end":{"line":79,"column":46}}]},"15":{"loc":{"start":{"line":82,"column":4},"end":{"line":97,"column":5}},"type":"switch","locations":[{"start":{"line":83,"column":6},"end":{"line":84,"column":27}},{"start":{"line":85,"column":6},"end":{"line":86,"column":38}},{"start":{"line":87,"column":6},"end":{"line":92,"column":9}},{"start":{"line":93,"column":6},"end":{"line":94,"column":19}},{"start":{"line":95,"column":6},"end":{"line":96,"column":21}}]}},"s":{"0":64,"1":64,"2":64,"3":64,"4":128,"5":0,"6":128,"7":0,"8":128,"9":128,"10":4,"11":0,"12":4,"13":4,"14":4,"15":4,"16":0,"17":4,"18":0,"19":0,"20":0,"21":0,"22":0,"23":0,"24":0,"25":0,"26":0,"27":0,"28":0,"29":0,"30":0,"31":0,"32":0,"33":0,"34":0,"35":0,"36":0,"37":0,"38":0,"39":0,"40":0,"41":0,"42":0,"43":0,"44":0,"45":0,"46":0,"47":0,"48":0,"49":0,"50":0,"51":0,"52":0,"53":0},"f":{"0":128,"1":4,"2":4,"3":4,"4":4,"5":0,"6":0,"7":0,"8":0,"9":0},"b":{"0":[0],"1":[128,128],"2":[0],"3":[128,128],"4":[0],"5":[0,4],"6":[0],"7":[0],"8":[0],"9":[0],"10":[0,0],"11":[0],"12":[0],"13":[0],"14":[0],"15":[0,0,0,0,0]}}
,"/home/runner/work/memfs/memfs/src/vendor/node/internal/buffer.ts": {"path":"/home/runner/work/memfs/memfs/src/vendor/node/internal/buffer.ts","statementMap":{"0":{"start":{"line":1,"column":0},"end":{"line":1,"column":9}},"1":{"start":{"line":10,"column":9},"end":{"line":1,"column":35}},"2":{"start":{"line":4,"column":2},"end":{"line":4,"column":35}},"3":{"start":{"line":7,"column":26},"end":{"line":7,"column":67}},"4":{"start":{"line":10,"column":17},"end":{"line":10,"column":34}},"5":{"start":{"line":8,"column":19},"end":{"line":8,"column":53}},"6":{"start":{"line":10,"column":36},"end":{"line":10,"column":46}}},"fnMap":{"0":{"name":"(anonymous_0)","decl":{"start":{"line":10,"column":9},"end":{"line":10,"column":15}},"loc":{"start":{"line":10,"column":9},"end":{"line":1,"column":35}}},"1":{"name":"bufferV0P12Ponyfill","decl":{"start":{"line":3,"column":9},"end":{"line":3,"column":28}},"loc":{"start":{"line":3,"column":52},"end":{"line":5,"column":1}}}},"branchMap":{"0":{"loc":{"start":{"line":7,"column":26},"end":{"line":7,"column":67}},"type":"binary-expr","locations":[{"start":{"line":7,"column":26},"end":{"line":7,"column":44}},{"start":{"line":7,"column":48},"end":{"line":7,"column":67}}]},"1":{"loc":{"start":{"line":8,"column":19},"end":{"line":8,"column":53}},"type":"binary-expr","locations":[{"start":{"line":8,"column":19},"end":{"line":8,"column":30}},{"start":{"line":8,"column":34},"end":{"line":8,"column":53}}]}},"s":{"0":65,"1":2336,"2":0,"3":65,"4":65,"5":65,"6":65},"f":{"0":2271,"1":0},"b":{"0":[65,0],"1":[65,0]}}
,"/home/runner/work/memfs/memfs/src/vendor/node/internal/errors.ts": {"path":"/home/runner/work/memfs/memfs/src/vendor/node/internal/errors.ts","statementMap":{"0":{"start":{"line":76,"column":9},"end":{"line":76,"column":16}},"1":{"start":{"line":76,"column":34},"end":{"line":76,"column":35}},"2":{"start":{"line":3,"column":0},"end":{"line":3,"column":42}},"3":{"start":{"line":5,"column":14},"end":{"line":5,"column":80}},"4":{"start":{"line":6,"column":17},"end":{"line":6,"column":19}},"5":{"start":{"line":9,"column":2},"end":{"line":16,"column":4}},"6":{"start":{"line":11,"column":6},"end":{"line":11,"column":32}},"7":{"start":{"line":12,"column":6},"end":{"line":12,"column":22}},"8":{"start":{"line":13,"column":6},"end":{"line":13,"column":24}},"9":{"start":{"line":14,"column":6},"end":{"line":14,"column":51}},"10":{"start":{"line":19,"column":10},"end":{"line":19,"column":65}},"11":{"start":{"line":30,"column":4},"end":{"line":32,"column":5}},"12":{"start":{"line":31,"column":6},"end":{"line":31,"column":79}},"13":{"start":{"line":33,"column":4},"end":{"line":39,"column":5}},"14":{"start":{"line":34,"column":6},"end":{"line":34,"column":29}},"15":{"start":{"line":36,"column":6},"end":{"line":38,"column":8}},"16":{"start":{"line":41,"column":4},"end":{"line":41,"column":45}},"17":{"start":{"line":42,"column":4},"end":{"line":42,"column":49}},"18":{"start":{"line":43,"column":4},"end":{"line":43,"column":32}},"19":{"start":{"line":44,"column":4},"end":{"line":44,"column":33}},"20":{"start":{"line":45,"column":4},"end":{"line":45,"column":37}},"21":{"start":{"line":46,"column":4},"end":{"line":46,"column":37}},"22":{"start":{"line":47,"column":4},"end":{"line":47,"column":62}},"23":{"start":{"line":76,"column":18},"end":{"line":76,"column":32}},"24":{"start":{"line":52,"column":2},"end":{"line":52,"column":85}},"25":{"start":{"line":52,"column":31},"end":{"line":52,"column":85}},"26":{"start":{"line":53,"column":14},"end":{"line":53,"column":27}},"27":{"start":{"line":54,"column":2},"end":{"line":54,"column":78}},"28":{"start":{"line":54,"column":12},"end":{"line":54,"column":78}},"29":{"start":{"line":56,"column":2},"end":{"line":62,"column":3}},"30":{"start":{"line":57,"column":4},"end":{"line":57,"column":14}},"31":{"start":{"line":59,"column":4},"end":{"line":59,"column":17}},"32":{"start":{"line":60,"column":4},"end":{"line":60,"column":60}},"33":{"start":{"line":60,"column":49},"end":{"line":60,"column":60}},"34":{"start":{"line":61,"column":4},"end":{"line":61,"column":22}},"35":{"start":{"line":63,"column":2},"end":{"line":63,"column":39}},"36":{"start":{"line":69,"column":2},"end":{"line":69,"column":64}},"37":{"start":{"line":72,"column":13},"end":{"line":72,"column":44}},"38":{"start":{"line":73,"column":13},"end":{"line":73,"column":52}},"39":{"start":{"line":74,"column":13},"end":{"line":74,"column":54}},"40":{"start":{"line":78,"column":0},"end":{"line":78,"column":51}},"41":{"start":{"line":79,"column":0},"end":{"line":82,"column":2}},"42":{"start":{"line":83,"column":0},"end":{"line":83,"column":83}},"43":{"start":{"line":84,"column":0},"end":{"line":84,"column":51}},"44":{"start":{"line":85,"column":0},"end":{"line":87,"column":3}},"45":{"start":{"line":86,"column":2},"end":{"line":86,"column":72}},"46":{"start":{"line":88,"column":0},"end":{"line":88,"column":110}},"47":{"start":{"line":88,"column":45},"end":{"line":88,"column":108}}},"fnMap":{"0":{"name":"makeNodeError","decl":{"start":{"line":8,"column":9},"end":{"line":8,"column":22}},"loc":{"start":{"line":8,"column":27},"end":{"line":17,"column":1}}},"1":{"name":"(anonymous_1)","decl":{"start":{"line":10,"column":4},"end":{"line":10,"column":16}},"loc":{"start":{"line":10,"column":28},"end":{"line":15,"column":5}}},"2":{"name":"(anonymous_2)","decl":{"start":{"line":29,"column":2},"end":{"line":29,"column":14}},"loc":{"start":{"line":29,"column":21},"end":{"line":48,"column":3}}},"3":{"name":"message","decl":{"start":{"line":51,"column":9},"end":{"line":51,"column":16}},"loc":{"start":{"line":51,"column":26},"end":{"line":64,"column":1}}},"4":{"name":"E","decl":{"start":{"line":68,"column":9},"end":{"line":68,"column":10}},"loc":{"start":{"line":68,"column":19},"end":{"line":70,"column":1}}},"5":{"name":"(anonymous_5)","decl":{"start":{"line":85,"column":27},"end":{"line":85,"column":28}},"loc":{"start":{"line":85,"column":43},"end":{"line":87,"column":1}}},"6":{"name":"(anonymous_6)","decl":{"start":{"line":88,"column":36},"end":{"line":88,"column":41}},"loc":{"start":{"line":88,"column":45},"end":{"line":88,"column":108}}}},"branchMap":{"0":{"loc":{"start":{"line":5,"column":14},"end":{"line":5,"column":80}},"type":"cond-expr","locations":[{"start":{"line":5,"column":46},"end":{"line":5,"column":54}},{"start":{"line":5,"column":58},"end":{"line":5,"column":80}}]},"1":{"loc":{"start":{"line":19,"column":10},"end":{"line":19,"column":65}},"type":"cond-expr","locations":[{"start":{"line":19,"column":46},"end":{"line":19,"column":56}},{"start":{"line":19,"column":59},"end":{"line":19,"column":65}}]},"2":{"loc":{"start":{"line":30,"column":4},"end":{"line":32,"column":5}},"type":"if","locations":[{"start":{"line":30,"column":4},"end":{"line":32,"column":5}}]},"3":{"loc":{"start":{"line":30,"column":8},"end":{"line":30,"column":55}},"type":"binary-expr","locations":[{"start":{"line":30,"column":8},"end":{"line":30,"column":35}},{"start":{"line":30,"column":39},"end":{"line":30,"column":55}}]},"4":{"loc":{"start":{"line":33,"column":4},"end":{"line":39,"column":5}},"type":"if","locations":[{"start":{"line":33,"column":4},"end":{"line":39,"column":5}},{"start":{"line":35,"column":11},"end":{"line":39,"column":5}}]},"5":{"loc":{"start":{"line":52,"column":2},"end":{"line":52,"column":85}},"type":"if","locations":[{"start":{"line":52,"column":2},"end":{"line":52,"column":85}}]},"6":{"loc":{"start":{"line":54,"column":2},"end":{"line":54,"column":78}},"type":"if","locations":[{"start":{"line":54,"column":2},"end":{"line":54,"column":78}}]},"7":{"loc":{"start":{"line":56,"column":2},"end":{"line":62,"column":3}},"type":"if","locations":[{"start":{"line":56,"column":2},"end":{"line":62,"column":3}},{"start":{"line":58,"column":9},"end":{"line":62,"column":3}}]},"8":{"loc":{"start":{"line":60,"column":4},"end":{"line":60,"column":60}},"type":"if","locations":[{"start":{"line":60,"column":4},"end":{"line":60,"column":60}}]},"9":{"loc":{"start":{"line":60,"column":8},"end":{"line":60,"column":47}},"type":"binary-expr","locations":[{"start":{"line":60,"column":8},"end":{"line":60,"column":26}},{"start":{"line":60,"column":30},"end":{"line":60,"column":47}}]},"10":{"loc":{"start":{"line":69,"column":18},"end":{"line":69,"column":63}},"type":"cond-expr","locations":[{"start":{"line":69,"column":46},"end":{"line":69,"column":49}},{"start":{"line":69,"column":52},"end":{"line":69,"column":63}}]}},"s":{"0":64,"1":64,"2":64,"3":64,"4":64,"5":192,"6":13,"7":13,"8":13,"9":13,"10":64,"11":0,"12":0,"13":0,"14":0,"15":0,"16":0,"17":0,"18":0,"19":0,"20":0,"21":0,"22":0,"23":64,"24":13,"25":0,"26":13,"27":13,"28":0,"29":13,"30":3,"31":10,"32":10,"33":10,"34":0,"35":3,"36":384,"37":64,"38":64,"39":64,"40":64,"41":64,"42":64,"43":64,"44":64,"45":2,"46":64,"47":1},"f":{"0":192,"1":13,"2":0,"3":13,"4":384,"5":2,"6":1},"b":{"0":[0,64],"1":[64,0],"2":[0],"3":[0,0],"4":[0,0],"5":[0],"6":[0],"7":[3,10],"8":[10],"9":[10,10],"10":[128,256]}}
}
