TN:
SF:src/constants.ts
FNF:0
FNH:0
DA:1,67
DA:7,67
LF:2
LH:2
BRF:0
BRH:0
end_of_record
TN:
SF:src/encoding.ts
FN:9,assertEncoding
FN:13,strToEncoding
FNF:2
FNH:2
FNDA:313,assertEncoding
FNDA:586,strToEncoding
DA:1,66
DA:2,66
DA:7,66
DA:9,66
DA:10,313
DA:13,66
DA:14,586
DA:15,0
DA:16,0
LF:9
LH:7
BRDA:10,0,0,1
BRDA:10,1,0,313
BRDA:10,1,1,296
BRDA:14,2,0,586
BRDA:14,3,0,586
BRDA:14,3,1,575
BRDA:15,4,0,0
BRF:7
BRH:6
end_of_record
TN:
SF:src/index.ts
FN:12,(anonymous_0)
FN:29,createFsFromVolume
FN:74,(anonymous_2)
FNF:3
FNH:3
FNDA:61,(anonymous_0)
FNDA:702,createFsFromVolume
FNDA:578,(anonymous_2)
DA:1,61
DA:2,61
DA:3,61
DA:5,61
DA:8,61
DA:9,61
DA:10,61
DA:12,122
DA:15,61
DA:29,61
DA:30,702
DA:33,28080
DA:34,33696
DA:36,702
DA:37,702
DA:38,702
DA:39,702
DA:40,702
DA:43,702
DA:44,702
DA:45,702
DA:46,702
DA:49,702
DA:50,702
DA:51,702
DA:52,702
DA:56,702
DA:57,702
DA:59,702
DA:62,61
DA:74,61
DA:75,578
DA:76,578
DA:77,578
DA:83,61
DA:84,61
LF:36
LH:36
BRDA:33,0,0,28080
BRDA:34,1,0,33696
BRDA:43,2,0,702
BRDA:45,3,0,702
BRDA:49,4,0,702
BRDA:51,5,0,702
BRDA:74,6,0,316
BRDA:74,7,0,460
BRF:8
BRH:8
end_of_record
TN:
SF:src/node.ts
FN:1,(anonymous_0)
FN:2,(anonymous_1)
FN:3,(anonymous_2)
FNF:3
FNH:1
FNDA:20,(anonymous_0)
FNDA:0,(anonymous_1)
FNDA:0,(anonymous_2)
DA:1,22
DA:2,2
DA:3,2
LF:3
LH:3
BRF:0
BRH:0
end_of_record
TN:
SF:src/process.ts
FN:25,(anonymous_0)
FN:37,createProcess
FN:40,(anonymous_2)
FN:42,(anonymous_3)
FNF:4
FNH:2
FNDA:69,(anonymous_0)
FNDA:69,createProcess
FNDA:0,(anonymous_2)
FNDA:0,(anonymous_3)
DA:25,68
DA:26,69
DA:27,69
DA:30,0
DA:31,0
DA:33,0
DA:37,68
DA:38,69
DA:40,69
DA:41,69
DA:42,0
DA:44,0
DA:46,69
DA:47,69
DA:50,68
LF:15
LH:10
BRDA:26,0,0,69
BRDA:38,1,0,69
BRDA:38,1,1,0
BRDA:40,2,0,0
BRDA:41,3,0,0
BRDA:44,4,0,0
BRDA:44,4,1,0
BRDA:46,5,0,0
BRF:8
BRH:2
end_of_record
TN:
SF:src/queueMicrotask.ts
FN:1,(anonymous_0)
FN:3,(anonymous_1)
FN:4,(anonymous_2)
FNF:3
FNH:0
FNDA:0,(anonymous_0)
FNDA:0,(anonymous_1)
FNDA:0,(anonymous_2)
DA:1,66
DA:2,0
DA:3,0
LF:3
LH:1
BRDA:1,0,0,66
BRDA:1,0,1,0
BRF:2
BRH:1
end_of_record
TN:
SF:src/setTimeoutUnref.ts
FN:7,setTimeoutUnref
FNF:1
FNH:1
FNDA:1,setTimeoutUnref
DA:8,1
DA:9,1
DA:10,1
DA:13,67
LF:4
LH:4
BRDA:8,0,0,1
BRDA:8,0,1,0
BRDA:9,1,0,1
BRDA:9,2,0,1
BRDA:9,2,1,1
BRDA:9,2,2,1
BRF:6
BRH:5
end_of_record
TN:
SF:src/__tests__/hasBigInt.js
FNF:0
FNH:0
DA:1,1
LF:1
LH:1
BRF:0
BRH:0
end_of_record
TN:
SF:src/__tests__/util.ts
FN:8,(anonymous_0)
FN:10,done
FN:16,(anonymous_2)
FN:21,(anonymous_3)
FN:25,(anonymous_4)
FN:35,(anonymous_5)
FNF:6
FNH:6
FNDA:4,(anonymous_0)
FNDA:10,done
FNDA:300,(anonymous_2)
FNDA:63,(anonymous_3)
FNDA:17,(anonymous_4)
FNDA:11,(anonymous_5)
DA:1,48
DA:8,48
DA:10,4
DA:11,10
DA:12,10
DA:16,48
DA:17,300
DA:18,300
DA:21,48
DA:22,63
DA:25,48
DA:26,17
DA:28,17
DA:29,0
DA:32,17
DA:35,48
DA:37,48
DA:43,48
LF:18
LH:17
BRDA:11,0,0,0
BRDA:11,0,1,10
BRDA:11,1,0,10
BRDA:11,1,1,10
BRDA:12,2,0,4
BRDA:16,3,0,65
BRDA:28,4,0,0
BRDA:43,5,0,48
BRDA:43,5,1,0
BRF:9
BRH:6
end_of_record
TN:
SF:src/core/File.ts
FN:28,(anonymous_0)
FN:38,(anonymous_1)
FN:42,(anonymous_2)
FN:46,(anonymous_3)
FN:50,(anonymous_4)
FN:54,(anonymous_5)
FN:58,(anonymous_6)
FN:62,(anonymous_7)
FN:66,(anonymous_8)
FN:73,(anonymous_9)
FN:85,(anonymous_10)
FN:89,(anonymous_11)
FNF:12
FNH:8
FNDA:3879,(anonymous_0)
FNDA:0,(anonymous_1)
FNDA:0,(anonymous_2)
FNDA:1095,(anonymous_3)
FNDA:0,(anonymous_4)
FNDA:786,(anonymous_5)
FNDA:1931,(anonymous_6)
FNDA:0,(anonymous_7)
FNDA:1987,(anonymous_8)
FNDA:60,(anonymous_9)
FNDA:1,(anonymous_10)
FNDA:1,(anonymous_11)
DA:1,67
DA:6,67
DA:13,67
DA:29,3879
DA:30,3879
DA:31,3879
DA:32,3879
DA:34,3879
DA:35,3879
DA:39,0
DA:43,0
DA:47,1095
DA:51,0
DA:55,786
DA:59,1931
DA:63,0
DA:67,1987
DA:68,1987
DA:69,1987
DA:70,1987
DA:79,60
DA:80,60
DA:81,60
DA:82,60
DA:86,1
DA:90,1
LF:26
LH:22
BRDA:35,0,0,786
BRDA:38,1,0,0
BRDA:66,2,0,0
BRDA:66,3,0,0
BRDA:67,4,0,22
BRDA:75,5,0,0
BRDA:76,6,0,0
BRDA:79,7,0,21
BRF:8
BRH:3
end_of_record
TN:
SF:src/core/Link.ts
FN:32,(anonymous_0)
FN:37,(anonymous_1)
FN:47,(anonymous_2)
FN:55,(anonymous_3)
FN:60,(anonymous_4)
FN:64,(anonymous_5)
FN:78,(anonymous_6)
FN:95,(anonymous_7)
FN:108,(anonymous_8)
FN:113,(anonymous_9)
FN:117,(anonymous_10)
FN:121,(anonymous_11)
FN:125,(anonymous_12)
FN:133,(anonymous_13)
FNF:14
FNH:13
FNDA:14419,(anonymous_0)
FNDA:5761,(anonymous_1)
FNDA:4975,(anonymous_2)
FNDA:4975,(anonymous_3)
FNDA:170080,(anonymous_4)
FNDA:3794,(anonymous_5)
FNDA:6928,(anonymous_6)
FNDA:1106,(anonymous_7)
FNDA:44967,(anonymous_8)
FNDA:4521,(anonymous_9)
FNDA:513,(anonymous_10)
FNDA:2402,(anonymous_11)
FNDA:0,(anonymous_12)
FNDA:4983,(anonymous_13)
DA:1,67
DA:2,67
DA:6,67
DA:11,67
DA:16,4975
DA:19,4975
DA:25,4975
DA:28,4975
DA:33,14419
DA:38,5761
DA:39,5761
DA:40,22
DA:41,14
DA:43,8
DA:48,4975
DA:49,4975
DA:50,4975
DA:51,4975
DA:52,4975
DA:56,4975
DA:57,4975
DA:61,170080
DA:65,3794
DA:66,3794
DA:68,3794
DA:69,1256
DA:70,1256
DA:73,3794
DA:75,3794
DA:79,6928
DA:80,6928
DA:81,6928
DA:83,6928
DA:84,6928
DA:85,3616
DA:86,3616
DA:89,6928
DA:90,6928
DA:92,6928
DA:96,1106
DA:97,1106
DA:98,66
DA:99,66
DA:101,1106
DA:102,1106
DA:104,1106
DA:105,1106
DA:109,44967
DA:110,44967
DA:114,4521
DA:118,513
DA:122,2402
DA:126,0
DA:134,4983
LF:54
LH:53
BRDA:40,0,0,14
BRDA:40,1,0,22
BRDA:40,1,1,13
BRDA:43,2,0,0
BRDA:43,2,1,8
BRDA:43,3,0,8
BRDA:43,3,1,8
BRDA:64,4,0,98
BRDA:68,5,0,1256
BRDA:78,6,0,0
BRDA:84,7,0,3616
BRDA:97,8,0,66
BRDA:134,9,0,3802
BRDA:134,9,1,1181
BRF:14
BRH:12
end_of_record
TN:
SF:src/core/Node.ts
FN:7,(anonymous_0)
FN:8,(anonymous_1)
FN:37,(anonymous_2)
FN:43,(anonymous_3)
FN:47,(anonymous_4)
FN:51,(anonymous_5)
FN:56,(anonymous_6)
FN:60,(anonymous_7)
FN:65,(anonymous_8)
FN:69,(anonymous_9)
FN:74,(anonymous_10)
FN:78,(anonymous_11)
FN:83,(anonymous_12)
FN:87,(anonymous_13)
FN:91,(anonymous_14)
FN:96,(anonymous_15)
FN:101,(anonymous_16)
FN:105,(anonymous_17)
FN:110,(anonymous_18)
FN:116,(anonymous_19)
FN:122,(anonymous_20)
FN:127,(anonymous_21)
FN:131,(anonymous_22)
FN:135,(anonymous_23)
FN:139,(anonymous_24)
FN:143,(anonymous_25)
FN:148,(anonymous_26)
FN:152,(anonymous_27)
FN:157,(anonymous_28)
FN:174,(anonymous_29)
FN:195,(anonymous_30)
FN:212,(anonymous_31)
FN:217,(anonymous_32)
FN:223,(anonymous_33)
FN:228,(anonymous_34)
FN:248,(anonymous_35)
FN:268,(anonymous_36)
FN:288,(anonymous_37)
FN:292,(anonymous_38)
FNF:39
FNH:37
FNDA:62279,(anonymous_0)
FNDA:62279,(anonymous_1)
FNDA:4989,(anonymous_2)
FNDA:66256,(anonymous_3)
FNDA:6562,(anonymous_4)
FNDA:4,(anonymous_5)
FNDA:6646,(anonymous_6)
FNDA:4,(anonymous_7)
FNDA:6646,(anonymous_8)
FNDA:46523,(anonymous_9)
FNDA:6551,(anonymous_10)
FNDA:12165,(anonymous_11)
FNDA:6575,(anonymous_12)
FNDA:57496,(anonymous_13)
FNDA:1,(anonymous_14)
FNDA:7559,(anonymous_15)
FNDA:14365,(anonymous_16)
FNDA:167,(anonymous_17)
FNDA:10,(anonymous_18)
FNDA:1293,(anonymous_19)
FNDA:8,(anonymous_20)
FNDA:7330,(anonymous_21)
FNDA:0,(anonymous_22)
FNDA:745,(anonymous_23)
FNDA:102159,(anonymous_24)
FNDA:40213,(anonymous_25)
FNDA:1,(anonymous_26)
FNDA:90,(anonymous_27)
FNDA:1998,(anonymous_28)
FNDA:62,(anonymous_29)
FNDA:1931,(anonymous_30)
FNDA:147,(anonymous_31)
FNDA:3,(anonymous_32)
FNDA:4097,(anonymous_33)
FNDA:1437,(anonymous_34)
FNDA:9259,(anonymous_35)
FNDA:46594,(anonymous_36)
FNDA:260,(anonymous_37)
FNDA:0,(anonymous_38)
DA:1,67
DA:2,67
DA:3,67
DA:4,67
DA:6,67
DA:7,62279
DA:8,62279
DA:13,67
DA:18,4989
DA:19,4989
DA:21,4989
DA:22,4989
DA:23,4989
DA:27,4989
DA:32,4989
DA:38,4989
DA:39,4989
DA:40,4989
DA:44,66256
DA:48,6562
DA:52,4
DA:53,4
DA:57,6646
DA:61,4
DA:62,4
DA:66,6646
DA:70,46523
DA:71,46523
DA:75,6551
DA:79,12165
DA:80,12165
DA:84,6575
DA:88,57496
DA:92,1
DA:93,1
DA:97,7559
DA:98,7559
DA:102,14365
DA:106,167
DA:107,167
DA:112,10
DA:113,10
DA:117,1293
DA:118,1293
DA:119,1293
DA:123,8
DA:124,8
DA:128,7330
DA:132,0
DA:136,745
DA:140,102159
DA:145,40213
DA:149,1
DA:153,90
DA:154,90
DA:158,1998
DA:160,1998
DA:161,1700
DA:162,1700
DA:163,1700
DA:166,1998
DA:168,1998
DA:170,1998
DA:180,62
DA:181,62
DA:182,62
DA:183,46
DA:184,46
DA:185,0
DA:187,46
DA:188,16
DA:190,46
DA:191,46
DA:192,46
DA:196,1931
DA:198,13
DA:199,13
DA:200,8
DA:202,5
DA:203,5
DA:204,5
DA:205,5
DA:209,1931
DA:213,147
DA:214,147
DA:218,3
DA:219,3
DA:220,3
DA:224,4097
DA:225,4097
DA:229,1437
DA:230,1428
DA:233,9
DA:234,9
DA:235,0
DA:239,9
DA:240,9
DA:241,0
DA:245,9
DA:249,9259
DA:250,9225
DA:253,34
DA:254,34
DA:255,0
DA:259,34
DA:260,34
DA:261,8
DA:265,26
DA:269,46594
DA:270,46536
DA:273,58
DA:274,58
DA:275,0
DA:279,58
DA:280,58
DA:281,0
DA:285,58
DA:289,260
DA:293,0
LF:119
LH:111
BRDA:7,0,0,62279
BRDA:7,0,1,0
BRDA:7,1,0,62279
BRDA:7,1,1,62279
BRDA:7,2,0,0
BRDA:7,2,1,62279
BRDA:7,3,0,62279
BRDA:7,3,1,62279
BRDA:8,4,0,62279
BRDA:8,4,1,0
BRDA:8,5,0,62279
BRDA:8,5,1,62279
BRDA:8,6,0,0
BRDA:8,6,1,62279
BRDA:8,7,0,62279
BRDA:8,7,1,62279
BRDA:37,8,0,16
BRDA:105,9,0,167
BRDA:118,10,0,7
BRDA:128,11,0,1940
BRDA:128,11,1,5390
BRDA:157,12,0,6
BRDA:157,13,0,6
BRDA:157,14,0,6
BRDA:158,15,0,555
BRDA:160,16,0,1700
BRDA:176,17,0,1
BRDA:177,18,0,1
BRDA:178,19,0,1
BRDA:181,20,0,1
BRDA:182,21,0,16
BRDA:184,22,0,0
BRDA:187,23,0,16
BRDA:190,24,0,35
BRDA:190,24,1,11
BRDA:195,25,0,1918
BRDA:196,26,0,1918
BRDA:196,26,1,13
BRDA:198,27,0,0
BRDA:199,28,0,8
BRDA:199,28,1,5
BRDA:228,29,0,1437
BRDA:228,30,0,1437
BRDA:229,31,0,1428
BRDA:233,32,0,9
BRDA:234,33,0,0
BRDA:239,34,0,9
BRDA:240,35,0,0
BRDA:248,36,0,9259
BRDA:248,37,0,9259
BRDA:249,38,0,9225
BRDA:253,39,0,34
BRDA:254,40,0,0
BRDA:259,41,0,34
BRDA:260,42,0,8
BRDA:268,43,0,46594
BRDA:268,44,0,46594
BRDA:269,45,0,46536
BRDA:273,46,0,58
BRDA:274,47,0,0
BRDA:279,48,0,58
BRDA:280,49,0,0
BRF:62
BRH:51
end_of_record
TN:
SF:src/core/Superblock.ts
FN:41,(anonymous_0)
FN:47,(anonymous_1)
FN:91,(anonymous_2)
FN:507,(anonymous_3)
FN:518,(anonymous_4)
FN:538,(anonymous_5)
FN:560,(anonymous_6)
FN:574,(anonymous_7)
FN:598,(anonymous_8)
FN:611,(anonymous_9)
FN:637,(anonymous_10)
FN:687,(anonymous_11)
FN:703,(anonymous_12)
FN:736,(anonymous_13)
FN:742,(anonymous_14)
FN:764,(anonymous_15)
FN:108,(anonymous_16)
FN:127,(anonymous_17)
FN:137,(anonymous_18)
FN:147,(anonymous_19)
FN:152,(anonymous_20)
FN:158,(anonymous_21)
FN:192,(anonymous_22)
FN:264,(anonymous_23)
FN:269,(anonymous_24)
FN:274,(anonymous_25)
FN:281,(anonymous_26)
FN:285,(anonymous_27)
FN:292,(anonymous_28)
FN:299,(anonymous_29)
FN:303,(anonymous_30)
FN:313,(anonymous_31)
FN:317,(anonymous_32)
FN:324,(anonymous_33)
FN:366,(anonymous_34)
FN:387,(anonymous_35)
FN:402,(anonymous_36)
FN:406,(anonymous_37)
FN:419,(anonymous_38)
FN:423,(anonymous_39)
FN:467,(anonymous_40)
FN:757,(anonymous_41)
FN:770,(anonymous_42)
FNF:43
FNH:41
FNDA:368,(anonymous_0)
FNDA:578,(anonymous_1)
FNDA:1178,(anonymous_2)
FNDA:4188,(anonymous_3)
FNDA:1918,(anonymous_4)
FNDA:53,(anonymous_5)
FNDA:5,(anonymous_6)
FNDA:5,(anonymous_7)
FNDA:265,(anonymous_8)
FNDA:89,(anonymous_9)
FNDA:789,(anonymous_10)
FNDA:429,(anonymous_11)
FNDA:1112,(anonymous_12)
FNDA:54,(anonymous_13)
FNDA:35,(anonymous_14)
FNDA:3819,(anonymous_15)
FNDA:3619,(anonymous_16)
FNDA:328,(anonymous_17)
FNDA:4971,(anonymous_18)
FNDA:3879,(anonymous_19)
FNDA:4971,(anonymous_20)
FNDA:260,(anonymous_21)
FNDA:25926,(anonymous_22)
FNDA:3,(anonymous_23)
FNDA:2106,(anonymous_24)
FNDA:2014,(anonymous_25)
FNDA:21803,(anonymous_26)
FNDA:1,(anonymous_27)
FNDA:54,(anonymous_28)
FNDA:0,(anonymous_29)
FNDA:1301,(anonymous_30)
FNDA:7808,(anonymous_31)
FNDA:7808,(anonymous_32)
FNDA:329,(anonymous_33)
FNDA:128,(anonymous_34)
FNDA:1008,(anonymous_35)
FNDA:579,(anonymous_36)
FNDA:3,(anonymous_37)
FNDA:0,(anonymous_38)
FNDA:3897,(anonymous_39)
FNDA:4188,(anonymous_40)
FNDA:3815,(anonymous_41)
FNDA:1187,(anonymous_42)
DA:1,66
DA:2,66
DA:3,66
DA:4,66
DA:5,66
DA:6,66
DA:7,66
DA:8,66
DA:9,66
DA:10,66
DA:11,66
DA:18,66
DA:33,66
DA:40,66
DA:42,368
DA:43,368
DA:44,368
DA:48,578
DA:49,578
DA:50,578
DA:60,66
DA:70,1178
DA:73,1178
DA:76,1178
DA:79,1178
DA:83,1178
DA:86,1178
DA:89,1178
DA:92,1178
DA:93,1178
DA:95,1178
DA:97,1178
DA:98,1178
DA:100,1178
DA:101,1178
DA:103,1178
DA:109,3619
DA:110,1181
DA:113,2438
DA:114,0
DA:118,2438
DA:121,2438
DA:122,2438
DA:123,2438
DA:124,2438
DA:128,328
DA:129,328
DA:130,328
DA:132,328
DA:134,0
DA:138,4971
DA:140,4971
DA:142,4821
DA:143,4821
DA:148,3879
DA:149,3879
DA:153,4971
DA:154,4971
DA:155,4971
DA:159,260
DA:160,260
DA:161,260
DA:201,25926
DA:202,0
DA:203,0
DA:204,25926
DA:205,23969
DA:206,23969
DA:208,1957
DA:209,1957
DA:212,25926
DA:213,25926
DA:214,25926
DA:215,43123
DA:217,43123
DA:218,43121
DA:219,53
DA:222,2
DA:225,43069
DA:228,43069
DA:229,4920
DA:230,860
DA:232,38149
DA:236,38149
DA:237,75
DA:241,75
DA:242,75
DA:243,75
DA:244,75
DA:250,38074
DA:253,5
DA:254,5
DA:257,38069
DA:260,20947
DA:265,3
DA:270,2106
DA:275,2014
DA:282,21803
DA:286,1
DA:293,54
DA:294,53
DA:295,53
DA:300,0
DA:304,1301
DA:307,1301
DA:308,1301
DA:309,1300
DA:310,1300
DA:314,7808
DA:318,7808
DA:319,7800
DA:320,7800
DA:321,7795
DA:325,329
DA:327,329
DA:329,329
DA:330,1
DA:331,1
DA:334,329
DA:335,1015
DA:336,652
DA:338,363
DA:340,363
DA:342,363
DA:343,0
DA:345,363
DA:346,363
DA:347,162
DA:348,162
DA:349,162
DA:350,201
DA:351,201
DA:355,329
DA:357,329
DA:359,329
DA:360,46
DA:363,329
DA:367,128
DA:369,128
DA:370,7
DA:371,7
DA:372,8
DA:373,8
DA:374,8
DA:375,7
DA:378,121
DA:381,128
DA:382,128
DA:383,127
DA:388,1008
DA:389,927
DA:390,927
DA:391,927
DA:392,743
DA:393,743
DA:394,743
DA:395,743
DA:397,184
DA:403,579
DA:407,3
DA:408,3
DA:409,3
DA:410,3
DA:411,3
DA:412,3
DA:414,3
DA:415,3
DA:420,0
DA:424,3897
DA:426,0
DA:433,3897
DA:434,3897
DA:436,3897
DA:439,3897
DA:440,5
DA:441,4
DA:443,3892
DA:447,3893
DA:448,1192
DA:449,7
DA:452,3886
DA:453,3886
DA:454,7
DA:458,3879
DA:459,3879
DA:460,3879
DA:462,3879
DA:464,3879
DA:473,4188
DA:475,4188
DA:476,4188
DA:481,1716
DA:486,2722
DA:487,2441
DA:488,2441
DA:489,2439
DA:492,2439
DA:493,2439
DA:497,2431
DA:499,2431
DA:500,281
DA:503,3897
DA:504,0
DA:507,1178
DA:513,4188
DA:514,3879
DA:515,3879
DA:518,1178
DA:519,1918
DA:521,1918
DA:522,1907
DA:523,1888
DA:524,1888
DA:525,1888
DA:526,1888
DA:527,1888
DA:528,1182
DA:529,1181
DA:530,1181
DA:531,1181
DA:534,1888
DA:538,1178
DA:545,53
DA:546,2
DA:548,51
DA:549,50
DA:550,1
DA:552,49
DA:560,1178
DA:561,5
DA:562,4
DA:563,4
DA:564,4
DA:565,4
DA:566,11
DA:567,11
DA:568,11
DA:569,11
DA:571,4
DA:574,1178
DA:576,5
DA:577,5
DA:579,1
DA:580,1
DA:582,4
DA:584,4
DA:585,4
DA:588,0
DA:589,0
DA:591,4
DA:592,4
DA:593,4
DA:594,4
DA:595,4
DA:598,1178
DA:599,265
DA:601,260
DA:602,260
DA:603,260
DA:604,260
DA:606,260
DA:607,260
DA:611,1178
DA:612,89
DA:615,89
DA:616,89
DA:619,0
DA:620,0
DA:622,89
DA:624,89
DA:628,88
DA:629,88
DA:630,0
DA:632,88
DA:633,88
DA:634,88
DA:637,1178
DA:639,789
DA:640,789
DA:643,5
DA:644,5
DA:651,784
DA:652,784
DA:655,0
DA:656,0
DA:663,784
DA:664,784
DA:667,784
DA:668,784
DA:669,784
DA:675,6
DA:678,778
DA:681,778
DA:682,778
DA:683,778
DA:684,778
DA:687,1178
DA:688,429
DA:690,429
DA:691,428
DA:693,427
DA:694,427
DA:695,425
DA:696,425
DA:697,423
DA:703,1178
DA:704,1112
DA:705,1112
DA:706,1112
DA:707,1112
DA:709,1112
DA:710,1953
DA:711,1952
DA:713,1111
DA:714,0
DA:715,0
DA:720,1111
DA:722,1110
DA:723,835
DA:724,835
DA:726,835
DA:728,0
DA:730,831
DA:731,831
DA:733,1106
DA:736,1178
DA:737,54
DA:738,53
DA:739,49
DA:742,1178
DA:745,35
DA:746,35
DA:749,8
DA:750,6
DA:752,27
DA:753,23
DA:754,19
DA:758,3815
DA:759,3815
DA:760,3815
DA:761,3815
DA:764,1178
DA:765,3819
DA:766,3818
DA:767,3815
DA:771,1187
DA:772,1186
DA:773,0
DA:775,1186
LF:349
LH:329
BRDA:18,0,0,66
BRDA:18,0,1,0
BRDA:91,1,0,1178
BRDA:511,2,0,1912
BRDA:514,3,0,0
BRDA:521,4,0,11
BRDA:521,4,1,1907
BRDA:525,5,0,7
BRDA:525,5,1,1881
BRDA:531,6,0,1174
BRDA:534,7,0,1877
BRDA:545,8,0,2
BRDA:549,9,0,1
BRDA:556,10,0,13
BRDA:556,10,1,36
BRDA:556,11,0,49
BRDA:556,11,1,49
BRDA:562,12,0,3
BRDA:562,12,1,1
BRDA:562,13,0,4
BRDA:562,13,1,3
BRDA:563,14,0,0
BRDA:569,15,0,2
BRDA:579,16,0,1
BRDA:588,17,0,0
BRDA:592,18,0,0
BRDA:601,19,0,0
BRDA:606,20,0,260
BRDA:619,21,0,0
BRDA:624,22,0,1
BRDA:629,23,0,0
BRDA:629,24,0,88
BRDA:629,24,1,88
BRDA:643,25,0,5
BRDA:655,26,0,0
BRDA:664,27,0,0
BRDA:669,28,0,6
BRDA:670,29,0,784
BRDA:670,29,1,784
BRDA:670,29,2,782
BRDA:670,29,3,780
BRDA:690,30,0,1
BRDA:694,31,0,2
BRDA:696,32,0,2
BRDA:696,33,0,425
BRDA:696,33,1,424
BRDA:711,34,0,1111
BRDA:713,35,0,0
BRDA:724,36,0,835
BRDA:724,36,1,0
BRDA:726,37,0,4
BRDA:726,38,0,835
BRDA:726,38,1,833
BRDA:733,39,0,601
BRDA:733,39,1,505
BRDA:736,40,0,0
BRDA:738,41,0,4
BRDA:738,42,0,53
BRDA:738,42,1,45
BRDA:742,43,0,28
BRDA:742,44,0,22
BRDA:749,45,0,2
BRDA:749,45,1,6
BRDA:749,46,0,8
BRDA:749,46,1,4
BRDA:752,47,0,4
BRDA:752,48,0,27
BRDA:752,48,1,17
BRDA:753,49,0,4
BRDA:753,50,0,0
BRDA:753,50,1,23
BRDA:753,51,0,23
BRDA:753,51,1,23
BRDA:108,52,0,1186
BRDA:109,53,0,1181
BRDA:113,54,0,0
BRDA:118,55,0,2431
BRDA:118,55,1,7
BRDA:118,56,0,2438
BRDA:118,56,1,2438
BRDA:118,57,0,2
BRDA:118,57,1,5
BRDA:121,58,0,2438
BRDA:121,58,1,2431
BRDA:122,59,0,2
BRDA:122,59,1,2436
BRDA:122,60,0,2
BRDA:122,60,1,2434
BRDA:129,61,0,328
BRDA:140,62,0,150
BRDA:140,62,1,4821
BRDA:149,63,0,2876
BRDA:149,63,1,1003
BRDA:194,64,0,0
BRDA:195,65,0,0
BRDA:196,66,0,0
BRDA:201,67,0,0
BRDA:201,67,1,25926
BRDA:204,68,0,23969
BRDA:204,68,1,1957
BRDA:217,69,0,43121
BRDA:217,69,1,2
BRDA:218,70,0,53
BRDA:218,71,0,43121
BRDA:218,71,1,41242
BRDA:222,72,0,1
BRDA:225,73,0,38149
BRDA:225,73,1,4920
BRDA:225,74,0,43069
BRDA:225,74,1,43069
BRDA:228,75,0,4920
BRDA:229,76,0,4060
BRDA:229,76,1,860
BRDA:232,77,0,0
BRDA:232,77,1,38149
BRDA:232,78,0,38149
BRDA:232,78,1,38149
BRDA:236,79,0,75
BRDA:236,80,0,38149
BRDA:236,80,1,154
BRDA:236,80,2,80
BRDA:237,81,0,58
BRDA:237,81,1,17
BRDA:250,82,0,5
BRDA:250,83,0,38074
BRDA:250,83,1,37058
BRDA:250,83,2,9879
BRDA:253,84,0,1
BRDA:253,84,1,4
BRDA:294,85,0,0
BRDA:305,86,0,89
BRDA:305,86,1,1212
BRDA:309,87,0,0
BRDA:318,88,0,8
BRDA:320,89,0,5
BRDA:324,90,0,0
BRDA:324,91,0,0
BRDA:329,92,0,1
BRDA:335,93,0,652
BRDA:335,94,0,1015
BRDA:335,94,1,689
BRDA:342,95,0,0
BRDA:346,96,0,162
BRDA:346,96,1,201
BRDA:348,97,0,0
BRDA:349,98,0,2
BRDA:349,98,1,160
BRDA:350,99,0,201
BRDA:357,100,0,0
BRDA:359,101,0,46
BRDA:359,102,0,329
BRDA:359,102,1,205
BRDA:366,103,0,4
BRDA:366,104,0,4
BRDA:366,105,0,4
BRDA:369,106,0,7
BRDA:369,106,1,121
BRDA:370,107,0,5
BRDA:374,108,0,1
BRDA:381,109,0,1
BRDA:382,110,0,0
BRDA:382,110,1,128
BRDA:387,111,0,384
BRDA:391,112,0,743
BRDA:391,112,1,184
BRDA:391,113,0,927
BRDA:391,113,1,188
BRDA:423,114,0,0
BRDA:424,115,0,0
BRDA:434,116,0,3894
BRDA:439,117,0,5
BRDA:439,117,1,3892
BRDA:440,118,0,4
BRDA:443,119,0,0
BRDA:447,120,0,1192
BRDA:448,121,0,7
BRDA:452,122,0,3886
BRDA:453,123,0,7
BRDA:462,124,0,1916
BRDA:471,125,0,0
BRDA:476,126,0,4185
BRDA:476,126,1,3
BRDA:481,127,0,250
BRDA:481,128,0,1716
BRDA:481,128,1,1716
BRDA:481,128,2,534
BRDA:486,129,0,2441
BRDA:486,129,1,281
BRDA:486,130,0,2722
BRDA:486,130,1,2447
BRDA:492,131,0,0
BRDA:493,132,0,8
BRDA:493,133,0,2439
BRDA:493,133,1,2439
BRDA:497,134,0,2431
BRDA:497,134,1,0
BRDA:497,135,0,2431
BRDA:497,135,1,2431
BRDA:503,136,0,3897
BRDA:758,137,0,0
BRDA:772,138,0,0
BRDA:775,139,0,7
BRDA:775,139,1,1179
BRDA:775,140,0,1186
BRDA:775,140,1,1186
BRF:205
BRH:169
end_of_record
TN:
SF:src/core/index.ts
FN:3,(anonymous_0)
FN:4,(anonymous_1)
FN:5,(anonymous_2)
FN:6,(anonymous_3)
FNF:4
FNH:2
FNDA:0,(anonymous_0)
FNDA:11,(anonymous_1)
FNDA:0,(anonymous_2)
FNDA:1128,(anonymous_3)
DA:1,66
DA:2,66
DA:3,66
DA:4,77
DA:5,66
DA:6,1194
LF:6
LH:6
BRF:0
BRH:0
end_of_record
TN:
SF:src/core/json.ts
FN:15,(anonymous_0)
FN:17,flatten
FNF:2
FNH:2
FNDA:579,(anonymous_0)
FNDA:760,flatten
DA:1,66
DA:2,66
DA:4,66
DA:15,66
DA:16,579
DA:18,760
DA:19,650
DA:21,650
DA:22,650
DA:23,318
DA:24,332
DA:26,181
DA:30,151
DA:34,579
DA:35,579
LF:15
LH:15
BRDA:4,0,0,66
BRDA:4,0,1,0
BRDA:22,1,0,318
BRDA:22,1,1,332
BRDA:22,2,0,650
BRDA:22,2,1,333
BRDA:24,3,0,181
BRDA:24,3,1,151
BRDA:24,4,0,332
BRDA:24,4,1,332
BRDA:24,4,2,187
BRF:11
BRH:10
end_of_record
TN:
SF:src/core/util.ts
FN:14,(anonymous_0)
FN:19,(anonymous_1)
FN:26,(anonymous_2)
FN:33,(anonymous_3)
FN:43,(anonymous_4)
FN:46,(anonymous_5)
FN:51,(anonymous_6)
FN:58,isFd
FN:62,validateFd
FN:66,dataToBuffer
FNF:10
FNH:5
FNDA:0,(anonymous_0)
FNDA:0,(anonymous_1)
FNDA:0,(anonymous_2)
FNDA:0,(anonymous_3)
FNDA:32265,(anonymous_4)
FNDA:0,(anonymous_5)
FNDA:31338,(anonymous_6)
FNDA:14645,isFd
FNDA:5951,validateFd
FNDA:2975,dataToBuffer
DA:1,66
DA:2,66
DA:3,66
DA:4,66
DA:5,66
DA:7,66
DA:9,66
DA:10,66
DA:14,66
DA:15,0
DA:16,0
DA:19,66
DA:20,0
DA:21,0
DA:22,0
DA:23,0
DA:26,66
DA:27,0
DA:28,0
DA:29,0
DA:30,0
DA:33,66
DA:34,0
DA:35,0
DA:36,0
DA:38,0
DA:43,32265
DA:44,66
DA:45,0
DA:46,0
DA:49,66
DA:51,66
DA:52,31338
DA:53,31338
DA:54,31338
DA:55,28756
DA:58,66
DA:59,14645
DA:62,66
DA:63,5951
DA:66,66
DA:67,2975
DA:68,1943
DA:69,1700
LF:44
LH:28
BRDA:10,0,0,66
BRDA:10,0,1,0
BRDA:16,1,0,0
BRDA:16,1,1,0
BRDA:16,1,2,0
BRDA:16,1,3,0
BRDA:21,2,0,0
BRDA:27,3,0,0
BRDA:29,4,0,0
BRDA:33,5,0,0
BRDA:34,6,0,0
BRDA:43,7,0,31338
BRDA:44,8,0,0
BRDA:54,9,0,2582
BRDA:63,10,0,2
BRDA:66,11,0,1780
BRDA:67,12,0,1032
BRDA:67,12,1,1943
BRDA:68,13,0,243
BRDA:68,13,1,1700
BRF:20
BRH:9
end_of_record
TN:
SF:src/crud/util.ts
FN:4,(anonymous_0)
FNF:1
FNH:1
FNDA:701,(anonymous_0)
DA:2,5
DA:4,5
DA:5,701
DA:6,893
LF:4
LH:4
BRF:0
BRH:0
end_of_record
TN:
SF:src/crud-to-cas/CrudCas.ts
FN:9,(anonymous_0)
FN:12,(anonymous_1)
FNF:2
FNH:2
FNDA:6,(anonymous_0)
FNDA:30,(anonymous_1)
DA:1,1
DA:2,1
DA:9,6
DA:11,1
DA:13,30
DA:14,30
DA:16,30
LF:7
LH:7
BRF:0
BRH:0
end_of_record
TN:
SF:src/crud-to-cas/CrudCasBase.ts
FN:5,(anonymous_0)
FN:21,(anonymous_1)
FN:28,(anonymous_2)
FN:35,(anonymous_3)
FN:37,(anonymous_4)
FN:47,(anonymous_5)
FN:49,(anonymous_6)
FN:54,(anonymous_7)
FN:56,(anonymous_8)
FNF:9
FNH:9
FNDA:38,(anonymous_0)
FNDA:32,(anonymous_1)
FNDA:32,(anonymous_2)
FNDA:14,(anonymous_3)
FNDA:14,(anonymous_4)
FNDA:10,(anonymous_5)
FNDA:10,(anonymous_6)
FNDA:14,(anonymous_7)
FNDA:14,(anonymous_8)
DA:5,2
DA:6,38
DA:7,38
DA:9,16
DA:10,16
DA:13,13
DA:16,3
DA:20,2
DA:22,32
DA:23,32
DA:24,32
DA:25,32
DA:28,32
DA:29,32
DA:30,32
DA:31,32
DA:32,32
DA:35,32
DA:36,14
DA:37,14
DA:38,14
DA:39,11
DA:40,8
DA:41,8
DA:43,8
DA:47,32
DA:48,10
DA:49,10
DA:50,10
DA:54,32
DA:55,14
DA:56,14
DA:57,14
LF:33
LH:33
BRDA:9,0,0,16
BRDA:9,1,0,16
BRDA:9,1,1,16
BRDA:10,2,0,4
BRDA:10,2,1,13
BRDA:39,3,0,8
BRDA:39,4,0,8
BRDA:39,4,1,3
BRDA:39,5,0,11
BRDA:39,5,1,11
BRDA:41,6,0,3
BRF:11
BRH:11
end_of_record
TN:
SF:src/crud-to-cas/util.ts
FN:3,(anonymous_0)
FNF:1
FNH:1
FNDA:74,(anonymous_0)
DA:3,2
DA:4,74
DA:5,74
DA:6,74
DA:7,74
DA:8,74
LF:6
LH:6
BRDA:4,0,0,0
BRF:1
BRH:0
end_of_record
TN:
SF:src/crud-to-cas/__tests__/testCasfs.ts
FN:7,(anonymous_0)
FN:13,(anonymous_1)
FN:24,(anonymous_2)
FN:25,(anonymous_3)
FN:26,(anonymous_4)
FN:35,(anonymous_5)
FN:36,(anonymous_6)
FN:44,(anonymous_7)
FN:53,(anonymous_8)
FN:64,(anonymous_9)
FN:75,(anonymous_10)
FN:76,(anonymous_11)
FN:84,(anonymous_12)
FN:94,(anonymous_13)
FN:95,(anonymous_14)
FN:106,(anonymous_15)
FN:115,(anonymous_16)
FNF:17
FNH:17
FNDA:36,(anonymous_0)
FNDA:39,(anonymous_1)
FNDA:3,(anonymous_2)
FNDA:3,(anonymous_3)
FNDA:3,(anonymous_4)
FNDA:3,(anonymous_5)
FNDA:3,(anonymous_6)
FNDA:3,(anonymous_7)
FNDA:3,(anonymous_8)
FNDA:3,(anonymous_9)
FNDA:3,(anonymous_10)
FNDA:3,(anonymous_11)
FNDA:3,(anonymous_12)
FNDA:3,(anonymous_13)
FNDA:3,(anonymous_14)
FNDA:3,(anonymous_15)
FNDA:3,(anonymous_16)
DA:1,1
DA:2,1
DA:3,1
DA:7,1
DA:8,36
DA:9,36
DA:10,36
DA:13,1
DA:14,39
DA:15,39
DA:24,1
DA:25,3
DA:26,3
DA:27,3
DA:28,3
DA:29,3
DA:30,3
DA:31,3
DA:35,3
DA:36,3
DA:37,3
DA:38,3
DA:39,3
DA:40,3
DA:41,3
DA:44,3
DA:45,3
DA:46,3
DA:47,3
DA:48,3
DA:49,3
DA:50,3
DA:53,3
DA:54,3
DA:55,3
DA:56,3
DA:57,3
DA:58,3
DA:59,3
DA:60,3
DA:61,3
DA:64,3
DA:65,3
DA:66,3
DA:67,3
DA:68,3
DA:69,3
DA:70,3
DA:71,3
DA:75,3
DA:76,3
DA:77,3
DA:78,3
DA:79,3
DA:80,3
DA:81,3
DA:84,3
DA:85,3
DA:86,3
DA:87,3
DA:88,3
DA:89,3
DA:90,3
DA:94,3
DA:95,3
DA:96,3
DA:97,3
DA:98,3
DA:99,3
DA:100,3
DA:101,3
DA:102,3
DA:103,3
DA:106,3
DA:107,3
DA:108,3
DA:109,3
DA:110,3
DA:111,3
DA:112,3
DA:115,3
DA:116,3
DA:117,3
DA:118,3
DA:119,3
LF:85
LH:85
BRF:0
BRH:0
end_of_record
TN:
SF:src/crud/__tests__/testCrudfs.ts
FN:9,(anonymous_0)
FN:14,(anonymous_1)
FN:15,(anonymous_2)
FN:16,(anonymous_3)
FN:23,(anonymous_4)
FN:30,(anonymous_5)
FN:38,(anonymous_6)
FN:46,(anonymous_7)
FN:55,(anonymous_8)
FN:63,(anonymous_9)
FN:76,(anonymous_10)
FN:77,(anonymous_11)
FN:84,(anonymous_12)
FN:91,(anonymous_13)
FN:98,(anonymous_14)
FN:106,(anonymous_15)
FN:114,(anonymous_16)
FN:115,(anonymous_17)
FN:122,(anonymous_18)
FN:129,(anonymous_19)
FN:130,(anonymous_20)
FN:137,(anonymous_21)
FN:143,(anonymous_22)
FN:144,(anonymous_23)
FN:152,(anonymous_24)
FN:159,(anonymous_25)
FN:170,(anonymous_26)
FN:171,(anonymous_27)
FN:178,(anonymous_28)
FN:185,(anonymous_29)
FN:197,(anonymous_30)
FN:206,(anonymous_31)
FN:214,(anonymous_32)
FN:223,(anonymous_33)
FN:224,(anonymous_34)
FN:231,(anonymous_35)
FN:244,(anonymous_36)
FN:254,(anonymous_37)
FN:262,(anonymous_38)
FN:274,(anonymous_39)
FN:275,(anonymous_40)
FN:287,(anonymous_41)
FN:295,(anonymous_42)
FN:299,(anonymous_43)
FN:303,(anonymous_44)
FN:309,(anonymous_45)
FN:321,(anonymous_46)
FN:322,(anonymous_47)
FN:329,(anonymous_48)
FN:336,(anonymous_49)
FN:340,(anonymous_50)
FN:344,(anonymous_51)
FN:350,(anonymous_52)
FNF:53
FNH:53
FNDA:344,(anonymous_0)
FNDA:8,(anonymous_1)
FNDA:8,(anonymous_2)
FNDA:8,(anonymous_3)
FNDA:8,(anonymous_4)
FNDA:8,(anonymous_5)
FNDA:8,(anonymous_6)
FNDA:8,(anonymous_7)
FNDA:8,(anonymous_8)
FNDA:8,(anonymous_9)
FNDA:8,(anonymous_10)
FNDA:8,(anonymous_11)
FNDA:8,(anonymous_12)
FNDA:8,(anonymous_13)
FNDA:8,(anonymous_14)
FNDA:8,(anonymous_15)
FNDA:8,(anonymous_16)
FNDA:8,(anonymous_17)
FNDA:8,(anonymous_18)
FNDA:8,(anonymous_19)
FNDA:8,(anonymous_20)
FNDA:8,(anonymous_21)
FNDA:8,(anonymous_22)
FNDA:8,(anonymous_23)
FNDA:8,(anonymous_24)
FNDA:8,(anonymous_25)
FNDA:8,(anonymous_26)
FNDA:8,(anonymous_27)
FNDA:8,(anonymous_28)
FNDA:8,(anonymous_29)
FNDA:8,(anonymous_30)
FNDA:8,(anonymous_31)
FNDA:8,(anonymous_32)
FNDA:8,(anonymous_33)
FNDA:8,(anonymous_34)
FNDA:8,(anonymous_35)
FNDA:8,(anonymous_36)
FNDA:8,(anonymous_37)
FNDA:8,(anonymous_38)
FNDA:8,(anonymous_39)
FNDA:8,(anonymous_40)
FNDA:8,(anonymous_41)
FNDA:8,(anonymous_42)
FNDA:24,(anonymous_43)
FNDA:16,(anonymous_44)
FNDA:8,(anonymous_45)
FNDA:8,(anonymous_46)
FNDA:8,(anonymous_47)
FNDA:8,(anonymous_48)
FNDA:8,(anonymous_49)
FNDA:24,(anonymous_50)
FNDA:16,(anonymous_51)
FNDA:8,(anonymous_52)
DA:1,3
DA:9,3
DA:10,344
DA:11,344
DA:14,3
DA:15,8
DA:16,8
DA:17,8
DA:18,8
DA:19,8
DA:20,8
DA:23,8
DA:24,8
DA:25,8
DA:26,8
DA:27,8
DA:30,8
DA:31,8
DA:32,8
DA:33,8
DA:38,8
DA:39,8
DA:40,8
DA:41,8
DA:46,8
DA:47,8
DA:48,8
DA:49,8
DA:50,8
DA:55,8
DA:56,8
DA:57,8
DA:58,8
DA:59,8
DA:60,8
DA:63,8
DA:64,8
DA:65,8
DA:66,8
DA:67,8
DA:68,8
DA:69,8
DA:70,8
DA:76,8
DA:77,8
DA:78,8
DA:79,8
DA:80,8
DA:81,8
DA:84,8
DA:85,8
DA:86,8
DA:87,8
DA:88,8
DA:91,8
DA:92,8
DA:93,8
DA:94,8
DA:95,8
DA:98,8
DA:99,8
DA:100,8
DA:101,8
DA:102,8
DA:103,8
DA:106,8
DA:107,8
DA:108,8
DA:109,8
DA:110,8
DA:114,8
DA:115,8
DA:116,8
DA:117,8
DA:118,8
DA:119,8
DA:122,8
DA:123,8
DA:124,8
DA:125,8
DA:126,8
DA:129,8
DA:130,8
DA:131,8
DA:132,8
DA:133,8
DA:134,8
DA:137,8
DA:138,8
DA:139,8
DA:143,8
DA:144,8
DA:145,8
DA:146,8
DA:147,8
DA:148,8
DA:149,8
DA:152,8
DA:153,8
DA:154,8
DA:155,8
DA:159,8
DA:160,8
DA:161,8
DA:162,8
DA:163,8
DA:164,8
DA:165,8
DA:166,8
DA:170,8
DA:171,8
DA:172,8
DA:173,8
DA:174,8
DA:175,8
DA:178,8
DA:179,8
DA:180,8
DA:181,8
DA:182,8
DA:185,8
DA:186,8
DA:187,8
DA:188,8
DA:189,8
DA:197,8
DA:198,8
DA:199,8
DA:200,8
DA:201,8
DA:206,8
DA:207,8
DA:208,8
DA:209,8
DA:210,8
DA:211,8
DA:214,8
DA:215,8
DA:216,8
DA:217,8
DA:218,8
DA:219,8
DA:223,8
DA:224,8
DA:225,8
DA:226,8
DA:227,8
DA:228,8
DA:231,8
DA:232,8
DA:233,8
DA:234,8
DA:235,8
DA:236,8
DA:237,8
DA:238,8
DA:239,8
DA:240,8
DA:241,8
DA:244,8
DA:245,8
DA:246,8
DA:247,8
DA:248,8
DA:249,8
DA:250,8
DA:251,8
DA:254,8
DA:255,8
DA:256,8
DA:257,8
DA:258,8
DA:259,8
DA:262,8
DA:263,8
DA:264,8
DA:265,8
DA:266,8
DA:267,8
DA:268,8
DA:269,8
DA:270,8
DA:274,8
DA:275,8
DA:276,8
DA:277,8
DA:278,8
DA:279,8
DA:280,0
DA:282,8
DA:283,8
DA:287,8
DA:288,8
DA:289,8
DA:290,8
DA:291,8
DA:292,8
DA:293,56
DA:294,8
DA:295,8
DA:299,24
DA:303,16
DA:309,8
DA:310,8
DA:311,8
DA:312,8
DA:313,8
DA:314,8
DA:315,8
DA:316,8
DA:317,8
DA:321,8
DA:322,8
DA:323,8
DA:324,8
DA:325,8
DA:326,8
DA:329,8
DA:330,8
DA:331,8
DA:332,8
DA:333,8
DA:334,8
DA:335,8
DA:336,8
DA:340,24
DA:344,16
DA:350,8
DA:351,8
DA:352,8
DA:353,8
DA:354,8
DA:355,8
DA:356,8
DA:357,8
LF:235
LH:234
BRF:0
BRH:0
end_of_record
TN:
SF:src/fsa/CoreFileSystemDirectoryHandle.ts
FN:35,(anonymous_0)
FN:52,(anonymous_1)
FN:69,(anonymous_3)
FN:96,(anonymous_5)
FN:110,(anonymous_7)
FN:160,(anonymous_8)
FN:207,(anonymous_9)
FN:247,(anonymous_10)
FN:267,(anonymous_11)
FNF:9
FNH:8
FNDA:66,(anonymous_0)
FNDA:8,(anonymous_1)
FNDA:5,(anonymous_3)
FNDA:1,(anonymous_5)
FNDA:17,(anonymous_7)
FNDA:35,(anonymous_8)
FNDA:6,(anonymous_9)
FNDA:4,(anonymous_10)
FNDA:0,(anonymous_11)
DA:1,4
DA:2,4
DA:11,4
DA:24,4
DA:25,4
DA:30,4
DA:36,66
DA:40,66
DA:41,66
DA:42,66
DA:43,66
DA:53,8
DA:54,8
DA:55,8
DA:56,8
DA:57,25
DA:58,9
DA:62,0
DA:70,5
DA:71,5
DA:72,5
DA:73,5
DA:74,5
DA:75,14
DA:76,4
DA:77,4
DA:78,4
DA:79,2
DA:80,2
DA:81,2
DA:86,0
DA:97,1
DA:114,17
DA:115,17
DA:116,17
DA:117,17
DA:118,17
DA:119,7
DA:120,7
DA:121,7
DA:123,10
DA:126,10
DA:127,10
DA:128,10
DA:129,10
DA:130,6
DA:131,5
DA:132,5
DA:133,5
DA:135,0
DA:136,0
DA:138,0
DA:141,4
DA:143,0
DA:144,0
DA:147,0
DA:161,35
DA:162,35
DA:163,35
DA:164,35
DA:165,35
DA:166,27
DA:167,27
DA:168,27
DA:170,8
DA:173,8
DA:174,8
DA:175,8
DA:176,8
DA:177,5
DA:178,4
DA:179,4
DA:180,4
DA:182,0
DA:183,0
DA:185,0
DA:188,3
DA:190,0
DA:191,0
DA:194,0
DA:208,6
DA:209,5
DA:210,5
DA:211,5
DA:212,5
DA:213,5
DA:214,5
DA:215,2
DA:216,3
DA:217,3
DA:219,0
DA:222,0
DA:223,0
DA:224,0
DA:226,0
DA:229,0
DA:231,0
DA:234,0
DA:248,4
DA:253,4
DA:255,3
DA:256,3
DA:257,3
DA:258,3
DA:259,3
DA:260,3
DA:261,3
DA:262,3
DA:264,0
DA:268,0
DA:269,0
DA:270,0
DA:272,0
DA:274,0
DA:277,0
LF:115
LH:86
BRDA:38,0,0,1
BRDA:43,1,0,52
BRDA:43,1,1,14
BRDA:57,2,0,9
BRDA:57,3,0,25
BRDA:57,3,1,17
BRDA:75,4,0,4
BRDA:75,5,0,14
BRDA:75,5,1,9
BRDA:75,5,2,4
BRDA:78,6,0,2
BRDA:78,6,1,2
BRDA:80,7,0,2
BRDA:118,8,0,7
BRDA:118,8,1,10
BRDA:120,9,0,0
BRDA:126,10,0,0
BRDA:127,11,0,10
BRDA:127,12,0,10
BRDA:127,12,1,10
BRDA:128,13,0,10
BRDA:128,14,0,10
BRDA:128,14,1,10
BRDA:129,15,0,6
BRDA:129,16,0,4
BRDA:129,16,1,6
BRDA:129,17,0,10
BRDA:129,17,1,10
BRDA:135,18,0,0
BRDA:135,19,0,0
BRDA:135,19,1,0
BRDA:135,19,2,0
BRDA:143,20,0,0
BRDA:165,21,0,27
BRDA:165,21,1,8
BRDA:167,22,0,0
BRDA:173,23,0,0
BRDA:174,24,0,8
BRDA:174,25,0,8
BRDA:174,25,1,8
BRDA:175,26,0,8
BRDA:175,27,0,8
BRDA:175,27,1,8
BRDA:176,28,0,5
BRDA:176,29,0,3
BRDA:176,29,1,5
BRDA:176,30,0,8
BRDA:176,30,1,8
BRDA:182,31,0,0
BRDA:182,32,0,0
BRDA:182,32,1,0
BRDA:182,32,2,0
BRDA:190,33,0,0
BRDA:207,34,0,4
BRDA:207,35,0,4
BRDA:214,36,0,2
BRDA:214,36,1,3
BRDA:216,37,0,3
BRDA:216,37,1,0
BRDA:222,38,0,0
BRDA:223,39,0,0
BRDA:223,40,0,0
BRDA:223,40,1,0
BRDA:224,41,0,0
BRDA:224,41,1,0
BRDA:224,41,2,0
BRDA:248,42,0,4
BRDA:249,43,0,4
BRDA:249,43,1,4
BRDA:253,44,0,1
BRDA:257,45,0,0
BRDA:259,46,0,0
BRDA:261,47,0,0
BRDA:268,48,0,0
BRDA:269,49,0,0
BRDA:269,50,0,0
BRDA:269,50,1,0
BRDA:270,51,0,0
BRDA:270,51,1,0
BRF:79
BRH:48
end_of_record
TN:
SF:src/fsa/CoreFileSystemFileHandle.ts
FN:18,(anonymous_0)
FN:34,(anonymous_1)
FN:68,(anonymous_2)
FN:70,(anonymous_3)
FN:76,(anonymous_4)
FNF:5
FNH:4
FNDA:33,(anonymous_0)
FNDA:13,(anonymous_1)
FNDA:3,(anonymous_2)
FNDA:0,(anonymous_3)
FNDA:6,(anonymous_4)
DA:1,4
DA:2,4
DA:3,4
DA:4,4
DA:15,4
DA:19,33
DA:20,33
DA:23,33
DA:24,33
DA:25,33
DA:35,13
DA:36,13
DA:37,13
DA:38,13
DA:40,13
DA:41,0
DA:45,13
DA:48,13
DA:49,13
DA:51,13
DA:52,13
DA:54,0
DA:55,0
DA:56,0
DA:58,0
DA:61,0
DA:69,3
DA:70,2
DA:79,6
DA:80,5
LF:30
LH:24
BRDA:21,0,0,0
BRDA:40,1,0,0
BRDA:45,2,0,13
BRDA:45,2,1,0
BRDA:54,3,0,0
BRDA:55,4,0,0
BRDA:55,5,0,0
BRDA:55,5,1,0
BRDA:56,6,0,0
BRDA:69,7,0,1
BRDA:77,8,0,5
BRDA:77,9,0,0
BRF:12
BRH:3
end_of_record
TN:
SF:src/fsa/CoreFileSystemHandle.ts
FN:13,(anonymous_0)
FN:26,(anonymous_1)
FN:35,(anonymous_2)
FN:54,(anonymous_3)
FN:61,(anonymous_4)
FNF:5
FNH:5
FNDA:99,(anonymous_0)
FNDA:3,(anonymous_1)
FNDA:4,(anonymous_2)
FNDA:1,(anonymous_3)
FNDA:1,(anonymous_4)
DA:1,4
DA:10,4
DA:14,99
DA:15,99
DA:18,99
DA:27,3
DA:39,4
DA:40,4
DA:43,4
DA:44,1
DA:48,3
DA:55,1
DA:64,1
LF:13
LH:13
BRDA:28,0,0,3
BRDA:28,0,1,2
BRDA:43,1,0,1
BRDA:43,2,0,4
BRDA:43,2,1,2
BRDA:54,3,0,1
BRF:6
BRH:6
end_of_record
TN:
SF:src/fsa/CoreFileSystemSyncAccessHandle.ts
FN:15,(anonymous_0)
FN:21,(anonymous_1)
FN:36,(anonymous_2)
FN:47,(anonymous_3)
FN:56,(anonymous_4)
FN:72,(anonymous_5)
FN:90,(anonymous_6)
FN:110,(anonymous_7)
FNF:8
FNH:0
FNDA:0,(anonymous_0)
FNDA:0,(anonymous_1)
FNDA:0,(anonymous_2)
FNDA:0,(anonymous_3)
FNDA:0,(anonymous_4)
FNDA:0,(anonymous_5)
FNDA:0,(anonymous_6)
FNDA:0,(anonymous_7)
DA:3,4
DA:5,4
DA:6,4
DA:11,4
DA:12,0
DA:13,0
DA:16,0
DA:17,0
DA:18,0
DA:22,0
DA:23,0
DA:25,0
DA:27,0
DA:28,0
DA:30,0
DA:37,0
DA:38,0
DA:39,0
DA:41,0
DA:48,0
DA:57,0
DA:58,0
DA:59,0
DA:60,0
DA:62,0
DA:63,0
DA:65,0
DA:73,0
DA:74,0
DA:76,0
DA:77,0
DA:78,0
DA:80,0
DA:81,0
DA:83,0
DA:91,0
DA:92,0
DA:95,0
DA:96,0
DA:97,0
DA:98,0
DA:100,0
DA:101,0
DA:103,0
DA:114,0
DA:115,0
DA:118,0
DA:119,0
DA:121,0
DA:122,0
DA:123,0
DA:125,0
DA:126,0
DA:128,0
LF:54
LH:4
BRDA:22,0,0,0
BRDA:25,1,0,0
BRDA:27,2,0,0
BRDA:27,2,1,0
BRDA:37,3,0,0
BRDA:62,4,0,0
BRDA:62,5,0,0
BRDA:62,5,1,0
BRDA:62,5,2,0
BRDA:72,6,0,0
BRDA:74,7,0,0
BRDA:80,8,0,0
BRDA:80,9,0,0
BRDA:80,9,1,0
BRDA:80,9,2,0
BRDA:91,10,0,0
BRDA:100,11,0,0
BRDA:100,12,0,0
BRDA:100,12,1,0
BRDA:100,12,2,0
BRDA:112,13,0,0
BRDA:114,14,0,0
BRDA:119,15,0,0
BRDA:125,16,0,0
BRDA:125,17,0,0
BRDA:125,17,1,0
BRDA:125,17,2,0
BRF:27
BRH:0
end_of_record
TN:
SF:src/fsa/CoreFileSystemWritableFileStream.ts
FN:23,(anonymous_0)
FN:27,(anonymous_1)
FN:39,(anonymous_2)
FN:42,(anonymous_3)
FN:48,(anonymous_4)
FN:64,(anonymous_5)
FN:74,(anonymous_6)
FN:95,(anonymous_7)
FN:99,(anonymous_8)
FN:150,(anonymous_9)
FN:154,(anonymous_10)
FNF:11
FNH:8
FNDA:5,(anonymous_0)
FNDA:5,(anonymous_1)
FNDA:0,(anonymous_2)
FNDA:4,(anonymous_3)
FNDA:0,(anonymous_4)
FNDA:1,(anonymous_5)
FNDA:0,(anonymous_6)
FNDA:5,(anonymous_7)
FNDA:5,(anonymous_8)
FNDA:5,(anonymous_9)
FNDA:5,(anonymous_10)
DA:3,4
DA:5,4
DA:6,4
DA:10,4
DA:16,4
DA:18,5
DA:19,5
DA:26,5
DA:29,5
DA:30,5
DA:31,5
DA:33,0
DA:34,0
DA:36,0
DA:40,0
DA:43,4
DA:44,4
DA:45,4
DA:49,0
DA:50,0
DA:51,0
DA:56,5
DA:57,5
DA:58,5
DA:65,1
DA:66,0
DA:68,1
DA:75,0
DA:76,0
DA:78,0
DA:79,0
DA:80,0
DA:81,0
DA:83,0
DA:84,0
DA:86,0
DA:96,5
DA:100,5
DA:101,0
DA:104,5
DA:105,0
DA:108,5
DA:109,5
DA:110,0
DA:111,0
DA:113,0
DA:114,0
DA:115,0
DA:116,0
DA:117,0
DA:118,0
DA:121,0
DA:124,0
DA:125,0
DA:127,0
DA:130,0
DA:131,0
DA:133,0
DA:138,5
DA:139,5
DA:140,5
DA:143,0
DA:144,0
DA:146,0
DA:151,5
DA:155,5
DA:156,5
DA:158,0
DA:159,0
DA:161,0
DA:162,0
DA:164,0
DA:165,0
DA:167,0
DA:170,0
DA:172,0
LF:76
LH:30
BRDA:10,0,0,0
BRDA:10,0,1,4
BRDA:23,1,0,0
BRDA:29,2,0,1
BRDA:29,2,1,4
BRDA:33,3,0,0
BRDA:33,4,0,0
BRDA:33,4,1,0
BRDA:33,4,2,0
BRDA:43,5,0,4
BRDA:43,6,0,4
BRDA:43,6,1,4
BRDA:49,7,0,0
BRDA:49,8,0,0
BRDA:49,8,1,0
BRDA:65,9,0,0
BRDA:75,10,0,0
BRDA:83,11,0,0
BRDA:83,12,0,0
BRDA:83,12,1,0
BRDA:83,12,2,0
BRDA:100,13,0,0
BRDA:104,14,0,0
BRDA:109,15,0,0
BRDA:109,15,1,5
BRDA:111,16,0,0
BRDA:111,16,1,0
BRDA:111,16,2,0
BRDA:113,17,0,0
BRDA:115,18,0,0
BRDA:115,18,1,0
BRDA:117,19,0,0
BRDA:124,20,0,0
BRDA:130,21,0,0
BRDA:143,22,0,0
BRDA:143,23,0,0
BRDA:143,23,1,0
BRDA:143,23,2,0
BRDA:151,24,0,5
BRDA:151,24,1,5
BRDA:151,24,2,0
BRDA:155,25,0,5
BRDA:158,26,0,0
BRDA:161,27,0,0
BRDA:164,28,0,0
BRDA:167,29,0,0
BRF:46
BRH:10
end_of_record
TN:
SF:src/fsa/CorePermissionStatus.ts
FN:10,(anonymous_0)
FNF:1
FNH:1
FNDA:4,(anonymous_0)
DA:6,4
DA:11,4
DA:12,4
LF:3
LH:3
BRDA:10,0,0,0
BRF:1
BRH:0
end_of_record
TN:
SF:src/fsa/index.ts
FN:16,(anonymous_0)
FN:33,(anonymous_1)
FNF:2
FNH:2
FNDA:7,(anonymous_0)
FNDA:2,(anonymous_1)
DA:1,1
DA:3,1
DA:5,1
DA:6,1
DA:7,1
DA:8,1
DA:9,1
DA:10,1
DA:11,1
DA:16,1
DA:21,7
DA:33,1
DA:34,2
DA:35,2
DA:36,2
LF:15
LH:15
BRDA:18,0,0,1
BRF:1
BRH:1
end_of_record
TN:
SF:src/fsa/util.ts
FN:6,(anonymous_0)
FN:15,(anonymous_1)
FN:23,(anonymous_2)
FN:28,(anonymous_3)
FN:36,(anonymous_4)
FN:42,(anonymous_5)
FN:45,(anonymous_6)
FNF:7
FNH:5
FNDA:99,(anonymous_0)
FNDA:99,(anonymous_1)
FNDA:57,(anonymous_2)
FNDA:23,(anonymous_3)
FNDA:7,(anonymous_4)
FNDA:0,(anonymous_5)
FNDA:0,(anonymous_6)
DA:6,4
DA:7,99
DA:15,4
DA:16,99
DA:17,99
DA:18,99
DA:21,4
DA:23,4
DA:24,57
DA:25,57
DA:28,4
DA:29,23
DA:30,4
DA:36,4
DA:37,7
DA:42,4
DA:43,0
DA:45,4
LF:18
LH:17
BRDA:6,0,0,0
BRDA:16,1,0,52
BRDA:18,2,0,50
BRDA:18,2,1,49
BRDA:24,3,0,57
BRDA:24,3,1,57
BRDA:25,4,0,0
BRDA:29,5,0,4
BRF:8
BRH:6
end_of_record
TN:
SF:src/fsa-to-crud/FsaCrud.ts
FN:8,(anonymous_0)
FN:45,(anonymous_1)
FN:84,(anonymous_2)
FN:93,(anonymous_3)
FN:104,(anonymous_4)
FN:125,(anonymous_5)
FN:140,(anonymous_6)
FN:160,(anonymous_8)
FN:166,(anonymous_9)
FN:12,(anonymous_10)
FN:31,(anonymous_11)
FNF:11
FNH:10
FNDA:156,(anonymous_0)
FNDA:190,(anonymous_1)
FNDA:35,(anonymous_2)
FNDA:32,(anonymous_3)
FNDA:42,(anonymous_4)
FNDA:20,(anonymous_5)
FNDA:24,(anonymous_6)
FNDA:12,(anonymous_8)
FNDA:0,(anonymous_9)
FNDA:299,(anonymous_10)
FNDA:69,(anonymous_11)
DA:3,4
DA:4,4
DA:5,4
DA:7,4
DA:9,156
DA:16,299
DA:17,299
DA:18,299
DA:19,299
DA:20,385
DA:21,345
DA:22,345
DA:24,259
DA:26,40
DA:27,0
DA:35,69
DA:36,49
DA:37,49
DA:38,27
DA:40,22
DA:41,0
DA:45,156
DA:51,190
DA:52,186
DA:53,182
DA:55,182
DA:57,8
DA:58,8
DA:59,4
DA:61,8
DA:62,4
DA:64,4
DA:67,8
DA:68,8
DA:70,4
DA:71,0
DA:73,4
DA:76,166
DA:79,174
DA:80,174
DA:81,174
DA:84,156
DA:85,35
DA:86,31
DA:87,27
DA:88,14
DA:89,14
DA:90,14
DA:93,156
DA:94,32
DA:95,28
DA:96,24
DA:97,24
DA:98,6
DA:100,18
DA:104,156
DA:105,42
DA:106,38
DA:107,22
DA:108,18
DA:109,7
DA:110,7
DA:117,16
DA:118,12
DA:125,156
DA:126,20
DA:127,16
DA:128,16
DA:129,8
DA:130,4
DA:132,4
DA:133,28
DA:136,8
DA:140,156
DA:143,24
DA:144,16
DA:145,56
DA:146,24
DA:147,16
DA:151,8
DA:152,8
DA:160,156
DA:161,12
DA:162,36
DA:163,4
DA:166,156
DA:167,0
DA:168,0
DA:169,0
LF:89
LH:83
BRDA:55,0,0,8
BRDA:55,0,1,8
BRDA:55,0,2,166
BRDA:55,1,0,166
BRDA:55,1,1,16
BRDA:55,2,0,182
BRDA:55,2,1,182
BRDA:61,3,0,4
BRDA:70,4,0,4
BRDA:100,5,0,9
BRDA:106,6,0,22
BRDA:106,6,1,16
BRDA:129,7,0,4
BRDA:129,7,1,4
BRDA:136,8,0,4
BRDA:146,9,0,16
BRDA:146,9,1,8
BRDA:151,10,0,8
BRDA:26,11,0,40
BRDA:40,12,0,22
BRF:20
BRH:20
end_of_record
TN:
SF:src/fsa-to-crud/index.ts
FN:1,(anonymous_0)
FNF:1
FNH:1
FNDA:108,(anonymous_0)
DA:1,109
LF:1
LH:1
BRF:0
BRH:0
end_of_record
TN:
SF:src/fsa-to-crud/util.ts
FN:3,(anonymous_0)
FN:6,(anonymous_1)
FN:9,(anonymous_2)
FN:11,(anonymous_3)
FNF:4
FNH:4
FNDA:40,(anonymous_0)
FNDA:84,(anonymous_1)
FNDA:8,(anonymous_2)
FNDA:8,(anonymous_3)
DA:3,5
DA:4,40
DA:6,5
DA:7,84
DA:9,8
DA:11,8
LF:6
LH:6
BRF:0
BRH:0
end_of_record
TN:
SF:src/fsa-to-node/FsaNodeCore.ts
FN:17,(anonymous_0)
FN:23,(anonymous_1)
FN:26,(anonymous_2)
FN:30,(anonymous_3)
FN:42,(anonymous_4)
FN:51,(anonymous_5)
FN:72,(anonymous_6)
FN:83,(anonymous_7)
FN:117,(anonymous_8)
FN:124,(anonymous_9)
FN:128,(anonymous_10)
FN:135,(anonymous_11)
FN:143,(anonymous_12)
FN:183,(anonymous_13)
FN:195,(anonymous_14)
FN:202,(anonymous_15)
FNF:16
FNH:12
FNDA:300,(anonymous_0)
FNDA:0,(anonymous_1)
FNDA:0,(anonymous_2)
FNDA:0,(anonymous_3)
FNDA:611,(anonymous_4)
FNDA:3565,(anonymous_5)
FNDA:1181,(anonymous_6)
FNDA:1533,(anonymous_7)
FNDA:859,(anonymous_8)
FNDA:263,(anonymous_9)
FNDA:345,(anonymous_10)
FNDA:5,(anonymous_11)
FNDA:661,(anonymous_12)
FNDA:611,(anonymous_13)
FNDA:257,(anonymous_14)
FNDA:0,(anonymous_15)
DA:1,2
DA:2,2
DA:3,2
DA:5,2
DA:7,2
DA:11,2
DA:13,2
DA:14,2
DA:15,300
DA:18,300
DA:19,300
DA:21,300
DA:22,0
DA:24,0
DA:31,0
DA:32,0
DA:33,0
DA:40,300
DA:43,611
DA:44,611
DA:52,3565
DA:53,3565
DA:54,3565
DA:55,3565
DA:56,3247
DA:59,6
DA:60,6
DA:62,2
DA:64,4
DA:67,0
DA:69,3559
DA:78,1181
DA:79,1181
DA:80,934
DA:88,1533
DA:89,1531
DA:90,1524
DA:91,1524
DA:92,234
DA:94,1290
DA:95,1290
DA:97,746
DA:98,746
DA:100,0
DA:101,0
DA:103,0
DA:105,0
DA:110,544
DA:113,0
DA:118,859
DA:119,859
DA:120,859
DA:121,855
DA:125,263
DA:129,345
DA:130,0
DA:131,0
DA:132,0
DA:136,5
DA:137,5
DA:138,5
DA:139,5
DA:140,5
DA:144,661
DA:145,661
DA:146,661
DA:147,283
DA:148,283
DA:149,43
DA:152,283
DA:153,283
DA:154,43
DA:155,43
DA:157,0
DA:159,0
DA:162,43
DA:166,618
DA:167,618
DA:168,618
DA:169,611
DA:171,7
DA:172,7
DA:174,0
DA:176,7
DA:179,0
DA:189,611
DA:190,611
DA:191,611
DA:192,611
DA:196,257
DA:197,256
DA:198,256
DA:199,256
DA:203,0
DA:204,0
DA:205,0
DA:206,0
DA:208,0
LF:98
LH:75
BRDA:21,0,0,0
BRDA:32,1,0,0
BRDA:44,2,0,163
BRDA:44,2,1,448
BRDA:59,3,0,6
BRDA:59,4,0,6
BRDA:59,4,1,6
BRDA:60,5,0,2
BRDA:60,5,1,4
BRDA:89,6,0,7
BRDA:94,7,0,1290
BRDA:94,8,0,1290
BRDA:94,8,1,1290
BRDA:95,9,0,746
BRDA:95,9,1,544
BRDA:100,10,0,0
BRDA:100,11,0,0
BRDA:100,11,1,0
BRDA:101,12,0,0
BRDA:101,12,1,0
BRDA:118,13,0,0
BRDA:120,14,0,4
BRDA:129,15,0,345
BRDA:136,16,0,0
BRDA:146,17,0,283
BRDA:152,18,0,283
BRDA:152,18,1,283
BRDA:152,18,2,283
BRDA:152,18,3,283
BRDA:153,19,0,43
BRDA:154,20,0,43
BRDA:154,21,0,43
BRDA:154,21,1,43
BRDA:155,22,0,0
BRDA:155,22,1,0
BRDA:171,23,0,7
BRDA:171,24,0,7
BRDA:171,24,1,7
BRDA:172,25,0,0
BRDA:172,25,1,7
BRDA:199,26,0,256
BRDA:203,27,0,0
BRDA:205,28,0,0
BRF:43
BRH:29
end_of_record
TN:
SF:src/fsa-to-node/FsaNodeDirent.ts
FN:4,(anonymous_0)
FN:9,(anonymous_1)
FN:13,(anonymous_2)
FN:17,(anonymous_3)
FN:21,(anonymous_4)
FN:25,(anonymous_5)
FN:29,(anonymous_6)
FN:33,(anonymous_7)
FNF:8
FNH:3
FNDA:39,(anonymous_0)
FNDA:31,(anonymous_1)
FNDA:29,(anonymous_2)
FNDA:0,(anonymous_3)
FNDA:0,(anonymous_4)
FNDA:0,(anonymous_5)
FNDA:0,(anonymous_6)
FNDA:0,(anonymous_7)
DA:3,2
DA:5,39
DA:6,39
DA:10,31
DA:14,29
DA:18,0
DA:22,0
DA:26,0
DA:30,0
DA:34,0
LF:10
LH:5
BRF:0
BRH:0
end_of_record
TN:
SF:src/fsa-to-node/FsaNodeFs.ts
FN:27,(anonymous_0)
FN:31,(anonymous_1)
FN:35,(anonymous_2)
FN:41,(anonymous_3)
FN:48,(anonymous_4)
FN:65,(anonymous_5)
FN:66,(anonymous_6)
FN:70,(anonymous_7)
FN:73,(anonymous_8)
FN:74,(anonymous_9)
FN:78,(anonymous_10)
FN:89,(anonymous_11)
FN:93,(anonymous_12)
FN:102,(anonymous_13)
FN:103,(anonymous_14)
FN:107,(anonymous_15)
FN:116,(anonymous_16)
FN:135,(anonymous_17)
FN:136,(anonymous_18)
FN:139,(anonymous_19)
FN:148,(anonymous_20)
FN:154,(anonymous_21)
FN:155,(anonymous_22)
FN:159,(anonymous_23)
FN:175,(anonymous_24)
FN:187,(anonymous_25)
FN:188,(anonymous_26)
FN:192,(anonymous_27)
FN:209,(anonymous_28)
FN:228,(anonymous_29)
FN:229,(anonymous_30)
FN:233,(anonymous_31)
FN:248,(anonymous_32)
FN:257,(anonymous_33)
FN:258,(anonymous_34)
FN:266,(anonymous_35)
FN:270,(anonymous_36)
FN:272,(anonymous_37)
FN:273,(anonymous_38)
FN:291,(anonymous_39)
FN:302,(anonymous_40)
FN:310,(anonymous_41)
FN:314,(anonymous_42)
FN:315,(anonymous_43)
FN:321,(anonymous_44)
FN:327,(anonymous_45)
FN:331,(anonymous_46)
FN:332,(anonymous_47)
FN:351,(anonymous_48)
FN:360,(anonymous_49)
FN:371,(anonymous_50)
FN:372,(anonymous_51)
FN:376,(anonymous_52)
FN:382,(anonymous_53)
FN:385,(anonymous_54)
FN:400,(anonymous_55)
FN:431,(anonymous_56)
FN:432,(anonymous_57)
FN:436,(anonymous_58)
FN:440,(anonymous_59)
FN:441,(anonymous_60)
FN:453,(anonymous_61)
FN:454,(anonymous_62)
FN:458,(anonymous_63)
FN:464,(anonymous_64)
FN:465,(anonymous_65)
FN:473,(anonymous_66)
FN:491,(anonymous_67)
FN:492,(anonymous_68)
FN:496,(anonymous_69)
FN:508,(anonymous_70)
FN:512,(anonymous_71)
FN:516,(anonymous_72)
FN:524,(anonymous_73)
FN:525,(anonymous_74)
FN:525,(anonymous_75)
FN:527,(anonymous_76)
FN:528,(anonymous_77)
FN:532,(anonymous_78)
FN:539,(anonymous_79)
FN:542,(anonymous_80)
FN:543,(anonymous_81)
FN:550,(anonymous_82)
FN:559,(anonymous_83)
FN:568,(anonymous_84)
FN:580,(anonymous_85)
FN:582,(anonymous_86)
FN:583,(anonymous_87)
FN:598,(anonymous_88)
FN:607,(anonymous_89)
FN:625,(anonymous_90)
FN:635,(anonymous_91)
FN:635,(anonymous_92)
FN:636,(anonymous_93)
FN:638,(anonymous_94)
FN:639,(anonymous_95)
FN:659,(anonymous_96)
FN:668,(anonymous_97)
FN:670,(anonymous_98)
FN:671,(anonymous_99)
FN:695,(anonymous_100)
FN:703,(anonymous_101)
FN:711,(anonymous_102)
FN:719,(anonymous_103)
FN:728,(anonymous_104)
FN:737,(anonymous_105)
FN:746,(anonymous_106)
FN:763,(anonymous_107)
FN:764,(anonymous_108)
FN:764,(anonymous_109)
FN:766,(anonymous_110)
FN:767,(anonymous_111)
FN:767,(anonymous_112)
FN:773,(anonymous_113)
FN:820,(anonymous_114)
FN:835,(anonymous_115)
FN:840,(anonymous_116)
FN:850,(anonymous_117)
FN:863,(anonymous_118)
FN:877,(anonymous_119)
FN:890,(anonymous_120)
FN:893,(anonymous_121)
FN:898,(anonymous_122)
FN:907,(anonymous_123)
FN:918,(anonymous_124)
FN:928,(anonymous_125)
FN:934,(anonymous_126)
FN:940,(anonymous_127)
FN:950,(anonymous_128)
FN:961,(anonymous_129)
FN:971,(anonymous_130)
FN:977,(anonymous_131)
FN:982,(anonymous_132)
FN:987,(anonymous_133)
FN:1009,(anonymous_134)
FN:1019,(anonymous_135)
FN:1035,(anonymous_136)
FN:1048,(anonymous_137)
FN:1062,(anonymous_138)
FN:336,(anonymous_139)
FN:613,(anonymous_140)
FN:614,(anonymous_141)
FN:620,(anonymous_142)
FN:621,(anonymous_143)
FNF:144
FNH:91
FNDA:0,(anonymous_0)
FNDA:0,(anonymous_1)
FNDA:0,(anonymous_2)
FNDA:300,(anonymous_3)
FNDA:293,(anonymous_4)
FNDA:253,(anonymous_5)
FNDA:40,(anonymous_6)
FNDA:254,(anonymous_7)
FNDA:254,(anonymous_8)
FNDA:0,(anonymous_9)
FNDA:2,(anonymous_10)
FNDA:0,(anonymous_11)
FNDA:2,(anonymous_12)
FNDA:2,(anonymous_13)
FNDA:0,(anonymous_14)
FNDA:75,(anonymous_15)
FNDA:75,(anonymous_16)
FNDA:70,(anonymous_17)
FNDA:5,(anonymous_18)
FNDA:241,(anonymous_19)
FNDA:241,(anonymous_20)
FNDA:241,(anonymous_21)
FNDA:0,(anonymous_22)
FNDA:1,(anonymous_23)
FNDA:1,(anonymous_24)
FNDA:1,(anonymous_25)
FNDA:0,(anonymous_26)
FNDA:280,(anonymous_27)
FNDA:280,(anonymous_28)
FNDA:274,(anonymous_29)
FNDA:6,(anonymous_30)
FNDA:41,(anonymous_31)
FNDA:41,(anonymous_32)
FNDA:41,(anonymous_33)
FNDA:0,(anonymous_34)
FNDA:53,(anonymous_35)
FNDA:53,(anonymous_36)
FNDA:47,(anonymous_37)
FNDA:6,(anonymous_38)
FNDA:1,(anonymous_39)
FNDA:1516,(anonymous_40)
FNDA:1516,(anonymous_41)
FNDA:973,(anonymous_42)
FNDA:543,(anonymous_43)
FNDA:7,(anonymous_44)
FNDA:7,(anonymous_45)
FNDA:5,(anonymous_46)
FNDA:2,(anonymous_47)
FNDA:239,(anonymous_48)
FNDA:239,(anonymous_49)
FNDA:239,(anonymous_50)
FNDA:0,(anonymous_51)
FNDA:8,(anonymous_52)
FNDA:8,(anonymous_53)
FNDA:18,(anonymous_54)
FNDA:18,(anonymous_55)
FNDA:11,(anonymous_56)
FNDA:7,(anonymous_57)
FNDA:5,(anonymous_58)
FNDA:5,(anonymous_59)
FNDA:5,(anonymous_60)
FNDA:5,(anonymous_61)
FNDA:0,(anonymous_62)
FNDA:20,(anonymous_63)
FNDA:20,(anonymous_64)
FNDA:20,(anonymous_65)
FNDA:26,(anonymous_66)
FNDA:20,(anonymous_67)
FNDA:0,(anonymous_68)
FNDA:0,(anonymous_69)
FNDA:0,(anonymous_70)
FNDA:0,(anonymous_71)
FNDA:2,(anonymous_72)
FNDA:2,(anonymous_73)
FNDA:2,(anonymous_74)
FNDA:2,(anonymous_75)
FNDA:2,(anonymous_76)
FNDA:0,(anonymous_77)
FNDA:1,(anonymous_78)
FNDA:1,(anonymous_79)
FNDA:1,(anonymous_80)
FNDA:0,(anonymous_81)
FNDA:0,(anonymous_82)
FNDA:0,(anonymous_83)
FNDA:221,(anonymous_84)
FNDA:219,(anonymous_85)
FNDA:219,(anonymous_86)
FNDA:2,(anonymous_87)
FNDA:1,(anonymous_88)
FNDA:1,(anonymous_89)
FNDA:28,(anonymous_90)
FNDA:27,(anonymous_91)
FNDA:27,(anonymous_92)
FNDA:27,(anonymous_93)
FNDA:26,(anonymous_94)
FNDA:1,(anonymous_95)
FNDA:7,(anonymous_96)
FNDA:4,(anonymous_97)
FNDA:3,(anonymous_98)
FNDA:3,(anonymous_99)
FNDA:0,(anonymous_100)
FNDA:0,(anonymous_101)
FNDA:0,(anonymous_102)
FNDA:0,(anonymous_103)
FNDA:0,(anonymous_104)
FNDA:0,(anonymous_105)
FNDA:14,(anonymous_106)
FNDA:10,(anonymous_107)
FNDA:10,(anonymous_108)
FNDA:10,(anonymous_109)
FNDA:0,(anonymous_110)
FNDA:0,(anonymous_111)
FNDA:0,(anonymous_112)
FNDA:6,(anonymous_113)
FNDA:0,(anonymous_114)
FNDA:0,(anonymous_115)
FNDA:0,(anonymous_116)
FNDA:0,(anonymous_117)
FNDA:0,(anonymous_118)
FNDA:0,(anonymous_119)
FNDA:0,(anonymous_120)
FNDA:0,(anonymous_121)
FNDA:0,(anonymous_122)
FNDA:0,(anonymous_123)
FNDA:0,(anonymous_124)
FNDA:0,(anonymous_125)
FNDA:0,(anonymous_126)
FNDA:0,(anonymous_127)
FNDA:0,(anonymous_128)
FNDA:0,(anonymous_129)
FNDA:0,(anonymous_130)
FNDA:0,(anonymous_131)
FNDA:0,(anonymous_132)
FNDA:0,(anonymous_133)
FNDA:1,(anonymous_134)
FNDA:0,(anonymous_135)
FNDA:0,(anonymous_136)
FNDA:0,(anonymous_137)
FNDA:0,(anonymous_138)
FNDA:978,(anonymous_139)
FNDA:2,(anonymous_140)
FNDA:2,(anonymous_141)
FNDA:2,(anonymous_142)
FNDA:0,(anonymous_143)
DA:1,2
DA:2,2
DA:3,2
DA:4,2
DA:5,2
DA:6,2
DA:7,2
DA:9,2
DA:11,2
DA:12,2
DA:13,2
DA:15,2
DA:16,2
DA:17,2
DA:18,2
DA:19,2
DA:27,2
DA:28,0
DA:31,2
DA:32,0
DA:35,2
DA:41,2
DA:44,300
DA:48,300
DA:54,293
DA:55,293
DA:56,293
DA:57,6
DA:58,6
DA:60,293
DA:61,293
DA:62,293
DA:63,293
DA:64,293
DA:65,253
DA:66,40
DA:70,300
DA:71,254
DA:72,254
DA:73,254
DA:74,0
DA:78,300
DA:86,2
DA:88,2
DA:89,0
DA:90,0
DA:93,2
DA:94,2
DA:95,2
DA:96,2
DA:97,2
DA:98,2
DA:99,2
DA:100,2
DA:102,2
DA:103,0
DA:107,300
DA:112,75
DA:115,75
DA:116,75
DA:117,75
DA:118,75
DA:119,75
DA:120,75
DA:121,72
DA:122,72
DA:124,71
DA:125,70
DA:126,70
DA:127,70
DA:129,75
DA:130,75
DA:131,75
DA:135,70
DA:136,5
DA:139,300
DA:147,241
DA:148,241
DA:149,241
DA:150,241
DA:151,241
DA:152,241
DA:154,241
DA:155,0
DA:159,300
DA:165,1
DA:166,1
DA:168,1
DA:169,1
DA:171,0
DA:172,0
DA:174,1
DA:175,1
DA:176,1
DA:177,1
DA:178,1
DA:179,1
DA:180,2
DA:181,2
DA:182,2
DA:183,2
DA:185,1
DA:187,1
DA:188,0
DA:192,300
DA:198,280
DA:199,280
DA:200,280
DA:201,1
DA:202,1
DA:204,280
DA:205,280
DA:206,280
DA:207,280
DA:208,280
DA:209,280
DA:210,280
DA:211,280
DA:212,280
DA:213,280
DA:214,280
DA:215,280
DA:217,274
DA:218,274
DA:219,274
DA:220,274
DA:222,280
DA:223,280
DA:224,280
DA:228,274
DA:229,6
DA:233,300
DA:234,41
DA:235,41
DA:238,41
DA:239,1
DA:240,1
DA:242,40
DA:243,40
DA:245,41
DA:246,41
DA:247,41
DA:248,41
DA:249,41
DA:250,41
DA:251,41
DA:252,41
DA:253,41
DA:254,41
DA:255,41
DA:257,41
DA:258,0
DA:266,300
DA:267,53
DA:268,53
DA:269,53
DA:270,53
DA:272,47
DA:274,6
DA:275,6
DA:277,5
DA:278,5
DA:281,1
DA:282,1
DA:286,0
DA:291,300
DA:296,1
DA:297,1
DA:298,1
DA:299,1
DA:302,300
DA:307,1516
DA:308,1516
DA:309,1516
DA:310,1516
DA:311,1516
DA:312,973
DA:314,973
DA:315,543
DA:319,300
DA:321,300
DA:326,7
DA:327,7
DA:328,7
DA:329,5
DA:331,5
DA:332,2
DA:337,978
DA:338,978
DA:339,232
DA:340,232
DA:341,232
DA:343,978
DA:344,978
DA:351,300
DA:356,239
DA:357,239
DA:358,239
DA:359,239
DA:360,239
DA:361,239
DA:362,239
DA:363,239
DA:364,239
DA:365,239
DA:366,239
DA:367,239
DA:368,239
DA:369,239
DA:371,239
DA:372,0
DA:376,300
DA:380,8
DA:381,8
DA:382,8
DA:385,300
DA:390,18
DA:392,18
DA:393,18
DA:394,18
DA:396,0
DA:398,18
DA:399,18
DA:400,18
DA:401,18
DA:402,15
DA:403,15
DA:404,13
DA:405,13
DA:407,6
DA:408,2
DA:409,2
DA:410,2
DA:411,1
DA:413,1
DA:416,5
DA:419,7
DA:420,2
DA:421,2
DA:422,2
DA:424,6
DA:427,0
DA:431,11
DA:432,7
DA:436,300
DA:437,5
DA:438,5
DA:439,5
DA:441,5
DA:442,5
DA:443,5
DA:444,5
DA:449,5
DA:453,5
DA:454,0
DA:458,300
DA:459,20
DA:460,20
DA:461,20
DA:462,20
DA:463,20
DA:465,20
DA:466,20
DA:467,13
DA:468,91
DA:469,39
DA:470,39
DA:472,13
DA:473,13
DA:474,26
DA:475,26
DA:476,0
DA:478,13
DA:480,7
DA:482,49
DA:484,7
DA:486,7
DA:491,20
DA:492,0
DA:496,300
DA:501,0
DA:502,0
DA:503,0
DA:504,0
DA:508,300
DA:509,0
DA:512,300
DA:513,0
DA:516,300
DA:521,2
DA:522,2
DA:523,2
DA:524,2
DA:525,2
DA:527,2
DA:528,0
DA:532,300
DA:537,1
DA:538,1
DA:539,1
DA:540,1
DA:542,1
DA:543,1
DA:544,1
DA:550,300
DA:556,0
DA:559,300
DA:565,0
DA:568,300
DA:573,221
DA:574,221
DA:576,221
DA:577,221
DA:579,221
DA:580,219
DA:582,219
DA:584,2
DA:585,2
DA:587,0
DA:588,0
DA:589,0
DA:593,2
DA:598,300
DA:603,1
DA:604,1
DA:605,1
DA:606,1
DA:607,1
DA:608,1
DA:609,1
DA:614,2
DA:615,2
DA:616,10
DA:617,4
DA:620,2
DA:621,0
DA:625,300
DA:630,28
DA:631,28
DA:632,28
DA:633,28
DA:634,27
DA:635,27
DA:636,27
DA:638,26
DA:640,1
DA:641,1
DA:643,0
DA:644,0
DA:645,0
DA:648,1
DA:649,1
DA:650,1
DA:654,0
DA:659,300
DA:664,7
DA:665,7
DA:666,7
DA:667,6
DA:668,4
DA:670,3
DA:672,3
DA:673,1
DA:674,1
DA:676,2
DA:677,2
DA:679,0
DA:680,0
DA:681,0
DA:684,1
DA:685,1
DA:686,1
DA:690,1
DA:695,300
DA:700,0
DA:703,300
DA:708,0
DA:711,300
DA:716,0
DA:719,300
DA:725,0
DA:728,300
DA:734,0
DA:737,300
DA:743,0
DA:746,300
DA:750,14
DA:756,14
DA:757,14
DA:758,14
DA:759,14
DA:760,14
DA:761,14
DA:762,12
DA:763,11
DA:764,10
DA:766,11
DA:767,0
DA:770,12
DA:773,300
DA:777,6
DA:789,6
DA:790,6
DA:791,6
DA:792,6
DA:793,6
DA:794,6
DA:795,6
DA:798,300
DA:799,300
DA:800,300
DA:801,300
DA:802,300
DA:803,300
DA:804,300
DA:811,300
DA:812,300
DA:813,300
DA:815,300
DA:816,300
DA:820,300
DA:824,0
DA:825,0
DA:826,0
DA:827,0
DA:828,0
DA:829,0
DA:830,0
DA:833,300
DA:835,300
DA:836,0
DA:837,0
DA:840,300
DA:844,0
DA:845,0
DA:846,0
DA:847,0
DA:850,300
DA:854,0
DA:855,0
DA:856,0
DA:857,0
DA:858,0
DA:859,0
DA:860,0
DA:863,300
DA:868,0
DA:869,0
DA:870,0
DA:871,0
DA:872,0
DA:873,0
DA:874,0
DA:877,300
DA:882,0
DA:883,0
DA:884,0
DA:885,0
DA:886,0
DA:887,0
DA:890,300
DA:891,0
DA:892,0
DA:893,0
DA:894,0
DA:895,0
DA:898,300
DA:899,0
DA:900,0
DA:901,0
DA:903,0
DA:907,300
DA:912,0
DA:913,0
DA:914,0
DA:915,0
DA:918,300
DA:922,0
DA:923,0
DA:924,0
DA:925,0
DA:928,300
DA:929,0
DA:930,0
DA:931,0
DA:934,300
DA:935,0
DA:936,0
DA:937,0
DA:940,300
DA:944,0
DA:945,0
DA:946,0
DA:947,0
DA:950,300
DA:954,0
DA:955,0
DA:956,0
DA:957,0
DA:958,0
DA:961,300
DA:965,0
DA:966,0
DA:967,0
DA:968,0
DA:971,300
DA:972,0
DA:973,0
DA:974,0
DA:977,300
DA:978,0
DA:979,0
DA:982,300
DA:983,0
DA:984,0
DA:987,300
DA:991,0
DA:992,0
DA:993,0
DA:994,0
DA:995,0
DA:996,0
DA:997,0
DA:998,0
DA:1000,0
DA:1001,0
DA:1002,0
DA:1003,0
DA:1005,0
DA:1009,300
DA:1013,1
DA:1014,1
DA:1015,1
DA:1016,1
DA:1019,300
DA:1026,0
DA:1027,0
DA:1028,0
DA:1029,0
DA:1030,0
DA:1031,0
DA:1032,0
DA:1035,300
DA:1042,0
DA:1043,0
DA:1044,0
DA:1045,0
DA:1048,300
DA:1053,0
DA:1054,0
DA:1055,0
DA:1056,0
DA:1057,0
DA:1058,0
DA:1059,0
DA:1062,300
DA:1067,0
DA:1068,0
DA:1069,0
DA:1070,0
DA:1071,0
DA:1073,0
DA:1076,300
DA:1077,300
DA:1078,300
DA:1079,300
DA:1080,300
DA:1081,300
DA:1082,300
DA:1083,300
DA:1084,300
DA:1085,300
DA:1086,300
DA:1088,300
DA:1089,300
DA:1090,300
DA:1091,300
DA:1092,300
DA:1094,300
DA:1095,300
DA:1099,300
DA:1100,300
DA:1101,300
DA:1102,300
DA:1103,300
DA:1104,300
DA:1105,300
DA:1106,300
DA:1107,300
DA:1109,300
DA:1110,300
DA:1111,300
DA:1112,300
LF:593
LH:435
BRDA:56,0,0,6
BRDA:60,1,0,293
BRDA:60,1,1,287
BRDA:88,2,0,0
BRDA:90,3,0,0
BRDA:117,4,0,3
BRDA:117,4,1,72
BRDA:120,5,0,72
BRDA:130,6,0,75
BRDA:130,6,1,75
BRDA:131,7,0,3
BRDA:154,8,0,3
BRDA:154,8,1,238
BRDA:168,9,0,1
BRDA:168,9,1,0
BRDA:200,10,0,1
BRDA:210,11,0,0
BRDA:210,11,1,280
BRDA:213,12,0,280
BRDA:223,13,0,280
BRDA:223,13,1,280
BRDA:224,14,0,0
BRDA:238,15,0,1
BRDA:238,15,1,40
BRDA:274,16,0,6
BRDA:274,17,0,6
BRDA:274,17,1,6
BRDA:275,18,0,5
BRDA:275,18,1,1
BRDA:298,19,0,1
BRDA:307,20,0,0
BRDA:307,21,0,1516
BRDA:326,22,0,0
BRDA:326,23,0,7
BRDA:381,24,0,0
BRDA:392,25,0,18
BRDA:392,25,1,0
BRDA:401,26,0,17
BRDA:401,26,1,1
BRDA:401,27,0,18
BRDA:401,27,1,11
BRDA:403,28,0,2
BRDA:405,29,0,6
BRDA:405,29,1,7
BRDA:405,29,2,0
BRDA:407,30,0,2
BRDA:419,31,0,2
BRDA:422,32,0,1
BRDA:462,33,0,0
BRDA:466,34,0,13
BRDA:466,34,1,7
BRDA:472,35,0,13
BRDA:472,36,0,13
BRDA:472,36,1,13
BRDA:474,37,0,0
BRDA:475,38,0,26
BRDA:484,39,0,7
BRDA:484,40,0,7
BRDA:484,40,1,7
BRDA:521,41,0,2
BRDA:521,41,1,0
BRDA:522,42,0,2
BRDA:522,42,1,0
BRDA:537,43,0,1
BRDA:537,43,1,0
BRDA:538,44,0,1
BRDA:538,44,1,0
BRDA:540,45,0,0
BRDA:540,45,1,1
BRDA:543,46,0,0
BRDA:543,46,1,1
BRDA:574,47,0,151
BRDA:574,47,1,70
BRDA:579,48,0,221
BRDA:579,48,1,0
BRDA:579,49,0,221
BRDA:579,49,1,221
BRDA:584,50,0,2
BRDA:584,51,0,2
BRDA:584,51,1,2
BRDA:585,52,0,0
BRDA:604,53,0,0
BRDA:604,54,0,1
BRDA:604,54,1,1
BRDA:605,55,0,0
BRDA:608,56,0,0
BRDA:608,56,1,1
BRDA:631,57,0,2
BRDA:631,57,1,26
BRDA:633,58,0,1
BRDA:633,59,0,28
BRDA:633,59,1,1
BRDA:636,60,0,27
BRDA:636,60,1,0
BRDA:636,61,0,27
BRDA:636,61,1,27
BRDA:640,62,0,1
BRDA:640,63,0,1
BRDA:640,63,1,1
BRDA:641,64,0,0
BRDA:641,64,1,1
BRDA:666,65,0,1
BRDA:666,66,0,7
BRDA:666,66,1,1
BRDA:668,67,0,1
BRDA:668,67,1,3
BRDA:668,68,0,4
BRDA:668,68,1,4
BRDA:672,69,0,1
BRDA:676,70,0,2
BRDA:676,71,0,2
BRDA:676,71,1,2
BRDA:677,72,0,0
BRDA:677,72,1,1
BRDA:758,73,0,14
BRDA:758,73,1,0
BRDA:758,74,0,14
BRDA:758,74,1,14
BRDA:759,75,0,3
BRDA:759,75,1,11
BRDA:759,76,0,3
BRDA:759,76,1,0
BRDA:760,77,0,3
BRDA:760,77,1,11
BRDA:762,78,0,11
BRDA:792,79,0,1
BRDA:792,79,1,5
BRDA:792,80,0,1
BRDA:792,80,1,0
BRDA:793,81,0,1
BRDA:793,81,1,5
BRDA:824,82,0,0
BRDA:824,83,0,0
BRDA:829,84,0,0
BRDA:829,84,1,0
BRDA:829,85,0,0
BRDA:829,85,1,0
BRDA:842,86,0,0
BRDA:883,87,0,0
BRDA:883,88,0,0
BRDA:883,88,1,0
BRDA:955,89,0,0
BRDA:955,90,0,0
BRDA:955,90,1,0
BRDA:972,91,0,0
BRDA:974,92,0,0
BRDA:974,92,1,0
BRDA:995,93,0,0
BRDA:995,93,1,0
BRDA:1015,94,0,1
BRDA:1045,95,0,0
BRDA:1045,95,1,0
BRDA:1051,96,0,0
BRDA:1067,97,0,0
BRDA:338,98,0,232
BRDA:343,99,0,0
BRDA:343,99,1,978
BRF:157
BRH:105
end_of_record
TN:
SF:src/fsa-to-node/FsaNodeFsOpenFile.ts
FN:20,(anonymous_0)
FN:30,(anonymous_1)
FN:32,(anonymous_2)
FNF:3
FNH:3
FNDA:611,(anonymous_0)
FNDA:260,(anonymous_1)
FNDA:243,(anonymous_2)
DA:9,2
DA:10,611
DA:21,611
DA:22,611
DA:23,611
DA:24,611
DA:25,611
DA:27,611
DA:33,243
DA:34,243
DA:35,243
DA:40,243
DA:41,243
DA:42,243
LF:14
LH:14
BRDA:33,0,0,5
BRF:1
BRH:1
end_of_record
TN:
SF:src/fsa-to-node/FsaNodeReadStream.ts
FN:16,(anonymous_0)
FN:24,(anonymous_1)
FN:30,(anonymous_2)
FN:33,(anonymous_3)
FN:38,(anonymous_4)
FN:39,(anonymous_5)
FN:52,(anonymous_6)
FN:57,(anonymous_7)
FN:58,(anonymous_8)
FN:63,(anonymous_9)
FN:69,(anonymous_10)
FN:73,(anonymous_11)
FN:79,(anonymous_12)
FN:81,(anonymous_13)
FN:89,(anonymous_14)
FNF:15
FNH:10
FNDA:6,(anonymous_0)
FNDA:6,(anonymous_1)
FNDA:0,(anonymous_2)
FNDA:6,(anonymous_3)
FNDA:4,(anonymous_4)
FNDA:4,(anonymous_5)
FNDA:4,(anonymous_6)
FNDA:4,(anonymous_7)
FNDA:4,(anonymous_8)
FNDA:0,(anonymous_9)
FNDA:0,(anonymous_10)
FNDA:0,(anonymous_11)
FNDA:4,(anonymous_12)
FNDA:4,(anonymous_13)
FNDA:0,(anonymous_14)
DA:1,2
DA:2,2
DA:3,2
DA:9,2
DA:10,6
DA:11,6
DA:12,6
DA:13,6
DA:14,6
DA:17,6
DA:18,6
DA:19,6
DA:20,6
DA:22,6
DA:23,6
DA:25,6
DA:26,6
DA:27,6
DA:28,6
DA:31,0
DA:34,6
DA:39,4
DA:40,4
DA:41,4
DA:42,4
DA:43,4
DA:44,4
DA:45,4
DA:46,4
DA:47,4
DA:48,4
DA:53,4
DA:54,4
DA:55,4
DA:56,4
DA:58,4
DA:59,4
DA:61,4
DA:70,0
DA:74,0
DA:80,4
DA:82,4
DA:83,4
DA:84,4
DA:85,4
DA:86,4
DA:87,4
DA:90,0
DA:91,0
LF:49
LH:44
BRDA:25,0,0,0
BRDA:27,1,0,6
BRDA:40,2,0,0
BRDA:44,3,0,4
BRDA:44,3,1,3
BRDA:45,4,0,4
BRDA:45,4,1,0
BRDA:46,5,0,3
BRDA:53,6,0,0
BRDA:55,7,0,4
BRDA:82,8,0,0
BRDA:83,9,0,0
BRF:12
BRH:6
end_of_record
TN:
SF:src/fsa-to-node/FsaNodeStats.ts
FN:27,(anonymous_0)
FN:53,(anonymous_1)
FN:57,(anonymous_2)
FN:61,(anonymous_3)
FN:65,(anonymous_4)
FN:69,(anonymous_5)
FN:73,(anonymous_6)
FN:77,(anonymous_7)
FNF:8
FNH:3
FNDA:978,(anonymous_0)
FNDA:691,(anonymous_1)
FNDA:237,(anonymous_2)
FNDA:0,(anonymous_3)
FNDA:0,(anonymous_4)
FNDA:0,(anonymous_5)
FNDA:0,(anonymous_6)
FNDA:0,(anonymous_7)
DA:3,2
DA:4,2
DA:5,2
DA:7,2
DA:30,978
DA:32,978
DA:33,978
DA:34,978
DA:35,978
DA:36,978
DA:37,978
DA:38,978
DA:39,978
DA:40,978
DA:41,978
DA:42,978
DA:43,978
DA:44,978
DA:45,978
DA:46,978
DA:47,978
DA:48,978
DA:49,978
DA:50,978
DA:54,691
DA:58,237
DA:62,0
DA:66,0
DA:70,0
DA:74,0
DA:78,0
LF:31
LH:26
BRDA:4,0,0,2
BRDA:4,0,1,0
BRDA:32,1,0,0
BRDA:32,1,1,978
BRF:4
BRH:2
end_of_record
TN:
SF:src/fsa-to-node/FsaNodeWriteStream.ts
FN:40,(anonymous_0)
FN:56,(anonymous_1)
FN:69,(anonymous_2)
FN:74,(anonymous_3)
FN:75,(anonymous_4)
FN:86,(anonymous_5)
FN:88,(anonymous_6)
FN:90,(anonymous_7)
FN:107,(anonymous_8)
FN:111,(anonymous_9)
FN:115,(anonymous_10)
FN:117,(anonymous_11)
FN:122,(anonymous_12)
FN:124,(anonymous_13)
FN:127,(anonymous_14)
FN:132,(anonymous_15)
FN:133,(anonymous_16)
FN:135,(anonymous_17)
FN:138,(anonymous_18)
FN:143,(anonymous_19)
FN:145,(anonymous_20)
FN:148,(anonymous_21)
FNF:22
FNH:14
FNDA:14,(anonymous_0)
FNDA:12,(anonymous_1)
FNDA:0,(anonymous_2)
FNDA:17,(anonymous_3)
FNDA:17,(anonymous_4)
FNDA:12,(anonymous_5)
FNDA:12,(anonymous_6)
FNDA:0,(anonymous_7)
FNDA:6,(anonymous_8)
FNDA:0,(anonymous_9)
FNDA:0,(anonymous_10)
FNDA:0,(anonymous_11)
FNDA:15,(anonymous_12)
FNDA:15,(anonymous_13)
FNDA:0,(anonymous_14)
FNDA:2,(anonymous_15)
FNDA:4,(anonymous_16)
FNDA:2,(anonymous_17)
FNDA:0,(anonymous_18)
FNDA:12,(anonymous_19)
FNDA:12,(anonymous_20)
FNDA:0,(anonymous_21)
DA:1,2
DA:2,2
DA:3,2
DA:4,2
DA:7,2
DA:33,2
DA:34,14
DA:35,14
DA:36,14
DA:38,14
DA:42,14
DA:43,14
DA:45,14
DA:46,14
DA:47,6
DA:48,1
DA:50,5
DA:51,1
DA:54,12
DA:55,12
DA:56,12
DA:57,12
DA:58,12
DA:59,12
DA:60,12
DA:61,12
DA:62,12
DA:63,12
DA:64,5
DA:65,5
DA:67,12
DA:68,12
DA:70,0
DA:75,17
DA:76,17
DA:78,17
DA:79,17
DA:80,19
DA:81,19
DA:87,12
DA:88,12
DA:89,12
DA:90,0
DA:91,0
DA:93,12
DA:94,12
DA:95,12
DA:96,12
DA:97,12
DA:99,0
DA:100,0
DA:108,6
DA:112,0
DA:116,0
DA:117,0
DA:123,15
DA:125,15
DA:128,0
DA:133,4
DA:134,2
DA:136,2
DA:139,0
DA:144,12
DA:146,12
DA:149,0
LF:65
LH:54
BRDA:46,0,0,6
BRDA:47,1,0,1
BRDA:50,2,0,1
BRDA:59,3,0,9
BRDA:60,4,0,12
BRDA:60,4,1,0
BRDA:60,5,0,12
BRDA:60,5,1,12
BRDA:61,6,0,5
BRDA:61,6,1,7
BRDA:63,7,0,5
BRDA:64,8,0,4
BRDA:64,8,1,1
BRDA:64,9,0,5
BRDA:64,9,1,5
BRDA:65,10,0,4
BRDA:76,11,0,0
BRDA:89,12,0,0
BRDA:89,13,0,12
BRDA:89,13,1,0
BRDA:97,14,0,12
BRDA:100,15,0,0
BRDA:116,16,0,0
BRDA:125,17,0,15
BRDA:128,18,0,0
BRDA:136,19,0,2
BRDA:139,20,0,0
BRDA:146,21,0,12
BRDA:149,22,0,0
BRF:29
BRH:20
end_of_record
TN:
SF:src/fsa-to-node/index.ts
FN:1,(anonymous_0)
FN:2,(anonymous_1)
FNF:2
FNH:1
FNDA:216,(anonymous_0)
FNDA:0,(anonymous_1)
DA:1,217
DA:2,1
LF:2
LH:2
BRF:0
BRH:0
end_of_record
TN:
SF:src/fsa-to-node/json.ts
FN:2,(anonymous_0)
FN:2,(anonymous_1)
FNF:2
FNH:0
FNDA:0,(anonymous_0)
FNDA:0,(anonymous_1)
DA:1,1
DA:2,1
LF:2
LH:2
BRF:0
BRH:0
end_of_record
TN:
SF:src/fsa-to-node/util.ts
FN:5,(anonymous_0)
FN:15,(anonymous_1)
FNF:2
FNH:2
FNDA:3103,(anonymous_0)
FNDA:2,(anonymous_1)
DA:5,3
DA:6,3103
DA:7,3103
DA:8,3103
DA:9,3103
DA:10,1870
DA:11,1870
DA:12,1870
DA:15,3
DA:16,2
DA:17,2
DA:18,2
DA:19,1
DA:21,1
DA:23,2
DA:24,2
LF:16
LH:16
BRDA:6,0,0,3091
BRDA:7,1,0,114
BRDA:9,2,0,1233
BRF:3
BRH:3
end_of_record
TN:
SF:src/fsa-to-node/worker/FsaNodeSyncAdapterWorker.ts
FN:20,(anonymous_0)
FN:29,(anonymous_1)
FN:54,(anonymous_2)
FN:59,(anonymous_3)
FNF:4
FNH:0
FNDA:0,(anonymous_0)
FNDA:0,(anonymous_1)
FNDA:0,(anonymous_2)
FNDA:0,(anonymous_3)
DA:1,1
DA:3,1
DA:4,1
DA:17,1
DA:19,1
DA:24,0
DA:25,0
DA:26,0
DA:27,0
DA:28,0
DA:29,0
DA:30,0
DA:31,0
DA:32,0
DA:33,0
DA:34,0
DA:36,0
DA:37,0
DA:38,0
DA:39,0
DA:40,0
DA:43,0
DA:44,0
DA:45,0
DA:46,0
DA:47,0
DA:51,0
DA:55,0
DA:56,0
DA:63,0
DA:64,0
DA:65,0
DA:67,0
DA:68,0
DA:70,0
DA:72,0
DA:74,0
LF:37
LH:5
BRDA:31,0,0,0
BRDA:34,1,0,0
BRDA:34,1,1,0
BRDA:44,2,0,0
BRDA:68,3,0,0
BRDA:68,3,1,0
BRDA:68,3,2,0
BRF:7
BRH:0
end_of_record
TN:
SF:src/fsa-to-node/worker/SyncMessenger.ts
FN:7,(anonymous_0)
FN:34,(anonymous_1)
FN:41,(anonymous_2)
FN:49,(anonymous_3)
FN:55,(anonymous_4)
FN:57,(anonymous_5)
FN:71,(anonymous_6)
FNF:7
FNH:0
FNDA:0,(anonymous_0)
FNDA:0,(anonymous_1)
FNDA:0,(anonymous_2)
FNDA:0,(anonymous_3)
FNDA:0,(anonymous_4)
FNDA:0,(anonymous_5)
FNDA:0,(anonymous_6)
DA:7,1
DA:8,0
DA:9,0
DA:10,0
DA:11,0
DA:28,1
DA:34,0
DA:35,0
DA:36,0
DA:37,0
DA:38,0
DA:42,0
DA:43,0
DA:44,0
DA:45,0
DA:46,0
DA:47,0
DA:48,0
DA:49,0
DA:50,0
DA:51,0
DA:52,0
DA:56,0
DA:57,0
DA:58,0
DA:59,0
DA:60,0
DA:61,0
DA:62,0
DA:63,0
DA:64,0
DA:65,0
DA:66,0
DA:67,0
DA:68,0
DA:70,0
LF:36
LH:2
BRDA:7,0,0,0
BRDA:11,1,0,0
BRDA:61,2,0,0
BRF:3
BRH:0
end_of_record
TN:
SF:src/internal/buffer.ts
FN:10,(anonymous_0)
FN:3,bufferV0P12Ponyfill
FNF:2
FNH:1
FNDA:4961,(anonymous_0)
FNDA:0,bufferV0P12Ponyfill
DA:1,67
DA:4,0
DA:7,67
DA:8,67
DA:10,5028
LF:5
LH:4
BRDA:7,0,0,67
BRDA:7,0,1,0
BRDA:8,1,0,67
BRDA:8,1,1,0
BRF:4
BRH:2
end_of_record
TN:
SF:src/internal/errors.ts
FN:13,makeNodeError
FN:15,(anonymous_1)
FN:34,(anonymous_2)
FN:57,message
FN:75,E
FN:108,(anonymous_5)
FN:110,(anonymous_6)
FN:111,(anonymous_7)
FN:117,(anonymous_8)
FN:130,(anonymous_9)
FN:133,(anonymous_10)
FN:139,(anonymous_11)
FN:161,(anonymous_12)
FN:181,invalidArgType
FN:195,(anonymous_14)
FN:212,missingArgs
FN:216,(anonymous_16)
FN:232,oneOf
FN:239,(anonymous_18)
FN:252,bufferOutOfBounds
FNF:20
FNH:6
FNDA:198,makeNodeError
FNDA:13,(anonymous_1)
FNDA:0,(anonymous_2)
FNDA:13,message
FNDA:4488,E
FNDA:0,(anonymous_5)
FNDA:0,(anonymous_6)
FNDA:0,(anonymous_7)
FNDA:0,(anonymous_8)
FNDA:2,(anonymous_9)
FNDA:1,(anonymous_10)
FNDA:0,(anonymous_11)
FNDA:0,(anonymous_12)
FNDA:0,invalidArgType
FNDA:0,(anonymous_14)
FNDA:0,missingArgs
FNDA:0,(anonymous_16)
FNDA:0,oneOf
FNDA:0,(anonymous_18)
FNDA:0,bufferOutOfBounds
DA:7,66
DA:8,66
DA:10,66
DA:11,66
DA:14,198
DA:16,13
DA:17,13
DA:18,13
DA:19,13
DA:24,66
DA:35,0
DA:36,0
DA:38,0
DA:39,0
DA:41,0
DA:47,0
DA:48,0
DA:49,0
DA:50,0
DA:51,0
DA:52,0
DA:53,0
DA:58,13
DA:60,13
DA:61,13
DA:63,13
DA:64,3
DA:66,10
DA:67,10
DA:68,0
DA:70,3
DA:76,4488
DA:79,66
DA:80,66
DA:81,66
DA:84,66
DA:85,66
DA:86,66
DA:102,66
DA:103,66
DA:104,66
DA:105,66
DA:106,66
DA:107,66
DA:108,66
DA:109,66
DA:110,66
DA:111,66
DA:112,66
DA:113,66
DA:114,66
DA:115,66
DA:116,66
DA:117,66
DA:118,0
DA:119,0
DA:121,66
DA:122,66
DA:123,66
DA:124,66
DA:125,66
DA:126,66
DA:127,66
DA:128,66
DA:129,66
DA:130,66
DA:131,2
DA:133,66
DA:134,66
DA:135,66
DA:136,66
DA:137,66
DA:138,66
DA:139,66
DA:140,66
DA:141,66
DA:142,66
DA:143,66
DA:144,66
DA:145,66
DA:146,66
DA:147,66
DA:148,66
DA:149,66
DA:150,66
DA:151,66
DA:152,66
DA:153,66
DA:154,66
DA:155,66
DA:156,66
DA:157,66
DA:158,66
DA:159,66
DA:160,66
DA:161,66
DA:162,66
DA:163,66
DA:164,66
DA:165,66
DA:166,66
DA:167,66
DA:168,66
DA:169,66
DA:170,66
DA:171,66
DA:172,66
DA:175,66
DA:176,66
DA:182,0
DA:186,0
DA:187,0
DA:188,0
DA:190,0
DA:194,0
DA:195,0
DA:196,0
DA:197,0
DA:199,0
DA:201,0
DA:202,0
DA:206,0
DA:207,0
DA:209,0
DA:213,0
DA:214,0
DA:215,0
DA:216,0
DA:217,0
DA:219,0
DA:220,0
DA:222,0
DA:223,0
DA:225,0
DA:226,0
DA:227,0
DA:229,0
DA:233,0
DA:234,0
DA:235,0
DA:236,0
DA:237,0
DA:239,0
DA:240,0
DA:241,0
DA:242,0
DA:243,0
DA:245,0
DA:248,0
DA:253,0
DA:254,0
DA:256,0
LF:152
LH:94
BRDA:10,0,0,0
BRDA:10,0,1,66
BRDA:24,1,0,66
BRDA:24,1,1,0
BRDA:35,2,0,0
BRDA:35,3,0,0
BRDA:35,3,1,0
BRDA:38,4,0,0
BRDA:38,4,1,0
BRDA:63,5,0,3
BRDA:63,5,1,10
BRDA:67,6,0,10
BRDA:67,7,0,10
BRDA:67,7,1,10
BRDA:76,8,0,726
BRDA:76,8,1,3762
BRDA:186,9,0,0
BRDA:186,9,1,0
BRDA:194,10,0,0
BRDA:194,10,1,0
BRDA:197,11,0,0
BRDA:197,11,1,0
BRDA:201,12,0,0
BRDA:201,12,1,0
BRDA:206,13,0,0
BRDA:207,14,0,0
BRDA:207,14,1,0
BRDA:217,15,0,0
BRDA:217,15,1,0
BRDA:217,15,2,0
BRDA:235,16,0,0
BRDA:235,16,1,0
BRDA:240,17,0,0
BRDA:240,17,1,0
BRDA:242,18,0,0
BRDA:242,18,1,0
BRDA:253,19,0,0
BRDA:253,19,1,0
BRF:38
BRH:9
end_of_record
TN:
SF:src/node/Dir.ts
FN:16,(anonymous_0)
FN:24,(anonymous_1)
FN:29,(anonymous_2)
FN:66,(anonymous_3)
FN:72,(anonymous_4)
FN:73,(anonymous_5)
FN:89,(anonymous_6)
FN:104,(anonymous_7)
FN:119,(anonymous_8)
FN:122,(anonymous_9)
FN:123,(anonymous_10)
FN:142,(anonymous_11)
FN:152,(anonymous_12)
FN:159,(anonymous_13)
FN:168,(anonymous_14)
FN:180,(anonymous_15)
FN:182,(anonymous_16)
FN:195,(anonymous_17)
FNF:18
FNH:14
FNDA:21,(anonymous_0)
FNDA:16,(anonymous_1)
FNDA:15,(anonymous_2)
FNDA:15,(anonymous_3)
FNDA:5,(anonymous_4)
FNDA:5,(anonymous_5)
FNDA:0,(anonymous_6)
FNDA:11,(anonymous_7)
FNDA:20,(anonymous_8)
FNDA:7,(anonymous_9)
FNDA:7,(anonymous_10)
FNDA:0,(anonymous_11)
FNDA:11,(anonymous_12)
FNDA:0,(anonymous_13)
FNDA:7,(anonymous_14)
FNDA:1,(anonymous_15)
FNDA:3,(anonymous_16)
FNDA:0,(anonymous_17)
DA:2,66
DA:4,66
DA:6,66
DA:11,66
DA:12,21
DA:13,21
DA:14,21
DA:17,21
DA:18,21
DA:20,21
DA:21,21
DA:34,15
DA:35,15
DA:36,27
DA:37,27
DA:38,23
DA:40,4
DA:43,15
DA:44,4
DA:45,4
DA:46,4
DA:48,0
DA:51,11
DA:52,0
DA:54,11
DA:57,4
DA:68,15
DA:69,6
DA:70,1
DA:72,5
DA:73,5
DA:74,5
DA:75,5
DA:81,9
DA:83,9
DA:84,1
DA:85,1
DA:88,8
DA:89,0
DA:90,0
DA:92,0
DA:95,8
DA:96,8
DA:97,8
DA:98,8
DA:100,0
DA:105,11
DA:106,2
DA:109,9
DA:110,1
DA:113,8
DA:114,8
DA:121,20
DA:122,7
DA:123,7
DA:124,7
DA:125,6
DA:131,13
DA:133,13
DA:134,2
DA:138,2
DA:141,11
DA:142,0
DA:143,0
DA:145,0
DA:148,11
DA:150,11
DA:151,11
DA:152,11
DA:153,11
DA:154,11
DA:155,11
DA:156,11
DA:159,0
DA:160,0
DA:161,0
DA:162,0
DA:163,0
DA:169,7
DA:170,2
DA:173,5
DA:174,1
DA:177,4
DA:181,1
DA:183,3
DA:184,3
DA:186,3
DA:187,2
DA:189,1
DA:192,0
DA:196,0
LF:91
LH:75
BRDA:37,0,0,23
BRDA:37,0,1,4
BRDA:42,1,0,23
BRDA:42,1,1,17
BRDA:43,2,0,4
BRDA:43,2,1,11
BRDA:45,3,0,4
BRDA:45,3,1,0
BRDA:51,4,0,0
BRDA:51,5,0,11
BRDA:51,5,1,0
BRDA:68,6,0,6
BRDA:69,7,0,1
BRDA:74,8,0,0
BRDA:74,8,1,5
BRDA:83,9,0,1
BRDA:88,10,0,0
BRDA:105,11,0,2
BRDA:109,12,0,1
BRDA:121,13,0,7
BRDA:124,14,0,1
BRDA:124,14,1,6
BRDA:125,15,0,4
BRDA:125,15,1,2
BRDA:125,16,0,6
BRDA:125,16,1,4
BRDA:133,17,0,2
BRDA:141,18,0,0
BRDA:169,19,0,2
BRDA:173,20,0,1
BRDA:186,21,0,2
BRDA:186,21,1,1
BRF:32
BRH:26
end_of_record
TN:
SF:src/node/Dirent.ts
FN:11,(anonymous_0)
FN:12,(anonymous_1)
FN:29,(anonymous_2)
FN:33,(anonymous_3)
FN:37,(anonymous_4)
FN:41,(anonymous_5)
FN:45,(anonymous_6)
FN:49,(anonymous_7)
FN:53,(anonymous_8)
FN:57,(anonymous_9)
FNF:10
FNH:6
FNDA:513,(anonymous_0)
FNDA:513,(anonymous_1)
FNDA:200,(anonymous_2)
FNDA:148,(anonymous_3)
FNDA:42,(anonymous_4)
FNDA:0,(anonymous_5)
FNDA:0,(anonymous_6)
FNDA:10,(anonymous_7)
FNDA:0,(anonymous_8)
FNDA:0,(anonymous_9)
DA:2,66
DA:3,66
DA:6,66
DA:11,66
DA:13,513
DA:14,513
DA:16,513
DA:17,513
DA:18,513
DA:19,513
DA:21,513
DA:24,513
DA:25,513
DA:26,513
DA:27,513
DA:30,200
DA:34,148
DA:38,42
DA:42,0
DA:46,0
DA:50,10
DA:54,0
DA:58,0
DA:62,66
LF:24
LH:20
BRF:0
BRH:0
end_of_record
TN:
SF:src/node/FileHandle.ts
FN:18,(anonymous_0)
FN:24,(anonymous_1)
FN:30,(anonymous_2)
FN:34,(anonymous_3)
FN:38,(anonymous_4)
FN:42,(anonymous_5)
FN:58,(anonymous_6)
FN:62,(anonymous_7)
FN:65,(anonymous_8)
FN:76,(anonymous_9)
FN:80,(anonymous_10)
FN:84,(anonymous_11)
FN:88,(anonymous_12)
FN:109,(anonymous_13)
FN:113,(anonymous_14)
FN:123,(anonymous_15)
FN:158,(anonymous_16)
FN:164,(anonymous_17)
FN:172,(anonymous_18)
FN:188,(anonymous_19)
FN:189,(anonymous_20)
FN:192,(anonymous_21)
FN:196,(anonymous_22)
FN:200,(anonymous_23)
FN:204,(anonymous_24)
FN:208,(anonymous_25)
FN:212,(anonymous_26)
FN:220,(anonymous_27)
FN:236,(anonymous_28)
FN:237,(anonymous_29)
FN:240,(anonymous_30)
FN:245,(anonymous_31)
FN:249,(anonymous_32)
FN:253,(anonymous_33)
FNF:34
FNH:30
FNDA:1077,(anonymous_0)
FNDA:1,(anonymous_1)
FNDA:2,(anonymous_2)
FNDA:2,(anonymous_3)
FNDA:2,(anonymous_4)
FNDA:1054,(anonymous_5)
FNDA:1052,(anonymous_6)
FNDA:0,(anonymous_7)
FNDA:0,(anonymous_8)
FNDA:2,(anonymous_9)
FNDA:1,(anonymous_10)
FNDA:1,(anonymous_11)
FNDA:12,(anonymous_12)
FNDA:9,(anonymous_13)
FNDA:0,(anonymous_14)
FNDA:15,(anonymous_15)
FNDA:2,(anonymous_16)
FNDA:29,(anonymous_17)
FNDA:28,(anonymous_18)
FNDA:2,(anonymous_19)
FNDA:1,(anonymous_20)
FNDA:2,(anonymous_21)
FNDA:2,(anonymous_22)
FNDA:0,(anonymous_23)
FNDA:9,(anonymous_24)
FNDA:2,(anonymous_25)
FNDA:1017,(anonymous_26)
FNDA:1016,(anonymous_27)
FNDA:2,(anonymous_28)
FNDA:1,(anonymous_29)
FNDA:2,(anonymous_30)
FNDA:1,(anonymous_31)
FNDA:9,(anonymous_32)
FNDA:9,(anonymous_33)
DA:1,66
DA:2,66
DA:7,66
DA:9,1077
DA:10,1077
DA:13,1077
DA:14,1077
DA:19,1077
DA:20,1077
DA:21,1077
DA:27,1
DA:31,2
DA:35,2
DA:39,2
DA:43,1054
DA:44,2
DA:47,1052
DA:48,0
DA:51,1052
DA:52,1052
DA:53,1052
DA:54,1052
DA:55,1052
DA:59,1052
DA:62,0
DA:63,0
DA:64,0
DA:66,0
DA:67,0
DA:68,0
DA:72,1052
DA:73,1052
DA:77,2
DA:81,1
DA:85,1
DA:89,12
DA:90,12
DA:92,12
DA:93,2
DA:96,10
DA:97,0
DA:100,10
DA:101,1
DA:106,9
DA:107,9
DA:109,9
DA:110,9
DA:111,9
DA:112,9
DA:113,1
DA:119,9
DA:124,15
DA:125,15
DA:126,15
DA:128,0
DA:129,0
DA:131,0
DA:132,0
DA:133,0
DA:134,0
DA:137,0
DA:138,0
DA:139,0
DA:142,15
DA:144,15
DA:145,7
DA:146,7
DA:147,7
DA:150,8
DA:151,8
DA:153,0
DA:154,0
DA:159,2
DA:170,29
DA:172,29
DA:181,28
DA:182,11
DA:185,28
DA:189,2
DA:193,2
DA:197,2
DA:201,0
DA:205,9
DA:209,2
DA:218,1017
DA:220,1017
DA:229,1016
DA:230,8
DA:233,1016
DA:237,2
DA:241,2
DA:246,1
DA:250,9
DA:254,9
DA:255,9
DA:256,0
DA:257,0
DA:258,0
LF:98
LH:75
BRDA:43,0,0,2
BRDA:47,1,0,0
BRDA:52,2,0,1052
BRDA:52,2,1,0
BRDA:88,3,0,10
BRDA:89,4,0,11
BRDA:89,5,0,11
BRDA:92,6,0,2
BRDA:96,7,0,0
BRDA:100,8,0,1
BRDA:112,9,0,1
BRDA:120,10,0,9
BRDA:120,10,1,0
BRDA:125,11,0,0
BRDA:125,11,1,15
BRDA:125,12,0,15
BRDA:125,12,1,15
BRDA:126,13,0,0
BRDA:131,14,0,0
BRDA:144,15,0,7
BRDA:170,16,0,18
BRDA:170,16,1,11
BRDA:170,17,0,29
BRDA:170,17,1,20
BRDA:181,18,0,11
BRDA:181,19,0,28
BRDA:181,19,1,19
BRDA:218,20,0,1008
BRDA:218,20,1,9
BRDA:218,21,0,1017
BRDA:218,21,1,1012
BRDA:229,22,0,8
BRDA:229,23,0,1016
BRDA:229,23,1,1011
BRDA:255,24,0,0
BRDA:257,25,0,0
BRF:36
BRH:27
end_of_record
TN:
SF:src/node/FsPromises.ts
FN:17,(anonymous_0)
FN:32,(anonymous_1)
FN:38,(anonymous_2)
FN:40,(anonymous_3)
FN:50,(anonymous_4)
FN:76,(anonymous_5)
FN:96,(anonymous_6)
FN:108,(anonymous_7)
FN:113,(anonymous_8)
FN:118,(anonymous_9)
FN:123,(anonymous_10)
FN:131,(anonymous_11)
FN:163,(anonymous_12)
FN:170,(anonymous_13)
FN:182,(anonymous_14)
FN:183,(anonymous_15)
FN:186,(anonymous_16)
FN:192,(anonymous_17)
FN:197,(anonymous_18)
FNF:19
FNH:18
FNDA:4,(anonymous_0)
FNDA:1,(anonymous_1)
FNDA:4,(anonymous_2)
FNDA:8,(anonymous_3)
FNDA:8,(anonymous_4)
FNDA:4,(anonymous_5)
FNDA:3,(anonymous_6)
FNDA:1,(anonymous_7)
FNDA:3,(anonymous_8)
FNDA:0,(anonymous_9)
FNDA:3,(anonymous_10)
FNDA:1428,(anonymous_11)
FNDA:707,(anonymous_12)
FNDA:10,(anonymous_13)
FNDA:1365,(anonymous_14)
FNDA:1077,(anonymous_15)
FNDA:919,(anonymous_16)
FNDA:919,(anonymous_17)
FNDA:4,(anonymous_18)
DA:1,66
DA:2,66
DA:10,4
DA:11,4
DA:12,4
DA:18,4
DA:19,4
DA:20,4
DA:22,4
DA:23,4
DA:24,4
DA:27,4
DA:28,1
DA:29,0
DA:30,0
DA:32,1
DA:33,1
DA:39,4
DA:40,4
DA:41,8
DA:45,0
DA:46,0
DA:51,8
DA:54,8
DA:55,5
DA:56,0
DA:57,0
DA:58,0
DA:61,5
DA:62,5
DA:66,8
DA:69,8
DA:70,1
DA:71,1
DA:72,1
DA:77,4
DA:78,4
DA:80,4
DA:81,4
DA:82,4
DA:86,4
DA:87,0
DA:88,0
DA:89,0
DA:91,0
DA:97,3
DA:98,1
DA:102,2
DA:103,1
DA:104,1
DA:108,1
DA:109,1
DA:114,3
DA:115,3
DA:119,0
DA:120,0
DA:124,3
DA:128,66
DA:129,1428
DA:132,1428
DA:133,1428
DA:136,1428
DA:137,1428
DA:138,1428
DA:139,1428
DA:140,1428
DA:141,1428
DA:142,1428
DA:143,1428
DA:144,1428
DA:145,1428
DA:146,1428
DA:147,1428
DA:148,1428
DA:149,1428
DA:150,1428
DA:151,1428
DA:152,1428
DA:153,1428
DA:154,1428
DA:155,1428
DA:156,1428
DA:157,1428
DA:158,1428
DA:159,1428
DA:160,1428
DA:161,1428
DA:163,1428
DA:167,707
DA:170,1428
DA:175,10
DA:182,1428
DA:183,1365
DA:186,1428
DA:191,919
DA:192,919
DA:193,919
DA:197,1428
DA:201,4
DA:202,4
LF:100
LH:87
BRDA:20,0,0,0
BRDA:22,1,0,4
BRDA:22,1,1,3
BRDA:23,2,0,4
BRDA:23,2,1,3
BRDA:27,3,0,1
BRDA:28,4,0,0
BRDA:51,5,0,0
BRDA:54,6,0,5
BRDA:55,7,0,0
BRDA:55,7,1,5
BRDA:69,8,0,1
BRDA:77,9,0,0
BRDA:80,10,0,4
BRDA:88,11,0,0
BRDA:88,11,1,0
BRDA:97,12,0,1
BRDA:102,13,0,1
BRDA:167,14,0,2
BRDA:167,14,1,705
BRDA:176,15,0,1
BRDA:176,15,1,9
BRDA:182,16,0,3
BRDA:191,17,0,1
BRDA:191,17,1,918
BRDA:193,18,0,1
BRDA:193,18,1,918
BRDA:201,19,0,0
BRDA:201,19,1,4
BRDA:201,20,0,4
BRDA:201,20,1,2
BRF:31
BRH:23
end_of_record
TN:
SF:src/node/StatFs.ts
FN:13,(anonymous_0)
FN:16,(anonymous_1)
FN:16,(anonymous_2)
FNF:3
FNH:3
FNDA:7,(anonymous_0)
FNDA:35,(anonymous_1)
FNDA:14,(anonymous_2)
DA:9,66
DA:14,7
DA:16,35
DA:20,7
DA:23,7
DA:26,7
DA:29,7
DA:30,7
DA:31,7
DA:33,7
DA:34,7
DA:35,7
DA:38,7
DA:39,7
DA:40,7
DA:42,7
DA:54,66
LF:17
LH:17
BRDA:13,0,0,0
BRDA:16,1,0,5
BRDA:16,1,1,2
BRF:3
BRH:2
end_of_record
TN:
SF:src/node/Stats.ts
FN:15,(anonymous_0)
FN:19,(anonymous_1)
FN:19,(anonymous_2)
FN:89,(anonymous_3)
FN:93,(anonymous_4)
FN:97,(anonymous_5)
FN:101,(anonymous_6)
FN:105,(anonymous_7)
FN:109,(anonymous_8)
FN:113,(anonymous_9)
FN:117,(anonymous_10)
FNF:11
FNH:9
FNDA:6544,(anonymous_0)
FNDA:85033,(anonymous_1)
FNDA:39,(anonymous_2)
FNDA:6173,(anonymous_3)
FNDA:4062,(anonymous_4)
FNDA:2067,(anonymous_5)
FNDA:4,(anonymous_6)
FNDA:4,(anonymous_7)
FNDA:36,(anonymous_8)
FNDA:0,(anonymous_9)
FNDA:0,(anonymous_10)
DA:2,66
DA:4,66
DA:11,66
DA:16,6544
DA:17,6544
DA:19,85033
DA:25,6544
DA:26,6544
DA:28,6544
DA:29,6544
DA:30,6544
DA:31,6544
DA:32,6544
DA:34,6544
DA:35,6544
DA:36,6544
DA:37,6544
DA:39,6544
DA:40,6544
DA:41,6544
DA:42,6544
DA:43,6544
DA:45,6544
DA:46,3
DA:47,3
DA:48,3
DA:49,3
DA:50,3
DA:53,6544
DA:54,6544
DA:55,6544
DA:57,6544
DA:90,6173
DA:94,4062
DA:98,2067
DA:102,4
DA:106,4
DA:110,36
DA:114,0
DA:118,0
DA:122,66
LF:41
LH:39
BRDA:15,0,0,0
BRDA:19,1,0,6541
BRDA:19,1,1,3
BRDA:45,2,0,3
BRF:4
BRH:3
end_of_record
TN:
SF:src/node/constants.ts
FN:31,(anonymous_0)
FNF:1
FNH:1
FNDA:66,(anonymous_0)
DA:1,66
DA:10,66
DA:28,66
DA:31,66
DA:33,66
DA:35,66
DA:37,66
DA:38,66
DA:40,66
DA:41,66
DA:43,66
DA:45,66
DA:46,66
DA:48,66
DA:50,66
DA:51,66
DA:53,66
DA:55,66
DA:56,66
DA:58,66
DA:60,66
DA:61,66
LF:22
LH:22
BRDA:31,0,0,66
BRDA:31,0,1,66
BRF:2
BRH:2
end_of_record
TN:
SF:src/node/glob.ts
FN:13,globToRegex
FN:84,matchesPattern
FN:92,isExcluded
FN:100,(anonymous_3)
FN:106,walkDirectory
FN:128,(anonymous_5)
FN:149,globSync
FN:167,(anonymous_7)
FNF:8
FNH:8
FNDA:83,globToRegex
FNDA:83,matchesPattern
FNDA:78,isExcluded
FNDA:6,(anonymous_3)
FNDA:27,walkDirectory
FNDA:77,(anonymous_5)
FNDA:15,globSync
FNDA:3,(anonymous_7)
DA:1,1
DA:4,1
DA:7,1
DA:14,83
DA:15,83
DA:17,83
DA:18,378
DA:20,378
DA:22,93
DA:24,16
DA:25,16
DA:26,16
DA:28,0
DA:29,0
DA:32,77
DA:33,77
DA:35,93
DA:37,0
DA:38,0
DA:39,0
DA:41,0
DA:42,0
DA:43,0
DA:44,0
DA:45,0
DA:47,0
DA:48,0
DA:49,0
DA:50,0
DA:52,0
DA:53,0
DA:55,0
DA:56,0
DA:57,0
DA:68,83
DA:69,83
DA:70,83
DA:72,202
DA:73,202
DA:74,202
DA:78,83
DA:85,83
DA:86,83
DA:93,78
DA:95,6
DA:96,0
DA:99,6
DA:100,6
DA:107,27
DA:108,27
DA:109,27
DA:111,27
DA:112,0
DA:115,27
DA:116,27
DA:118,26
DA:119,78
DA:120,78
DA:123,78
DA:124,1
DA:128,77
DA:129,77
DA:130,14
DA:134,77
DA:135,12
DA:136,12
DA:143,27
DA:149,1
DA:150,15
DA:151,15
DA:153,15
DA:160,15
DA:163,15
DA:164,3
DA:165,3
DA:166,3
DA:167,3
DA:170,12
DA:171,12
DA:175,15
DA:177,15
LF:81
LH:60
BRDA:20,0,0,93
BRDA:20,0,1,0
BRDA:20,0,2,0
BRDA:20,0,3,83
BRDA:20,0,4,83
BRDA:20,0,5,83
BRDA:20,0,6,83
BRDA:20,0,7,83
BRDA:20,0,8,83
BRDA:20,0,9,83
BRDA:20,0,10,83
BRDA:20,0,11,83
BRDA:20,0,12,83
BRDA:20,0,13,202
BRDA:22,1,0,16
BRDA:22,1,1,77
BRDA:24,2,0,16
BRDA:24,2,1,0
BRDA:24,3,0,16
BRDA:24,3,1,0
BRDA:26,4,0,16
BRDA:26,4,1,0
BRDA:43,5,0,0
BRDA:43,6,0,0
BRDA:43,6,1,0
BRDA:47,7,0,0
BRDA:47,7,1,0
BRDA:48,8,0,0
BRDA:93,9,0,72
BRDA:95,10,0,0
BRDA:99,11,0,6
BRDA:99,11,1,0
BRDA:106,12,0,15
BRDA:108,13,0,1
BRDA:108,13,1,26
BRDA:108,14,0,27
BRDA:108,14,1,27
BRDA:109,15,0,27
BRDA:109,15,1,0
BRDA:111,16,0,0
BRDA:123,17,0,1
BRDA:129,18,0,14
BRDA:134,19,0,12
BRDA:134,20,0,77
BRDA:134,20,1,13
BRDA:149,21,0,0
BRDA:150,22,0,12
BRDA:150,22,1,3
BRDA:157,23,0,15
BRDA:157,23,1,15
BRDA:163,24,0,3
BRDA:163,24,1,12
BRF:52
BRH:36
end_of_record
TN:
SF:src/node/options.ts
FN:13,(anonymous_0)
FN:18,(anonymous_1)
FN:20,getOptions
FN:42,optsGenerator
FN:43,(anonymous_4)
FN:46,optsAndCbGenerator
FN:47,(anonymous_6)
FN:62,(anonymous_7)
FN:103,(anonymous_8)
FN:108,(anonymous_9)
FN:114,(anonymous_10)
FN:119,(anonymous_11)
FNF:12
FNH:12
FNDA:827,(anonymous_0)
FNDA:1,(anonymous_1)
FNDA:2840,getOptions
FNDA:528,optsGenerator
FNDA:2804,(anonymous_4)
FNDA:1108,optsAndCbGenerator
FNDA:911,(anonymous_6)
FNDA:79,(anonymous_7)
FNDA:9562,(anonymous_8)
FNDA:9193,(anonymous_9)
FNDA:9,(anonymous_10)
FNDA:3,(anonymous_11)
DA:2,66
DA:3,66
DA:5,66
DA:8,66
DA:13,66
DA:14,827
DA:15,825
DA:18,66
DA:20,66
DA:22,2840
DA:24,314
DA:25,314
DA:27,124
DA:28,124
DA:30,189
DA:31,189
DA:33,1
DA:37,313
DA:39,312
DA:42,66
DA:43,2804
DA:46,66
DA:47,1108
DA:48,911
DA:51,66
DA:55,66
DA:56,66
DA:58,66
DA:62,66
DA:63,79
DA:66,66
DA:67,66
DA:69,66
DA:72,66
DA:74,66
DA:79,66
DA:80,66
DA:84,66
DA:89,66
DA:90,66
DA:92,66
DA:97,66
DA:98,66
DA:100,66
DA:103,66
DA:104,9562
DA:105,66
DA:108,66
DA:109,9193
DA:111,66
DA:114,66
DA:115,9
DA:116,66
DA:119,66
DA:120,3
DA:124,66
DA:125,66
DA:126,66
DA:128,66
DA:133,66
LF:60
LH:60
BRDA:14,0,0,2
BRDA:22,1,0,2526
BRDA:22,1,1,314
BRDA:25,2,0,124
BRDA:25,2,1,189
BRDA:25,2,2,1
BRDA:37,3,0,313
BRDA:48,4,0,122
BRDA:48,4,1,789
BRDA:103,5,0,9544
BRDA:109,6,0,9185
BRDA:109,6,1,8
BRDA:114,7,0,7
BRDA:120,8,0,2
BRDA:120,8,1,1
BRF:15
BRH:15
end_of_record
TN:
SF:src/node/util.ts
FN:12,promisify
FN:15,(anonymous_1)
FN:17,(anonymous_2)
FN:18,(anonymous_3)
FN:19,(anonymous_4)
FN:26,validateCallback
FN:31,_modeToNumber
FN:38,modeToNumber
FN:44,nullCheck
FN:49,(anonymous_9)
FN:57,getPathFromURLPosix
FN:73,pathToFilename
FN:108,formatError
FN:147,createError
FN:158,genRndStr6
FN:162,flagsToNumber
[...]
BRDA:1421,130,0,9
BRDA:1421,130,1,15
BRDA:1421,131,0,24
BRDA:1421,131,1,24
BRDA:1422,132,0,1
BRDA:1422,132,1,23
BRDA:1422,133,0,24
BRDA:1422,133,1,24
BRDA:1422,134,0,9
BRDA:1422,134,1,15
BRDA:1422,135,0,24
BRDA:1422,135,1,24
BRDA:1423,136,0,9
BRDA:1423,136,1,15
BRDA:1423,137,0,24
BRDA:1423,137,1,24
BRDA:1423,138,0,9
BRDA:1423,138,1,15
BRDA:1423,139,0,24
BRDA:1423,139,1,24
BRDA:1424,140,0,2
BRDA:1424,140,1,22
BRDA:1424,141,0,24
BRDA:1424,141,1,24
BRDA:1424,142,0,9
BRDA:1424,142,1,15
BRDA:1424,143,0,24
BRDA:1424,143,1,24
BRDA:1442,144,0,4
BRDA:1442,144,1,8
BRDA:1443,145,0,8
BRDA:1443,145,1,0
BRDA:1446,146,0,0
BRDA:1446,146,1,12
BRDA:1446,147,0,12
BRDA:1446,147,1,12
BRDA:1446,148,0,0
BRDA:1446,148,1,12
BRDA:1446,149,0,12
BRDA:1446,149,1,12
BRDA:1447,150,0,2
BRDA:1447,150,1,10
BRDA:1447,151,0,12
BRDA:1447,151,1,12
BRDA:1447,152,0,0
BRDA:1447,152,1,12
BRDA:1447,153,0,12
BRDA:1447,153,1,12
BRDA:1448,154,0,0
BRDA:1448,154,1,12
BRDA:1448,155,0,12
BRDA:1448,155,1,12
BRDA:1449,156,0,1
BRDA:1449,156,1,11
BRDA:1449,157,0,12
BRDA:1449,157,1,12
BRDA:1449,158,0,0
BRDA:1449,158,1,12
BRDA:1449,159,0,12
BRDA:1449,159,1,12
BRDA:1450,160,0,0
BRDA:1450,160,1,12
BRDA:1450,161,0,12
BRDA:1450,161,1,12
BRDA:1450,162,0,0
BRDA:1450,162,1,12
BRDA:1450,163,0,12
BRDA:1450,163,1,12
BRDA:1451,164,0,1
BRDA:1451,164,1,11
BRDA:1451,165,0,12
BRDA:1451,165,1,12
BRDA:1451,166,0,0
BRDA:1451,166,1,12
BRDA:1451,167,0,12
BRDA:1451,167,1,12
BRDA:1452,168,0,4
BRDA:1452,168,1,8
BRDA:1452,169,0,12
BRDA:1452,169,1,12
BRDA:1452,170,0,0
BRDA:1452,170,1,12
BRDA:1452,171,0,12
BRDA:1452,171,1,12
BRDA:1453,172,0,0
BRDA:1453,172,1,12
BRDA:1453,173,0,12
BRDA:1453,173,1,12
BRDA:1453,174,0,0
BRDA:1453,174,1,12
BRDA:1453,175,0,12
BRDA:1453,175,1,12
BRDA:1486,176,0,1
BRDA:1489,177,0,8
BRDA:1489,177,1,7
BRDA:1489,178,0,7
BRDA:1489,178,1,1
BRDA:1489,179,0,8
BRDA:1489,179,1,8
BRDA:1495,180,0,2
BRDA:1495,180,1,4
BRDA:1496,181,0,6
BRDA:1496,181,1,0
BRDA:1499,182,0,1
BRDA:1503,183,0,0
BRDA:1511,184,0,0
BRDA:227,185,0,27
BRDA:227,185,1,3
BRDA:260,186,0,0
BRDA:268,187,0,121
BRDA:268,188,0,122
BRDA:268,189,0,122
BRDA:442,190,0,1
BRDA:445,191,0,12
BRDA:445,191,1,784
BRDA:445,192,0,796
BRDA:445,192,1,796
BRDA:507,193,0,2
BRDA:507,193,1,0
BRDA:507,194,0,2
BRDA:507,194,1,2
BRDA:508,195,0,0
BRDA:517,196,0,0
BRDA:575,197,0,2
BRDA:575,198,0,265
BRDA:575,198,1,3
BRDA:576,199,0,1
BRDA:645,200,0,23
BRDA:645,200,1,0
BRDA:646,201,0,23
BRDA:646,201,1,0
BRDA:647,202,0,0
BRDA:652,203,0,23
BRDA:652,203,1,23
BRDA:652,203,2,2
BRDA:666,204,0,5
BRDA:667,205,0,3
BRDA:668,206,0,2
BRDA:674,207,0,2
BRDA:686,208,0,18
BRDA:695,209,0,3
BRDA:695,210,0,30
BRDA:695,210,1,6
BRDA:711,211,0,1
BRDA:711,212,0,4
BRDA:711,212,1,3
BRDA:713,213,0,0
BRDA:793,214,0,129
BRDA:793,215,0,0
BRDA:803,216,0,77
BRDA:803,217,0,77
BRDA:808,218,0,3
BRDA:808,218,1,1504
BRDA:808,219,0,1507
BRDA:808,219,1,1501
BRDA:823,220,0,0
BRDA:823,221,0,75
BRDA:832,222,0,0
BRDA:832,223,0,7535
BRDA:840,224,0,0
BRDA:842,225,0,1
BRDA:1329,226,0,0
BRDA:1334,227,0,0
BRDA:1341,228,0,2
BRDA:1341,229,0,2
BRDA:1341,229,1,2
BRDA:1342,230,0,2
BRDA:1343,231,0,0
BRDA:1348,232,0,2
BRDA:1361,233,0,0
BRDA:1363,234,0,0
BRDA:1363,234,1,2
BRDA:1369,235,0,2
BRDA:1393,236,0,3
BRDA:1400,237,0,11
BRDA:1401,238,0,7
BRDA:1406,239,0,11
BRDA:1461,240,0,0
BRDA:1471,241,0,0
BRDA:1478,242,0,0
BRDA:1562,243,0,1
BRDA:1554,244,0,1
BRDA:1555,245,0,0
BRDA:1571,246,0,0
BRDA:1571,247,0,0
BRDA:1573,248,0,2
BRDA:1573,248,1,0
BRDA:1574,249,0,2
BRDA:1574,249,1,0
BRDA:1602,250,0,0
BRDA:1608,251,0,9
BRDA:1613,252,0,7
BRDA:1613,252,1,2
BRDA:1613,253,0,2
BRDA:1613,253,1,0
BRDA:1614,254,0,9
BRDA:1614,254,1,0
BRDA:1615,255,0,9
BRDA:1615,255,1,0
BRDA:1619,256,0,9
BRDA:1619,256,1,0
BRDA:1623,257,0,2
BRDA:1624,258,0,0
BRDA:1627,259,0,2
BRDA:1627,259,1,0
BRDA:1629,260,0,0
BRDA:1633,261,0,0
BRDA:1640,262,0,7
BRDA:1643,263,0,6
BRDA:1644,264,0,6
BRDA:1652,265,0,3
BRDA:1653,266,0,3
BRDA:1654,267,0,3
BRDA:1668,268,0,0
BRDA:1674,269,0,0
BRDA:1676,270,0,11
BRDA:1676,271,0,11
BRDA:1676,271,1,8
BRDA:1688,272,0,3
BRDA:1692,273,0,0
BRDA:1699,274,0,3
BRDA:1703,275,0,0
BRDA:1703,275,1,11
BRDA:1704,276,0,0
BRDA:1704,277,0,0
BRDA:1704,277,1,0
BRDA:1710,278,0,5
BRDA:1722,279,0,6
BRDA:1722,279,1,6
BRDA:1727,280,0,9
BRDA:1729,281,0,3
BRDA:1729,282,0,9
BRDA:1729,282,1,9
BRDA:1730,283,0,3
BRDA:1740,284,0,6
BRDA:1740,284,1,0
BRDA:1740,285,0,0
BRDA:1740,285,1,6
BRDA:1740,286,0,6
BRDA:1740,286,1,6
BRDA:1747,287,0,1
BRDA:1747,287,1,5
BRDA:1774,288,0,0
BRDA:1782,289,0,5
BRDA:1782,289,1,2
BRDA:1782,290,0,2
BRDA:1782,290,1,0
BRDA:1783,291,0,7
BRDA:1783,291,1,0
BRDA:1784,292,0,7
BRDA:1784,292,1,0
BRDA:1787,293,0,7
BRDA:1787,293,1,0
BRDA:1792,294,0,0
BRDA:1793,295,0,0
BRDA:1796,296,0,0
BRDA:1803,297,0,0
BRDA:1805,298,0,5
BRDA:1809,299,0,1
BRDA:1821,300,0,4
BRDA:1822,301,0,4
BRDA:1822,302,0,4
BRDA:1822,302,1,4
BRDA:1837,303,0,0
BRDA:1837,304,0,4
BRDA:1837,304,1,0
BRDA:1839,305,0,1
BRDA:1847,306,0,0
BRDA:1848,307,0,0
BRDA:1848,308,0,0
BRDA:1848,308,1,0
BRDA:1857,309,0,0
BRDA:1861,310,0,0
BRDA:1881,311,0,0
BRDA:1882,312,0,0
BRDA:1889,313,0,0
BRDA:1893,314,0,7
BRDA:1895,315,0,5
BRDA:1895,316,0,8
BRDA:1895,316,1,7
BRDA:1896,317,0,5
BRDA:1906,318,0,3
BRDA:1906,318,1,0
BRDA:1906,319,0,0
BRDA:1906,319,1,3
BRDA:1906,320,0,3
BRDA:1906,320,1,3
BRDA:1913,321,0,0
BRDA:1913,321,1,3
BRDA:1966,322,0,0
BRDA:1981,323,0,0
BRDA:1982,324,0,0
BRDA:1983,325,0,0
BRDA:2007,326,0,10
BRDA:2015,327,0,0
BRDA:2015,327,1,25
BRDA:2015,328,0,25
BRDA:2015,328,1,25
BRDA:2039,329,0,5
BRDA:2044,330,0,0
BRDA:2044,331,0,1
BRDA:2044,331,1,1
BRDA:2044,331,2,0
BRDA:2056,332,0,7
BRDA:2056,333,0,29
BRDA:2056,333,1,29
BRDA:2056,333,2,18
BRDA:2064,334,0,22
BRDA:2064,334,1,0
BRDA:2064,335,0,22
BRDA:2064,335,1,22
BRDA:2070,336,0,12
BRDA:2072,337,0,4
BRDA:2072,338,0,18
BRDA:2072,338,1,18
BRDA:2072,338,2,11
BRDA:2082,339,0,11
BRDA:2088,340,0,11
BRDA:2100,341,0,11
BRF:525
BRH:388
end_of_record
TN:
SF:src/node-to-crud/NodeCrud.ts
FN:20,(anonymous_0)
FN:48,(anonymous_1)
FN:85,(anonymous_2)
FN:105,(anonymous_3)
FN:124,(anonymous_4)
FN:169,(anonymous_5)
FN:185,(anonymous_6)
FN:206,(anonymous_8)
FN:212,(anonymous_9)
FN:29,(anonymous_10)
FNF:10
FNH:9
FNDA:164,(anonymous_0)
FNDA:200,(anonymous_1)
FNDA:36,(anonymous_2)
FNDA:34,(anonymous_3)
FNDA:44,(anonymous_4)
FNDA:20,(anonymous_5)
FNDA:24,(anonymous_6)
FNDA:12,(anonymous_8)
FNDA:0,(anonymous_9)
FNDA:122,(anonymous_10)
DA:1,3
DA:2,3
DA:4,3
DA:15,3
DA:20,164
DA:21,164
DA:22,164
DA:23,164
DA:24,164
DA:25,164
DA:26,164
DA:30,122
DA:31,122
DA:32,122
DA:33,122
DA:34,78
DA:35,78
DA:37,44
DA:38,44
DA:41,44
DA:44,0
DA:48,164
DA:54,200
DA:55,196
DA:56,192
DA:57,192
DA:58,192
DA:59,192
DA:60,192
DA:62,8
DA:63,8
DA:65,4
DA:66,0
DA:68,4
DA:71,8
DA:72,8
DA:74,4
DA:75,0
DA:77,4
DA:80,176
DA:85,164
DA:86,36
DA:87,32
DA:88,28
DA:89,22
DA:90,22
DA:91,22
DA:92,22
DA:93,14
DA:95,8
DA:96,8
DA:98,8
DA:101,0
DA:105,164
DA:106,34
DA:107,30
DA:108,26
DA:109,26
DA:110,14
DA:111,14
DA:113,20
DA:114,10
DA:115,10
DA:117,4
DA:120,6
DA:124,164
DA:125,44
DA:126,40
DA:127,24
DA:128,20
DA:129,14
DA:130,14
DA:131,8
DA:132,8
DA:139,6
DA:140,6
DA:142,6
DA:145,0
DA:148,16
DA:149,12
DA:150,12
DA:151,12
DA:152,12
DA:157,0
DA:158,0
DA:161,0
DA:164,0
DA:169,164
DA:170,20
DA:171,16
DA:172,16
DA:173,8
DA:174,8
DA:175,4
DA:176,12
DA:178,4
DA:181,8
DA:185,164
DA:188,24
DA:189,16
DA:190,8
DA:191,56
DA:192,24
DA:193,16
DA:197,8
DA:198,8
DA:206,164
DA:207,12
DA:208,36
DA:209,4
DA:212,164
DA:213,0
DA:214,0
DA:215,0
DA:216,0
DA:217,0
DA:218,0
LF:117
LH:102
BRDA:56,0,0,156
BRDA:56,0,1,36
BRDA:58,1,0,156
BRDA:60,2,0,8
BRDA:60,2,1,8
BRDA:60,2,2,176
BRDA:60,3,0,176
BRDA:60,3,1,16
BRDA:60,4,0,192
BRDA:60,4,1,192
BRDA:65,5,0,4
BRDA:65,6,0,4
BRDA:65,6,1,4
BRDA:65,6,2,4
BRDA:74,7,0,4
BRDA:74,8,0,4
BRDA:74,8,1,4
BRDA:74,8,2,4
BRDA:95,9,0,8
BRDA:95,10,0,8
BRDA:95,10,1,8
BRDA:96,11,0,8
BRDA:113,12,0,10
BRDA:114,13,0,10
BRDA:114,14,0,10
BRDA:114,14,1,10
BRDA:115,15,0,4
BRDA:126,16,0,24
BRDA:126,16,1,16
BRDA:131,17,0,0
BRDA:139,18,0,6
BRDA:139,19,0,6
BRDA:139,19,1,6
BRDA:140,20,0,6
BRDA:151,21,0,0
BRDA:157,22,0,0
BRDA:157,23,0,0
BRDA:157,23,1,0
BRDA:158,24,0,0
BRDA:158,24,1,0
BRDA:174,25,0,4
BRDA:174,25,1,4
BRDA:181,26,0,4
BRDA:192,27,0,16
BRDA:192,27,1,8
BRDA:197,28,0,8
BRDA:214,29,0,0
BRDA:214,29,1,0
BRDA:216,30,0,0
BRDA:21,31,0,0
BRDA:21,31,1,164
BRDA:21,32,0,164
BRDA:21,32,1,164
BRDA:24,33,0,10
BRDA:30,34,0,110
BRDA:30,34,1,12
BRDA:34,35,0,0
BRDA:37,36,0,44
BRDA:37,37,0,44
BRDA:37,37,1,44
BRDA:38,38,0,44
BRDA:38,38,1,44
BRF:62
BRH:50
end_of_record
TN:
SF:src/node-to-crud/index.ts
FN:1,(anonymous_0)
FNF:1
FNH:1
FNDA:108,(anonymous_0)
DA:1,109
LF:1
LH:1
BRF:0
BRH:0
end_of_record
TN:
SF:src/node-to-fsa/NodeFileSystemDirectoryHandle.ts
FN:30,(anonymous_0)
FN:46,(anonymous_1)
FN:54,(anonymous_3)
FN:72,(anonymous_5)
FN:86,(anonymous_7)
FN:126,(anonymous_8)
FN:163,(anonymous_9)
FN:202,(anonymous_10)
FNF:8
FNH:8
FNDA:5179,(anonymous_0)
FNDA:17,(anonymous_1)
FNDA:29,(anonymous_3)
FNDA:4,(anonymous_5)
FNDA:4648,(anonymous_7)
FNDA:3281,(anonymous_8)
FNDA:374,(anonymous_9)
FNDA:5,(anonymous_10)
DA:1,10
DA:2,10
DA:11,10
DA:25,10
DA:31,5179
DA:35,5179
DA:36,5179
DA:37,5179
DA:47,17
DA:48,41
DA:55,29
DA:56,29
DA:57,29
DA:58,71
DA:59,71
DA:60,71
DA:61,71
DA:62,45
DA:73,12
DA:90,4648
DA:91,4633
DA:92,4633
DA:93,4633
DA:94,4183
DA:95,4180
DA:97,453
DA:98,450
DA:99,450
DA:101,450
DA:102,405
DA:103,404
DA:104,404
DA:106,45
DA:110,0
DA:113,0
DA:127,3281
DA:128,3265
DA:129,3265
DA:130,3265
DA:131,1752
DA:132,1005
DA:134,2260
DA:135,1513
DA:136,1513
DA:138,1513
DA:139,691
DA:140,689
DA:141,689
DA:143,822
DA:147,0
DA:150,0
DA:164,374
DA:165,371
DA:166,355
DA:167,355
DA:168,355
DA:169,355
DA:170,349
DA:171,295
DA:172,54
DA:173,54
DA:174,0
DA:176,10
DA:177,10
DA:178,10
DA:180,6
DA:184,0
DA:186,4
DA:189,0
DA:203,5
DA:207,5
DA:208,5
DA:209,5
DA:210,4
DA:211,4
DA:212,3
DA:213,3
DA:214,3
DA:216,0
LF:79
LH:71
BRDA:33,0,0,0
BRDA:35,1,0,5179
BRDA:35,1,1,569
BRDA:37,2,0,484
BRDA:37,2,1,4695
BRDA:61,3,0,26
BRDA:61,3,1,45
BRDA:62,4,0,45
BRDA:94,5,0,3
BRDA:97,6,0,3
BRDA:98,7,0,450
BRDA:98,8,0,450
BRDA:98,8,1,450
BRDA:99,9,0,450
BRDA:99,9,1,0
BRDA:99,9,2,0
BRDA:101,10,0,405
BRDA:101,11,0,1
BRDA:101,11,1,449
BRDA:101,12,0,450
BRDA:101,12,1,450
BRDA:131,13,0,747
BRDA:134,14,0,747
BRDA:135,15,0,1513
BRDA:135,16,0,1513
BRDA:135,16,1,1513
BRDA:136,17,0,1513
BRDA:136,17,1,0
BRDA:136,17,2,0
BRDA:138,18,0,691
BRDA:138,19,0,545
BRDA:138,19,1,968
BRDA:138,20,0,1513
BRDA:138,20,1,1513
BRDA:163,21,0,316
BRDA:163,22,0,316
BRDA:170,23,0,295
BRDA:170,23,1,54
BRDA:172,24,0,54
BRDA:172,24,1,0
BRDA:176,25,0,0
BRDA:177,26,0,10
BRDA:177,27,0,10
BRDA:177,27,1,10
BRDA:178,28,0,6
BRDA:178,28,1,0
BRDA:178,28,2,0
BRDA:178,28,3,4
BRDA:203,29,0,5
BRDA:204,30,0,5
BRDA:204,30,1,3
BRDA:209,31,0,1
BRDA:211,32,0,1
BRDA:213,33,0,0
BRF:54
BRH:44
end_of_record
TN:
SF:src/node-to-fsa/NodeFileSystemFileHandle.ts
FN:11,(anonymous_0)
FN:27,(anonymous_1)
FN:52,(anonymous_2)
FN:54,(anonymous_3)
FN:60,(anonymous_4)
FNF:5
FNH:5
FNDA:1739,(anonymous_0)
FNDA:617,(anonymous_1)
FNDA:12,(anonymous_2)
FNDA:12,(anonymous_3)
FNDA:1007,(anonymous_4)
DA:1,10
DA:2,10
DA:3,10
DA:4,10
DA:8,10
DA:12,1739
DA:13,1739
DA:16,1739
DA:17,1739
DA:18,1739
DA:28,617
DA:29,617
DA:30,617
DA:31,617
DA:33,617
DA:34,617
DA:35,617
DA:37,0
DA:38,0
DA:39,0
DA:42,0
DA:45,0
DA:53,12
DA:54,12
DA:63,1007
DA:64,1005
LF:26
LH:21
BRDA:14,0,0,0
BRDA:37,1,0,0
BRDA:38,2,0,0
BRDA:38,3,0,0
BRDA:38,3,1,0
BRDA:39,4,0,0
BRDA:39,4,1,0
BRDA:53,5,0,0
BRDA:61,6,0,182
BRDA:61,7,0,0
BRF:10
BRH:1
end_of_record
TN:
SF:src/node-to-fsa/NodeFileSystemHandle.ts
FN:11,(anonymous_0)
FN:21,(anonymous_1)
FN:30,(anonymous_2)
FN:39,(anonymous_3)
FN:46,(anonymous_4)
FNF:5
FNH:2
FNDA:6918,(anonymous_0)
FNDA:7,(anonymous_1)
FNDA:0,(anonymous_2)
FNDA:0,(anonymous_3)
FNDA:0,(anonymous_4)
DA:10,10
DA:12,6918
DA:13,6918
DA:22,7
DA:33,0
DA:40,0
DA:49,0
LF:7
LH:4
BRDA:23,0,0,7
BRDA:23,0,1,5
BRDA:39,1,0,0
BRF:3
BRH:2
end_of_record
TN:
SF:src/node-to-fsa/NodeFileSystemSyncAccessHandle.ts
FN:12,(anonymous_0)
FN:23,(anonymous_1)
FN:31,(anonymous_2)
FN:39,(anonymous_3)
FN:46,(anonymous_4)
FN:68,(anonymous_5)
FN:81,(anonymous_6)
FNF:7
FNH:7
FNDA:12,(anonymous_0)
FNDA:3,(anonymous_1)
FNDA:1,(anonymous_2)
FNDA:2,(anonymous_3)
FNDA:4,(anonymous_4)
FNDA:1,(anonymous_5)
FNDA:4,(anonymous_6)
DA:1,10
DA:2,10
DA:9,10
DA:13,12
DA:14,12
DA:15,12
DA:17,12
DA:24,3
DA:25,3
DA:32,1
DA:33,1
DA:40,2
DA:47,4
DA:48,4
DA:49,4
DA:50,3
DA:52,1
DA:53,1
DA:54,1
DA:56,1
DA:60,0
DA:69,1
DA:70,1
DA:85,4
DA:86,4
DA:87,4
DA:88,4
DA:90,1
DA:91,1
DA:92,1
DA:94,1
DA:98,0
LF:32
LH:30
BRDA:46,0,0,3
BRDA:47,1,0,0
BRDA:47,1,1,4
BRDA:49,2,0,1
BRDA:49,2,1,3
BRDA:49,3,0,4
BRDA:49,3,1,4
BRDA:52,4,0,0
BRDA:53,5,0,1
BRDA:53,6,0,1
BRDA:53,6,1,1
BRDA:54,7,0,1
BRDA:83,8,0,3
BRDA:86,9,0,0
BRDA:86,9,1,4
BRDA:88,10,0,1
BRDA:88,10,1,3
BRDA:88,11,0,4
BRDA:88,11,1,4
BRDA:90,12,0,0
BRDA:91,13,0,1
BRDA:91,14,0,1
BRDA:91,14,1,1
BRDA:92,15,0,1
BRF:24
BRH:20
end_of_record
TN:
SF:src/node-to-fsa/NodeFileSystemWritableFileStream.ts
FN:15,(anonymous_0)
FN:69,(anonymous_1)
FN:76,(anonymous_2)
FN:78,(anonymous_3)
FN:83,(anonymous_4)
FN:93,(anonymous_5)
FN:100,(anonymous_6)
FN:116,(anonymous_7)
FN:124,(anonymous_8)
FN:132,(anonymous_9)
FN:146,(anonymous_10)
FNF:11
FNH:11
FNDA:1011,(anonymous_0)
FNDA:1005,(anonymous_1)
FNDA:1005,(anonymous_2)
FNDA:1005,(anonymous_3)
FNDA:1007,(anonymous_4)
FNDA:1004,(anonymous_5)
FNDA:1,(anonymous_6)
FNDA:256,(anonymous_7)
FNDA:6,(anonymous_8)
FNDA:1007,(anonymous_9)
FNDA:1012,(anonymous_10)
DA:1,11
DA:15,11
DA:21,1011
DA:22,1011
DA:23,1011
DA:25,242
DA:27,1011
DA:28,242
DA:29,287
DA:30,287
DA:31,287
DA:32,242
DA:34,45
DA:38,1011
DA:39,1011
DA:40,1011
DA:56,11
DA:66,11
DA:70,1005
DA:71,1005
DA:74,1005
DA:75,1005
DA:77,1005
DA:78,1005
DA:79,1005
DA:80,1005
DA:81,1005
DA:84,1007
DA:85,1007
DA:86,1007
DA:87,1007
DA:90,1007
DA:91,1007
DA:94,1004
DA:95,1004
DA:96,1004
DA:97,1004
DA:98,1004
DA:101,1
DA:102,1
DA:103,1
DA:104,1
DA:105,1
DA:108,1005
DA:117,256
DA:125,6
DA:126,6
DA:127,6
DA:128,6
DA:129,6
DA:133,1007
DA:134,1007
DA:135,1007
DA:137,1007
DA:147,1012
DA:148,1012
DA:150,7
DA:153,1005
DA:154,1005
DA:158,281
DA:160,724
DA:161,467
DA:163,257
DA:164,257
DA:166,252
DA:167,252
DA:170,3
DA:171,3
DA:172,3
DA:175,2
DA:176,2
DA:178,0
DA:185,0
LF:73
LH:71
BRDA:25,0,0,0
BRDA:25,1,0,242
BRDA:25,1,1,242
BRDA:25,1,2,242
BRDA:27,2,0,242
BRDA:34,3,0,0
BRDA:34,4,0,45
BRDA:34,4,1,45
BRDA:34,4,2,45
BRDA:38,5,0,0
BRDA:39,6,0,262
BRDA:56,7,0,0
BRDA:56,7,1,11
BRDA:86,8,0,0
BRDA:88,9,0,9
BRDA:88,9,1,998
BRDA:88,10,0,0
BRDA:88,10,1,998
BRDA:96,11,0,0
BRDA:103,12,0,0
BRDA:127,13,0,0
BRDA:129,14,0,0
BRDA:147,15,0,0
BRDA:148,16,0,7
BRDA:148,16,1,1005
BRDA:148,16,2,0
BRDA:154,17,0,281
BRDA:154,17,1,281
BRDA:154,17,2,281
BRDA:154,17,3,724
BRDA:160,18,0,467
BRDA:160,18,1,257
BRDA:164,19,0,252
BRDA:164,19,1,3
BRDA:164,19,2,2
BRDA:164,19,3,0
BRDA:166,20,0,249
BRDA:170,21,0,0
BRDA:171,22,0,0
BRDA:175,23,0,0
BRF:40
BRH:24
end_of_record
TN:
SF:src/node-to-fsa/index.ts
FN:9,(anonymous_0)
FNF:1
FNH:1
FNDA:85,(anonymous_0)
DA:1,6
DA:4,6
DA:5,6
DA:6,6
DA:7,6
DA:9,6
DA:14,85
LF:7
LH:7
BRF:0
BRH:0
end_of_record
TN:
SF:src/node-to-fsa/util.ts
FN:6,(anonymous_0)
FN:15,(anonymous_1)
FN:23,(anonymous_2)
FN:28,(anonymous_3)
FN:36,(anonymous_4)
FN:42,(anonymous_5)
FN:45,(anonymous_6)
FNF:7
FNH:6
FNDA:6918,(anonymous_0)
FNDA:6947,(anonymous_1)
FNDA:9742,(anonymous_2)
FNDA:2486,(anonymous_3)
FNDA:873,(anonymous_4)
FNDA:750,(anonymous_5)
FNDA:0,(anonymous_6)
DA:6,67
DA:7,6918
DA:15,67
DA:16,6947
DA:17,6947
DA:18,6947
DA:21,67
DA:23,67
DA:24,9742
DA:25,9742
DA:28,67
DA:29,2486
DA:30,8
DA:36,67
DA:37,873
DA:42,67
DA:43,750
DA:45,67
LF:18
LH:18
BRDA:6,0,0,0
BRDA:16,1,0,501
BRDA:18,2,0,493
BRDA:18,2,1,6454
BRDA:24,3,0,9742
BRDA:24,3,1,9708
BRDA:25,4,0,135
BRDA:29,5,0,8
BRF:8
BRH:7
end_of_record
TN:
SF:src/node/lists/fsCallbackApiList.ts
FNF:0
FNH:0
DA:3,61
LF:1
LH:1
BRF:0
BRH:0
end_of_record
TN:
SF:src/node/lists/fsSynchronousApiList.ts
FNF:0
FNH:0
DA:3,61
LF:1
LH:1
BRF:0
BRH:0
end_of_record
TN:
SF:src/print/index.ts
FN:6,(anonymous_0)
FN:17,(anonymous_1)
FN:17,(anonymous_2)
FNF:3
FNH:3
FNDA:15,(anonymous_0)
FNDA:19,(anonymous_1)
FNDA:19,(anonymous_2)
DA:1,66
DA:2,66
DA:6,66
DA:7,15
DA:8,15
DA:9,15
DA:10,15
DA:11,15
DA:12,15
DA:13,15
DA:14,14
DA:15,14
DA:17,19
DA:18,19
DA:19,9
DA:20,10
DA:21,1
DA:23,9
DA:28,15
DA:29,15
LF:20
LH:20
BRDA:6,0,0,1
BRDA:7,1,0,15
BRDA:7,1,1,15
BRDA:8,2,0,15
BRDA:8,2,1,1
BRDA:9,3,0,10
BRDA:10,4,0,15
BRDA:10,4,1,6
BRDA:11,5,0,10
BRDA:11,5,1,5
BRDA:11,6,0,15
BRDA:11,6,1,15
BRDA:13,7,0,14
BRDA:18,8,0,9
BRDA:18,8,1,10
BRDA:20,9,0,1
BRDA:20,9,1,9
BRF:17
BRH:17
end_of_record
TN:
SF:src/snapshot/async.ts
FN:4,(anonymous_0)
FN:10,(anonymous_1)
FN:30,(anonymous_2)
FNF:3
FNH:3
FNDA:125,(anonymous_0)
FNDA:114,(anonymous_1)
FNDA:45,(anonymous_2)
DA:4,3
DA:5,125
DA:6,125
DA:7,58
DA:8,58
DA:9,58
DA:10,114
DA:11,58
DA:12,114
DA:14,58
DA:15,67
DA:16,58
DA:17,58
DA:18,58
DA:19,9
DA:20,9
DA:27,0
DA:30,3
DA:34,45
DA:35,45
DA:37,21
DA:38,21
DA:39,21
DA:40,21
DA:41,42
DA:42,21
DA:45,21
DA:46,21
DA:47,21
DA:50,3
DA:51,3
DA:52,3
LF:32
LH:31
BRDA:4,0,0,0
BRDA:4,1,0,11
BRDA:6,2,0,58
BRDA:6,2,1,67
BRDA:9,3,0,1
BRDA:9,3,1,57
BRDA:12,4,0,114
BRDA:15,5,0,58
BRDA:15,5,1,9
BRDA:19,6,0,9
BRDA:32,7,0,0
BRDA:32,8,0,3
BRDA:34,9,0,0
BRDA:35,10,0,21
BRDA:35,10,1,21
BRDA:35,10,2,3
BRDA:37,11,0,21
BRF:17
BRH:14
end_of_record
TN:
SF:src/snapshot/binary.ts
FN:12,(anonymous_0)
FN:17,(anonymous_1)
FN:22,(anonymous_2)
FN:27,(anonymous_3)
FNF:4
FNH:4
FNDA:3,(anonymous_0)
FNDA:1,(anonymous_1)
FNDA:3,(anonymous_2)
FNDA:1,(anonymous_3)
DA:1,1
DA:2,1
DA:3,1
DA:4,1
DA:5,1
DA:9,1
DA:10,1
DA:12,1
DA:13,3
DA:14,3
DA:17,1
DA:18,1
DA:19,1
DA:22,1
DA:23,3
DA:24,3
DA:27,1
DA:31,1
DA:32,1
LF:19
LH:19
BRF:0
BRH:0
end_of_record
TN:
SF:src/snapshot/json.ts
FN:14,(anonymous_0)
FN:19,(anonymous_1)
FN:24,(anonymous_2)
FN:29,(anonymous_3)
FNF:4
FNH:4
FNDA:4,(anonymous_0)
FNDA:1,(anonymous_1)
FNDA:3,(anonymous_2)
FNDA:1,(anonymous_3)
DA:1,1
DA:2,1
DA:3,1
DA:4,1
DA:5,1
DA:11,1
DA:12,1
DA:14,1
DA:15,4
DA:16,4
DA:19,1
DA:20,1
DA:21,1
DA:24,1
DA:25,3
DA:26,3
DA:29,1
DA:33,1
DA:34,1
LF:19
LH:19
BRF:0
BRH:0
end_of_record
TN:
SF:src/snapshot/shared.ts
FNF:0
FNH:0
DA:1,2
DA:3,2
LF:2
LH:2
BRF:0
BRH:0
end_of_record
TN:
SF:src/snapshot/sync.ts
FN:4,(anonymous_0)
FN:30,(anonymous_1)
FNF:2
FNH:2
FNDA:140,(anonymous_0)
FNDA:45,(anonymous_1)
DA:4,3
DA:5,140
DA:6,140
DA:7,65
DA:8,65
DA:9,65
DA:10,65
DA:11,128
DA:12,128
DA:14,65
DA:15,75
DA:16,65
DA:17,65
DA:18,65
DA:19,10
DA:20,10
DA:27,0
DA:30,3
DA:34,45
DA:35,45
DA:37,21
DA:38,21
DA:39,21
DA:40,21
DA:41,42
DA:42,21
DA:45,21
DA:46,21
DA:47,21
DA:50,3
DA:51,3
DA:52,3
LF:32
LH:31
BRDA:4,0,0,0
BRDA:4,1,0,12
BRDA:6,2,0,65
BRDA:6,2,1,75
BRDA:9,3,0,1
BRDA:9,3,1,64
BRDA:12,4,0,128
BRDA:15,5,0,65
BRDA:15,5,1,10
BRDA:19,6,0,10
BRDA:32,7,0,0
BRDA:32,8,0,3
BRDA:34,9,0,0
BRDA:35,10,0,21
BRDA:35,10,1,21
BRDA:35,10,2,3
BRDA:37,11,0,21
BRF:17
BRH:14
end_of_record
TN:
SF:src/thingies/Defer.ts
FN:13,(anonymous_0)
FN:16,(anonymous_1)
FNF:2
FNH:2
FNDA:18,(anonymous_0)
FNDA:18,(anonymous_1)
DA:13,7
DA:16,18
DA:17,18
DA:18,18
LF:4
LH:4
BRF:0
BRH:0
end_of_record
TN:
SF:src/thingies/concurrency.ts
FN:11,(anonymous_0)
FN:7,(anonymous_1)
FN:15,(anonymous_2)
FN:18,(anonymous_3)
FN:31,(anonymous_4)
FNF:5
FNH:5
FNDA:33,(anonymous_0)
FNDA:33,(anonymous_1)
FNDA:20,(anonymous_2)
FNDA:33,(anonymous_3)
FNDA:33,(anonymous_4)
DA:1,7
DA:7,33
DA:8,33
DA:9,33
DA:11,33
DA:15,7
DA:16,20
DA:17,20
DA:18,20
DA:19,33
DA:20,33
DA:21,0
DA:22,33
DA:23,33
DA:24,33
DA:26,0
DA:28,33
DA:31,20
DA:32,33
DA:33,33
DA:34,33
LF:21
LH:19
BRDA:20,0,0,33
BRDA:20,0,1,0
BRDA:28,1,0,33
BRDA:28,1,1,0
BRDA:34,2,0,33
BRDA:34,2,1,33
BRF:6
BRH:4
end_of_record
TN:
SF:src/thingies/go.ts
FN:4,(anonymous_0)
FN:5,(anonymous_1)
FNF:2
FNH:1
FNDA:33,(anonymous_0)
FNDA:0,(anonymous_1)
DA:4,7
DA:5,33
LF:2
LH:2
BRF:0
BRH:0
end_of_record
TN:
SF:src/thingies/index.ts
FNF:0
FNH:0
DA:1,7
DA:2,7
DA:3,7
DA:4,7
LF:4
LH:4
BRF:0
BRH:0
end_of_record
TN:
SF:src/thingies/of.ts
FN:10,(anonymous_0)
FNF:1
FNH:1
FNDA:209,(anonymous_0)
DA:10,7
DA:11,209
DA:12,209
DA:14,208
LF:4
LH:4
BRF:0
BRH:0
end_of_record
