TN:
SF:src/constants.ts
FNF:0
FNH:0
DA:1,63
DA:7,63
LF:2
LH:2
BRF:0
BRH:0
end_of_record
TN:
SF:src/encoding.ts
FN:9,assertEncoding
FN:13,strToEncoding
FNF:2
FNH:2
FNDA:273,assertEncoding
FNDA:514,strToEncoding
DA:1,62
DA:2,62
DA:7,62
DA:9,62
DA:10,273
DA:13,62
DA:14,514
DA:15,0
DA:16,0
LF:9
LH:7
BRDA:10,0,0,1
BRDA:10,1,0,273
BRDA:10,1,1,256
BRDA:14,2,0,514
BRDA:14,3,0,514
BRDA:14,3,1,503
BRDA:15,4,0,0
BRF:7
BRH:6
end_of_record
TN:
SF:src/index.ts
FN:12,(anonymous_0)
FN:29,createFsFromVolume
FN:74,(anonymous_2)
FNF:3
FNH:3
FNDA:57,(anonymous_0)
FNDA:382,createFsFromVolume
FNDA:262,(anonymous_2)
DA:1,57
DA:2,57
DA:3,57
DA:5,57
DA:8,57
DA:9,57
DA:10,57
DA:12,114
DA:15,57
DA:29,57
DA:30,382
DA:33,15280
DA:34,18336
DA:36,382
DA:37,382
DA:38,382
DA:39,382
DA:40,382
DA:43,382
DA:44,382
DA:45,382
DA:46,382
DA:49,382
DA:50,382
DA:51,382
DA:52,382
DA:56,382
DA:57,382
DA:59,382
DA:62,57
DA:74,57
DA:75,262
DA:76,262
DA:77,262
DA:83,57
DA:84,57
LF:36
LH:36
BRDA:33,0,0,15280
BRDA:34,1,0,18336
BRDA:43,2,0,382
BRDA:45,3,0,382
BRDA:49,4,0,382
BRDA:51,5,0,382
BRDA:74,6,0,6
BRDA:74,7,0,140
BRF:8
BRH:8
end_of_record
TN:
SF:src/node.ts
FN:1,(anonymous_0)
FN:2,(anonymous_1)
FN:3,(anonymous_2)
FNF:3
FNH:1
FNDA:20,(anonymous_0)
FNDA:0,(anonymous_1)
FNDA:0,(anonymous_2)
DA:1,22
DA:2,2
DA:3,2
LF:3
LH:3
BRF:0
BRH:0
end_of_record
TN:
SF:src/process.ts
FN:25,(anonymous_0)
FN:37,createProcess
FN:40,(anonymous_2)
FN:42,(anonymous_3)
FNF:4
FNH:2
FNDA:65,(anonymous_0)
FNDA:65,createProcess
FNDA:0,(anonymous_2)
FNDA:0,(anonymous_3)
DA:25,64
DA:26,65
DA:27,65
DA:30,0
DA:31,0
DA:33,0
DA:37,64
DA:38,65
DA:40,65
DA:41,65
DA:42,0
DA:44,0
DA:46,65
DA:47,65
DA:50,64
LF:15
LH:10
BRDA:26,0,0,65
BRDA:38,1,0,65
BRDA:38,1,1,0
BRDA:40,2,0,0
BRDA:41,3,0,0
BRDA:44,4,0,0
BRDA:44,4,1,0
BRDA:46,5,0,0
BRF:8
BRH:2
end_of_record
TN:
SF:src/queueMicrotask.ts
FN:1,(anonymous_0)
FN:3,(anonymous_1)
FN:4,(anonymous_2)
FNF:3
FNH:0
FNDA:0,(anonymous_0)
FNDA:0,(anonymous_1)
FNDA:0,(anonymous_2)
DA:1,62
DA:2,0
DA:3,0
LF:3
LH:1
BRDA:1,0,0,62
BRDA:1,0,1,0
BRF:2
BRH:1
end_of_record
TN:
SF:src/setTimeoutUnref.ts
FN:7,setTimeoutUnref
FNF:1
FNH:1
FNDA:1,setTimeoutUnref
DA:8,1
DA:9,1
DA:10,1
DA:13,63
LF:4
LH:4
BRDA:8,0,0,1
BRDA:8,0,1,0
BRDA:9,1,0,1
BRDA:9,2,0,1
BRDA:9,2,1,1
BRDA:9,2,2,1
BRF:6
BRH:5
end_of_record
TN:
SF:src/__tests__/hasBigInt.js
FNF:0
FNH:0
DA:1,1
LF:1
LH:1
BRF:0
BRH:0
end_of_record
TN:
SF:src/__tests__/util.ts
FN:8,(anonymous_0)
FN:10,done
FN:16,(anonymous_2)
FN:21,(anonymous_3)
FN:25,(anonymous_4)
FN:35,(anonymous_5)
FNF:6
FNH:6
FNDA:4,(anonymous_0)
FNDA:10,done
FNDA:310,(anonymous_2)
FNDA:63,(anonymous_3)
FNDA:17,(anonymous_4)
FNDA:11,(anonymous_5)
DA:1,44
DA:8,44
DA:10,4
DA:11,10
DA:12,10
DA:16,44
DA:17,310
DA:18,310
DA:21,44
DA:22,63
DA:25,44
DA:26,17
DA:28,17
DA:29,0
DA:32,17
DA:35,44
DA:37,44
DA:43,44
LF:18
LH:17
BRDA:11,0,0,0
BRDA:11,0,1,10
BRDA:11,1,0,10
BRDA:11,1,1,10
BRDA:12,2,0,4
BRDA:16,3,0,65
BRDA:28,4,0,0
BRDA:43,5,0,44
BRDA:43,5,1,0
BRF:9
BRH:6
end_of_record
TN:
SF:src/consts/FLAG.ts
FN:10,(anonymous_0)
FNF:1
FNH:1
FNDA:1,(anonymous_0)
DA:10,1
DA:11,1
DA:12,1
DA:13,1
DA:14,1
DA:15,1
DA:16,1
DA:17,1
DA:18,1
DA:19,1
DA:20,1
DA:21,1
DA:22,1
DA:23,1
DA:24,1
DA:25,1
DA:26,1
DA:27,1
DA:28,1
DA:29,1
DA:30,1
LF:21
LH:21
BRDA:10,0,0,1
BRDA:10,0,1,1
BRF:2
BRH:2
end_of_record
TN:
SF:src/core/File.ts
FN:28,(anonymous_0)
FN:38,(anonymous_1)
FN:42,(anonymous_2)
FN:46,(anonymous_3)
FN:50,(anonymous_4)
FN:54,(anonymous_5)
FN:58,(anonymous_6)
FN:62,(anonymous_7)
FN:66,(anonymous_8)
FN:73,(anonymous_9)
FN:85,(anonymous_10)
FN:89,(anonymous_11)
FNF:12
FNH:8
FNDA:1659,(anonymous_0)
FNDA:0,(anonymous_1)
FNDA:0,(anonymous_2)
FNDA:367,(anonymous_3)
FNDA:0,(anonymous_4)
FNDA:61,(anonymous_5)
FNDA:1168,(anonymous_6)
FNDA:0,(anonymous_7)
FNDA:1173,(anonymous_8)
FNDA:60,(anonymous_9)
FNDA:1,(anonymous_10)
FNDA:1,(anonymous_11)
DA:1,63
DA:6,63
DA:13,63
DA:29,1659
DA:30,1659
DA:31,1659
DA:32,1659
DA:34,1659
DA:35,1659
DA:39,0
DA:43,0
DA:47,367
DA:51,0
DA:55,61
DA:59,1168
DA:63,0
DA:67,1173
DA:68,1173
DA:69,1173
DA:70,1173
DA:79,60
DA:80,60
DA:81,60
DA:82,60
DA:86,1
DA:90,1
LF:26
LH:22
BRDA:35,0,0,61
BRDA:38,1,0,0
BRDA:66,2,0,0
BRDA:66,3,0,0
BRDA:67,4,0,22
BRDA:75,5,0,0
BRDA:76,6,0,0
BRDA:79,7,0,21
BRF:8
BRH:3
end_of_record
TN:
SF:src/core/Link.ts
FN:32,(anonymous_0)
FN:37,(anonymous_1)
FN:47,(anonymous_2)
FN:55,(anonymous_3)
FN:60,(anonymous_4)
FN:64,(anonymous_5)
FN:78,(anonymous_6)
FN:95,(anonymous_7)
FN:108,(anonymous_8)
FN:113,(anonymous_9)
FN:117,(anonymous_10)
FN:121,(anonymous_11)
FN:125,(anonymous_12)
FN:133,(anonymous_13)
FNF:14
FNH:13
FNDA:5997,(anonymous_0)
FNDA:3066,(anonymous_1)
FNDA:3005,(anonymous_2)
FNDA:3005,(anonymous_3)
FNDA:60316,(anonymous_4)
FNDA:2134,(anonymous_5)
FNDA:3923,(anonymous_6)
FNDA:98,(anonymous_7)
FNDA:14933,(anonymous_8)
FNDA:2166,(anonymous_9)
FNDA:441,(anonymous_10)
FNDA:597,(anonymous_11)
FNDA:0,(anonymous_12)
FNDA:3013,(anonymous_13)
DA:1,63
DA:2,63
DA:6,63
DA:11,63
DA:16,3005
DA:19,3005
DA:25,3005
DA:28,3005
DA:33,5997
DA:38,3066
DA:39,3066
DA:40,22
DA:41,14
DA:43,8
DA:48,3005
DA:49,3005
DA:50,3005
DA:51,3005
DA:52,3005
DA:56,3005
DA:57,3005
DA:61,60316
DA:65,2134
DA:66,2134
DA:68,2134
DA:69,882
DA:70,882
DA:73,2134
DA:75,2134
DA:79,3923
DA:80,3923
DA:81,3923
DA:83,3923
DA:84,3923
DA:85,2622
DA:86,2622
DA:89,3923
DA:90,3923
DA:92,3923
DA:96,98
DA:97,98
DA:98,34
DA:99,34
DA:101,98
DA:102,98
DA:104,98
DA:105,98
DA:109,14933
DA:110,14933
DA:114,2166
DA:118,441
DA:122,597
DA:126,0
DA:134,3013
LF:54
LH:53
BRDA:40,0,0,14
BRDA:40,1,0,22
BRDA:40,1,1,13
BRDA:43,2,0,0
BRDA:43,2,1,8
BRDA:43,3,0,8
BRDA:43,3,1,8
BRDA:64,4,0,98
BRDA:68,5,0,882
BRDA:78,6,0,0
BRDA:84,7,0,2622
BRDA:97,8,0,34
BRDA:134,9,0,2142
BRDA:134,9,1,871
BRF:14
BRH:12
end_of_record
TN:
SF:src/core/Node.ts
FN:7,(anonymous_0)
FN:8,(anonymous_1)
FN:37,(anonymous_2)
FN:43,(anonymous_3)
FN:47,(anonymous_4)
FN:51,(anonymous_5)
FN:56,(anonymous_6)
FN:60,(anonymous_7)
FN:65,(anonymous_8)
FN:69,(anonymous_9)
FN:74,(anonymous_10)
FN:78,(anonymous_11)
FN:83,(anonymous_12)
FN:87,(anonymous_13)
FN:91,(anonymous_14)
FN:96,(anonymous_15)
FN:101,(anonymous_16)
FN:105,(anonymous_17)
FN:110,(anonymous_18)
FN:116,(anonymous_19)
FN:122,(anonymous_20)
FN:127,(anonymous_21)
FN:131,(anonymous_22)
FN:135,(anonymous_23)
FN:139,(anonymous_24)
FN:143,(anonymous_25)
FN:148,(anonymous_26)
FN:152,(anonymous_27)
FN:157,(anonymous_28)
FN:174,(anonymous_29)
FN:195,(anonymous_30)
FN:212,(anonymous_31)
FN:217,(anonymous_32)
FN:223,(anonymous_33)
FN:228,(anonymous_34)
FN:248,(anonymous_35)
FN:268,(anonymous_36)
FN:288,(anonymous_37)
FN:292,(anonymous_38)
FNF:39
FNH:37
FNDA:21426,(anonymous_0)
FNDA:21426,(anonymous_1)
FNDA:3019,(anonymous_2)
FNDA:27573,(anonymous_3)
FNDA:736,(anonymous_4)
FNDA:4,(anonymous_5)
FNDA:834,(anonymous_6)
FNDA:4,(anonymous_7)
FNDA:834,(anonymous_8)
FNDA:15691,(anonymous_9)
FNDA:725,(anonymous_10)
FNDA:6585,(anonymous_11)
FNDA:749,(anonymous_12)
FNDA:18641,(anonymous_13)
FNDA:1,(anonymous_14)
FNDA:5288,(anonymous_15)
FNDA:6017,(anonymous_16)
FNDA:132,(anonymous_17)
FNDA:10,(anonymous_18)
FNDA:530,(anonymous_19)
FNDA:8,(anonymous_20)
FNDA:779,(anonymous_21)
FNDA:0,(anonymous_22)
FNDA:553,(anonymous_23)
FNDA:34894,(anonymous_24)
FNDA:12681,(anonymous_25)
FNDA:1,(anonymous_26)
FNDA:90,(anonymous_27)
FNDA:1184,(anonymous_28)
FNDA:62,(anonymous_29)
FNDA:1168,(anonymous_30)
FNDA:157,(anonymous_31)
FNDA:3,(anonymous_32)
FNDA:2530,(anonymous_33)
FNDA:695,(anonymous_34)
FNDA:3529,(anonymous_35)
FNDA:14183,(anonymous_36)
FNDA:9,(anonymous_37)
FNDA:0,(anonymous_38)
DA:1,63
DA:2,63
DA:3,63
DA:4,63
DA:6,63
DA:7,21426
DA:8,21426
DA:13,63
DA:18,3019
DA:19,3019
DA:21,3019
DA:22,3019
DA:23,3019
DA:27,3019
DA:32,3019
DA:38,3019
DA:39,3019
DA:40,3019
DA:44,27573
DA:48,736
DA:52,4
DA:53,4
DA:57,834
DA:61,4
DA:62,4
DA:66,834
DA:70,15691
DA:71,15691
DA:75,725
DA:79,6585
DA:80,6585
DA:84,749
DA:88,18641
DA:92,1
DA:93,1
DA:97,5288
DA:98,5288
DA:102,6017
DA:106,132
DA:107,132
DA:112,10
DA:113,10
DA:117,530
DA:118,530
DA:119,530
DA:123,8
DA:124,8
DA:128,779
DA:132,0
DA:136,553
DA:140,34894
DA:145,12681
DA:149,1
DA:153,90
DA:154,90
DA:158,1184
DA:160,1184
DA:161,1158
DA:162,1158
DA:163,1158
DA:166,1184
DA:168,1184
DA:170,1184
DA:180,62
DA:181,62
DA:182,62
DA:183,46
DA:184,46
DA:185,0
DA:187,46
DA:188,16
DA:190,46
DA:191,46
DA:192,46
DA:196,1168
DA:198,13
DA:199,13
DA:200,8
DA:202,5
DA:203,5
DA:204,5
DA:205,5
DA:209,1168
DA:213,157
DA:214,157
DA:218,3
DA:219,3
DA:220,3
DA:224,2530
DA:225,2530
DA:229,695
DA:230,677
DA:233,18
DA:234,18
DA:235,0
DA:239,18
DA:240,18
DA:241,4
DA:245,14
DA:249,3529
DA:250,3493
DA:253,36
DA:254,36
DA:255,0
DA:259,36
DA:260,36
DA:261,7
DA:265,29
DA:269,14183
DA:270,14122
DA:273,61
DA:274,61
DA:275,0
DA:279,61
DA:280,61
DA:281,0
DA:285,61
DA:289,9
DA:293,0
LF:119
LH:112
BRDA:7,0,0,21426
BRDA:7,0,1,0
BRDA:7,1,0,21426
BRDA:7,1,1,21426
BRDA:7,2,0,0
BRDA:7,2,1,21426
BRDA:7,3,0,21426
BRDA:7,3,1,21426
BRDA:8,4,0,21426
BRDA:8,4,1,0
BRDA:8,5,0,21426
BRDA:8,5,1,21426
BRDA:8,6,0,0
BRDA:8,6,1,21426
BRDA:8,7,0,21426
BRDA:8,7,1,21426
BRDA:37,8,0,16
BRDA:105,9,0,132
BRDA:118,10,0,7
BRDA:128,11,0,345
BRDA:128,11,1,434
BRDA:157,12,0,6
BRDA:157,13,0,6
BRDA:157,14,0,6
BRDA:158,15,0,27
BRDA:160,16,0,1158
BRDA:176,17,0,1
BRDA:177,18,0,1
BRDA:178,19,0,1
BRDA:181,20,0,1
BRDA:182,21,0,16
BRDA:184,22,0,0
BRDA:187,23,0,16
BRDA:190,24,0,35
BRDA:190,24,1,11
BRDA:195,25,0,1155
BRDA:196,26,0,1155
BRDA:196,26,1,13
BRDA:198,27,0,0
BRDA:199,28,0,8
BRDA:199,28,1,5
BRDA:228,29,0,695
BRDA:228,30,0,695
BRDA:229,31,0,677
BRDA:233,32,0,18
BRDA:234,33,0,0
BRDA:239,34,0,18
BRDA:240,35,0,4
BRDA:248,36,0,3529
BRDA:248,37,0,3529
BRDA:249,38,0,3493
BRDA:253,39,0,36
BRDA:254,40,0,0
BRDA:259,41,0,36
BRDA:260,42,0,7
BRDA:268,43,0,14183
BRDA:268,44,0,14183
BRDA:269,45,0,14122
BRDA:273,46,0,61
BRDA:274,47,0,0
BRDA:279,48,0,61
BRDA:280,49,0,0
BRF:62
BRH:52
end_of_record
TN:
SF:src/core/Superblock.ts
FN:41,(anonymous_0)
FN:47,(anonymous_1)
FN:91,(anonymous_2)
FN:509,(anonymous_3)
FN:520,(anonymous_4)
FN:540,(anonymous_5)
FN:562,(anonymous_6)
FN:576,(anonymous_7)
FN:600,(anonymous_8)
FN:613,(anonymous_9)
FN:639,(anonymous_10)
FN:689,(anonymous_11)
FN:705,(anonymous_12)
FN:738,(anonymous_13)
FN:744,(anonymous_14)
FN:766,(anonymous_15)
FN:108,(anonymous_16)
FN:127,(anonymous_17)
FN:137,(anonymous_18)
FN:147,(anonymous_19)
FN:152,(anonymous_20)
FN:158,(anonymous_21)
FN:192,(anonymous_22)
FN:264,(anonymous_23)
FN:269,(anonymous_24)
FN:274,(anonymous_25)
FN:281,(anonymous_26)
FN:285,(anonymous_27)
FN:292,(anonymous_28)
FN:299,(anonymous_29)
FN:303,(anonymous_30)
FN:313,(anonymous_31)
FN:317,(anonymous_32)
FN:324,(anonymous_33)
FN:366,(anonymous_34)
FN:387,(anonymous_35)
FN:402,(anonymous_36)
FN:406,(anonymous_37)
FN:419,(anonymous_38)
FN:423,(anonymous_39)
FN:469,(anonymous_40)
FN:759,(anonymous_41)
FN:772,(anonymous_42)
FNF:43
FNH:41
FNDA:378,(anonymous_0)
FNDA:262,(anonymous_1)
FNDA:868,(anonymous_2)
FNDA:1726,(anonymous_3)
FNDA:1147,(anonymous_4)
FNDA:53,(anonymous_5)
FNDA:5,(anonymous_6)
FNDA:5,(anonymous_7)
FNDA:10,(anonymous_8)
FNDA:89,(anonymous_9)
FNDA:64,(anonymous_10)
FNDA:182,(anonymous_11)
FNDA:1025,(anonymous_12)
FNDA:22,(anonymous_13)
FNDA:35,(anonymous_14)
FNDA:1599,(anonymous_15)
FNDA:2023,(anonymous_16)
FNDA:45,(anonymous_17)
FNDA:3001,(anonymous_18)
FNDA:1659,(anonymous_19)
FNDA:3001,(anonymous_20)
FNDA:9,(anonymous_21)
FNDA:9692,(anonymous_22)
FNDA:3,(anonymous_23)
FNDA:872,(anonymous_24)
FNDA:1800,(anonymous_25)
FNDA:7017,(anonymous_26)
FNDA:1,(anonymous_27)
FNDA:22,(anonymous_28)
FNDA:0,(anonymous_29)
FNDA:329,(anonymous_30)
FNDA:3321,(anonymous_31)
FNDA:3321,(anonymous_32)
FNDA:229,(anonymous_33)
FNDA:85,(anonymous_34)
FNDA:702,(anonymous_35)
FNDA:263,(anonymous_36)
FNDA:3,(anonymous_37)
FNDA:0,(anonymous_38)
FNDA:1677,(anonymous_39)
FNDA:1726,(anonymous_40)
FNDA:1595,(anonymous_41)
FNDA:1097,(anonymous_42)
DA:1,62
DA:2,62
DA:3,62
DA:4,62
DA:5,62
DA:6,62
DA:7,62
DA:8,62
DA:9,62
DA:10,62
DA:11,62
DA:18,62
DA:33,62
DA:40,62
DA:42,378
DA:43,378
DA:44,378
DA:48,262
DA:49,262
DA:50,262
DA:60,62
DA:70,868
DA:73,868
DA:76,868
DA:79,868
DA:83,868
DA:86,868
DA:89,868
DA:92,868
DA:93,868
DA:95,868
DA:97,868
DA:98,868
DA:100,868
DA:101,868
DA:103,868
DA:109,2023
DA:110,871
DA:113,1152
DA:114,0
DA:118,1152
DA:121,1152
DA:122,1152
DA:123,1152
DA:124,1152
DA:128,45
DA:129,45
DA:130,45
DA:132,45
DA:134,0
DA:138,3001
DA:140,3001
DA:142,3001
DA:143,3001
DA:148,1659
DA:149,1659
DA:153,3001
DA:154,3001
DA:155,3001
DA:159,9
DA:160,9
DA:161,9
DA:201,9692
DA:202,0
DA:203,0
DA:204,9692
DA:205,7949
DA:206,7949
DA:208,1743
DA:209,1743
DA:212,9692
DA:213,9692
DA:214,9692
DA:215,13551
DA:217,13551
DA:218,13549
DA:219,56
DA:222,2
DA:225,13494
DA:228,13494
DA:229,2063
DA:230,733
DA:232,11431
DA:236,11431
DA:237,75
DA:241,75
DA:242,75
DA:243,75
DA:244,75
DA:250,11356
DA:253,5
DA:254,5
DA:257,11351
DA:260,7567
DA:265,3
DA:270,872
DA:275,1800
DA:282,7017
DA:286,1
DA:293,22
DA:294,21
DA:295,21
DA:300,0
DA:304,329
DA:307,329
DA:308,329
DA:309,328
DA:310,328
DA:314,3321
DA:318,3321
DA:319,3313
DA:320,3313
DA:321,3308
DA:325,229
DA:327,229
DA:329,229
DA:330,1
DA:331,1
DA:334,229
DA:335,723
DA:336,452
DA:338,271
DA:340,271
DA:342,271
DA:343,0
DA:345,271
DA:346,271
DA:347,127
DA:348,127
DA:349,127
DA:350,144
DA:351,144
DA:355,229
DA:357,229
DA:359,229
DA:360,46
DA:363,229
DA:367,85
DA:369,85
DA:370,7
DA:371,7
DA:372,8
DA:373,8
DA:374,8
DA:375,7
DA:378,78
DA:381,85
DA:382,85
DA:383,84
DA:388,702
DA:389,930
DA:390,930
DA:391,930
DA:392,755
DA:393,755
DA:394,755
DA:395,755
DA:397,175
DA:403,263
DA:407,3
DA:408,3
DA:409,3
DA:410,3
DA:411,3
DA:412,3
DA:414,3
DA:415,3
DA:420,0
DA:424,1677
DA:426,0
DA:433,1677
DA:434,1677
DA:436,1677
DA:439,1677
DA:440,5
DA:441,4
DA:443,1672
DA:448,1673
DA:449,460
DA:450,7
DA:454,1666
DA:455,1258
DA:456,7
DA:460,1659
DA:461,1659
DA:462,1659
DA:464,1659
DA:466,1659
DA:475,1726
DA:477,1726
DA:478,1726
DA:483,542
DA:488,1194
DA:489,1155
DA:490,1155
DA:491,1153
DA:494,1153
DA:495,1153
DA:499,1145
DA:501,1145
DA:502,39
DA:505,1677
DA:506,0
DA:509,868
DA:515,1726
DA:516,1659
DA:517,1659
DA:520,868
DA:521,1147
DA:523,1147
DA:524,1136
DA:525,1121
DA:526,1121
DA:527,1121
DA:528,1121
DA:529,1121
DA:530,1092
DA:531,1091
DA:532,1091
DA:533,1091
DA:536,1121
DA:540,868
DA:547,53
DA:548,2
DA:550,51
DA:551,50
DA:552,1
DA:554,49
DA:562,868
DA:563,5
DA:564,4
DA:565,4
DA:566,4
DA:567,4
DA:568,11
DA:569,11
DA:570,11
DA:571,11
DA:573,4
DA:576,868
DA:578,5
DA:579,5
DA:581,1
DA:582,1
DA:584,4
DA:586,4
DA:587,4
DA:590,0
DA:591,0
DA:593,4
DA:594,4
DA:595,4
DA:596,4
DA:597,4
DA:600,868
DA:601,10
DA:603,9
DA:604,9
DA:605,9
DA:606,9
DA:608,9
DA:609,9
DA:613,868
DA:614,89
DA:617,89
DA:618,89
DA:621,0
DA:622,0
DA:624,89
DA:626,89
DA:630,88
DA:631,88
DA:632,0
DA:634,88
DA:635,88
DA:636,88
DA:639,868
DA:641,64
DA:642,64
DA:645,5
DA:646,5
DA:653,59
DA:654,59
DA:657,0
DA:658,0
DA:665,59
DA:666,59
DA:669,59
DA:670,59
DA:671,59
DA:677,6
DA:680,53
DA:683,53
DA:684,53
DA:685,53
DA:686,53
DA:689,868
DA:690,182
DA:692,182
DA:693,181
DA:695,180
DA:696,180
DA:697,178
DA:698,178
DA:699,176
DA:705,868
DA:706,1025
DA:707,1025
DA:708,1025
DA:709,1025
DA:711,1025
DA:712,1739
DA:713,1738
DA:715,1024
DA:716,0
DA:717,0
DA:722,1024
DA:724,1023
DA:725,708
DA:726,708
DA:728,708
DA:730,0
DA:732,704
DA:733,704
DA:735,1019
DA:738,868
DA:739,22
DA:740,21
DA:741,17
DA:744,868
DA:747,35
DA:748,35
DA:751,8
DA:752,6
DA:754,27
DA:755,23
DA:756,19
DA:760,1595
DA:761,1595
DA:762,1595
DA:763,1595
DA:766,868
DA:767,1599
DA:768,1598
DA:769,1595
DA:773,1097
DA:774,1096
DA:775,0
DA:777,1096
LF:349
LH:329
BRDA:18,0,0,62
BRDA:18,0,1,0
BRDA:91,1,0,868
BRDA:513,2,0,1141
BRDA:516,3,0,0
BRDA:523,4,0,11
BRDA:523,4,1,1136
BRDA:527,5,0,7
BRDA:527,5,1,1114
BRDA:533,6,0,1084
BRDA:536,7,0,1110
BRDA:547,8,0,2
BRDA:551,9,0,1
BRDA:558,10,0,13
BRDA:558,10,1,36
BRDA:558,11,0,49
BRDA:558,11,1,49
BRDA:564,12,0,3
BRDA:564,12,1,1
BRDA:564,13,0,4
BRDA:564,13,1,3
BRDA:565,14,0,0
BRDA:571,15,0,2
BRDA:581,16,0,1
BRDA:590,17,0,0
BRDA:594,18,0,0
BRDA:603,19,0,0
BRDA:608,20,0,9
BRDA:621,21,0,0
BRDA:626,22,0,1
BRDA:631,23,0,0
BRDA:631,24,0,88
BRDA:631,24,1,88
BRDA:645,25,0,5
BRDA:657,26,0,0
BRDA:666,27,0,0
BRDA:671,28,0,6
BRDA:672,29,0,59
BRDA:672,29,1,59
BRDA:672,29,2,57
BRDA:672,29,3,55
BRDA:692,30,0,1
BRDA:696,31,0,2
BRDA:698,32,0,2
BRDA:698,33,0,178
BRDA:698,33,1,177
BRDA:713,34,0,1024
BRDA:715,35,0,0
BRDA:726,36,0,708
BRDA:726,36,1,0
BRDA:728,37,0,4
BRDA:728,38,0,708
BRDA:728,38,1,706
BRDA:735,39,0,528
BRDA:735,39,1,491
BRDA:738,40,0,0
BRDA:740,41,0,4
BRDA:740,42,0,21
BRDA:740,42,1,13
BRDA:744,43,0,28
BRDA:744,44,0,22
BRDA:751,45,0,2
BRDA:751,45,1,6
BRDA:751,46,0,8
BRDA:751,46,1,4
BRDA:754,47,0,4
BRDA:754,48,0,27
BRDA:754,48,1,17
BRDA:755,49,0,4
BRDA:755,50,0,0
BRDA:755,50,1,23
BRDA:755,51,0,23
BRDA:755,51,1,23
BRDA:108,52,0,876
BRDA:109,53,0,871
BRDA:113,54,0,0
BRDA:118,55,0,1145
BRDA:118,55,1,7
BRDA:118,56,0,1152
BRDA:118,56,1,1152
BRDA:118,57,0,2
BRDA:118,57,1,5
BRDA:121,58,0,1152
BRDA:121,58,1,1145
BRDA:122,59,0,2
BRDA:122,59,1,1150
BRDA:122,60,0,2
BRDA:122,60,1,1148
BRDA:129,61,0,45
BRDA:140,62,0,0
BRDA:140,62,1,3001
BRDA:149,63,0,918
BRDA:149,63,1,741
BRDA:194,64,0,0
BRDA:195,65,0,0
BRDA:196,66,0,0
BRDA:201,67,0,0
BRDA:201,67,1,9692
BRDA:204,68,0,7949
BRDA:204,68,1,1743
BRDA:217,69,0,13549
BRDA:217,69,1,2
BRDA:218,70,0,56
BRDA:218,71,0,13549
BRDA:218,71,1,11941
BRDA:222,72,0,1
BRDA:225,73,0,11431
BRDA:225,73,1,2063
BRDA:225,74,0,13494
BRDA:225,74,1,13494
BRDA:228,75,0,2063
BRDA:229,76,0,1330
BRDA:229,76,1,733
BRDA:232,77,0,0
BRDA:232,77,1,11431
BRDA:232,78,0,11431
BRDA:232,78,1,11431
BRDA:236,79,0,75
BRDA:236,80,0,11431
BRDA:236,80,1,154
BRDA:236,80,2,80
BRDA:237,81,0,58
BRDA:237,81,1,17
BRDA:250,82,0,5
BRDA:250,83,0,11356
BRDA:250,83,1,10484
BRDA:250,83,2,3212
BRDA:253,84,0,1
BRDA:253,84,1,4
BRDA:294,85,0,0
BRDA:305,86,0,89
BRDA:305,86,1,240
BRDA:309,87,0,0
BRDA:318,88,0,8
BRDA:320,89,0,5
BRDA:324,90,0,0
BRDA:324,91,0,0
BRDA:329,92,0,1
BRDA:335,93,0,452
BRDA:335,94,0,723
BRDA:335,94,1,497
BRDA:342,95,0,0
BRDA:346,96,0,127
BRDA:346,96,1,144
BRDA:348,97,0,0
BRDA:349,98,0,2
BRDA:349,98,1,125
BRDA:350,99,0,144
BRDA:357,100,0,0
BRDA:359,101,0,46
BRDA:359,102,0,229
BRDA:359,102,1,148
BRDA:366,103,0,4
BRDA:366,104,0,4
BRDA:366,105,0,4
BRDA:369,106,0,7
BRDA:369,106,1,78
BRDA:370,107,0,5
BRDA:374,108,0,1
BRDA:381,109,0,1
BRDA:382,110,0,0
BRDA:382,110,1,85
BRDA:387,111,0,394
BRDA:391,112,0,755
BRDA:391,112,1,175
BRDA:391,113,0,930
BRDA:391,113,1,179
BRDA:423,114,0,0
BRDA:424,115,0,0
BRDA:434,116,0,1674
BRDA:439,117,0,5
BRDA:439,117,1,1672
BRDA:440,118,0,4
BRDA:443,119,0,0
BRDA:448,120,0,460
BRDA:449,121,0,7
BRDA:454,122,0,1258
BRDA:455,123,0,7
BRDA:464,124,0,1153
BRDA:473,125,0,0
BRDA:478,126,0,1723
BRDA:478,126,1,3
BRDA:483,127,0,10
BRDA:483,128,0,542
BRDA:483,128,1,542
BRDA:483,128,2,90
BRDA:488,129,0,1155
BRDA:488,129,1,39
BRDA:488,130,0,1194
BRDA:488,130,1,1159
BRDA:494,131,0,0
BRDA:495,132,0,8
BRDA:495,133,0,1153
BRDA:495,133,1,1153
BRDA:499,134,0,1145
BRDA:499,134,1,0
BRDA:499,135,0,1145
BRDA:499,135,1,1145
BRDA:505,136,0,1677
BRDA:760,137,0,0
BRDA:774,138,0,0
BRDA:777,139,0,7
BRDA:777,139,1,1089
BRDA:777,140,0,1096
BRDA:777,140,1,1096
BRF:205
BRH:168
end_of_record
TN:
SF:src/core/index.ts
FN:3,(anonymous_0)
FN:4,(anonymous_1)
FN:5,(anonymous_2)
FN:6,(anonymous_3)
FNF:4
FNH:2
FNDA:0,(anonymous_0)
FNDA:11,(anonymous_1)
FNDA:0,(anonymous_2)
FNDA:818,(anonymous_3)
DA:1,62
DA:2,62
DA:3,62
DA:4,73
DA:5,62
DA:6,880
LF:6
LH:6
BRF:0
BRH:0
end_of_record
TN:
SF:src/core/json.ts
FN:15,(anonymous_0)
FN:17,flatten
FNF:2
FNH:2
FNDA:263,(anonymous_0)
FNDA:444,flatten
DA:1,62
DA:2,62
DA:4,62
DA:15,62
DA:16,263
DA:18,444
DA:19,643
DA:21,643
DA:22,643
DA:23,320
DA:24,323
DA:26,181
DA:30,142
DA:34,263
DA:35,263
LF:15
LH:15
BRDA:4,0,0,62
BRDA:4,0,1,0
BRDA:22,1,0,320
BRDA:22,1,1,323
BRDA:22,2,0,643
BRDA:22,2,1,324
BRDA:24,3,0,181
BRDA:24,3,1,142
BRDA:24,4,0,323
BRDA:24,4,1,323
BRDA:24,4,2,187
BRF:11
BRH:10
end_of_record
TN:
SF:src/core/util.ts
FN:14,(anonymous_0)
FN:19,(anonymous_1)
FN:26,(anonymous_2)
FN:33,(anonymous_3)
FN:43,(anonymous_4)
FN:46,(anonymous_5)
FN:51,(anonymous_6)
FN:58,isFd
FN:62,validateFd
FN:66,dataToBuffer
FNF:10
FNH:5
FNDA:0,(anonymous_0)
FNDA:0,(anonymous_1)
FNDA:0,(anonymous_2)
FNDA:0,(anonymous_3)
FNDA:12456,(anonymous_4)
FNDA:0,(anonymous_5)
FNDA:11526,(anonymous_6)
FNDA:5198,isFd
FNDA:1806,validateFd
FNDA:1162,dataToBuffer
DA:1,62
DA:2,62
DA:3,62
DA:4,62
DA:5,62
DA:7,62
DA:9,62
DA:10,62
DA:14,62
DA:15,0
DA:16,0
DA:19,62
DA:20,0
DA:21,0
DA:22,0
DA:23,0
DA:26,62
DA:27,0
DA:28,0
DA:29,0
DA:30,0
DA:33,62
DA:34,0
DA:35,0
DA:36,0
DA:38,0
DA:43,12456
DA:44,62
DA:45,0
DA:46,0
DA:49,62
DA:51,62
DA:52,11526
DA:53,11526
DA:54,11526
DA:55,9641
DA:58,62
DA:59,5198
DA:62,62
DA:63,1806
DA:66,62
DA:67,1162
DA:68,1092
DA:69,1041
LF:44
LH:28
BRDA:10,0,0,62
BRDA:10,0,1,0
BRDA:16,1,0,0
BRDA:16,1,1,0
BRDA:16,1,2,0
BRDA:16,1,3,0
BRDA:21,2,0,0
BRDA:27,3,0,0
BRDA:29,4,0,0
BRDA:33,5,0,0
BRDA:34,6,0,0
BRDA:43,7,0,11526
BRDA:44,8,0,0
BRDA:54,9,0,1885
BRDA:63,10,0,2
BRDA:66,11,0,830
BRDA:67,12,0,70
BRDA:67,12,1,1092
BRDA:68,13,0,51
BRDA:68,13,1,1041
BRF:20
BRH:9
end_of_record
TN:
SF:src/fsa/CoreFileSystemDirectoryHandle.ts
FN:35,(anonymous_0)
FN:52,(anonymous_1)
FN:69,(anonymous_3)
FN:96,(anonymous_5)
FN:110,(anonymous_7)
FN:160,(anonymous_8)
FN:207,(anonymous_9)
FN:247,(anonymous_10)
FN:267,(anonymous_11)
FNF:9
FNH:8
FNDA:66,(anonymous_0)
FNDA:8,(anonymous_1)
FNDA:5,(anonymous_3)
FNDA:1,(anonymous_5)
FNDA:17,(anonymous_7)
FNDA:35,(anonymous_8)
FNDA:6,(anonymous_9)
FNDA:4,(anonymous_10)
FNDA:0,(anonymous_11)
DA:1,4
DA:2,4
DA:11,4
DA:24,4
DA:25,4
DA:30,4
DA:36,66
DA:40,66
DA:41,66
DA:42,66
DA:43,66
DA:53,8
DA:54,8
DA:55,8
DA:56,8
DA:57,25
DA:58,9
DA:62,0
DA:70,5
DA:71,5
DA:72,5
DA:73,5
DA:74,5
DA:75,14
DA:76,4
DA:77,4
DA:78,4
DA:79,2
DA:80,2
DA:81,2
DA:86,0
DA:97,1
DA:114,17
DA:115,17
DA:116,17
DA:117,17
DA:118,17
DA:119,7
DA:120,7
DA:121,7
DA:123,10
DA:126,10
DA:127,10
DA:128,10
DA:129,10
DA:130,6
DA:131,5
DA:132,5
DA:133,5
DA:135,0
DA:136,0
DA:138,0
DA:141,4
DA:143,0
DA:144,0
DA:147,0
DA:161,35
DA:162,35
DA:163,35
DA:164,35
DA:165,35
DA:166,27
DA:167,27
DA:168,27
DA:170,8
DA:173,8
DA:174,8
DA:175,8
DA:176,8
DA:177,5
DA:178,4
DA:179,4
DA:180,4
DA:182,0
DA:183,0
DA:185,0
DA:188,3
DA:190,0
DA:191,0
DA:194,0
DA:208,6
DA:209,5
DA:210,5
DA:211,5
DA:212,5
DA:213,5
DA:214,5
DA:215,2
DA:216,3
DA:217,3
DA:219,0
DA:222,0
DA:223,0
DA:224,0
DA:226,0
DA:229,0
DA:231,0
DA:234,0
DA:248,4
DA:253,4
DA:255,3
DA:256,3
DA:257,3
DA:258,3
DA:259,3
DA:260,3
DA:261,3
DA:262,3
DA:264,0
DA:268,0
DA:269,0
DA:270,0
DA:272,0
DA:274,0
DA:277,0
LF:115
LH:86
BRDA:38,0,0,1
BRDA:43,1,0,52
BRDA:43,1,1,14
BRDA:57,2,0,9
BRDA:57,3,0,25
BRDA:57,3,1,17
BRDA:75,4,0,4
BRDA:75,5,0,14
BRDA:75,5,1,9
BRDA:75,5,2,4
BRDA:78,6,0,2
BRDA:78,6,1,2
BRDA:80,7,0,2
BRDA:118,8,0,7
BRDA:118,8,1,10
BRDA:120,9,0,0
BRDA:126,10,0,0
BRDA:127,11,0,10
BRDA:127,12,0,10
BRDA:127,12,1,10
BRDA:128,13,0,10
BRDA:128,14,0,10
BRDA:128,14,1,10
BRDA:129,15,0,6
BRDA:129,16,0,4
BRDA:129,16,1,6
BRDA:129,17,0,10
BRDA:129,17,1,10
BRDA:135,18,0,0
BRDA:135,19,0,0
BRDA:135,19,1,0
BRDA:135,19,2,0
BRDA:143,20,0,0
BRDA:165,21,0,27
BRDA:165,21,1,8
BRDA:167,22,0,0
BRDA:173,23,0,0
BRDA:174,24,0,8
BRDA:174,25,0,8
BRDA:174,25,1,8
BRDA:175,26,0,8
BRDA:175,27,0,8
BRDA:175,27,1,8
BRDA:176,28,0,5
BRDA:176,29,0,3
BRDA:176,29,1,5
BRDA:176,30,0,8
BRDA:176,30,1,8
BRDA:182,31,0,0
BRDA:182,32,0,0
BRDA:182,32,1,0
BRDA:182,32,2,0
BRDA:190,33,0,0
BRDA:207,34,0,4
BRDA:207,35,0,4
BRDA:214,36,0,2
BRDA:214,36,1,3
BRDA:216,37,0,3
BRDA:216,37,1,0
BRDA:222,38,0,0
BRDA:223,39,0,0
BRDA:223,40,0,0
BRDA:223,40,1,0
BRDA:224,41,0,0
BRDA:224,41,1,0
BRDA:224,41,2,0
BRDA:248,42,0,4
BRDA:249,43,0,4
BRDA:249,43,1,4
BRDA:253,44,0,1
BRDA:257,45,0,0
BRDA:259,46,0,0
BRDA:261,47,0,0
BRDA:268,48,0,0
BRDA:269,49,0,0
BRDA:269,50,0,0
BRDA:269,50,1,0
BRDA:270,51,0,0
BRDA:270,51,1,0
BRF:79
BRH:48
end_of_record
TN:
SF:src/fsa/CoreFileSystemFileHandle.ts
FN:18,(anonymous_0)
FN:34,(anonymous_1)
FN:68,(anonymous_2)
FN:70,(anonymous_3)
FN:76,(anonymous_4)
FNF:5
FNH:4
FNDA:33,(anonymous_0)
FNDA:13,(anonymous_1)
FNDA:3,(anonymous_2)
FNDA:0,(anonymous_3)
FNDA:6,(anonymous_4)
DA:1,4
DA:2,4
DA:3,4
DA:4,4
DA:15,4
DA:19,33
DA:20,33
DA:23,33
DA:24,33
DA:25,33
DA:35,13
DA:36,13
DA:37,13
DA:38,13
DA:40,13
DA:41,0
DA:45,13
DA:48,13
DA:49,13
DA:51,13
DA:52,13
DA:54,0
DA:55,0
DA:56,0
DA:58,0
DA:61,0
DA:69,3
DA:70,2
DA:79,6
DA:80,5
LF:30
LH:24
BRDA:21,0,0,0
BRDA:40,1,0,0
BRDA:45,2,0,13
BRDA:45,2,1,0
BRDA:54,3,0,0
BRDA:55,4,0,0
BRDA:55,5,0,0
BRDA:55,5,1,0
BRDA:56,6,0,0
BRDA:69,7,0,1
BRDA:77,8,0,5
BRDA:77,9,0,0
BRF:12
BRH:3
end_of_record
TN:
SF:src/fsa/CoreFileSystemHandle.ts
FN:13,(anonymous_0)
FN:26,(anonymous_1)
FN:35,(anonymous_2)
FN:54,(anonymous_3)
FN:61,(anonymous_4)
FNF:5
FNH:5
FNDA:99,(anonymous_0)
FNDA:3,(anonymous_1)
FNDA:4,(anonymous_2)
FNDA:1,(anonymous_3)
FNDA:1,(anonymous_4)
DA:1,4
DA:10,4
DA:14,99
DA:15,99
DA:18,99
DA:27,3
DA:39,4
DA:40,4
DA:43,4
DA:44,1
DA:48,3
DA:55,1
DA:64,1
LF:13
LH:13
BRDA:28,0,0,3
BRDA:28,0,1,2
BRDA:43,1,0,1
BRDA:43,2,0,4
BRDA:43,2,1,2
BRDA:54,3,0,1
BRF:6
BRH:6
end_of_record
TN:
SF:src/fsa/CoreFileSystemSyncAccessHandle.ts
FN:15,(anonymous_0)
FN:21,(anonymous_1)
FN:36,(anonymous_2)
FN:47,(anonymous_3)
FN:56,(anonymous_4)
FN:72,(anonymous_5)
FN:90,(anonymous_6)
FN:110,(anonymous_7)
FNF:8
FNH:0
FNDA:0,(anonymous_0)
FNDA:0,(anonymous_1)
FNDA:0,(anonymous_2)
FNDA:0,(anonymous_3)
FNDA:0,(anonymous_4)
FNDA:0,(anonymous_5)
FNDA:0,(anonymous_6)
FNDA:0,(anonymous_7)
DA:3,4
DA:5,4
DA:6,4
DA:11,4
DA:12,0
DA:13,0
DA:16,0
DA:17,0
DA:18,0
DA:22,0
DA:23,0
DA:25,0
DA:27,0
DA:28,0
DA:30,0
DA:37,0
DA:38,0
DA:39,0
DA:41,0
DA:48,0
DA:57,0
DA:58,0
DA:59,0
DA:60,0
DA:62,0
DA:63,0
DA:65,0
DA:73,0
DA:74,0
DA:76,0
DA:77,0
DA:78,0
DA:80,0
DA:81,0
DA:83,0
DA:91,0
DA:92,0
DA:95,0
DA:96,0
DA:97,0
DA:98,0
DA:100,0
DA:101,0
DA:103,0
DA:114,0
DA:115,0
DA:118,0
DA:119,0
DA:121,0
DA:122,0
DA:123,0
DA:125,0
DA:126,0
DA:128,0
LF:54
LH:4
BRDA:22,0,0,0
BRDA:25,1,0,0
BRDA:27,2,0,0
BRDA:27,2,1,0
BRDA:37,3,0,0
BRDA:62,4,0,0
BRDA:62,5,0,0
BRDA:62,5,1,0
BRDA:62,5,2,0
BRDA:72,6,0,0
BRDA:74,7,0,0
BRDA:80,8,0,0
BRDA:80,9,0,0
BRDA:80,9,1,0
BRDA:80,9,2,0
BRDA:91,10,0,0
BRDA:100,11,0,0
BRDA:100,12,0,0
BRDA:100,12,1,0
BRDA:100,12,2,0
BRDA:112,13,0,0
BRDA:114,14,0,0
BRDA:119,15,0,0
BRDA:125,16,0,0
BRDA:125,17,0,0
BRDA:125,17,1,0
BRDA:125,17,2,0
BRF:27
BRH:0
end_of_record
TN:
SF:src/fsa/CoreFileSystemWritableFileStream.ts
FN:23,(anonymous_0)
FN:27,(anonymous_1)
FN:39,(anonymous_2)
FN:42,(anonymous_3)
FN:48,(anonymous_4)
FN:64,(anonymous_5)
FN:74,(anonymous_6)
FN:95,(anonymous_7)
FN:99,(anonymous_8)
FN:150,(anonymous_9)
FN:154,(anonymous_10)
FNF:11
FNH:8
FNDA:5,(anonymous_0)
FNDA:5,(anonymous_1)
FNDA:0,(anonymous_2)
FNDA:4,(anonymous_3)
FNDA:0,(anonymous_4)
FNDA:1,(anonymous_5)
FNDA:0,(anonymous_6)
FNDA:5,(anonymous_7)
FNDA:5,(anonymous_8)
FNDA:5,(anonymous_9)
FNDA:5,(anonymous_10)
DA:3,4
DA:5,4
DA:6,4
DA:10,4
DA:16,4
DA:18,5
DA:19,5
DA:26,5
DA:29,5
DA:30,5
DA:31,5
DA:33,0
DA:34,0
DA:36,0
DA:40,0
DA:43,4
DA:44,4
DA:45,4
DA:49,0
DA:50,0
DA:51,0
DA:56,5
DA:57,5
DA:58,5
DA:65,1
DA:66,0
DA:68,1
DA:75,0
DA:76,0
DA:78,0
DA:79,0
DA:80,0
DA:81,0
DA:83,0
DA:84,0
DA:86,0
DA:96,5
DA:100,5
DA:101,0
DA:104,5
DA:105,0
DA:108,5
DA:109,5
DA:110,0
DA:111,0
DA:113,0
DA:114,0
DA:115,0
DA:116,0
DA:117,0
DA:118,0
DA:121,0
DA:124,0
DA:125,0
DA:127,0
DA:130,0
DA:131,0
DA:133,0
DA:138,5
DA:139,5
DA:140,5
DA:143,0
DA:144,0
DA:146,0
DA:151,5
DA:155,5
DA:156,5
DA:158,0
DA:159,0
DA:161,0
DA:162,0
DA:164,0
DA:165,0
DA:167,0
DA:170,0
DA:172,0
LF:76
LH:30
BRDA:10,0,0,0
BRDA:10,0,1,4
BRDA:23,1,0,0
BRDA:29,2,0,1
BRDA:29,2,1,4
BRDA:33,3,0,0
BRDA:33,4,0,0
BRDA:33,4,1,0
BRDA:33,4,2,0
BRDA:43,5,0,4
BRDA:43,6,0,4
BRDA:43,6,1,4
BRDA:49,7,0,0
BRDA:49,8,0,0
BRDA:49,8,1,0
BRDA:65,9,0,0
BRDA:75,10,0,0
BRDA:83,11,0,0
BRDA:83,12,0,0
BRDA:83,12,1,0
BRDA:83,12,2,0
BRDA:100,13,0,0
BRDA:104,14,0,0
BRDA:109,15,0,0
BRDA:109,15,1,5
BRDA:111,16,0,0
BRDA:111,16,1,0
BRDA:111,16,2,0
BRDA:113,17,0,0
BRDA:115,18,0,0
BRDA:115,18,1,0
BRDA:117,19,0,0
BRDA:124,20,0,0
BRDA:130,21,0,0
BRDA:143,22,0,0
BRDA:143,23,0,0
BRDA:143,23,1,0
BRDA:143,23,2,0
BRDA:151,24,0,5
BRDA:151,24,1,5
BRDA:151,24,2,0
BRDA:155,25,0,5
BRDA:158,26,0,0
BRDA:161,27,0,0
BRDA:164,28,0,0
BRDA:167,29,0,0
BRF:46
BRH:10
end_of_record
TN:
SF:src/fsa/CorePermissionStatus.ts
FN:10,(anonymous_0)
FNF:1
FNH:1
FNDA:4,(anonymous_0)
DA:6,4
DA:11,4
DA:12,4
LF:3
LH:3
BRDA:10,0,0,0
BRF:1
BRH:0
end_of_record
TN:
SF:src/fsa/index.ts
FN:16,(anonymous_0)
FN:33,(anonymous_1)
FNF:2
FNH:2
FNDA:7,(anonymous_0)
FNDA:2,(anonymous_1)
DA:1,1
DA:3,1
DA:5,1
DA:6,1
DA:7,1
DA:8,1
DA:9,1
DA:10,1
DA:11,1
DA:16,1
DA:21,7
DA:33,1
DA:34,2
DA:35,2
DA:36,2
LF:15
LH:15
BRDA:18,0,0,1
BRF:1
BRH:1
end_of_record
TN:
SF:src/fsa/util.ts
FN:6,(anonymous_0)
FN:15,(anonymous_1)
FN:23,(anonymous_2)
FN:28,(anonymous_3)
FN:36,(anonymous_4)
FN:42,(anonymous_5)
FN:45,(anonymous_6)
FNF:7
FNH:5
FNDA:99,(anonymous_0)
FNDA:99,(anonymous_1)
FNDA:57,(anonymous_2)
FNDA:23,(anonymous_3)
FNDA:7,(anonymous_4)
FNDA:0,(anonymous_5)
FNDA:0,(anonymous_6)
DA:6,4
DA:7,99
DA:15,4
DA:16,99
DA:17,99
DA:18,99
DA:21,4
DA:23,4
DA:24,57
DA:25,57
DA:28,4
DA:29,23
DA:30,4
DA:36,4
DA:37,7
DA:42,4
DA:43,0
DA:45,4
LF:18
LH:17
BRDA:6,0,0,0
BRDA:16,1,0,52
BRDA:18,2,0,50
BRDA:18,2,1,49
BRDA:24,3,0,57
BRDA:24,3,1,57
BRDA:25,4,0,0
BRDA:29,5,0,4
BRF:8
BRH:6
end_of_record
TN:
SF:src/fsa-to-node/FsaNodeCore.ts
FN:17,(anonymous_0)
FN:23,(anonymous_1)
FN:26,(anonymous_2)
FN:30,(anonymous_3)
FN:42,(anonymous_4)
FN:51,(anonymous_5)
FN:72,(anonymous_6)
FN:83,(anonymous_7)
FN:117,(anonymous_8)
FN:124,(anonymous_9)
FN:128,(anonymous_10)
FN:135,(anonymous_11)
FN:143,(anonymous_12)
FN:183,(anonymous_13)
FN:195,(anonymous_14)
FN:202,(anonymous_15)
FNF:16
FNH:12
FNDA:84,(anonymous_0)
FNDA:0,(anonymous_1)
FNDA:0,(anonymous_2)
FNDA:0,(anonymous_3)
FNDA:34,(anonymous_4)
FNDA:95,(anonymous_5)
FNDA:38,(anonymous_6)
FNDA:28,(anonymous_7)
FNDA:44,(anonymous_8)
FNDA:25,(anonymous_9)
FNDA:6,(anonymous_10)
FNDA:5,(anonymous_11)
FNDA:36,(anonymous_12)
FNDA:34,(anonymous_13)
FNDA:19,(anonymous_14)
FNDA:0,(anonymous_15)
DA:1,1
DA:2,1
DA:3,1
DA:5,1
DA:7,1
DA:11,1
DA:13,1
DA:14,1
DA:15,84
DA:18,84
DA:19,84
DA:21,84
DA:22,0
DA:24,0
DA:31,0
DA:32,0
DA:33,0
DA:40,84
DA:43,34
DA:44,34
DA:52,95
DA:53,95
DA:54,95
DA:55,95
DA:56,64
DA:59,6
DA:60,6
DA:62,2
DA:64,4
DA:67,0
DA:69,89
DA:78,38
DA:79,38
DA:80,37
DA:88,28
DA:89,26
DA:90,25
DA:91,25
DA:92,11
DA:94,14
DA:95,14
DA:97,9
DA:98,9
DA:100,0
DA:101,0
DA:103,0
DA:105,0
DA:110,5
DA:113,0
DA:118,44
DA:119,44
DA:120,44
DA:121,40
DA:125,25
DA:129,6
DA:130,0
DA:131,0
DA:132,0
DA:136,5
DA:137,5
DA:138,5
DA:139,5
DA:140,5
DA:144,36
DA:145,36
DA:146,36
DA:147,1
DA:148,1
DA:149,1
DA:152,1
DA:153,1
DA:154,1
DA:155,1
DA:157,0
DA:159,0
DA:162,1
DA:166,35
DA:167,35
DA:168,35
DA:169,34
DA:171,1
DA:172,1
DA:174,0
DA:176,1
DA:179,0
DA:189,34
DA:190,34
DA:191,34
DA:192,34
DA:196,19
DA:197,18
DA:198,18
DA:199,18
DA:203,0
DA:204,0
DA:205,0
DA:206,0
DA:208,0
LF:98
LH:75
BRDA:21,0,0,0
BRDA:32,1,0,0
BRDA:44,2,0,0
BRDA:44,2,1,34
BRDA:59,3,0,6
BRDA:59,4,0,6
BRDA:59,4,1,6
BRDA:60,5,0,2
BRDA:60,5,1,4
BRDA:89,6,0,1
BRDA:94,7,0,14
BRDA:94,8,0,14
BRDA:94,8,1,14
BRDA:95,9,0,9
BRDA:95,9,1,5
BRDA:100,10,0,0
BRDA:100,11,0,0
BRDA:100,11,1,0
BRDA:101,12,0,0
BRDA:101,12,1,0
BRDA:118,13,0,0
BRDA:120,14,0,4
BRDA:129,15,0,6
BRDA:136,16,0,0
BRDA:146,17,0,1
BRDA:152,18,0,1
BRDA:152,18,1,1
BRDA:152,18,2,1
BRDA:152,18,3,1
BRDA:153,19,0,1
BRDA:154,20,0,1
BRDA:154,21,0,1
BRDA:154,21,1,1
BRDA:155,22,0,0
BRDA:155,22,1,0
BRDA:171,23,0,1
BRDA:171,24,0,1
BRDA:171,24,1,1
BRDA:172,25,0,0
BRDA:172,25,1,1
BRDA:199,26,0,18
BRDA:203,27,0,0
BRDA:205,28,0,0
BRF:43
BRH:28
end_of_record
TN:
SF:src/fsa-to-node/FsaNodeDirent.ts
FN:4,(anonymous_0)
FN:9,(anonymous_1)
FN:13,(anonymous_2)
FN:17,(anonymous_3)
FN:21,(anonymous_4)
FN:25,(anonymous_5)
FN:29,(anonymous_6)
FN:33,(anonymous_7)
FNF:8
FNH:3
FNDA:3,(anonymous_0)
FNDA:3,(anonymous_1)
FNDA:1,(anonymous_2)
FNDA:0,(anonymous_3)
FNDA:0,(anonymous_4)
FNDA:0,(anonymous_5)
FNDA:0,(anonymous_6)
FNDA:0,(anonymous_7)
DA:3,1
DA:5,3
DA:6,3
DA:10,3
DA:14,1
DA:18,0
DA:22,0
DA:26,0
DA:30,0
DA:34,0
LF:10
LH:5
BRF:0
BRH:0
end_of_record
TN:
SF:src/fsa-to-node/FsaNodeFs.ts
FN:27,(anonymous_0)
FN:31,(anonymous_1)
FN:35,(anonymous_2)
FN:41,(anonymous_3)
FN:48,(anonymous_4)
FN:65,(anonymous_5)
FN:66,(anonymous_6)
FN:70,(anonymous_7)
FN:73,(anonymous_8)
FN:74,(anonymous_9)
FN:78,(anonymous_10)
FN:89,(anonymous_11)
FN:93,(anonymous_12)
FN:107,(anonymous_13)
FN:108,(anonymous_14)
FN:112,(anonymous_15)
FN:121,(anonymous_16)
FN:140,(anonymous_17)
FN:141,(anonymous_18)
FN:144,(anonymous_19)
FN:153,(anonymous_20)
FN:159,(anonymous_21)
FN:160,(anonymous_22)
FN:164,(anonymous_23)
FN:180,(anonymous_24)
FN:192,(anonymous_25)
FN:193,(anonymous_26)
FN:197,(anonymous_27)
FN:214,(anonymous_28)
FN:233,(anonymous_29)
FN:234,(anonymous_30)
FN:238,(anonymous_31)
FN:253,(anonymous_32)
FN:262,(anonymous_33)
FN:263,(anonymous_34)
FN:271,(anonymous_35)
FN:275,(anonymous_36)
FN:277,(anonymous_37)
FN:278,(anonymous_38)
FN:296,(anonymous_39)
FN:307,(anonymous_40)
FN:315,(anonymous_41)
FN:319,(anonymous_42)
FN:320,(anonymous_43)
FN:326,(anonymous_44)
FN:332,(anonymous_45)
FN:336,(anonymous_46)
FN:337,(anonymous_47)
FN:356,(anonymous_48)
FN:365,(anonymous_49)
FN:376,(anonymous_50)
FN:377,(anonymous_51)
FN:381,(anonymous_52)
FN:387,(anonymous_53)
FN:390,(anonymous_54)
FN:405,(anonymous_55)
FN:427,(anonymous_56)
FN:428,(anonymous_57)
FN:432,(anonymous_58)
FN:436,(anonymous_59)
FN:437,(anonymous_60)
FN:449,(anonymous_61)
FN:450,(anonymous_62)
FN:454,(anonymous_63)
FN:460,(anonymous_64)
FN:461,(anonymous_65)
FN:469,(anonymous_66)
FN:487,(anonymous_67)
FN:488,(anonymous_68)
FN:492,(anonymous_69)
FN:504,(anonymous_70)
FN:508,(anonymous_71)
FN:512,(anonymous_72)
FN:520,(anonymous_73)
FN:521,(anonymous_74)
FN:521,(anonymous_75)
FN:523,(anonymous_76)
FN:524,(anonymous_77)
FN:528,(anonymous_78)
FN:535,(anonymous_79)
FN:538,(anonymous_80)
FN:539,(anonymous_81)
FN:546,(anonymous_82)
FN:555,(anonymous_83)
FN:564,(anonymous_84)
FN:576,(anonymous_85)
FN:578,(anonymous_86)
FN:579,(anonymous_87)
FN:594,(anonymous_88)
FN:603,(anonymous_89)
FN:621,(anonymous_90)
FN:631,(anonymous_91)
FN:631,(anonymous_92)
FN:632,(anonymous_93)
FN:634,(anonymous_94)
FN:635,(anonymous_95)
FN:655,(anonymous_96)
FN:664,(anonymous_97)
FN:666,(anonymous_98)
FN:667,(anonymous_99)
FN:691,(anonymous_100)
FN:699,(anonymous_101)
FN:707,(anonymous_102)
FN:715,(anonymous_103)
FN:724,(anonymous_104)
FN:733,(anonymous_105)
FN:742,(anonymous_106)
FN:759,(anonymous_107)
FN:760,(anonymous_108)
FN:760,(anonymous_109)
FN:762,(anonymous_110)
FN:763,(anonymous_111)
FN:763,(anonymous_112)
FN:769,(anonymous_113)
FN:816,(anonymous_114)
FN:831,(anonymous_115)
FN:836,(anonymous_116)
FN:846,(anonymous_117)
FN:859,(anonymous_118)
FN:873,(anonymous_119)
FN:886,(anonymous_120)
FN:889,(anonymous_121)
FN:894,(anonymous_122)
FN:903,(anonymous_123)
FN:914,(anonymous_124)
FN:924,(anonymous_125)
FN:930,(anonymous_126)
FN:936,(anonymous_127)
FN:946,(anonymous_128)
FN:957,(anonymous_129)
FN:967,(anonymous_130)
FN:973,(anonymous_131)
FN:978,(anonymous_132)
FN:983,(anonymous_133)
FN:1005,(anonymous_134)
FN:1015,(anonymous_135)
FN:1031,(anonymous_136)
FN:1044,(anonymous_137)
FN:1058,(anonymous_138)
FN:341,(anonymous_139)
FN:609,(anonymous_140)
FN:610,(anonymous_141)
FN:616,(anonymous_142)
FN:617,(anonymous_143)
FNF:144
FNH:90
FNDA:0,(anonymous_0)
FNDA:0,(anonymous_1)
FNDA:0,(anonymous_2)
FNDA:84,(anonymous_3)
FNDA:15,(anonymous_4)
FNDA:15,(anonymous_5)
FNDA:0,(anonymous_6)
FNDA:16,(anonymous_7)
FNDA:16,(anonymous_8)
FNDA:0,(anonymous_9)
FNDA:2,(anonymous_10)
FNDA:0,(anonymous_11)
FNDA:2,(anonymous_12)
FNDA:2,(anonymous_13)
FNDA:0,(anonymous_14)
FNDA:4,(anonymous_15)
FNDA:4,(anonymous_16)
FNDA:3,(anonymous_17)
FNDA:1,(anonymous_18)
FNDA:3,(anonymous_19)
FNDA:3,(anonymous_20)
FNDA:3,(anonymous_21)
FNDA:0,(anonymous_22)
FNDA:1,(anonymous_23)
FNDA:1,(anonymous_24)
FNDA:1,(anonymous_25)
FNDA:0,(anonymous_26)
FNDA:4,(anonymous_27)
FNDA:4,(anonymous_28)
FNDA:2,(anonymous_29)
FNDA:2,(anonymous_30)
FNDA:1,(anonymous_31)
FNDA:1,(anonymous_32)
FNDA:1,(anonymous_33)
FNDA:0,(anonymous_34)
FNDA:3,(anonymous_35)
FNDA:3,(anonymous_36)
FNDA:1,(anonymous_37)
FNDA:2,(anonymous_38)
FNDA:1,(anonymous_39)
FNDA:11,(anonymous_40)
FNDA:11,(anonymous_41)
FNDA:7,(anonymous_42)
FNDA:4,(anonymous_43)
FNDA:7,(anonymous_44)
FNDA:7,(anonymous_45)
FNDA:5,(anonymous_46)
FNDA:2,(anonymous_47)
FNDA:1,(anonymous_48)
FNDA:1,(anonymous_49)
FNDA:1,(anonymous_50)
FNDA:0,(anonymous_51)
FNDA:8,(anonymous_52)
FNDA:8,(anonymous_53)
FNDA:18,(anonymous_54)
FNDA:18,(anonymous_55)
FNDA:11,(anonymous_56)
FNDA:7,(anonymous_57)
FNDA:5,(anonymous_58)
FNDA:5,(anonymous_59)
FNDA:5,(anonymous_60)
FNDA:5,(anonymous_61)
FNDA:0,(anonymous_62)
FNDA:2,(anonymous_63)
FNDA:2,(anonymous_64)
FNDA:2,(anonymous_65)
FNDA:2,(anonymous_66)
FNDA:2,(anonymous_67)
FNDA:0,(anonymous_68)
FNDA:0,(anonymous_69)
FNDA:0,(anonymous_70)
FNDA:0,(anonymous_71)
FNDA:2,(anonymous_72)
FNDA:2,(anonymous_73)
FNDA:2,(anonymous_74)
FNDA:2,(anonymous_75)
FNDA:2,(anonymous_76)
FNDA:0,(anonymous_77)
FNDA:1,(anonymous_78)
FNDA:1,(anonymous_79)
FNDA:1,(anonymous_80)
FNDA:0,(anonymous_81)
FNDA:0,(anonymous_82)
FNDA:0,(anonymous_83)
FNDA:7,(anonymous_84)
FNDA:5,(anonymous_85)
FNDA:5,(anonymous_86)
FNDA:2,(anonymous_87)
FNDA:1,(anonymous_88)
FNDA:1,(anonymous_89)
FNDA:4,(anonymous_90)
FNDA:3,(anonymous_91)
FNDA:3,(anonymous_92)
FNDA:3,(anonymous_93)
FNDA:2,(anonymous_94)
FNDA:1,(anonymous_95)
FNDA:7,(anonymous_96)
FNDA:4,(anonymous_97)
FNDA:3,(anonymous_98)
FNDA:3,(anonymous_99)
FNDA:0,(anonymous_100)
FNDA:0,(anonymous_101)
FNDA:0,(anonymous_102)
FNDA:0,(anonymous_103)
FNDA:0,(anonymous_104)
FNDA:0,(anonymous_105)
FNDA:14,(anonymous_106)
FNDA:10,(anonymous_107)
FNDA:10,(anonymous_108)
FNDA:10,(anonymous_109)
FNDA:0,(anonymous_110)
FNDA:0,(anonymous_111)
FNDA:0,(anonymous_112)
FNDA:6,(anonymous_113)
FNDA:0,(anonymous_114)
FNDA:0,(anonymous_115)
FNDA:0,(anonymous_116)
FNDA:0,(anonymous_117)
FNDA:0,(anonymous_118)
FNDA:0,(anonymous_119)
FNDA:0,(anonymous_120)
FNDA:0,(anonymous_121)
FNDA:0,(anonymous_122)
FNDA:0,(anonymous_123)
FNDA:0,(anonymous_124)
FNDA:0,(anonymous_125)
FNDA:0,(anonymous_126)
FNDA:0,(anonymous_127)
FNDA:0,(anonymous_128)
FNDA:0,(anonymous_129)
FNDA:0,(anonymous_130)
FNDA:0,(anonymous_131)
FNDA:0,(anonymous_132)
FNDA:0,(anonymous_133)
FNDA:1,(anonymous_134)
FNDA:0,(anonymous_135)
FNDA:0,(anonymous_136)
FNDA:0,(anonymous_137)
FNDA:0,(anonymous_138)
FNDA:12,(anonymous_139)
FNDA:2,(anonymous_140)
FNDA:2,(anonymous_141)
FNDA:2,(anonymous_142)
FNDA:0,(anonymous_143)
DA:1,1
DA:2,1
DA:3,1
DA:4,1
DA:5,1
DA:6,1
DA:7,1
DA:9,1
DA:11,1
DA:12,1
DA:13,1
DA:15,1
DA:16,1
DA:17,1
DA:18,1
DA:19,1
DA:27,1
DA:28,0
DA:31,1
DA:32,0
DA:35,1
DA:41,1
DA:44,84
DA:48,84
DA:54,15
DA:55,15
DA:56,15
DA:57,6
DA:58,6
DA:60,15
DA:61,15
DA:62,15
DA:63,15
DA:64,15
DA:65,15
DA:66,0
DA:70,84
DA:71,16
DA:72,16
DA:73,16
DA:74,0
DA:78,84
DA:86,2
DA:88,2
DA:89,0
DA:90,0
DA:93,2
DA:94,2
DA:95,2
DA:96,2
DA:97,2
DA:98,2
DA:100,2
DA:103,2
DA:104,2
DA:105,2
DA:107,2
DA:108,0
DA:112,84
DA:117,4
DA:120,4
DA:121,4
DA:122,4
DA:123,4
DA:124,4
DA:125,4
DA:126,1
DA:127,1
DA:129,4
DA:130,3
DA:131,3
DA:132,3
DA:134,4
DA:135,4
DA:136,4
DA:140,3
DA:141,1
DA:144,84
DA:152,3
DA:153,3
DA:154,3
DA:155,3
DA:156,3
DA:157,3
DA:159,3
DA:160,0
DA:164,84
DA:170,1
DA:171,1
DA:173,1
DA:174,1
DA:176,0
DA:177,0
DA:179,1
DA:180,1
DA:181,1
DA:182,1
DA:183,1
DA:184,1
DA:185,2
DA:186,2
DA:187,2
DA:188,2
DA:190,1
DA:192,1
DA:193,0
DA:197,84
DA:203,4
DA:204,4
DA:205,4
DA:206,1
DA:207,1
DA:209,4
DA:210,4
DA:211,4
DA:212,4
DA:213,4
DA:214,4
DA:215,4
DA:216,4
DA:217,4
DA:218,4
DA:219,4
DA:220,4
DA:222,2
DA:223,2
DA:224,2
DA:225,2
DA:227,4
DA:228,4
DA:229,4
DA:233,2
DA:234,2
DA:238,84
DA:239,1
DA:240,1
DA:243,1
DA:244,1
DA:245,1
DA:247,0
DA:248,0
DA:250,1
DA:251,1
DA:252,1
DA:253,1
DA:254,1
DA:255,1
DA:256,1
DA:257,1
DA:258,1
DA:259,1
DA:260,1
DA:262,1
DA:263,0
DA:271,84
DA:272,3
DA:273,3
DA:274,3
DA:275,3
DA:277,1
DA:279,2
DA:280,2
DA:282,1
DA:283,1
DA:286,1
DA:287,1
DA:291,0
DA:296,84
DA:301,1
DA:302,1
DA:303,1
DA:304,1
DA:307,84
DA:312,11
DA:313,11
DA:314,11
DA:315,11
DA:316,11
DA:317,7
DA:319,7
DA:320,4
DA:324,84
DA:326,84
DA:331,7
DA:332,7
DA:333,7
DA:334,5
DA:336,5
DA:337,2
DA:342,12
DA:343,12
DA:344,9
DA:345,9
DA:346,9
DA:348,12
DA:349,12
DA:356,84
DA:361,1
DA:362,1
DA:363,1
DA:364,1
DA:365,1
DA:366,1
DA:367,1
DA:368,1
DA:369,1
DA:370,1
DA:371,1
DA:372,1
DA:373,1
DA:374,1
DA:376,1
DA:377,0
DA:381,84
DA:385,8
DA:386,8
DA:387,8
DA:390,84
DA:395,18
DA:397,18
DA:398,18
DA:399,18
DA:401,0
DA:403,18
DA:404,18
DA:405,18
DA:406,18
DA:409,15
DA:410,15
DA:413,13
DA:414,13
DA:416,13
DA:417,6
DA:418,6
DA:420,6
DA:421,2
DA:427,11
DA:428,7
DA:432,84
DA:433,5
DA:434,5
DA:435,5
DA:437,5
DA:438,5
DA:439,5
DA:440,5
DA:445,5
DA:449,5
DA:450,0
DA:454,84
DA:455,2
DA:456,2
DA:457,2
DA:458,2
DA:459,2
DA:461,2
DA:462,2
DA:463,1
DA:464,7
DA:465,3
DA:466,3
DA:468,1
DA:469,1
DA:470,2
DA:471,2
DA:472,0
DA:474,1
DA:476,1
DA:478,7
DA:480,1
DA:482,1
DA:487,2
DA:488,0
DA:492,84
DA:497,0
DA:498,0
DA:499,0
DA:500,0
DA:504,84
DA:505,0
DA:508,84
DA:509,0
DA:512,84
DA:517,2
DA:518,2
DA:519,2
DA:520,2
DA:521,2
DA:523,2
DA:524,0
DA:528,84
DA:533,1
DA:534,1
DA:535,1
DA:536,1
DA:538,1
DA:539,1
DA:540,1
DA:546,84
DA:552,0
DA:555,84
DA:561,0
DA:564,84
DA:569,7
DA:570,7
DA:572,7
DA:573,7
DA:575,7
DA:576,5
DA:578,5
DA:580,2
DA:581,2
DA:583,0
DA:584,0
DA:585,0
DA:589,2
DA:594,84
DA:599,1
DA:600,1
DA:601,1
DA:602,1
DA:603,1
DA:604,1
DA:605,1
DA:610,2
DA:611,2
DA:612,10
DA:613,4
DA:616,2
DA:617,0
DA:621,84
DA:626,4
DA:627,4
DA:628,4
DA:629,4
DA:630,3
DA:631,3
DA:632,3
DA:634,2
DA:636,1
DA:637,1
DA:639,0
DA:640,0
DA:641,0
DA:644,1
DA:645,1
DA:646,1
DA:650,0
DA:655,84
DA:660,7
DA:661,7
DA:662,7
DA:663,6
DA:664,4
DA:666,3
DA:668,3
DA:669,1
DA:670,1
DA:672,2
DA:673,2
DA:675,0
DA:676,0
DA:677,0
DA:680,1
DA:681,1
DA:682,1
DA:686,1
DA:691,84
DA:696,0
DA:699,84
DA:704,0
DA:707,84
DA:712,0
DA:715,84
DA:721,0
DA:724,84
DA:730,0
DA:733,84
DA:739,0
DA:742,84
DA:746,14
DA:752,14
DA:753,14
DA:754,14
DA:755,14
DA:756,14
DA:757,14
DA:758,12
DA:759,11
DA:760,10
DA:762,11
DA:763,0
DA:766,12
DA:769,84
DA:773,6
DA:785,6
DA:786,6
DA:787,6
DA:788,6
DA:789,6
DA:790,6
DA:791,6
DA:794,84
DA:795,84
DA:796,84
DA:797,84
DA:798,84
DA:799,84
DA:800,84
DA:807,84
DA:808,84
DA:809,84
DA:811,84
DA:812,84
DA:816,84
DA:820,0
DA:821,0
DA:822,0
DA:823,0
DA:824,0
DA:825,0
DA:826,0
DA:829,84
DA:831,84
DA:832,0
DA:833,0
DA:836,84
DA:840,0
DA:841,0
DA:842,0
DA:843,0
DA:846,84
DA:850,0
DA:851,0
DA:852,0
DA:853,0
DA:854,0
DA:855,0
DA:856,0
DA:859,84
DA:864,0
DA:865,0
DA:866,0
DA:867,0
DA:868,0
DA:869,0
DA:870,0
DA:873,84
DA:878,0
DA:879,0
DA:880,0
DA:881,0
DA:882,0
DA:883,0
DA:886,84
DA:887,0
DA:888,0
DA:889,0
DA:890,0
DA:891,0
DA:894,84
DA:895,0
DA:896,0
DA:897,0
DA:899,0
DA:903,84
DA:908,0
DA:909,0
DA:910,0
DA:911,0
DA:914,84
DA:918,0
DA:919,0
DA:920,0
DA:921,0
DA:924,84
DA:925,0
DA:926,0
DA:927,0
DA:930,84
DA:931,0
DA:932,0
DA:933,0
DA:936,84
DA:940,0
DA:941,0
DA:942,0
DA:943,0
DA:946,84
DA:950,0
DA:951,0
DA:952,0
DA:953,0
DA:954,0
DA:957,84
DA:961,0
DA:962,0
DA:963,0
DA:964,0
DA:967,84
DA:968,0
DA:969,0
DA:970,0
DA:973,84
DA:974,0
DA:975,0
DA:978,84
DA:979,0
DA:980,0
DA:983,84
DA:987,0
DA:988,0
DA:989,0
DA:990,0
DA:991,0
DA:992,0
DA:993,0
DA:994,0
DA:996,0
DA:997,0
DA:998,0
DA:999,0
DA:1001,0
DA:1005,84
DA:1009,1
DA:1010,1
DA:1011,1
DA:1012,1
DA:1015,84
DA:1022,0
DA:1023,0
DA:1024,0
DA:1025,0
DA:1026,0
DA:1027,0
DA:1028,0
DA:1031,84
DA:1038,0
DA:1039,0
DA:1040,0
DA:1041,0
DA:1044,84
DA:1049,0
DA:1050,0
DA:1051,0
DA:1052,0
DA:1053,0
DA:1054,0
DA:1055,0
DA:1058,84
DA:1063,0
DA:1064,0
DA:1065,0
DA:1066,0
DA:1067,0
DA:1069,0
DA:1072,84
DA:1073,84
DA:1074,84
DA:1075,84
DA:1076,84
DA:1077,84
DA:1078,84
DA:1079,84
DA:1080,84
DA:1081,84
DA:1082,84
DA:1084,84
DA:1085,84
DA:1086,84
DA:1087,84
DA:1088,84
DA:1090,84
DA:1091,84
DA:1095,84
DA:1096,84
DA:1097,84
DA:1098,84
DA:1099,84
DA:1100,84
DA:1101,84
DA:1102,84
DA:1103,84
DA:1105,84
DA:1106,84
DA:1107,84
DA:1108,84
LF:587
LH:427
BRDA:56,0,0,6
BRDA:60,1,0,15
BRDA:60,1,1,9
BRDA:88,2,0,0
BRDA:90,3,0,0
BRDA:100,4,0,0
BRDA:100,4,1,2
BRDA:122,5,0,3
BRDA:122,5,1,1
BRDA:125,6,0,1
BRDA:135,7,0,4
BRDA:135,7,1,4
BRDA:136,8,0,3
BRDA:159,9,0,3
BRDA:159,9,1,0
BRDA:173,10,0,1
BRDA:173,10,1,0
BRDA:205,11,0,1
BRDA:215,12,0,0
BRDA:215,12,1,4
BRDA:218,13,0,4
BRDA:228,14,0,4
BRDA:228,14,1,4
BRDA:229,15,0,0
BRDA:243,16,0,1
BRDA:243,16,1,0
BRDA:279,17,0,2
BRDA:279,18,0,2
BRDA:279,18,1,2
BRDA:280,19,0,1
BRDA:280,19,1,1
BRDA:303,20,0,1
BRDA:312,21,0,0
BRDA:312,22,0,11
BRDA:331,23,0,0
BRDA:331,24,0,7
BRDA:386,25,0,0
BRDA:397,26,0,18
BRDA:397,26,1,0
BRDA:406,27,0,17
BRDA:406,27,1,1
BRDA:406,28,0,18
BRDA:406,28,1,11
BRDA:410,29,0,2
BRDA:416,30,0,6
BRDA:416,31,0,13
BRDA:416,31,1,11
BRDA:417,32,0,4
BRDA:417,32,1,2
BRDA:420,33,0,2
BRDA:458,34,0,0
BRDA:462,35,0,1
BRDA:462,35,1,1
BRDA:468,36,0,1
BRDA:468,37,0,1
BRDA:468,37,1,1
BRDA:470,38,0,0
BRDA:471,39,0,2
BRDA:480,40,0,1
BRDA:480,41,0,1
BRDA:480,41,1,1
BRDA:517,42,0,2
BRDA:517,42,1,0
BRDA:518,43,0,2
BRDA:518,43,1,0
BRDA:533,44,0,1
BRDA:533,44,1,0
BRDA:534,45,0,1
BRDA:534,45,1,0
BRDA:536,46,0,0
BRDA:536,46,1,1
BRDA:539,47,0,0
BRDA:539,47,1,1
BRDA:570,48,0,3
BRDA:570,48,1,4
BRDA:575,49,0,7
BRDA:575,49,1,0
BRDA:575,50,0,7
BRDA:575,50,1,7
BRDA:580,51,0,2
BRDA:580,52,0,2
BRDA:580,52,1,2
BRDA:581,53,0,0
BRDA:600,54,0,0
BRDA:600,55,0,1
BRDA:600,55,1,1
BRDA:601,56,0,0
BRDA:604,57,0,0
BRDA:604,57,1,1
BRDA:627,58,0,2
BRDA:627,58,1,2
BRDA:629,59,0,1
BRDA:629,60,0,4
BRDA:629,60,1,1
BRDA:632,61,0,3
BRDA:632,61,1,0
BRDA:632,62,0,3
BRDA:632,62,1,3
BRDA:636,63,0,1
BRDA:636,64,0,1
BRDA:636,64,1,1
BRDA:637,65,0,0
BRDA:637,65,1,1
BRDA:662,66,0,1
BRDA:662,67,0,7
BRDA:662,67,1,1
BRDA:664,68,0,1
BRDA:664,68,1,3
BRDA:664,69,0,4
BRDA:664,69,1,4
BRDA:668,70,0,1
BRDA:672,71,0,2
BRDA:672,72,0,2
BRDA:672,72,1,2
BRDA:673,73,0,0
BRDA:673,73,1,1
BRDA:754,74,0,14
BRDA:754,74,1,0
BRDA:754,75,0,14
BRDA:754,75,1,14
BRDA:755,76,0,3
BRDA:755,76,1,11
BRDA:755,77,0,3
BRDA:755,77,1,0
BRDA:756,78,0,3
BRDA:756,78,1,11
BRDA:758,79,0,11
BRDA:788,80,0,1
BRDA:788,80,1,5
BRDA:788,81,0,1
BRDA:788,81,1,0
BRDA:789,82,0,1
BRDA:789,82,1,5
BRDA:820,83,0,0
BRDA:820,84,0,0
BRDA:825,85,0,0
BRDA:825,85,1,0
BRDA:825,86,0,0
BRDA:825,86,1,0
BRDA:838,87,0,0
BRDA:879,88,0,0
BRDA:879,89,0,0
BRDA:879,89,1,0
BRDA:951,90,0,0
BRDA:951,91,0,0
BRDA:951,91,1,0
BRDA:968,92,0,0
BRDA:970,93,0,0
BRDA:970,93,1,0
BRDA:991,94,0,0
BRDA:991,94,1,0
BRDA:1011,95,0,1
BRDA:1041,96,0,0
BRDA:1041,96,1,0
BRDA:1047,97,0,0
BRDA:1063,98,0,0
BRDA:343,99,0,9
BRDA:348,100,0,0
BRDA:348,100,1,12
BRF:159
BRH:105
end_of_record
TN:
SF:src/fsa-to-node/FsaNodeFsOpenFile.ts
FN:20,(anonymous_0)
FN:30,(anonymous_1)
FN:32,(anonymous_2)
FNF:3
FNH:3
FNDA:34,(anonymous_0)
FNDA:22,(anonymous_1)
FNDA:5,(anonymous_2)
DA:9,1
DA:10,34
DA:21,34
DA:22,34
DA:23,34
DA:24,34
DA:25,34
DA:27,34
DA:33,5
DA:34,0
DA:35,5
DA:36,5
DA:37,5
DA:42,5
DA:43,5
DA:44,5
LF:16
LH:15
BRDA:33,0,0,5
BRDA:33,0,1,0
BRF:2
BRH:1
end_of_record
TN:
SF:src/fsa-to-node/FsaNodeReadStream.ts
FN:16,(anonymous_0)
FN:24,(anonymous_1)
FN:30,(anonymous_2)
FN:33,(anonymous_3)
FN:38,(anonymous_4)
FN:39,(anonymous_5)
FN:52,(anonymous_6)
FN:57,(anonymous_7)
FN:58,(anonymous_8)
FN:63,(anonymous_9)
FN:69,(anonymous_10)
FN:73,(anonymous_11)
FN:79,(anonymous_12)
FN:81,(anonymous_13)
FN:89,(anonymous_14)
FNF:15
FNH:10
FNDA:6,(anonymous_0)
FNDA:6,(anonymous_1)
FNDA:0,(anonymous_2)
FNDA:6,(anonymous_3)
FNDA:4,(anonymous_4)
FNDA:4,(anonymous_5)
FNDA:4,(anonymous_6)
FNDA:4,(anonymous_7)
FNDA:4,(anonymous_8)
FNDA:0,(anonymous_9)
FNDA:0,(anonymous_10)
FNDA:0,(anonymous_11)
FNDA:4,(anonymous_12)
FNDA:4,(anonymous_13)
FNDA:0,(anonymous_14)
DA:1,1
DA:2,1
DA:3,1
DA:9,1
DA:10,6
DA:11,6
DA:12,6
DA:13,6
DA:14,6
DA:17,6
DA:18,6
DA:19,6
DA:20,6
DA:22,6
DA:23,6
DA:25,6
DA:26,6
DA:27,6
DA:28,6
DA:31,0
DA:34,6
DA:39,4
DA:40,4
DA:41,4
DA:42,4
DA:43,4
DA:44,4
DA:45,4
DA:46,4
DA:47,4
DA:48,4
DA:53,4
DA:54,4
DA:55,4
DA:56,4
DA:58,4
DA:59,4
DA:61,4
DA:70,0
DA:74,0
DA:80,4
DA:82,4
DA:83,4
DA:84,4
DA:85,4
DA:86,4
DA:87,4
DA:90,0
DA:91,0
LF:49
LH:44
BRDA:25,0,0,0
BRDA:27,1,0,6
BRDA:40,2,0,0
BRDA:44,3,0,4
BRDA:44,3,1,3
BRDA:45,4,0,4
BRDA:45,4,1,0
BRDA:46,5,0,3
BRDA:53,6,0,0
BRDA:55,7,0,4
BRDA:82,8,0,0
BRDA:83,9,0,0
BRF:12
BRH:6
end_of_record
TN:
SF:src/fsa-to-node/FsaNodeStats.ts
FN:27,(anonymous_0)
FN:53,(anonymous_1)
FN:57,(anonymous_2)
FN:61,(anonymous_3)
FN:65,(anonymous_4)
FN:69,(anonymous_5)
FN:73,(anonymous_6)
FN:77,(anonymous_7)
FNF:8
FNH:3
FNDA:12,(anonymous_0)
FNDA:3,(anonymous_1)
FNDA:6,(anonymous_2)
FNDA:0,(anonymous_3)
FNDA:0,(anonymous_4)
FNDA:0,(anonymous_5)
FNDA:0,(anonymous_6)
FNDA:0,(anonymous_7)
DA:3,1
DA:4,1
DA:5,1
DA:7,1
DA:30,12
DA:32,12
DA:33,12
DA:34,12
DA:35,12
DA:36,12
DA:37,12
DA:38,12
DA:39,12
DA:40,12
DA:41,12
DA:42,12
DA:43,12
DA:44,12
DA:45,12
DA:46,12
DA:47,12
DA:48,12
DA:49,12
DA:50,12
DA:54,3
DA:58,6
DA:62,0
DA:66,0
DA:70,0
DA:74,0
DA:78,0
LF:31
LH:26
BRDA:4,0,0,1
BRDA:4,0,1,0
BRDA:32,1,0,0
BRDA:32,1,1,12
BRF:4
BRH:2
end_of_record
TN:
SF:src/fsa-to-node/FsaNodeWriteStream.ts
FN:40,(anonymous_0)
FN:56,(anonymous_1)
FN:69,(anonymous_2)
FN:74,(anonymous_3)
FN:75,(anonymous_4)
FN:86,(anonymous_5)
FN:88,(anonymous_6)
FN:90,(anonymous_7)
FN:107,(anonymous_8)
FN:111,(anonymous_9)
FN:115,(anonymous_10)
FN:117,(anonymous_11)
FN:122,(anonymous_12)
FN:124,(anonymous_13)
FN:127,(anonymous_14)
FN:132,(anonymous_15)
FN:133,(anonymous_16)
FN:135,(anonymous_17)
FN:138,(anonymous_18)
FN:143,(anonymous_19)
FN:145,(anonymous_20)
FN:148,(anonymous_21)
FNF:22
FNH:14
FNDA:14,(anonymous_0)
FNDA:12,(anonymous_1)
FNDA:0,(anonymous_2)
FNDA:17,(anonymous_3)
FNDA:17,(anonymous_4)
FNDA:12,(anonymous_5)
FNDA:12,(anonymous_6)
FNDA:0,(anonymous_7)
FNDA:6,(anonymous_8)
FNDA:0,(anonymous_9)
FNDA:0,(anonymous_10)
FNDA:0,(anonymous_11)
FNDA:15,(anonymous_12)
FNDA:15,(anonymous_13)
FNDA:0,(anonymous_14)
FNDA:2,(anonymous_15)
FNDA:4,(anonymous_16)
FNDA:2,(anonymous_17)
FNDA:0,(anonymous_18)
FNDA:12,(anonymous_19)
FNDA:12,(anonymous_20)
FNDA:0,(anonymous_21)
DA:1,1
DA:2,1
DA:3,1
DA:4,1
DA:7,1
DA:33,1
DA:34,14
DA:35,14
DA:36,14
DA:38,14
DA:42,14
DA:43,14
DA:45,14
DA:46,14
DA:47,6
DA:48,1
DA:50,5
DA:51,1
DA:54,12
DA:55,12
DA:56,12
DA:57,12
DA:58,12
DA:59,12
DA:60,12
DA:61,12
DA:62,12
DA:63,12
DA:64,5
DA:65,5
DA:67,12
DA:68,12
DA:70,0
DA:75,17
DA:76,17
DA:78,17
DA:79,17
DA:80,19
DA:81,19
DA:87,12
DA:88,12
DA:89,12
DA:90,0
DA:91,0
DA:93,12
DA:94,12
DA:95,12
DA:96,12
DA:97,12
DA:99,0
DA:100,0
DA:108,6
DA:112,0
DA:116,0
DA:117,0
DA:123,15
DA:125,15
DA:128,0
DA:133,4
DA:134,2
DA:136,2
DA:139,0
DA:144,12
DA:146,12
DA:149,0
LF:65
LH:54
BRDA:46,0,0,6
BRDA:47,1,0,1
BRDA:50,2,0,1
BRDA:59,3,0,9
BRDA:60,4,0,12
BRDA:60,4,1,0
BRDA:60,5,0,12
BRDA:60,5,1,12
BRDA:61,6,0,5
BRDA:61,6,1,7
BRDA:63,7,0,5
BRDA:64,8,0,4
BRDA:64,8,1,1
BRDA:64,9,0,5
BRDA:64,9,1,5
BRDA:65,10,0,4
BRDA:76,11,0,0
BRDA:89,12,0,0
BRDA:89,13,0,12
BRDA:89,13,1,0
BRDA:97,14,0,12
BRDA:100,15,0,0
BRDA:116,16,0,0
BRDA:125,17,0,15
BRDA:128,18,0,0
BRDA:136,19,0,2
BRDA:139,20,0,0
BRDA:146,21,0,12
BRDA:149,22,0,0
BRF:29
BRH:20
end_of_record
TN:
SF:src/fsa-to-node/util.ts
FN:5,(anonymous_0)
FN:15,(anonymous_1)
FNF:2
FNH:1
FNDA:111,(anonymous_0)
FNDA:0,(anonymous_1)
DA:5,2
DA:6,111
DA:7,111
DA:8,111
DA:9,111
DA:10,68
DA:11,68
DA:12,68
DA:15,2
DA:16,0
DA:17,0
DA:18,0
DA:19,0
DA:21,0
DA:23,0
DA:24,0
LF:16
LH:9
BRDA:6,0,0,99
BRDA:7,1,0,2
BRDA:9,2,0,43
BRF:3
BRH:3
end_of_record
TN:
SF:src/internal/buffer.ts
FN:10,(anonymous_0)
FN:3,bufferV0P12Ponyfill
FNF:2
FNH:1
FNDA:2061,(anonymous_0)
FNDA:0,bufferV0P12Ponyfill
DA:1,63
DA:4,0
DA:7,63
DA:8,63
DA:10,2124
LF:5
LH:4
BRDA:7,0,0,63
BRDA:7,0,1,0
BRDA:8,1,0,63
BRDA:8,1,1,0
BRF:4
BRH:2
end_of_record
TN:
SF:src/internal/errors.ts
FN:13,makeNodeError
FN:15,(anonymous_1)
FN:34,(anonymous_2)
FN:57,message
FN:75,E
FN:108,(anonymous_5)
FN:110,(anonymous_6)
FN:111,(anonymous_7)
FN:117,(anonymous_8)
FN:130,(anonymous_9)
FN:133,(anonymous_10)
FN:139,(anonymous_11)
FN:161,(anonymous_12)
FN:181,invalidArgType
FN:195,(anonymous_14)
FN:212,missingArgs
FN:216,(anonymous_16)
FN:232,oneOf
FN:239,(anonymous_18)
FN:252,bufferOutOfBounds
FNF:20
FNH:6
FNDA:186,makeNodeError
FNDA:13,(anonymous_1)
FNDA:0,(anonymous_2)
FNDA:13,message
FNDA:4216,E
FNDA:0,(anonymous_5)
FNDA:0,(anonymous_6)
FNDA:0,(anonymous_7)
FNDA:0,(anonymous_8)
FNDA:2,(anonymous_9)
FNDA:1,(anonymous_10)
FNDA:0,(anonymous_11)
FNDA:0,(anonymous_12)
FNDA:0,invalidArgType
FNDA:0,(anonymous_14)
FNDA:0,missingArgs
FNDA:0,(anonymous_16)
FNDA:0,oneOf
FNDA:0,(anonymous_18)
FNDA:0,bufferOutOfBounds
DA:7,62
DA:8,62
DA:10,62
DA:11,62
DA:14,186
DA:16,13
DA:17,13
DA:18,13
DA:19,13
DA:24,62
DA:35,0
DA:36,0
DA:38,0
DA:39,0
DA:41,0
DA:47,0
DA:48,0
DA:49,0
DA:50,0
DA:51,0
DA:52,0
DA:53,0
DA:58,13
DA:60,13
DA:61,13
DA:63,13
DA:64,3
DA:66,10
DA:67,10
DA:68,0
DA:70,3
DA:76,4216
DA:79,62
DA:80,62
DA:81,62
DA:84,62
DA:85,62
DA:86,62
DA:102,62
DA:103,62
DA:104,62
DA:105,62
DA:106,62
DA:107,62
DA:108,62
DA:109,62
DA:110,62
DA:111,62
DA:112,62
DA:113,62
DA:114,62
DA:115,62
DA:116,62
DA:117,62
DA:118,0
DA:119,0
DA:121,62
DA:122,62
DA:123,62
DA:124,62
DA:125,62
DA:126,62
DA:127,62
DA:128,62
DA:129,62
DA:130,62
DA:131,2
DA:133,62
DA:134,62
DA:135,62
DA:136,62
DA:137,62
DA:138,62
DA:139,62
DA:140,62
DA:141,62
DA:142,62
DA:143,62
DA:144,62
DA:145,62
DA:146,62
DA:147,62
DA:148,62
DA:149,62
DA:150,62
DA:151,62
DA:152,62
DA:153,62
DA:154,62
DA:155,62
DA:156,62
DA:157,62
DA:158,62
DA:159,62
DA:160,62
DA:161,62
DA:162,62
DA:163,62
DA:164,62
DA:165,62
DA:166,62
DA:167,62
DA:168,62
DA:169,62
DA:170,62
DA:171,62
DA:172,62
DA:175,62
DA:176,62
DA:182,0
DA:186,0
DA:187,0
DA:188,0
DA:190,0
DA:194,0
DA:195,0
DA:196,0
DA:197,0
DA:199,0
DA:201,0
DA:202,0
DA:206,0
DA:207,0
DA:209,0
DA:213,0
DA:214,0
DA:215,0
DA:216,0
DA:217,0
DA:219,0
DA:220,0
DA:222,0
DA:223,0
DA:225,0
DA:226,0
DA:227,0
DA:229,0
DA:233,0
DA:234,0
DA:235,0
DA:236,0
DA:237,0
DA:239,0
DA:240,0
DA:241,0
DA:242,0
DA:243,0
DA:245,0
DA:248,0
DA:253,0
DA:254,0
DA:256,0
LF:152
LH:94
BRDA:10,0,0,0
BRDA:10,0,1,62
BRDA:24,1,0,62
BRDA:24,1,1,0
BRDA:35,2,0,0
BRDA:35,3,0,0
BRDA:35,3,1,0
BRDA:38,4,0,0
BRDA:38,4,1,0
BRDA:63,5,0,3
BRDA:63,5,1,10
BRDA:67,6,0,10
BRDA:67,7,0,10
BRDA:67,7,1,10
BRDA:76,8,0,682
BRDA:76,8,1,3534
BRDA:186,9,0,0
BRDA:186,9,1,0
BRDA:194,10,0,0
BRDA:194,10,1,0
BRDA:197,11,0,0
BRDA:197,11,1,0
BRDA:201,12,0,0
BRDA:201,12,1,0
BRDA:206,13,0,0
BRDA:207,14,0,0
BRDA:207,14,1,0
BRDA:217,15,0,0
BRDA:217,15,1,0
BRDA:217,15,2,0
BRDA:235,16,0,0
BRDA:235,16,1,0
BRDA:240,17,0,0
BRDA:240,17,1,0
BRDA:242,18,0,0
BRDA:242,18,1,0
BRDA:253,19,0,0
BRDA:253,19,1,0
BRF:38
BRH:9
end_of_record
TN:
SF:src/node/Dir.ts
FN:16,(anonymous_0)
FN:24,(anonymous_1)
FN:29,(anonymous_2)
FN:66,(anonymous_3)
FN:72,(anonymous_4)
FN:73,(anonymous_5)
FN:89,(anonymous_6)
FN:104,(anonymous_7)
FN:119,(anonymous_8)
FN:122,(anonymous_9)
FN:123,(anonymous_10)
FN:142,(anonymous_11)
FN:152,(anonymous_12)
FN:159,(anonymous_13)
FN:168,(anonymous_14)
FN:180,(anonymous_15)
FN:182,(anonymous_16)
FN:195,(anonymous_17)
FNF:18
FNH:14
FNDA:21,(anonymous_0)
FNDA:16,(anonymous_1)
FNDA:15,(anonymous_2)
FNDA:15,(anonymous_3)
FNDA:5,(anonymous_4)
FNDA:5,(anonymous_5)
FNDA:0,(anonymous_6)
FNDA:11,(anonymous_7)
FNDA:20,(anonymous_8)
FNDA:7,(anonymous_9)
FNDA:7,(anonymous_10)
FNDA:0,(anonymous_11)
FNDA:11,(anonymous_12)
FNDA:0,(anonymous_13)
FNDA:7,(anonymous_14)
FNDA:1,(anonymous_15)
FNDA:3,(anonymous_16)
FNDA:0,(anonymous_17)
DA:2,62
DA:4,62
DA:6,62
DA:11,62
DA:12,21
DA:13,21
DA:14,21
DA:17,21
DA:18,21
DA:20,21
DA:21,21
DA:34,15
DA:35,15
DA:36,27
DA:37,27
DA:38,23
DA:40,4
DA:43,15
DA:44,4
DA:45,4
DA:46,4
DA:48,0
DA:51,11
DA:52,0
DA:54,11
DA:57,4
DA:68,15
DA:69,6
DA:70,1
DA:72,5
DA:73,5
DA:74,5
DA:75,5
DA:81,9
DA:83,9
DA:84,1
DA:85,1
DA:88,8
DA:89,0
DA:90,0
DA:92,0
DA:95,8
DA:96,8
DA:97,8
DA:98,8
DA:100,0
DA:105,11
DA:106,2
DA:109,9
DA:110,1
DA:113,8
DA:114,8
DA:121,20
DA:122,7
DA:123,7
DA:124,7
DA:125,6
DA:131,13
DA:133,13
DA:134,2
DA:138,2
DA:141,11
DA:142,0
DA:143,0
DA:145,0
DA:148,11
DA:150,11
DA:151,11
DA:152,11
DA:153,11
DA:154,11
DA:155,11
DA:156,11
DA:159,0
DA:160,0
DA:161,0
DA:162,0
DA:163,0
DA:169,7
DA:170,2
DA:173,5
DA:174,1
DA:177,4
DA:181,1
DA:183,3
DA:184,3
DA:186,3
DA:187,2
DA:189,1
DA:192,0
DA:196,0
LF:91
LH:75
BRDA:37,0,0,23
BRDA:37,0,1,4
BRDA:42,1,0,23
BRDA:42,1,1,17
BRDA:43,2,0,4
BRDA:43,2,1,11
BRDA:45,3,0,4
BRDA:45,3,1,0
BRDA:51,4,0,0
BRDA:51,5,0,11
BRDA:51,5,1,0
BRDA:68,6,0,6
BRDA:69,7,0,1
BRDA:74,8,0,0
BRDA:74,8,1,5
BRDA:83,9,0,1
BRDA:88,10,0,0
BRDA:105,11,0,2
BRDA:109,12,0,1
BRDA:121,13,0,7
BRDA:124,14,0,1
BRDA:124,14,1,6
BRDA:125,15,0,4
BRDA:125,15,1,2
BRDA:125,16,0,6
BRDA:125,16,1,4
BRDA:133,17,0,2
BRDA:141,18,0,0
BRDA:169,19,0,2
BRDA:173,20,0,1
BRDA:186,21,0,2
BRDA:186,21,1,1
BRF:32
BRH:26
end_of_record
TN:
SF:src/node/Dirent.ts
FN:11,(anonymous_0)
FN:12,(anonymous_1)
FN:29,(anonymous_2)
FN:33,(anonymous_3)
FN:37,(anonymous_4)
FN:41,(anonymous_5)
FN:45,(anonymous_6)
FN:49,(anonymous_7)
FN:53,(anonymous_8)
FN:57,(anonymous_9)
FNF:10
FNH:6
FNDA:441,(anonymous_0)
FNDA:441,(anonymous_1)
FNDA:124,(anonymous_2)
FNDA:108,(anonymous_3)
FNDA:6,(anonymous_4)
FNDA:0,(anonymous_5)
FNDA:0,(anonymous_6)
FNDA:10,(anonymous_7)
FNDA:0,(anonymous_8)
FNDA:0,(anonymous_9)
DA:2,62
DA:3,62
DA:6,62
DA:11,62
DA:13,441
DA:14,441
DA:16,441
DA:17,441
DA:18,441
DA:19,441
DA:21,441
DA:24,441
DA:25,441
DA:26,441
DA:27,441
DA:30,124
DA:34,108
DA:38,6
DA:42,0
DA:46,0
DA:50,10
DA:54,0
DA:58,0
DA:62,62
LF:24
LH:20
BRF:0
BRH:0
end_of_record
TN:
SF:src/node/FileHandle.ts
FN:18,(anonymous_0)
FN:24,(anonymous_1)
FN:30,(anonymous_2)
FN:34,(anonymous_3)
FN:38,(anonymous_4)
FN:42,(anonymous_5)
FN:58,(anonymous_6)
FN:62,(anonymous_7)
FN:65,(anonymous_8)
FN:76,(anonymous_9)
FN:80,(anonymous_10)
FN:84,(anonymous_11)
FN:88,(anonymous_12)
FN:109,(anonymous_13)
FN:113,(anonymous_14)
FN:123,(anonymous_15)
FN:158,(anonymous_16)
FN:164,(anonymous_17)
FN:172,(anonymous_18)
FN:188,(anonymous_19)
FN:189,(anonymous_20)
FN:192,(anonymous_21)
FN:196,(anonymous_22)
FN:200,(anonymous_23)
FN:204,(anonymous_24)
FN:208,(anonymous_25)
FN:212,(anonymous_26)
FN:221,(anonymous_27)
FN:237,(anonymous_28)
FN:238,(anonymous_29)
FN:241,(anonymous_30)
FN:246,(anonymous_31)
FN:250,(anonymous_32)
FN:254,(anonymous_33)
FNF:34
FNH:30
FNDA:114,(anonymous_0)
FNDA:1,(anonymous_1)
FNDA:2,(anonymous_2)
FNDA:2,(anonymous_3)
FNDA:2,(anonymous_4)
FNDA:91,(anonymous_5)
FNDA:89,(anonymous_6)
FNDA:0,(anonymous_7)
FNDA:0,(anonymous_8)
FNDA:2,(anonymous_9)
FNDA:1,(anonymous_10)
FNDA:1,(anonymous_11)
FNDA:12,(anonymous_12)
FNDA:9,(anonymous_13)
FNDA:0,(anonymous_14)
FNDA:15,(anonymous_15)
FNDA:2,(anonymous_16)
FNDA:29,(anonymous_17)
FNDA:28,(anonymous_18)
FNDA:2,(anonymous_19)
FNDA:1,(anonymous_20)
FNDA:2,(anonymous_21)
FNDA:2,(anonymous_22)
FNDA:0,(anonymous_23)
FNDA:9,(anonymous_24)
FNDA:2,(anonymous_25)
FNDA:55,(anonymous_26)
FNDA:54,(anonymous_27)
FNDA:2,(anonymous_28)
FNDA:1,(anonymous_29)
FNDA:2,(anonymous_30)
FNDA:1,(anonymous_31)
FNDA:9,(anonymous_32)
FNDA:9,(anonymous_33)
DA:1,62
DA:2,62
DA:7,62
DA:9,114
DA:10,114
DA:13,114
DA:14,114
DA:19,114
DA:20,114
DA:21,114
DA:27,1
DA:31,2
DA:35,2
DA:39,2
DA:43,91
DA:44,2
DA:47,89
DA:48,0
DA:51,89
DA:52,89
DA:53,89
DA:54,89
DA:55,89
DA:59,89
DA:62,0
DA:63,0
DA:64,0
DA:66,0
DA:67,0
DA:68,0
DA:72,89
DA:73,89
DA:77,2
DA:81,1
DA:85,1
DA:89,12
DA:90,12
DA:92,12
DA:93,2
DA:96,10
DA:97,0
DA:100,10
DA:101,1
DA:106,9
DA:107,9
DA:109,9
DA:110,9
DA:111,9
DA:112,9
DA:113,1
DA:119,9
DA:124,15
DA:125,15
DA:126,15
DA:128,0
DA:129,0
DA:131,0
DA:132,0
DA:133,0
DA:134,0
DA:137,0
DA:138,0
DA:139,0
DA:142,15
DA:144,15
DA:145,7
DA:146,7
DA:147,7
DA:150,8
DA:151,8
DA:153,0
DA:154,0
DA:159,2
DA:170,29
DA:172,29
DA:181,28
DA:182,11
DA:185,28
DA:189,2
DA:193,2
DA:197,2
DA:201,0
DA:205,9
DA:209,2
DA:218,55
DA:219,55
DA:221,55
DA:230,54
DA:231,8
DA:234,54
DA:238,2
DA:242,2
DA:247,1
DA:251,9
DA:255,9
DA:256,9
DA:257,0
DA:258,0
DA:259,0
LF:99
LH:76
BRDA:43,0,0,2
BRDA:47,1,0,0
BRDA:52,2,0,89
BRDA:52,2,1,0
BRDA:88,3,0,10
BRDA:89,4,0,11
BRDA:89,5,0,11
BRDA:92,6,0,2
BRDA:96,7,0,0
BRDA:100,8,0,1
BRDA:112,9,0,1
BRDA:120,10,0,9
BRDA:120,10,1,0
BRDA:125,11,0,0
BRDA:125,11,1,15
BRDA:125,12,0,15
BRDA:125,12,1,15
BRDA:126,13,0,0
BRDA:131,14,0,0
BRDA:144,15,0,7
BRDA:170,16,0,18
BRDA:170,16,1,11
BRDA:170,17,0,29
BRDA:170,17,1,20
BRDA:181,18,0,11
BRDA:181,19,0,28
BRDA:181,19,1,19
BRDA:219,20,0,9
BRDA:219,20,1,46
BRDA:230,21,0,8
BRDA:256,22,0,0
BRDA:258,23,0,0
BRF:32
BRH:23
end_of_record
TN:
SF:src/node/FsPromises.ts
FN:17,(anonymous_0)
FN:32,(anonymous_1)
FN:38,(anonymous_2)
FN:40,(anonymous_3)
FN:50,(anonymous_4)
FN:76,(anonymous_5)
FN:96,(anonymous_6)
FN:108,(anonymous_7)
FN:113,(anonymous_8)
FN:118,(anonymous_9)
FN:123,(anonymous_10)
FN:131,(anonymous_11)
FN:163,(anonymous_12)
FN:170,(anonymous_13)
FN:182,(anonymous_14)
FN:183,(anonymous_15)
FN:186,(anonymous_16)
FN:192,(anonymous_17)
FN:197,(anonymous_18)
FNF:19
FNH:18
FNDA:4,(anonymous_0)
FNDA:1,(anonymous_1)
FNDA:4,(anonymous_2)
FNDA:8,(anonymous_3)
FNDA:8,(anonymous_4)
FNDA:4,(anonymous_5)
FNDA:3,(anonymous_6)
FNDA:1,(anonymous_7)
FNDA:3,(anonymous_8)
FNDA:0,(anonymous_9)
FNDA:3,(anonymous_10)
FNDA:902,(anonymous_11)
FNDA:96,(anonymous_12)
FNDA:10,(anonymous_13)
FNDA:124,(anonymous_14)
FNDA:114,(anonymous_15)
FNDA:56,(anonymous_16)
FNDA:56,(anonymous_17)
FNDA:4,(anonymous_18)
DA:1,62
DA:2,62
DA:10,4
DA:11,4
DA:12,4
DA:18,4
DA:19,4
DA:20,4
DA:22,4
DA:23,4
DA:24,4
DA:27,4
DA:28,1
DA:29,0
DA:30,0
DA:32,1
DA:33,1
DA:39,4
DA:40,4
DA:41,8
DA:45,0
DA:46,0
DA:51,8
DA:54,8
DA:55,5
DA:56,0
DA:57,0
DA:58,0
DA:61,5
DA:62,5
DA:66,8
DA:69,8
DA:70,1
DA:71,1
DA:72,1
DA:77,4
DA:78,4
DA:80,4
DA:81,4
DA:82,4
DA:86,4
DA:87,0
DA:88,0
DA:89,0
DA:91,0
DA:97,3
DA:98,1
DA:102,2
DA:103,1
DA:104,1
DA:108,1
DA:109,1
DA:114,3
DA:115,3
DA:119,0
DA:120,0
DA:124,3
DA:128,62
DA:129,902
DA:132,902
DA:133,902
DA:136,902
DA:137,902
DA:138,902
DA:139,902
DA:140,902
DA:141,902
DA:142,902
DA:143,902
DA:144,902
DA:145,902
DA:146,902
DA:147,902
DA:148,902
DA:149,902
DA:150,902
DA:151,902
DA:152,902
DA:153,902
DA:154,902
DA:155,902
DA:156,902
DA:157,902
DA:158,902
DA:159,902
DA:160,902
DA:161,902
DA:163,902
DA:167,96
DA:170,902
DA:175,10
DA:182,902
DA:183,124
DA:186,902
DA:191,56
DA:192,56
DA:193,56
DA:197,902
DA:201,4
DA:202,4
LF:100
LH:87
BRDA:20,0,0,0
BRDA:22,1,0,4
BRDA:22,1,1,3
BRDA:23,2,0,4
BRDA:23,2,1,3
BRDA:27,3,0,1
BRDA:28,4,0,0
BRDA:51,5,0,0
BRDA:54,6,0,5
BRDA:55,7,0,0
BRDA:55,7,1,5
BRDA:69,8,0,1
BRDA:77,9,0,0
BRDA:80,10,0,4
BRDA:88,11,0,0
BRDA:88,11,1,0
BRDA:97,12,0,1
BRDA:102,13,0,1
BRDA:167,14,0,2
BRDA:167,14,1,94
BRDA:176,15,0,1
BRDA:176,15,1,9
BRDA:182,16,0,3
BRDA:191,17,0,1
BRDA:191,17,1,55
BRDA:193,18,0,1
BRDA:193,18,1,55
BRDA:201,19,0,0
BRDA:201,19,1,4
BRDA:201,20,0,4
BRDA:201,20,1,2
BRF:31
BRH:23
end_of_record
TN:
SF:src/node/StatFs.ts
FN:13,(anonymous_0)
FN:16,(anonymous_1)
FN:16,(anonymous_2)
FNF:3
FNH:3
FNDA:7,(anonymous_0)
FNDA:35,(anonymous_1)
FNDA:14,(anonymous_2)
DA:9,62
DA:14,7
DA:16,35
DA:20,7
DA:23,7
DA:26,7
DA:29,7
DA:30,7
DA:31,7
DA:33,7
DA:34,7
DA:35,7
DA:38,7
DA:39,7
DA:40,7
DA:42,7
DA:54,62
LF:17
LH:17
BRDA:13,0,0,0
BRDA:16,1,0,5
BRDA:16,1,1,2
BRF:3
BRH:2
end_of_record
TN:
SF:src/node/Stats.ts
FN:15,(anonymous_0)
FN:19,(anonymous_1)
FN:19,(anonymous_2)
FN:89,(anonymous_3)
FN:93,(anonymous_4)
FN:97,(anonymous_5)
FN:101,(anonymous_6)
FN:105,(anonymous_7)
FN:109,(anonymous_8)
FN:113,(anonymous_9)
FN:117,(anonymous_10)
FNF:11
FNH:9
FNDA:718,(anonymous_0)
FNDA:9295,(anonymous_1)
FNDA:39,(anonymous_2)
FNDA:848,(anonymous_3)
FNDA:513,(anonymous_4)
FNDA:291,(anonymous_5)
FNDA:4,(anonymous_6)
FNDA:4,(anonymous_7)
FNDA:36,(anonymous_8)
FNDA:0,(anonymous_9)
FNDA:0,(anonymous_10)
DA:2,62
DA:4,62
DA:11,62
DA:16,718
DA:17,718
DA:19,9295
DA:25,718
DA:26,718
DA:28,718
DA:29,718
DA:30,718
DA:31,718
DA:32,718
DA:34,718
DA:35,718
DA:36,718
DA:37,718
DA:39,718
DA:40,718
DA:41,718
DA:42,718
DA:43,718
DA:45,718
DA:46,3
DA:47,3
DA:48,3
DA:49,3
DA:50,3
DA:53,718
DA:54,718
DA:55,718
DA:57,718
DA:90,848
DA:94,513
DA:98,291
DA:102,4
DA:106,4
DA:110,36
DA:114,0
DA:118,0
DA:122,62
LF:41
LH:39
BRDA:15,0,0,0
BRDA:19,1,0,715
BRDA:19,1,1,3
BRDA:45,2,0,3
BRF:4
BRH:3
end_of_record
TN:
SF:src/node/constants.ts
FN:31,(anonymous_0)
FNF:1
FNH:1
FNDA:62,(anonymous_0)
DA:1,62
DA:10,62
DA:28,62
DA:31,62
DA:33,62
DA:35,62
DA:37,62
DA:38,62
DA:40,62
DA:41,62
DA:43,62
DA:45,62
DA:46,62
DA:48,62
DA:50,62
DA:51,62
DA:53,62
DA:55,62
DA:56,62
DA:58,62
DA:60,62
DA:61,62
LF:22
LH:22
BRDA:31,0,0,62
BRDA:31,0,1,62
BRF:2
BRH:2
end_of_record
TN:
SF:src/node/glob.ts
FN:12,matchesPattern
FN:20,isExcluded
FN:28,(anonymous_2)
FN:34,walkDirectory
FN:56,(anonymous_4)
FN:77,globSync
FN:95,(anonymous_6)
FNF:7
FNH:7
FNDA:83,matchesPattern
FNDA:78,isExcluded
FNDA:6,(anonymous_2)
FNDA:27,walkDirectory
FNDA:77,(anonymous_4)
FNDA:15,globSync
FNDA:3,(anonymous_6)
DA:1,1
DA:2,1
DA:4,1
DA:7,1
DA:13,83
DA:14,83
DA:21,78
DA:23,6
DA:24,0
DA:27,6
DA:28,6
DA:35,27
DA:36,27
DA:37,27
DA:39,27
DA:40,0
DA:43,27
DA:44,27
DA:46,26
DA:47,78
DA:48,78
DA:51,78
DA:52,1
DA:56,77
DA:57,77
DA:58,14
DA:62,77
DA:63,12
DA:64,12
DA:71,27
DA:77,1
DA:78,15
DA:79,15
DA:81,15
DA:88,15
DA:91,15
DA:92,3
DA:93,3
DA:94,3
DA:95,3
DA:98,12
DA:99,12
DA:103,15
DA:105,15
LF:44
LH:42
BRDA:21,0,0,72
BRDA:23,1,0,0
BRDA:27,2,0,6
BRDA:27,2,1,0
BRDA:34,3,0,15
BRDA:36,4,0,1
BRDA:36,4,1,26
BRDA:36,5,0,27
BRDA:36,5,1,27
BRDA:37,6,0,27
BRDA:37,6,1,0
BRDA:39,7,0,0
BRDA:51,8,0,1
BRDA:57,9,0,14
BRDA:62,10,0,12
BRDA:62,11,0,77
BRDA:62,11,1,13
BRDA:77,12,0,0
BRDA:78,13,0,12
BRDA:78,13,1,3
BRDA:85,14,0,15
BRDA:85,14,1,15
BRDA:91,15,0,3
BRDA:91,15,1,12
BRF:24
BRH:19
end_of_record
TN:
SF:src/node/options.ts
FN:13,(anonymous_0)
FN:18,(anonymous_1)
FN:20,getOptions
FN:42,optsGenerator
FN:43,(anonymous_4)
FN:46,optsAndCbGenerator
FN:47,(anonymous_6)
FN:62,(anonymous_7)
FN:103,(anonymous_8)
FN:108,(anonymous_9)
FN:114,(anonymous_10)
FN:119,(anonymous_11)
FNF:12
FNH:12
FNDA:276,(anonymous_0)
FNDA:1,(anonymous_1)
FNDA:1132,getOptions
FNDA:496,optsGenerator
FNDA:1096,(anonymous_4)
FNDA:473,optsAndCbGenerator
FNDA:258,(anonymous_6)
FNDA:23,(anonymous_7)
FNDA:793,(anonymous_8)
FNDA:424,(anonymous_9)
FNDA:9,(anonymous_10)
FNDA:3,(anonymous_11)
DA:2,62
DA:3,62
DA:5,62
DA:8,62
DA:13,62
DA:14,276
DA:15,274
DA:18,62
DA:20,62
DA:22,1132
DA:24,274
DA:25,274
DA:27,128
DA:28,128
DA:30,145
DA:31,145
DA:33,1
DA:37,273
DA:39,272
DA:42,62
DA:43,1096
DA:46,62
DA:47,473
DA:48,258
DA:51,62
DA:55,62
DA:56,62
DA:58,62
DA:62,62
DA:63,23
DA:66,62
DA:67,62
DA:69,62
DA:72,62
DA:74,62
DA:79,62
DA:80,62
DA:84,62
DA:89,62
DA:90,62
DA:92,62
DA:97,62
DA:98,62
DA:100,62
DA:103,62
DA:104,793
DA:105,62
DA:108,62
DA:109,424
DA:111,62
DA:114,62
DA:115,9
DA:116,62
DA:119,62
DA:120,3
DA:124,62
DA:125,62
DA:126,62
DA:128,62
DA:133,62
LF:60
LH:60
BRDA:14,0,0,2
BRDA:22,1,0,858
BRDA:22,1,1,274
BRDA:25,2,0,128
BRDA:25,2,1,145
BRDA:25,2,2,1
BRDA:37,3,0,273
BRDA:48,4,0,108
BRDA:48,4,1,150
BRDA:103,5,0,775
BRDA:109,6,0,416
BRDA:109,6,1,8
BRDA:114,7,0,7
BRDA:120,8,0,2
BRDA:120,8,1,1
BRF:15
BRH:15
end_of_record
TN:
SF:src/node/util.ts
FN:12,promisify
FN:15,(anonymous_1)
FN:17,(anonymous_2)
FN:18,(anonymous_3)
FN:19,(anonymous_4)
FN:26,validateCallback
FN:31,_modeToNumber
FN:38,modeToNumber
FN:44,nullCheck
FN:49,(anonymous_9)
FN:57,getPathFromURLPosix
FN:73,pathToFilename
FN:108,formatError
FN:147,createError
FN:158,genRndStr6
FN:162,flagsToNumber
FN:174,streamToBuffer
FN:176,(anonymous_17)
FN:177,(anonymous_18)
FN:178,(anonymous_19)
FN:183,(anonymous_20)
FN:185,(anonymous_21)
FN:250,(anonymous_22)
FN:283,bufferToEncoding
FN:288,isReadableStream
FNF:25
FNH:23
FNDA:23940,promisify
FNDA:892,(anonymous_1)
FNDA:1227,(anonymous_2)
FNDA:1227,(anonymous_3)
FNDA:1225,(anonymous_4)
FNDA:1701,validateCallback
FNDA:1362,_modeToNumber
FNDA:1362,modeToNumber
FNDA:4597,nullCheck
FNDA:0,(anonymous_9)
FNDA:2,getPathFromURLPosix
FNDA:4603,pathToFilename
FNDA:1528,formatError
FNDA:1528,createError
FNDA:104,genRndStr6
FNDA:1359,flagsToNumber
FNDA:1,streamToBuffer
FNDA:1,(anonymous_17)
FNDA:1,(anonymous_18)
FNDA:1,(anonymous_19)
FNDA:0,(anonymous_20)
FNDA:63,(anonymous_21)
FNDA:15,(anonymous_22)
FNDA:370,bufferToEncoding
FNDA:56,isReadableStream
DA:1,62
DA:2,62
DA:3,62
DA:5,62
DA:6,62
DA:8,62
DA:12,62
DA:15,892
DA:17,23940
DA:18,1227
DA:19,1227
DA:20,1225
DA:21,1090
DA:26,62
DA:27,1701
DA:28,1700
DA:32,1362
DA:33,2
DA:34,0
DA:35,0
DA:38,62
DA:39,1362
DA:40,1362
DA:41,1360
DA:44,62
DA:45,4597
DA:46,2
DA:47,2
DA:48,2
DA:49,0
DA:50,0
DA:52,0
DA:54,4595
DA:58,2
DA:59,0
DA:61,2
DA:62,2
DA:63,18
DA:64,0
DA:65,0
DA:66,0
DA:70,2
DA:73,62
DA:74,4603
DA:75,2
DA:77,4603
DA:78,14
DA:79,14
DA:81,12
DA:84,2
DA:87,4591
DA:88,4591
DA:90,4591
DA:93,62
DA:94,62
DA:95,62
DA:96,62
DA:97,62
DA:98,62
DA:99,62
DA:100,62
DA:101,62
DA:102,62
DA:103,62
DA:104,62
DA:105,62
DA:106,62
DA:109,1528
DA:110,1528
DA:111,1528
DA:113,1528
DA:115,1344
DA:117,11
DA:119,3
DA:121,1
DA:123,0
DA:125,20
DA:127,9
DA:129,15
DA:131,108
DA:133,6
DA:135,0
DA:137,1
DA:139,4
DA:141,2
DA:143,4
DA:147,62
DA:148,1528
DA:149,1528
DA:151,1528
DA:152,1509
DA:155,1528
DA:158,62
DA:159,104
DA:162,62
DA:163,1359
DA:165,986
DA:166,984
DA:167,984
DA:171,2
DA:174,62
DA:175,1
DA:176,1
DA:177,1
DA:178,1
DA:179,1
DA:183,62
DA:185,62
DA:201,63
DA:202,62
DA:204,62
DA:207,62
DA:208,62
DA:209,62
DA:210,62
DA:211,62
DA:212,58
DA:213,1
DA:214,57
DA:215,0
DA:216,0
DA:217,57
DA:218,0
DA:219,0
DA:220,0
DA:222,57
DA:223,57
DA:224,57
DA:225,57
DA:228,4
DA:229,3
DA:230,1
DA:231,0
DA:232,0
DA:233,1
DA:234,1
DA:235,1
DA:236,1
DA:239,62
DA:240,62
DA:241,58
DA:243,4
DA:244,4
DA:246,62
DA:247,62
DA:250,62
DA:257,15
DA:262,15
DA:263,15
DA:264,5
DA:265,5
DA:266,5
DA:268,10
DA:269,10
DA:271,15
DA:272,15
DA:273,5
DA:274,1
DA:277,10
DA:278,10
DA:280,15
DA:283,62
DA:284,370
DA:285,114
DA:288,62
DA:289,56
LF:166
LH:148
BRDA:15,0,0,23728
BRDA:20,1,0,135
BRDA:27,2,0,1
BRDA:32,3,0,1360
BRDA:33,4,0,2
BRDA:34,5,0,0
BRDA:40,6,0,2
BRDA:40,7,0,1362
BRDA:40,7,1,1362
BRDA:45,8,0,2
BRDA:48,9,0,2
BRDA:58,10,0,0
BRDA:63,11,0,0
BRDA:65,12,0,0
BRDA:65,13,0,0
BRDA:65,13,1,0
BRDA:74,14,0,2
BRDA:77,15,0,14
BRDA:77,16,0,4603
BRDA:77,16,1,16
BRDA:79,17,0,12
BRDA:108,18,0,0
BRDA:108,19,0,0
BRDA:108,20,0,0
BRDA:110,21,0,1509
BRDA:111,22,0,21
BRDA:113,23,0,1344
BRDA:113,23,1,11
BRDA:113,23,2,3
BRDA:113,23,3,1
BRDA:113,23,4,0
BRDA:113,23,5,20
BRDA:113,23,6,9
BRDA:113,23,7,15
BRDA:113,23,8,108
BRDA:113,23,9,6
BRDA:113,23,10,0
BRDA:113,23,11,1
BRDA:113,23,12,4
BRDA:113,23,13,2
BRDA:113,23,14,4
BRDA:147,24,0,11
BRDA:147,25,0,13
BRDA:147,26,0,1507
BRDA:147,27,0,1526
BRDA:151,28,0,1509
BRDA:163,29,0,373
BRDA:165,30,0,984
BRDA:167,31,0,984
BRDA:211,32,0,58
BRDA:211,32,1,4
BRDA:212,33,0,1
BRDA:212,33,1,57
BRDA:214,34,0,0
BRDA:214,34,1,57
BRDA:217,35,0,0
BRDA:217,35,1,57
BRDA:228,36,0,3
BRDA:228,36,1,1
BRDA:230,37,0,0
BRDA:230,37,1,1
BRDA:233,38,0,1
BRDA:240,39,0,58
BRDA:240,39,1,4
BRDA:241,40,0,2
BRDA:263,41,0,5
BRDA:263,41,1,10
BRDA:264,42,0,5
BRDA:264,42,1,5
BRDA:272,43,0,5
BRDA:272,43,1,10
BRDA:273,44,0,1
BRDA:280,45,0,15
BRDA:280,45,1,15
BRDA:284,46,0,256
BRDA:284,46,1,114
BRDA:284,47,0,370
BRDA:284,47,1,114
BRDA:290,48,0,56
BRDA:290,48,1,56
BRDA:290,48,2,22
BRDA:290,48,3,1
BRDA:290,48,4,1
BRF:83
BRH:69
end_of_record
TN:
SF:src/node/volume.ts
FN:128,pathToSteps
FN:132,dataToStr
FN:139,toUnixTimestamp
FN:156,validateUid
FN:160,validateGid
FN:164,(anonymous_5)
FN:199,(anonymous_6)
FN:204,(anonymous_7)
FN:288,(anonymous_8)
FN:299,(anonymous_9)
FN:313,(anonymous_10)
FN:317,(anonymous_11)
FN:323,(anonymous_12)
FN:334,(anonymous_13)
FN:345,(anonymous_14)
FN:349,(anonymous_15)
FN:367,(anonymous_16)
FN:377,(anonymous_17)
FN:387,(anonymous_18)
FN:392,(anonymous_19)
FN:425,(anonymous_20)
FN:434,(anonymous_21)
FN:460,(anonymous_22)
FN:492,(anonymous_23)
FN:494,(anonymous_24)
FN:528,(anonymous_25)
FN:533,(anonymous_26)
FN:543,(anonymous_27)
FN:548,(anonymous_28)
FN:559,(anonymous_29)
FN:583,(anonymous_30)
FN:592,(anonymous_31)
FN:603,(anonymous_32)
FN:720,(anonymous_33)
FN:726,(anonymous_34)
FN:732,(anonymous_35)
FN:737,(anonymous_36)
FN:748,(anonymous_37)
FN:757,(anonymous_38)
FN:764,(anonymous_39)
FN:787,(anonymous_40)
FN:865,(anonymous_41)
FN:871,(anonymous_42)
FN:881,(anonymous_43)
FN:889,(anonymous_44)
FN:892,(anonymous_45)
FN:926,(anonymous_46)
FN:935,(anonymous_47)
FN:944,(anonymous_48)
FN:954,(anonymous_49)
FN:961,(anonymous_50)
FN:981,(anonymous_51)
FN:989,(anonymous_52)
FN:1001,(anonymous_53)
FN:1010,(anonymous_54)
FN:1016,(anonymous_55)
FN:1023,(anonymous_56)
FN:1032,(anonymous_57)
FN:1038,(anonymous_58)
FN:1042,(anonymous_59)
FN:1046,(anonymous_60)
FN:1050,(anonymous_61)
FN:1054,(anonymous_62)
FN:1058,(anonymous_63)
FN:1062,(anonymous_64)
FN:1067,(anonymous_65)
FN:1074,(anonymous_66)
FN:1080,(anonymous_67)
FN:1093,(anonymous_68)
FN:1101,(anonymous_69)
FN:1108,(anonymous_70)
FN:1115,(anonymous_71)
FN:1119,(anonymous_72)
FN:1123,(anonymous_73)
FN:1133,(anonymous_74)
FN:1137,(anonymous_75)
FN:1145,(anonymous_76)
FN:1149,(anonymous_77)
FN:1161,(anonymous_78)
FN:1174,(anonymous_79)
FN:1187,(anonymous_80)
FN:1200,(anonymous_81)
FN:1210,(anonymous_82)
FN:1217,(anonymous_83)
FN:1225,(anonymous_84)
FN:1231,(anonymous_85)
FN:1238,(anonymous_86)
FN:1243,(anonymous_87)
FN:1248,(anonymous_88)
FN:1252,(anonymous_89)
FN:1256,(anonymous_90)
FN:1264,(anonymous_91)
FN:1270,(anonymous_92)
FN:1276,(anonymous_93)
FN:1280,(anonymous_94)
FN:1286,(anonymous_95)
FN:1292,(anonymous_96)
FN:1296,(anonymous_97)
FN:1302,(anonymous_98)
FN:1308,(anonymous_99)
FN:1314,(anonymous_100)
FN:1320,(anonymous_101)
FN:1326,(anonymous_102)
FN:1330,(anonymous_103)
FN:1336,(anonymous_104)
FN:1436,(anonymous_105)
FN:1455,(anonymous_106)
FN:1505,(anonymous_107)
FN:1517,(anonymous_108)
FN:1522,(anonymous_109)
FN:1526,(anonymous_110)
FN:1531,(anonymous_111)
FN:1538,(anonymous_112)
FN:1547,(anonymous_113)
FN:207,(anonymous_114)
FN:213,(anonymous_115)
FN:219,(anonymous_116)
FN:224,(anonymous_117)
FN:228,(anonymous_118)
FN:232,(anonymous_119)
FN:241,(anonymous_120)
FN:249,(anonymous_121)
FN:251,(anonymous_122)
FN:263,(anonymous_123)
FN:267,(anonymous_124)
FN:271,(anonymous_125)
FN:275,(anonymous_126)
FN:279,(anonymous_127)
FN:284,(anonymous_128)
FN:443,(anonymous_129)
FN:508,(anonymous_130)
FN:576,(anonymous_131)
FN:646,(anonymous_132)
FN:662,(anonymous_133)
FN:682,(anonymous_134)
FN:707,(anonymous_135)
FN:795,(anonymous_136)
FN:806,(anonymous_137)
FN:825,(anonymous_138)
FN:834,(anonymous_139)
FN:843,(anonymous_140)
FN:853,(anonymous_141)
FN:860,(anonymous_142)
FN:877,(anonymous_143)
FN:901,(anonymous_144)
FN:1346,(anonymous_145)
FN:1381,(anonymous_146)
FN:1398,(anonymous_147)
FN:1402,(anonymous_148)
FN:1408,(anonymous_149)
FN:1484,(anonymous_150)
FN:1493,(anonymous_151)
FN:1500,(anonymous_152)
FN:172,(anonymous_153)
FN:175,(anonymous_154)
FN:1554,emitStop
FN:1566,(anonymous_156)
FN:1582,(anonymous_157)
FN:1571,(anonymous_158)
FN:1575,(anonymous_159)
FN:1594,(anonymous_160)
FN:1604,(anonymous_161)
FN:1606,(anonymous_162)
FN:1617,allocNewPool
FN:1624,FsReadStream
FN:1665,(anonymous_165)
FN:1672,(anonymous_166)
FN:1674,(anonymous_167)
FN:1690,(anonymous_168)
FN:1692,(anonymous_169)
FN:1725,onread
FN:1743,(anonymous_171)
FN:1744,(anonymous_172)
FN:1749,(anonymous_173)
FN:1757,(anonymous_174)
FN:1769,(anonymous_175)
FN:1779,closeOnOpen
FN:1796,FsWriteStream
FN:1831,(anonymous_178)
FN:1838,(anonymous_179)
FN:1843,(anonymous_180)
FN:1859,(anonymous_181)
FN:1863,(anonymous_182)
FN:1869,(anonymous_183)
FN:1883,(anonymous_184)
FN:1885,(anonymous_185)
FN:1903,(anonymous_186)
FN:1915,(anonymous_187)
FN:1923,(anonymous_188)
FN:1935,(anonymous_189)
FN:1965,(anonymous_190)
FN:1988,(anonymous_191)
FN:1994,(anonymous_192)
FN:1998,(anonymous_193)
FN:1984,(anonymous_194)
FN:2002,(anonymous_195)
FN:2024,(anonymous_196)
FN:2027,(anonymous_197)
FN:2039,(anonymous_198)
FN:2043,(anonymous_199)
FN:2047,(anonymous_200)
FN:2057,(anonymous_201)
FN:2059,(anonymous_202)
FN:2063,(anonymous_203)
FN:2088,(anonymous_204)
FN:2114,(anonymous_205)
FN:2117,(anonymous_206)
FN:2118,(anonymous_207)
FNF:208
FNH:183
FNDA:0,pathToSteps
FNDA:0,dataToStr
FNDA:82,toUnixTimestamp
FNDA:6,validateUid
FNDA:6,validateGid
FNDA:0,(anonymous_5)
FNDA:479,(anonymous_6)
FNDA:818,(anonymous_7)
FNDA:454,(anonymous_8)
FNDA:137,(anonymous_9)
FNDA:386,(anonymous_10)
FNDA:99,(anonymous_11)
FNDA:13,(anonymous_12)
FNDA:40,(anonymous_13)
FNDA:0,(anonymous_14)
FNDA:40,(anonymous_15)
FNDA:5,(anonymous_16)
FNDA:5,(anonymous_17)
FNDA:0,(anonymous_18)
FNDA:396,(anonymous_19)
FNDA:300,(anonymous_20)
FNDA:97,(anonymous_21)
FNDA:15,(anonymous_22)
FNDA:60,(anonymous_23)
FNDA:59,(anonymous_24)
FNDA:3,(anonymous_25)
FNDA:3,(anonymous_26)
FNDA:0,(anonymous_27)
FNDA:252,(anonymous_28)
FNDA:70,(anonymous_29)
FNDA:44,(anonymous_30)
FNDA:36,(anonymous_31)
FNDA:63,(anonymous_32)
FNDA:3,(anonymous_33)
FNDA:2,(anonymous_34)
FNDA:0,(anonymous_35)
FNDA:8,(anonymous_36)
FNDA:83,(anonymous_37)
FNDA:6,(anonymous_38)
FNDA:414,(anonymous_39)
FNDA:283,(anonymous_40)
FNDA:17,(anonymous_41)
FNDA:50,(anonymous_42)
FNDA:79,(anonymous_43)
FNDA:5,(anonymous_44)
FNDA:3,(anonymous_45)
FNDA:10,(anonymous_46)
FNDA:17,(anonymous_47)
FNDA:5,(anonymous_48)
FNDA:13,(anonymous_49)
FNDA:223,(anonymous_50)
FNDA:507,(anonymous_51)
FNDA:306,(anonymous_52)
FNDA:138,(anonymous_53)
FNDA:78,(anonymous_54)
FNDA:31,(anonymous_55)
FNDA:19,(anonymous_56)
FNDA:12,(anonymous_57)
FNDA:3,(anonymous_58)
FNDA:2,(anonymous_59)
FNDA:1,(anonymous_60)
FNDA:2,(anonymous_61)
FNDA:0,(anonymous_62)
FNDA:2,(anonymous_63)
FNDA:16,(anonymous_64)
FNDA:7,(anonymous_65)
FNDA:9,(anonymous_66)
FNDA:6,(anonymous_67)
FNDA:4,(anonymous_68)
FNDA:3,(anonymous_69)
FNDA:2,(anonymous_70)
FNDA:0,(anonymous_71)
FNDA:2,(anonymous_72)
FNDA:39,(anonymous_73)
FNDA:25,(anonymous_74)
FNDA:2,(anonymous_75)
FNDA:12,(anonymous_76)
FNDA:0,(anonymous_77)
FNDA:228,(anonymous_78)
FNDA:41,(anonymous_79)
FNDA:3,(anonymous_80)
FNDA:3,(anonymous_81)
FNDA:4,(anonymous_82)
FNDA:2,(anonymous_83)
FNDA:17,(anonymous_84)
FNDA:20,(anonymous_85)
FNDA:15,(anonymous_86)
FNDA:2,(anonymous_87)
FNDA:0,(anonymous_88)
FNDA:2,(anonymous_89)
FNDA:160,(anonymous_90)
FNDA:155,(anonymous_91)
FNDA:3,(anonymous_92)
FNDA:2,(anonymous_93)
FNDA:0,(anonymous_94)
FNDA:2,(anonymous_95)
FNDA:2,(anonymous_96)
FNDA:0,(anonymous_97)
FNDA:2,(anonymous_98)
FNDA:2,(anonymous_99)
FNDA:0,(anonymous_100)
FNDA:2,(anonymous_101)
FNDA:2,(anonymous_102)
FNDA:0,(anonymous_103)
FNDA:2,(anonymous_104)
FNDA:24,(anonymous_105)
FNDA:12,(anonymous_106)
FNDA:10,(anonymous_107)
FNDA:6,(anonymous_108)
FNDA:9,(anonymous_109)
FNDA:15,(anonymous_110)
FNDA:21,(anonymous_111)
FNDA:16,(anonymous_112)
FNDA:5,(anonymous_113)
FNDA:2,(anonymous_114)
FNDA:9,(anonymous_115)
FNDA:7,(anonymous_116)
FNDA:11,(anonymous_117)
FNDA:34,(anonymous_118)
FNDA:14,(anonymous_119)
FNDA:20,(anonymous_120)
FNDA:1162,(anonymous_121)
FNDA:1162,(anonymous_122)
FNDA:0,(anonymous_123)
FNDA:3,(anonymous_124)
FNDA:81,(anonymous_125)
FNDA:60,(anonymous_126)
FNDA:1,(anonymous_127)
FNDA:0,(anonymous_128)
FNDA:74,(anonymous_129)
FNDA:3,(anonymous_130)
FNDA:76,(anonymous_131)
FNDA:23,(anonymous_132)
FNDA:32,(anonymous_133)
FNDA:18,(anonymous_134)
FNDA:4,(anonymous_135)
FNDA:131,(anonymous_136)
FNDA:434,(anonymous_137)
FNDA:80,(anonymous_138)
FNDA:273,(anonymous_139)
FNDA:8,(anonymous_140)
FNDA:6,(anonymous_141)
FNDA:2,(anonymous_142)
FNDA:81,(anonymous_143)
FNDA:27,(anonymous_144)
FNDA:2,(anonymous_145)
FNDA:2,(anonymous_146)
FNDA:5,(anonymous_147)
FNDA:2,(anonymous_148)
FNDA:11,(anonymous_149)
FNDA:9,(anonymous_150)
FNDA:6,(anonymous_151)
FNDA:3,(anonymous_152)
FNDA:333,(anonymous_153)
FNDA:262,(anonymous_154)
FNDA:2,emitStop
FNDA:3,(anonymous_156)
FNDA:1,(anonymous_157)
FNDA:3,(anonymous_158)
FNDA:1,(anonymous_159)
FNDA:2,(anonymous_160)
FNDA:2,(anonymous_161)
FNDA:2,(anonymous_162)
FNDA:11,allocNewPool
FNDA:9,FsReadStream
FNDA:6,(anonymous_165)
FNDA:7,(anonymous_166)
FNDA:7,(anonymous_167)
FNDA:11,(anonymous_168)
FNDA:0,(anonymous_169)
FNDA:11,onread
FNDA:14,(anonymous_171)
FNDA:6,(anonymous_172)
FNDA:9,(anonymous_173)
FNDA:0,(anonymous_174)
FNDA:6,(anonymous_175)
FNDA:0,closeOnOpen
FNDA:7,FsWriteStream
FNDA:1,(anonymous_178)
FNDA:5,(anonymous_179)
FNDA:5,(anonymous_180)
FNDA:4,(anonymous_181)
FNDA:1,(anonymous_182)
[...]
DA:2095,18
DA:2096,4
DA:2101,11
DA:2102,11
DA:2104,11
DA:2105,11
DA:2107,11
DA:2108,11
DA:2111,11
DA:2115,11
DA:2117,11
DA:2118,39
DA:2120,11
DA:2122,11
DA:2123,11
DA:2125,11
LF:973
LH:875
BRDA:84,0,0,62
BRDA:84,0,1,0
BRDA:132,1,0,0
BRDA:133,2,0,0
BRDA:133,2,1,0
BRDA:134,3,0,0
BRDA:134,3,1,0
BRDA:141,4,0,0
BRDA:141,5,0,82
BRDA:141,5,1,0
BRDA:144,6,0,18
BRDA:147,7,0,64
BRDA:148,8,0,0
BRDA:157,9,0,0
BRDA:161,10,0,0
BRDA:200,11,0,0
BRDA:204,12,0,223
BRDA:288,13,0,452
BRDA:302,14,0,8
BRDA:306,15,0,137
BRDA:306,15,1,113
BRDA:343,16,0,0
BRDA:346,17,0,0
BRDA:375,18,0,1
BRDA:389,19,0,0
BRDA:389,19,1,0
BRDA:389,20,0,0
BRDA:389,20,1,0
BRDA:395,21,0,396
BRDA:395,21,1,3
BRDA:397,22,0,2
BRDA:397,22,1,394
BRDA:402,23,0,393
BRDA:402,23,1,391
BRDA:406,24,0,5
BRDA:409,25,0,1
BRDA:409,26,0,369
BRDA:409,26,1,1
BRDA:418,27,0,365
BRDA:497,28,0,58
BRDA:497,28,1,1
BRDA:531,29,0,0
BRDA:545,30,0,0
BRDA:545,30,1,0
BRDA:545,31,0,0
BRDA:545,31,1,0
BRDA:567,32,0,1
BRDA:586,33,0,40
BRDA:586,33,1,36
BRDA:597,34,0,11
BRDA:597,34,1,25
BRDA:608,35,0,0
BRDA:608,36,0,63
BRDA:608,36,1,6
BRDA:609,37,0,1
BRDA:609,37,1,62
BRDA:614,38,0,0
BRDA:619,39,0,1
BRDA:619,40,0,62
BRDA:619,40,1,8
BRDA:619,40,2,1
BRDA:622,41,0,7
BRDA:623,42,0,1
BRDA:623,43,0,7
BRDA:623,43,1,1
BRDA:624,44,0,1
BRDA:624,45,0,6
BRDA:624,45,1,6
BRDA:627,46,0,2
BRDA:627,47,0,59
BRDA:627,47,1,23
BRDA:630,48,0,1
BRDA:633,49,0,21
BRDA:633,49,1,36
BRDA:634,50,0,3
BRDA:636,51,0,32
BRDA:636,51,1,4
BRDA:636,52,0,36
BRDA:636,52,1,4
BRDA:636,52,2,4
BRDA:638,53,0,4
BRDA:638,53,1,0
BRDA:638,54,0,4
BRDA:638,54,1,4
BRDA:758,55,0,6
BRDA:758,55,1,0
BRDA:766,56,0,0
BRDA:767,57,0,0
BRDA:773,58,0,2
BRDA:773,58,1,62
BRDA:773,59,0,64
BRDA:773,59,1,64
BRDA:788,60,0,281
BRDA:788,61,0,0
BRDA:891,62,0,1
BRDA:926,63,0,0
BRDA:938,64,0,15
BRDA:938,64,1,2
BRDA:947,65,0,0
BRDA:947,66,0,5
BRDA:947,66,1,5
BRDA:957,67,0,2
BRDA:957,68,0,12
BRDA:957,68,1,12
BRDA:965,69,0,0
BRDA:967,70,0,2
BRDA:971,71,0,438
BRDA:971,72,0,868
BRDA:971,72,1,868
BRDA:971,72,2,649
BRDA:974,73,0,7
BRDA:974,74,0,430
BRDA:974,74,1,21
BRDA:980,75,0,218
BRDA:980,76,0,218
BRDA:980,76,1,218
BRDA:982,77,0,220
BRDA:983,78,0,285
BRDA:986,79,0,58
BRDA:988,80,0,0
BRDA:990,81,0,10
BRDA:992,82,0,0
BRDA:1019,83,0,0
BRDA:1075,84,0,9
BRDA:1075,84,1,0
BRDA:1076,85,0,9
BRDA:1076,85,1,0
BRDA:1094,86,0,1
BRDA:1102,87,0,2
BRDA:1102,87,1,1
BRDA:1103,88,0,2
BRDA:1103,88,1,1
BRDA:1104,89,0,0
BRDA:1123,90,0,0
BRDA:1125,91,0,27
BRDA:1125,91,1,12
BRDA:1165,92,0,74
BRDA:1180,93,0,20
BRDA:1180,93,1,21
BRDA:1183,94,0,21
BRDA:1183,94,1,20
BRDA:1187,95,0,3
BRDA:1193,96,0,0
BRDA:1193,96,1,1
BRDA:1194,97,0,0
BRDA:1194,97,1,0
BRDA:1202,98,0,1
BRDA:1202,99,0,3
BRDA:1202,99,1,3
BRDA:1212,100,0,1
BRDA:1212,101,0,4
BRDA:1212,101,1,4
BRDA:1213,102,0,0
BRDA:1227,103,0,2
BRDA:1227,103,1,15
BRDA:1232,104,0,11
BRDA:1232,104,1,9
BRDA:1232,105,0,20
BRDA:1232,105,1,20
BRDA:1232,106,0,11
BRDA:1232,106,1,9
BRDA:1232,107,0,20
BRDA:1232,107,1,20
BRDA:1240,108,0,0
BRDA:1240,108,1,15
BRDA:1240,109,0,15
BRDA:1240,109,1,15
BRDA:1240,110,0,0
BRDA:1240,110,1,15
BRDA:1240,111,0,15
BRDA:1240,111,1,15
BRDA:1256,112,0,3
BRDA:1257,113,0,158
BRDA:1257,113,1,2
BRDA:1440,114,0,1
BRDA:1440,114,1,23
BRDA:1440,115,0,24
BRDA:1440,115,1,24
BRDA:1440,116,0,9
BRDA:1440,116,1,15
BRDA:1440,117,0,24
BRDA:1440,117,1,24
BRDA:1441,118,0,1
BRDA:1441,118,1,23
BRDA:1441,119,0,24
BRDA:1441,119,1,24
BRDA:1441,120,0,9
BRDA:1441,120,1,15
BRDA:1441,121,0,24
BRDA:1441,121,1,24
BRDA:1442,122,0,9
BRDA:1442,122,1,15
BRDA:1442,123,0,24
BRDA:1442,123,1,24
BRDA:1443,124,0,1
BRDA:1443,124,1,23
BRDA:1443,125,0,24
BRDA:1443,125,1,24
BRDA:1443,126,0,9
BRDA:1443,126,1,15
BRDA:1443,127,0,24
BRDA:1443,127,1,24
BRDA:1444,128,0,0
BRDA:1444,128,1,24
BRDA:1444,129,0,24
BRDA:1444,129,1,24
BRDA:1444,130,0,9
BRDA:1444,130,1,15
BRDA:1444,131,0,24
BRDA:1444,131,1,24
BRDA:1445,132,0,1
BRDA:1445,132,1,23
BRDA:1445,133,0,24
BRDA:1445,133,1,24
BRDA:1445,134,0,9
BRDA:1445,134,1,15
BRDA:1445,135,0,24
BRDA:1445,135,1,24
BRDA:1446,136,0,9
BRDA:1446,136,1,15
BRDA:1446,137,0,24
BRDA:1446,137,1,24
BRDA:1446,138,0,9
BRDA:1446,138,1,15
BRDA:1446,139,0,24
BRDA:1446,139,1,24
BRDA:1447,140,0,2
BRDA:1447,140,1,22
BRDA:1447,141,0,24
BRDA:1447,141,1,24
BRDA:1447,142,0,9
BRDA:1447,142,1,15
BRDA:1447,143,0,24
BRDA:1447,143,1,24
BRDA:1465,144,0,4
BRDA:1465,144,1,8
BRDA:1466,145,0,8
BRDA:1466,145,1,0
BRDA:1469,146,0,0
BRDA:1469,146,1,12
BRDA:1469,147,0,12
BRDA:1469,147,1,12
BRDA:1469,148,0,0
BRDA:1469,148,1,12
BRDA:1469,149,0,12
BRDA:1469,149,1,12
BRDA:1470,150,0,2
BRDA:1470,150,1,10
BRDA:1470,151,0,12
BRDA:1470,151,1,12
BRDA:1470,152,0,0
BRDA:1470,152,1,12
BRDA:1470,153,0,12
BRDA:1470,153,1,12
BRDA:1471,154,0,0
BRDA:1471,154,1,12
BRDA:1471,155,0,12
BRDA:1471,155,1,12
BRDA:1472,156,0,1
BRDA:1472,156,1,11
BRDA:1472,157,0,12
BRDA:1472,157,1,12
BRDA:1472,158,0,0
BRDA:1472,158,1,12
BRDA:1472,159,0,12
BRDA:1472,159,1,12
BRDA:1473,160,0,0
BRDA:1473,160,1,12
BRDA:1473,161,0,12
BRDA:1473,161,1,12
BRDA:1473,162,0,0
BRDA:1473,162,1,12
BRDA:1473,163,0,12
BRDA:1473,163,1,12
BRDA:1474,164,0,1
BRDA:1474,164,1,11
BRDA:1474,165,0,12
BRDA:1474,165,1,12
BRDA:1474,166,0,0
BRDA:1474,166,1,12
BRDA:1474,167,0,12
BRDA:1474,167,1,12
BRDA:1475,168,0,4
BRDA:1475,168,1,8
BRDA:1475,169,0,12
BRDA:1475,169,1,12
BRDA:1475,170,0,0
BRDA:1475,170,1,12
BRDA:1475,171,0,12
BRDA:1475,171,1,12
BRDA:1476,172,0,0
BRDA:1476,172,1,12
BRDA:1476,173,0,12
BRDA:1476,173,1,12
BRDA:1476,174,0,0
BRDA:1476,174,1,12
BRDA:1476,175,0,12
BRDA:1476,175,1,12
BRDA:1509,176,0,1
BRDA:1512,177,0,8
BRDA:1512,177,1,7
BRDA:1512,178,0,7
BRDA:1512,178,1,1
BRDA:1512,179,0,8
BRDA:1512,179,1,8
BRDA:1518,180,0,2
BRDA:1518,180,1,4
BRDA:1519,181,0,6
BRDA:1519,181,1,0
BRDA:1522,182,0,1
BRDA:1526,183,0,0
BRDA:1534,184,0,0
BRDA:230,185,0,27
BRDA:230,185,1,3
BRDA:263,186,0,0
BRDA:271,187,0,78
BRDA:271,188,0,79
BRDA:271,189,0,79
BRDA:445,190,0,1
BRDA:448,191,0,12
BRDA:448,191,1,60
BRDA:448,192,0,72
BRDA:448,192,1,72
BRDA:510,193,0,2
BRDA:510,193,1,0
BRDA:510,194,0,2
BRDA:510,194,1,2
BRDA:511,195,0,0
BRDA:520,196,0,0
BRDA:578,197,0,2
BRDA:578,198,0,69
BRDA:578,198,1,3
BRDA:579,199,0,1
BRDA:648,200,0,23
BRDA:648,200,1,0
BRDA:649,201,0,23
BRDA:649,201,1,0
BRDA:650,202,0,0
BRDA:655,203,0,23
BRDA:655,203,1,23
BRDA:655,203,2,2
BRDA:669,204,0,5
BRDA:670,205,0,3
BRDA:671,206,0,2
BRDA:677,207,0,2
BRDA:689,208,0,18
BRDA:698,209,0,3
BRDA:698,210,0,30
BRDA:698,210,1,6
BRDA:714,211,0,1
BRDA:714,212,0,4
BRDA:714,212,1,3
BRDA:716,213,0,0
BRDA:796,214,0,129
BRDA:796,215,0,0
BRDA:806,216,0,81
BRDA:806,217,0,81
BRDA:811,218,0,3
BRDA:811,218,1,70
BRDA:811,219,0,73
BRDA:811,219,1,66
BRDA:826,220,0,0
BRDA:826,221,0,75
BRDA:835,222,0,0
BRDA:835,223,0,271
BRDA:843,224,0,0
BRDA:845,225,0,1
BRDA:906,226,0,4
BRDA:911,227,0,5
BRDA:911,228,0,19
BRDA:911,228,1,14
BRDA:916,229,0,3
BRDA:916,230,0,14
BRDA:916,230,1,8
BRDA:921,231,0,0
BRDA:921,232,0,11
BRDA:921,232,1,0
BRDA:1352,233,0,0
BRDA:1357,234,0,0
BRDA:1364,235,0,2
BRDA:1364,236,0,2
BRDA:1364,236,1,2
BRDA:1365,237,0,2
BRDA:1366,238,0,0
BRDA:1371,239,0,2
BRDA:1384,240,0,0
BRDA:1386,241,0,0
BRDA:1386,241,1,2
BRDA:1392,242,0,2
BRDA:1416,243,0,3
BRDA:1423,244,0,11
BRDA:1424,245,0,7
BRDA:1429,246,0,11
BRDA:1484,247,0,0
BRDA:1494,248,0,0
BRDA:1501,249,0,0
BRDA:1585,250,0,1
BRDA:1577,251,0,1
BRDA:1578,252,0,0
BRDA:1594,253,0,0
BRDA:1594,254,0,0
BRDA:1596,255,0,2
BRDA:1596,255,1,0
BRDA:1597,256,0,2
BRDA:1597,256,1,0
BRDA:1625,257,0,0
BRDA:1631,258,0,9
BRDA:1636,259,0,7
BRDA:1636,259,1,2
BRDA:1636,260,0,2
BRDA:1636,260,1,0
BRDA:1637,261,0,9
BRDA:1637,261,1,0
BRDA:1638,262,0,9
BRDA:1638,262,1,0
BRDA:1642,263,0,9
BRDA:1642,263,1,0
BRDA:1646,264,0,2
BRDA:1647,265,0,0
BRDA:1650,266,0,2
BRDA:1650,266,1,0
BRDA:1652,267,0,0
BRDA:1656,268,0,0
BRDA:1663,269,0,7
BRDA:1666,270,0,6
BRDA:1667,271,0,6
BRDA:1675,272,0,3
BRDA:1676,273,0,3
BRDA:1677,274,0,3
BRDA:1691,275,0,0
BRDA:1697,276,0,0
BRDA:1699,277,0,11
BRDA:1699,278,0,11
BRDA:1699,278,1,8
BRDA:1711,279,0,3
BRDA:1715,280,0,0
BRDA:1722,281,0,3
BRDA:1726,282,0,0
BRDA:1726,282,1,11
BRDA:1727,283,0,0
BRDA:1727,284,0,0
BRDA:1727,284,1,0
BRDA:1733,285,0,5
BRDA:1745,286,0,6
BRDA:1745,286,1,6
BRDA:1750,287,0,9
BRDA:1752,288,0,3
BRDA:1752,289,0,9
BRDA:1752,289,1,9
BRDA:1753,290,0,3
BRDA:1763,291,0,6
BRDA:1763,291,1,0
BRDA:1763,292,0,0
BRDA:1763,292,1,6
BRDA:1763,293,0,6
BRDA:1763,293,1,6
BRDA:1770,294,0,1
BRDA:1770,294,1,5
BRDA:1797,295,0,0
BRDA:1805,296,0,5
BRDA:1805,296,1,2
BRDA:1805,297,0,2
BRDA:1805,297,1,0
BRDA:1806,298,0,7
BRDA:1806,298,1,0
BRDA:1807,299,0,7
BRDA:1807,299,1,0
BRDA:1810,300,0,7
BRDA:1810,300,1,0
BRDA:1815,301,0,0
BRDA:1816,302,0,0
BRDA:1819,303,0,0
BRDA:1826,304,0,0
BRDA:1828,305,0,5
BRDA:1832,306,0,1
BRDA:1844,307,0,4
BRDA:1845,308,0,4
BRDA:1845,309,0,4
BRDA:1845,309,1,4
BRDA:1860,310,0,0
BRDA:1860,311,0,4
BRDA:1860,311,1,0
BRDA:1862,312,0,1
BRDA:1870,313,0,0
BRDA:1871,314,0,0
BRDA:1871,315,0,0
BRDA:1871,315,1,0
BRDA:1880,316,0,0
BRDA:1884,317,0,0
BRDA:1904,318,0,0
BRDA:1905,319,0,0
BRDA:1912,320,0,0
BRDA:1916,321,0,7
BRDA:1918,322,0,5
BRDA:1918,323,0,8
BRDA:1918,323,1,7
BRDA:1919,324,0,5
BRDA:1929,325,0,3
BRDA:1929,325,1,0
BRDA:1929,326,0,0
BRDA:1929,326,1,3
BRDA:1929,327,0,3
BRDA:1929,327,1,3
BRDA:1936,328,0,0
BRDA:1936,328,1,3
BRDA:1989,329,0,0
BRDA:2004,330,0,0
BRDA:2005,331,0,0
BRDA:2006,332,0,0
BRDA:2030,333,0,10
BRDA:2038,334,0,0
BRDA:2038,334,1,25
BRDA:2038,335,0,25
BRDA:2038,335,1,25
BRDA:2062,336,0,5
BRDA:2067,337,0,0
BRDA:2067,338,0,1
BRDA:2067,338,1,1
BRDA:2067,338,2,0
BRDA:2079,339,0,7
BRDA:2079,340,0,29
BRDA:2079,340,1,29
BRDA:2079,340,2,18
BRDA:2087,341,0,22
BRDA:2087,341,1,0
BRDA:2087,342,0,22
BRDA:2087,342,1,22
BRDA:2093,343,0,12
BRDA:2095,344,0,4
BRDA:2095,345,0,18
BRDA:2095,345,1,18
BRDA:2095,345,2,11
BRDA:2105,346,0,11
BRDA:2111,347,0,11
BRDA:2123,348,0,11
BRF:535
BRH:397
end_of_record
TN:
SF:src/node-to-fsa/NodeFileSystemDirectoryHandle.ts
FN:31,(anonymous_0)
FN:48,(anonymous_1)
FN:56,(anonymous_3)
FN:74,(anonymous_5)
FN:88,(anonymous_7)
FN:128,(anonymous_8)
FN:165,(anonymous_9)
FN:204,(anonymous_10)
FNF:8
FNH:8
FNDA:289,(anonymous_0)
FNDA:7,(anonymous_1)
FNDA:9,(anonymous_3)
FNDA:4,(anonymous_5)
FNDA:106,(anonymous_7)
FNDA:126,(anonymous_8)
FNDA:38,(anonymous_9)
FNDA:5,(anonymous_10)
DA:1,6
DA:2,6
DA:11,6
DA:26,6
DA:32,289
DA:36,289
DA:37,289
DA:38,289
DA:39,289
DA:49,7
DA:50,11
DA:57,9
DA:58,9
DA:59,9
DA:60,11
DA:61,11
DA:62,11
DA:63,11
DA:64,5
DA:75,12
DA:92,106
DA:93,91
DA:94,91
DA:95,91
DA:96,76
DA:97,73
DA:99,18
DA:100,15
DA:101,15
DA:103,15
DA:104,10
DA:105,9
DA:106,9
DA:108,5
DA:112,0
DA:115,0
DA:129,126
DA:130,110
DA:131,110
DA:132,110
DA:133,84
DA:134,74
DA:136,36
DA:137,26
DA:138,26
DA:140,26
DA:141,19
DA:142,18
DA:143,18
DA:145,7
DA:149,0
DA:152,0
DA:166,38
DA:167,36
DA:168,20
DA:169,20
DA:170,20
DA:171,20
DA:172,18
DA:173,4
DA:174,14
DA:175,14
DA:176,0
DA:178,6
DA:179,6
DA:180,6
DA:182,2
DA:186,0
DA:188,4
DA:191,0
DA:205,5
DA:209,5
DA:210,5
DA:211,5
DA:212,4
DA:213,4
DA:214,3
DA:215,3
DA:216,3
DA:218,0
LF:80
LH:72
BRDA:34,0,0,0
BRDA:39,1,0,116
BRDA:39,1,1,173
BRDA:63,2,0,6
BRDA:63,2,1,5
BRDA:64,3,0,5
BRDA:96,4,0,3
BRDA:99,5,0,3
BRDA:100,6,0,15
BRDA:100,7,0,15
BRDA:100,7,1,15
BRDA:101,8,0,15
BRDA:101,8,1,0
BRDA:101,8,2,0
BRDA:103,9,0,10
BRDA:103,10,0,1
BRDA:103,10,1,14
BRDA:103,11,0,15
BRDA:103,11,1,15
BRDA:133,12,0,10
BRDA:136,13,0,10
BRDA:137,14,0,26
BRDA:137,15,0,26
BRDA:137,15,1,26
BRDA:138,16,0,26
BRDA:138,16,1,0
BRDA:138,16,2,0
BRDA:140,17,0,19
BRDA:140,18,0,6
BRDA:140,18,1,20
BRDA:140,19,0,26
BRDA:140,19,1,26
BRDA:165,20,0,26
BRDA:165,21,0,26
BRDA:172,22,0,4
BRDA:172,22,1,14
BRDA:174,23,0,14
BRDA:174,23,1,0
BRDA:178,24,0,0
BRDA:179,25,0,6
BRDA:179,26,0,6
BRDA:179,26,1,6
BRDA:180,27,0,2
BRDA:180,27,1,0
BRDA:180,27,2,0
BRDA:180,27,3,4
BRDA:205,28,0,5
BRDA:206,29,0,5
BRDA:206,29,1,3
BRDA:211,30,0,1
BRDA:213,31,0,1
BRDA:215,32,0,0
BRF:52
BRH:42
end_of_record
TN:
SF:src/node-to-fsa/NodeFileSystemFileHandle.ts
FN:11,(anonymous_0)
FN:27,(anonymous_1)
FN:52,(anonymous_2)
FN:54,(anonymous_3)
FN:60,(anonymous_4)
FNF:5
FNH:5
FNDA:98,(anonymous_0)
FNDA:28,(anonymous_1)
FNDA:12,(anonymous_2)
FNDA:12,(anonymous_3)
FNDA:43,(anonymous_4)
DA:1,6
DA:2,6
DA:3,6
DA:4,6
DA:8,6
DA:12,98
DA:13,98
DA:16,98
DA:17,98
DA:18,98
DA:28,28
DA:29,28
DA:30,28
DA:31,28
DA:33,28
DA:34,28
DA:35,28
DA:37,0
DA:38,0
DA:39,0
DA:42,0
DA:45,0
DA:53,12
DA:54,12
DA:63,43
DA:64,42
LF:26
LH:21
BRDA:14,0,0,0
BRDA:37,1,0,0
BRDA:38,2,0,0
BRDA:38,3,0,0
BRDA:38,3,1,0
BRDA:39,4,0,0
BRDA:39,4,1,0
BRDA:53,5,0,0
BRDA:61,6,0,6
BRDA:61,7,0,0
BRF:10
BRH:1
end_of_record
TN:
SF:src/node-to-fsa/NodeFileSystemHandle.ts
FN:17,(anonymous_0)
FN:27,(anonymous_1)
FN:36,(anonymous_2)
FN:73,(anonymous_3)
FN:80,(anonymous_4)
FNF:5
FNH:3
FNDA:387,(anonymous_0)
FNDA:7,(anonymous_1)
FNDA:10,(anonymous_2)
FNDA:0,(anonymous_3)
FNDA:0,(anonymous_4)
DA:1,6
DA:12,6
DA:18,387
DA:19,387
DA:28,7
DA:39,10
DA:42,10
DA:43,10
DA:46,10
DA:47,2
DA:50,8
DA:52,8
DA:54,8
DA:55,5
DA:56,3
DA:57,3
DA:61,8
DA:63,7
DA:66,1
DA:74,0
DA:83,0
LF:21
LH:19
BRDA:29,0,0,7
BRDA:29,0,1,5
BRDA:46,1,0,2
BRDA:46,2,0,10
BRDA:46,2,1,5
BRDA:54,3,0,5
BRDA:54,3,1,3
BRDA:56,4,0,3
BRDA:73,5,0,0
BRF:9
BRH:8
end_of_record
TN:
SF:src/node-to-fsa/NodeFileSystemSyncAccessHandle.ts
FN:12,(anonymous_0)
FN:23,(anonymous_1)
FN:31,(anonymous_2)
FN:39,(anonymous_3)
FN:46,(anonymous_4)
FN:68,(anonymous_5)
FN:81,(anonymous_6)
FNF:7
FNH:7
FNDA:12,(anonymous_0)
FNDA:3,(anonymous_1)
FNDA:1,(anonymous_2)
FNDA:2,(anonymous_3)
FNDA:4,(anonymous_4)
FNDA:1,(anonymous_5)
FNDA:4,(anonymous_6)
DA:1,6
DA:2,6
DA:9,6
DA:13,12
DA:14,12
DA:15,12
DA:17,12
DA:24,3
DA:25,3
DA:32,1
DA:33,1
DA:40,2
DA:47,4
DA:48,4
DA:49,4
DA:50,3
DA:52,1
DA:53,1
DA:54,1
DA:56,1
DA:60,0
DA:69,1
DA:70,1
DA:85,4
DA:86,4
DA:87,4
DA:88,4
DA:90,1
DA:91,1
DA:92,1
DA:94,1
DA:98,0
LF:32
LH:30
BRDA:46,0,0,3
BRDA:47,1,0,0
BRDA:47,1,1,4
BRDA:49,2,0,1
BRDA:49,2,1,3
BRDA:49,3,0,4
BRDA:49,3,1,4
BRDA:52,4,0,0
BRDA:53,5,0,1
BRDA:53,6,0,1
BRDA:53,6,1,1
BRDA:54,7,0,1
BRDA:83,8,0,3
BRDA:86,9,0,0
BRDA:86,9,1,4
BRDA:88,10,0,1
BRDA:88,10,1,3
BRDA:88,11,0,4
BRDA:88,11,1,4
BRDA:90,12,0,0
BRDA:91,13,0,1
BRDA:91,14,0,1
BRDA:91,14,1,1
BRDA:92,15,0,1
BRF:24
BRH:20
end_of_record
TN:
SF:src/node-to-fsa/NodeFileSystemWritableFileStream.ts
FN:15,(anonymous_0)
FN:69,(anonymous_1)
FN:76,(anonymous_2)
FN:78,(anonymous_3)
FN:83,(anonymous_4)
FN:93,(anonymous_5)
FN:100,(anonymous_6)
FN:116,(anonymous_7)
FN:124,(anonymous_8)
FN:132,(anonymous_9)
FN:146,(anonymous_10)
FNF:11
FNH:11
FNDA:48,(anonymous_0)
FNDA:42,(anonymous_1)
FNDA:42,(anonymous_2)
FNDA:42,(anonymous_3)
FNDA:45,(anonymous_4)
FNDA:41,(anonymous_5)
FNDA:1,(anonymous_6)
FNDA:18,(anonymous_7)
FNDA:6,(anonymous_8)
FNDA:45,(anonymous_9)
FNDA:50,(anonymous_10)
DA:1,7
DA:15,7
DA:21,48
DA:22,48
DA:23,48
DA:25,4
DA:27,48
DA:28,4
DA:29,9
DA:30,9
DA:31,9
DA:32,4
DA:34,5
DA:38,48
DA:39,48
DA:40,48
DA:56,7
DA:66,7
DA:70,42
DA:71,42
DA:74,42
DA:75,42
DA:77,42
DA:78,42
DA:79,42
DA:80,42
DA:81,42
DA:84,45
DA:85,45
DA:86,45
DA:87,45
DA:90,45
DA:91,45
DA:94,41
DA:95,41
DA:96,41
DA:97,41
DA:98,41
DA:101,1
DA:102,1
DA:103,1
DA:104,1
DA:105,1
DA:108,42
DA:117,18
DA:125,6
DA:126,6
DA:127,6
DA:128,6
DA:129,6
DA:133,45
DA:134,45
DA:135,45
DA:137,45
DA:147,50
DA:148,50
DA:150,7
DA:153,43
DA:154,43
DA:158,3
DA:160,40
DA:161,21
DA:163,19
DA:164,19
DA:166,14
DA:167,14
DA:170,3
DA:171,3
DA:172,3
DA:175,2
DA:176,2
DA:178,0
DA:185,0
LF:73
LH:71
BRDA:25,0,0,0
BRDA:25,1,0,4
BRDA:25,1,1,4
BRDA:25,1,2,4
BRDA:27,2,0,4
BRDA:34,3,0,0
BRDA:34,4,0,5
BRDA:34,4,1,5
BRDA:34,4,2,5
BRDA:38,5,0,0
BRDA:39,6,0,24
BRDA:56,7,0,0
BRDA:56,7,1,7
BRDA:86,8,0,0
BRDA:88,9,0,9
BRDA:88,9,1,36
BRDA:88,10,0,0
BRDA:88,10,1,36
BRDA:96,11,0,0
BRDA:103,12,0,0
BRDA:127,13,0,0
BRDA:129,14,0,0
BRDA:147,15,0,0
BRDA:148,16,0,7
BRDA:148,16,1,43
BRDA:148,16,2,0
BRDA:154,17,0,3
BRDA:154,17,1,3
BRDA:154,17,2,3
BRDA:154,17,3,40
BRDA:160,18,0,21
BRDA:160,18,1,19
BRDA:164,19,0,14
BRDA:164,19,1,3
BRDA:164,19,2,2
BRDA:164,19,3,0
BRDA:166,20,0,11
BRDA:170,21,0,0
BRDA:171,22,0,0
BRDA:175,23,0,0
BRF:40
BRH:24
end_of_record
TN:
SF:src/node-to-fsa/NodePermissionStatus.ts
FN:5,(anonymous_0)
FNF:1
FNH:1
FNDA:10,(anonymous_0)
DA:4,6
DA:6,10
DA:7,10
LF:3
LH:3
BRF:0
BRH:0
end_of_record
TN:
SF:src/node-to-fsa/index.ts
FN:9,(anonymous_0)
FNF:1
FNH:1
FNDA:85,(anonymous_0)
DA:1,2
DA:4,2
DA:5,2
DA:6,2
DA:7,2
DA:9,2
DA:14,85
LF:7
LH:7
BRF:0
BRH:0
end_of_record
TN:
SF:src/node-to-fsa/util.ts
FN:6,(anonymous_0)
FN:15,(anonymous_1)
FN:23,(anonymous_2)
FN:28,(anonymous_3)
FN:36,(anonymous_4)
FN:42,(anonymous_5)
FN:45,(anonymous_6)
FNF:7
FNH:6
FNDA:387,(anonymous_0)
FNDA:416,(anonymous_1)
FNDA:268,(anonymous_2)
FNDA:119,(anonymous_3)
FNDA:14,(anonymous_4)
FNDA:13,(anonymous_5)
FNDA:0,(anonymous_6)
DA:6,63
DA:7,387
DA:15,63
DA:16,416
DA:17,416
DA:18,416
DA:21,63
DA:23,63
DA:24,268
DA:25,268
DA:28,63
DA:29,119
DA:30,5
DA:36,63
DA:37,14
DA:42,63
DA:43,13
DA:45,63
LF:18
LH:18
BRDA:6,0,0,0
BRDA:16,1,0,133
BRDA:18,2,0,125
BRDA:18,2,1,291
BRDA:24,3,0,268
BRDA:24,3,1,266
BRDA:25,4,0,47
BRDA:29,5,0,5
BRF:8
BRH:7
end_of_record
TN:
SF:src/node/lists/fsCallbackApiList.ts
FNF:0
FNH:0
DA:3,57
LF:1
LH:1
BRF:0
BRH:0
end_of_record
TN:
SF:src/node/lists/fsSynchronousApiList.ts
FNF:0
FNH:0
DA:3,57
LF:1
LH:1
BRF:0
BRH:0
end_of_record
TN:
SF:src/print/index.ts
FN:6,(anonymous_0)
FN:17,(anonymous_1)
FN:17,(anonymous_2)
FNF:3
FNH:3
FNDA:15,(anonymous_0)
FNDA:19,(anonymous_1)
FNDA:19,(anonymous_2)
DA:1,62
DA:2,62
DA:6,62
DA:7,15
DA:8,15
DA:9,15
DA:10,15
DA:11,15
DA:12,15
DA:13,15
DA:14,14
DA:15,14
DA:17,19
DA:18,19
DA:19,9
DA:20,10
DA:21,1
DA:23,9
DA:28,15
DA:29,15
LF:20
LH:20
BRDA:6,0,0,1
BRDA:7,1,0,15
BRDA:7,1,1,15
BRDA:8,2,0,15
BRDA:8,2,1,1
BRDA:9,3,0,10
BRDA:10,4,0,15
BRDA:10,4,1,6
BRDA:11,5,0,10
BRDA:11,5,1,5
BRDA:11,6,0,15
BRDA:11,6,1,15
BRDA:13,7,0,14
BRDA:18,8,0,9
BRDA:18,8,1,10
BRDA:20,9,0,1
BRDA:20,9,1,9
BRF:17
BRH:17
end_of_record
TN:
SF:src/snapshot/async.ts
FN:4,(anonymous_0)
FN:10,(anonymous_1)
FN:30,(anonymous_2)
FNF:3
FNH:3
FNDA:125,(anonymous_0)
FNDA:114,(anonymous_1)
FNDA:45,(anonymous_2)
DA:4,3
DA:5,125
DA:6,125
DA:7,58
DA:8,58
DA:9,58
DA:10,114
DA:11,58
DA:12,114
DA:14,58
DA:15,67
DA:16,58
DA:17,58
DA:18,58
DA:19,9
DA:20,9
DA:27,0
DA:30,3
DA:34,45
DA:35,45
DA:37,21
DA:38,21
DA:39,21
DA:40,21
DA:41,42
DA:42,21
DA:45,21
DA:46,21
DA:47,21
DA:50,3
DA:51,3
DA:52,3
LF:32
LH:31
BRDA:4,0,0,0
BRDA:4,1,0,11
BRDA:6,2,0,58
BRDA:6,2,1,67
BRDA:9,3,0,1
BRDA:9,3,1,57
BRDA:12,4,0,114
BRDA:15,5,0,58
BRDA:15,5,1,9
BRDA:19,6,0,9
BRDA:32,7,0,0
BRDA:32,8,0,3
BRDA:34,9,0,0
BRDA:35,10,0,21
BRDA:35,10,1,21
BRDA:35,10,2,3
BRDA:37,11,0,21
BRF:17
BRH:14
end_of_record
TN:
SF:src/snapshot/binary.ts
FN:12,(anonymous_0)
FN:17,(anonymous_1)
FN:22,(anonymous_2)
FN:27,(anonymous_3)
FNF:4
FNH:4
FNDA:3,(anonymous_0)
FNDA:1,(anonymous_1)
FNDA:3,(anonymous_2)
FNDA:1,(anonymous_3)
DA:1,1
DA:2,1
DA:3,1
DA:4,1
DA:5,1
DA:9,1
DA:10,1
DA:12,1
DA:13,3
DA:14,3
DA:17,1
DA:18,1
DA:19,1
DA:22,1
DA:23,3
DA:24,3
DA:27,1
DA:31,1
DA:32,1
LF:19
LH:19
BRF:0
BRH:0
end_of_record
TN:
SF:src/snapshot/json.ts
FN:14,(anonymous_0)
FN:19,(anonymous_1)
FN:24,(anonymous_2)
FN:29,(anonymous_3)
FNF:4
FNH:4
FNDA:4,(anonymous_0)
FNDA:1,(anonymous_1)
FNDA:3,(anonymous_2)
FNDA:1,(anonymous_3)
DA:1,1
DA:2,1
DA:3,1
DA:4,1
DA:5,1
DA:11,1
DA:12,1
DA:14,1
DA:15,4
DA:16,4
DA:19,1
DA:20,1
DA:21,1
DA:24,1
DA:25,3
DA:26,3
DA:29,1
DA:33,1
DA:34,1
LF:19
LH:19
BRF:0
BRH:0
end_of_record
TN:
SF:src/snapshot/shared.ts
FNF:0
FNH:0
DA:1,2
DA:3,2
LF:2
LH:2
BRF:0
BRH:0
end_of_record
TN:
SF:src/snapshot/sync.ts
FN:4,(anonymous_0)
FN:30,(anonymous_1)
FNF:2
FNH:2
FNDA:140,(anonymous_0)
FNDA:45,(anonymous_1)
DA:4,3
DA:5,140
DA:6,140
DA:7,65
DA:8,65
DA:9,65
DA:10,65
DA:11,128
DA:12,128
DA:14,65
DA:15,75
DA:16,65
DA:17,65
DA:18,65
DA:19,10
DA:20,10
DA:27,0
DA:30,3
DA:34,45
DA:35,45
DA:37,21
DA:38,21
DA:39,21
DA:40,21
DA:41,42
DA:42,21
DA:45,21
DA:46,21
DA:47,21
DA:50,3
DA:51,3
DA:52,3
LF:32
LH:31
BRDA:4,0,0,0
BRDA:4,1,0,12
BRDA:6,2,0,65
BRDA:6,2,1,75
BRDA:9,3,0,1
BRDA:9,3,1,64
BRDA:12,4,0,128
BRDA:15,5,0,65
BRDA:15,5,1,10
BRDA:19,6,0,10
BRDA:32,7,0,0
BRDA:32,8,0,3
BRDA:34,9,0,0
BRDA:35,10,0,21
BRDA:35,10,1,21
BRDA:35,10,2,3
BRDA:37,11,0,21
BRF:17
BRH:14
end_of_record
